Dot1_150x100_prd2022blk:dj0075k@-275V,3.8T@90d,263K,rhe=1.02,rhh=0.7,1.5/1.5 
1127 1 3.80 60 5 29 0 275.0000 263.0000 1.5000 1.2100 1100.0000 0.2600 79.2200 150.0000 100.0000 285.0000 700.0000 0.1300 39.610001 1.5000 1.0000 0.8500 
36001 -0.000000 -0.000000 -45.000000 
 22587.9  18019.3     -0.2     41.9     38.6     10.5 
    -0.1     85.0     39.7     37.7   9230.7   9768.9 
     -0.4      74.3      -4.0      42.8 
      0.0      11.8      -5.2      11.2 
     -0.2       2.2      -5.3       9.0 
     -0.1       1.2      -6.0       7.9 
36002 -0.000000 -5.870454 -44.615444 
 22790.3  18339.2     -1.2     35.7     38.8     10.5 
    -1.0     78.4     39.9     37.6   9208.1   9811.2 
     -3.3      61.9      -2.0      46.2 
     -1.8       6.0      -5.0      11.4 
     -1.8       3.1      -5.4       8.8 
     -1.8       2.9      -5.6       8.1 
36003 -0.000000 -11.452198 -43.518353 
 23204.9  18796.9     -1.6     28.0     38.9     10.2 
    -1.5     70.6     39.9     37.4   9610.7  10344.5 
     -6.6      55.1      -2.0      45.2 
     -2.8       9.4      -4.7      11.2 
     -2.5       6.5      -5.2       8.9 
     -2.8       5.9      -5.8       8.3 
36004 -0.000000 -16.522495 -41.856983 
 23950.9  19073.8     -2.1     20.6     39.1     10.4 
    -1.9     62.6     40.2     37.4  10160.7  10823.2 
     -8.3      47.9      -2.8      44.2 
     -3.9      13.5      -4.9      11.2 
     -4.0       9.3      -5.2       8.9 
     -4.0       8.6      -5.5       8.2 
36005 -0.000000 -20.958590 -39.821320 
 25282.7  19104.3     -3.1     13.5     39.2     10.0 
    -2.2     54.2     40.4     37.1  10763.4  11237.8 
    -10.7      51.2      -2.5      46.7 
     -5.1      17.8      -4.6      11.3 
     -5.0      12.4      -4.9       8.9 
     -5.2      11.3      -5.5       8.2 
36006 -0.000000 -24.732742 -37.593769 
 26557.6  18313.5     -4.7     10.5     39.7      9.6 
    -2.3     45.4     41.0     36.7  10934.6  11837.0 
     -9.3      47.4      -1.9      46.2 
     -5.4      19.2      -4.4      11.4 
     -5.0      14.4      -4.6       8.8 
     -5.5      14.3      -5.3       8.2 
36007 -0.000000 -27.883995 -35.319725 
 28326.3  16997.8    -10.2     11.0     40.3      9.1 
    -2.5     36.7     41.3     36.3  12838.4  13422.8 
    -11.1      51.4      -1.0      50.3 
     -5.7      22.2      -4.2      11.7 
     -5.9      17.2      -4.4       8.8 
     -6.4      17.5      -5.0       8.1 
36008 -0.000000 -30.486408 -33.099529 
 30145.9  15653.1      0.1     43.3     40.7      8.6 
    -2.4     27.8     41.8     35.7  13494.6  14237.0 
    -10.9      50.3      -1.1      48.1 
     -6.7      22.7      -3.9      11.7 
     -6.4      17.6      -4.3       8.8 
     -6.7      17.9      -4.9       8.1 
36009 -0.000000 -32.624973 -30.993725 
 32183.9  15031.5      0.1     43.3     41.2      8.2 
    -2.3     19.4     42.3     35.3  14856.6  15623.6 
    -14.0      53.9      -2.1      50.4 
     -6.9      22.4      -3.8      11.7 
     -6.5      16.6      -4.0       8.7 
     -7.0      16.5      -4.6       8.1 
36010 -0.000000 -34.381348 -29.033136 
 34465.2  14259.0      0.1     43.3     41.6      7.8 
    -3.6     12.9     42.4     35.0  16015.6  17111.2 
    -12.7      49.8      -1.8      51.2 
     -7.3      23.1      -4.0      11.6 
     -6.6      18.1      -3.8       8.8 
     -7.2      16.8      -4.4       7.9 
36011 -0.000000 -35.827297 -27.228748 
 36509.9  13807.2      0.1     43.3     42.0     10.4 
    -6.9     13.3     42.9     34.7  17181.8  18252.8 
    -13.8      51.7      -1.8      50.3 
     -7.0      24.4      -3.7      11.6 
     -6.9      20.0      -3.7       8.7 
     -7.2      20.5      -4.2       7.9 
36012 -0.000000 -37.022865 -25.579433 
 38920.5  13400.8      0.1     43.3     42.1      7.0 
     0.1     86.6     43.1     34.5  19362.3  20114.0 
    -14.4      50.4      -1.7      51.5 
     -7.7      25.0      -3.4      11.9 
     -7.5      20.3      -3.6       8.6 
     -7.7      20.5      -4.1       7.8 
36013 -0.000000 -38.016857 -24.077343 
 41430.9  13228.9      0.1     43.3     42.6      6.6 
     0.1     86.6     43.5     34.0  20865.0  21706.6 
    -14.1      55.2      -1.1      54.8 
     -7.6      23.9      -3.4      11.7 
     -7.5      19.0      -3.4       8.5 
     -7.6      18.8      -4.0       7.6 
36014 -0.000000 -38.848354 -22.711344 
 43746.3  12764.6      0.1     43.3     42.8      6.3 
     0.1     86.6     43.4     33.9  22518.3  23294.6 
    -13.2      47.8      -2.6      53.3 
     -7.2      24.1      -3.2      12.0 
     -7.4      19.3      -3.3       8.4 
     -7.7      18.2      -3.8       7.7 
36015 -0.000000 -39.548401 -21.469133 
 46486.7  12677.5      0.1     43.3     43.1      6.0 
     0.1     86.6     43.9     33.5  23741.2  24743.2 
    -16.3      52.7      -1.9      57.0 
     -7.4      25.5      -3.2      11.9 
     -7.1      21.4      -3.1       8.3 
     -8.0      21.9      -3.6       7.7 
36016 -0.000000 -40.141609 -20.338415 
 49008.8  12432.0      0.1     43.3     43.3      5.7 
     0.1     86.6     44.1     33.3  25411.7  26585.7 
    -16.0      52.7      -1.5      55.9 
     -8.2      26.1      -3.1      12.5 
     -7.4      21.8      -3.2       8.3 
     -7.6      22.0      -3.4       7.7 
36017 -0.000000 -40.647488 -19.307556 
 51762.7  12508.4      0.1     43.3     43.6      5.5 
     0.1     86.6     44.2     33.3  27193.1  28095.5 
    -16.9      54.2      -1.3      60.5 
     -7.7      25.2      -2.9      12.9 
     -7.9      20.2      -3.1       8.5 
     -8.5      20.2      -3.5       7.5 
36018 -0.000000 -41.081562 -18.365873 
 54342.4  12212.5      0.1     43.3     43.9      5.3 
     0.1     86.6     44.3     32.9  28939.3  30074.0 
    -14.3      54.1      -1.1      61.1 
     -7.9      25.0      -2.7      13.2 
     -7.1      20.1      -2.9       8.3 
     -7.7      18.9      -3.3       7.4 
36019 -0.000000 -41.456230 -17.503742 
 56871.8  12193.6      0.1     43.3     43.9      5.1 
     0.1     86.6     44.6     32.8  30465.8  31650.4 
    -13.9      48.2      -2.7      58.4 
     -7.8      27.0      -2.7      13.0 
     -7.9      22.2      -2.9       8.3 
     -8.1      22.3      -3.3       7.5 
36020 -0.000000 -41.781452 -16.712580 
 59577.6  12094.8      0.1     43.3     44.0      5.0 
     0.1     86.6     44.6     32.7  32556.1  33434.2 
    -17.3      51.7      -2.6      65.8 
     -8.6      26.2      -2.4      13.1 
     -8.1      22.4      -2.8       8.3 
     -8.6      22.7      -3.3       7.5 
36021 -0.000000 -42.065262 -15.984799 
 62448.8  12097.9      0.1     43.3     44.3      4.7 
     0.1     86.6     44.7     32.5  34350.3  35638.9 
    -17.1      52.6      -0.6      65.0 
     -8.0      25.5      -2.7      13.5 
     -8.0      20.8      -2.8       8.2 
     -8.6      20.7      -3.1       7.6 
36022 -0.000000 -42.314190 -15.313706 
 65273.2  12052.8      0.1     43.3     44.6     10.9 
     0.1     86.6     44.6     32.5  35140.6  36628.8 
    -18.4      55.5      -2.0      67.7 
     -8.5      24.8      -2.8      14.3 
     -7.5      20.6      -2.6       8.3 
     -8.4      19.7      -3.0       7.6 
36023 -0.000000 -42.533558 -14.693412 
 68053.7  12001.6      0.1     43.3     44.5      4.4 
     0.1     86.6     45.0     32.1  37972.2  39172.1 
    -17.2      55.2       0.3      69.2 
     -8.0      26.2      -2.5      14.3 
     -7.7      23.1      -2.6       8.3 
     -8.3      22.9      -2.9       7.5 
36024 -0.000000 -42.727760 -14.118738 
 70712.5  11884.3      0.1     43.3     44.8      4.2 
     0.1     86.6     45.0     32.0  39486.5  40649.6 
    -18.4      51.7      -1.1      69.3 
     -8.7      26.4      -2.7      14.8 
     -7.8      22.6      -2.6       8.2 
     -8.4      23.2      -2.9       7.6 
36025 -0.000000 -42.900398 -13.585126 
 73410.6  11905.2      0.1     43.3     44.7      4.2 
     0.1     86.6     45.2     32.0  41594.8  42933.5 
    -17.3      54.1      -0.2      66.3 
     -8.4      25.5      -2.3      15.2 
     -8.0      21.4      -2.4       8.3 
     -8.2      20.9      -2.8       7.5 
36026 -0.000000 -43.054493 -13.088566 
 76259.2  11850.4      0.1     43.3     44.9      4.0 
     0.1     86.6     45.4     31.9  43334.7  45070.0 
    -15.4      51.3      -1.1      69.5 
     -8.3      25.3      -2.2      17.0 
     -8.0      21.1      -2.4       8.3 
     -8.5      20.2      -2.7       7.6 
36027 -0.000000 -43.192551 -12.625515 
 79135.0  11960.9      0.1     43.3     45.0      3.9 
     0.1     86.6     45.3     31.9  45422.5  47010.2 
    -15.7      52.7       1.2      71.8 
     -8.4      26.7      -2.5      17.5 
     -8.0      23.1      -2.4       8.4 
     -8.2      22.7      -2.6       7.6 
36028 -0.000000 -43.316673 -12.192842 
 82039.0  11787.5      0.1     43.3     45.0      3.8 
     0.1     86.6     45.6     31.7  47725.3  49043.4 
    -18.1      49.9      -2.5      70.8 
     -9.2      27.0      -2.3      17.3 
     -8.3      23.5      -2.3       8.5 
     -8.4      23.7      -2.5       7.4 
36029 -0.000000 -43.428661 -11.787779 
 84759.4  11850.0      0.1     43.3     45.0      3.8 
     0.1     86.6     45.5     31.7  49044.6  50698.0 
    -17.5      53.2      -2.6      74.7 
     -8.4      25.6      -2.4      17.8 
     -8.1      21.9      -2.2       8.4 
     -9.0      21.4      -2.6       7.5 
36030 -0.000000 -43.529995 -11.407862 
 87611.8  11761.6      0.1     43.3     45.2      3.6 
     0.1     86.6     45.7     31.8  50611.0  52509.3 
    -16.7      50.7      -3.7      73.5 
     -8.8      25.4      -2.4      17.8 
     -8.3      21.0      -2.3       8.4 
     -8.6      20.3      -2.3       7.6 
36031 -0.000000 -43.621986 -11.050903 
 90357.8  11813.9      0.1     43.3     45.4      3.6 
     0.1     86.6     45.6     31.6  52624.7  54088.0 
    -17.6      54.2      -3.8      77.5 
     -8.4      27.3      -2.2      17.9 
     -7.8      23.9      -2.2       8.3 
     -8.6      23.0      -2.5       7.5 
36032 -0.000000 -43.705715 -10.714950 
 93234.9  11706.7      0.1     43.3     45.3      3.4 
     0.1     86.6     46.0     31.4  54310.8  56553.9 
    -18.6      51.7      -4.3      80.1 
     -8.5      27.3      -2.2      18.1 
     -8.1      23.4      -2.1       8.3 
     -8.7      24.0      -2.4       7.6 
36033 -0.000000 -43.782146 -10.398259 
 96136.0  11766.0      0.1     43.3     45.5      3.4 
     0.1     86.6     45.9     31.3  55620.7  57914.4 
    -19.4      51.3      -2.4      82.8 
     -8.9      26.5      -1.9      20.4 
     -8.7      21.9      -2.2       8.5 
     -8.4      21.7      -2.3       7.6 
36034 -0.000000 -43.852077 -10.099266 
 98818.3  11868.2      0.1     43.3     45.5      3.4 
     0.1     86.6     45.8     31.2  58676.9  60408.7 
    -16.6      51.4      -2.9      77.5 
     -8.6      25.5      -2.4      19.0 
     -8.3      21.2      -2.1       8.4 
     -8.9      20.6      -2.3       7.5 
36035 -0.000000 -43.916229 -9.816568 
101745.2  11738.4      0.1     43.3     45.5      3.2 
     0.1     86.6     45.9     31.2  60565.8  62654.7 
    -18.7      53.7      -4.5      76.2 
     -8.4      26.9      -1.9      20.7 
     -7.9      23.5      -2.0       8.4 
     -8.4      23.0      -2.3       7.6 
36036 -0.000000 -43.975204 -9.548901 
104682.0  11776.4      0.1     43.3     45.6      3.2 
     0.1     86.6     46.0     31.1  61427.8  64075.2 
    -17.3      52.8      -4.0      81.4 
     -9.1      27.7      -2.2      20.6 
     -8.2      23.5      -1.9       8.4 
     -8.7      24.1      -2.4       7.6 
36037 -0.000000 -44.029541 -9.295126 
107704.0  11786.3      0.1     43.3     45.8      3.1 
     0.1     86.6     45.9     31.0  64163.7  66054.0 
    -19.9      52.5      -1.5      80.3 
     -9.0      26.0      -1.8      20.7 
     -8.4      22.0      -2.1       8.9 
     -9.0      21.9      -2.2       7.6 
36038 -0.000000 -44.079716 -9.054212 
110747.6  11812.4      0.1     43.3     45.7      3.0 
     0.1     86.6     45.9     31.0  66322.0  68278.5 
    -17.5      54.2      -6.3      81.2 
     -9.0      26.3      -2.0      19.8 
     -8.6      21.3      -2.2       8.6 
     -8.7      20.7      -2.2       7.6 
36039 -0.000000 -44.126129 -8.825226 
113189.7  11764.1      0.1     43.3     45.8      3.0 
     0.1     86.6     46.1     31.0  67957.4  70100.4 
    -17.4      49.4      -1.5      81.8 
     -9.0      27.5      -2.3      22.4 
     -8.4      23.7      -2.0       9.0 
     -9.1      22.9      -2.2       7.5 
36040 -0.000000 -44.169155 -8.607322 
116746.2  11784.7      0.1     43.3     45.9      2.9 
     0.1     86.6     46.1     30.7  69618.8  72194.0 
    -18.4      55.5       0.3      87.3 
     -8.9      27.3      -2.5      23.8 
     -8.2      24.0      -2.0       8.7 
     -8.7      24.1      -2.2       7.6 
36041 -0.000000 -44.209099 -8.399729 
119352.4  11756.9      0.1     43.3     45.9      2.9 
     0.1     86.6     46.1     30.8  71144.4  73573.8 
    -16.8      50.8      -1.3      88.9 
     -9.0      26.9      -1.6      23.6 
     -9.0      22.3      -1.9       8.8 
     -8.9      21.9      -2.0       7.7 
36042 -0.000000 -44.246258 -8.201745 
122156.8  11761.6      0.1     43.3     46.0      2.8 
     0.1     86.6     46.1     30.8  74328.1  76643.1 
    -19.5      52.0      -1.1      86.9 
     -9.4      26.1      -1.9      24.0 
     -8.6      21.4      -1.9       9.0 
     -8.6      20.7      -2.1       7.7 
36043 -0.000000 -44.280880 -8.012731 
124907.0  11737.6      0.1     43.3     46.0      2.8 
     0.1     86.6     46.4     30.8  75093.2  77970.7 
    -17.0      56.3      -0.6      90.9 
     -8.6      27.5      -1.9      22.4 
     -8.6      23.4      -1.9       9.0 
     -8.9      23.4      -2.2       7.8 
36044 -0.000000 -44.313187 -7.832098 
127878.9  11857.6      0.1     43.3     46.0      2.7 
     0.1     86.6     46.0     30.7  77463.9  80115.1 
    -18.5      54.9      -0.4      83.6 
     -9.5      27.6      -1.8      24.3 
     -8.7      24.2      -2.1       8.8 
     -9.4      23.8      -2.2       7.6 
36045 -0.000000 -44.343372 -7.659310 
130821.8  11796.2      0.1     43.3     46.1      2.7 
     0.1     86.6     46.3     30.8  80130.8  82255.0 
    -20.0      56.1       0.4      95.0 
     -8.9      26.6      -1.5      24.8 
     -9.1      22.3      -2.0       8.7 
     -8.8      22.0      -2.2       7.8 
36046 -0.000000 -44.371635 -7.493876 
133451.0  11777.5      0.1     43.3     46.1      2.6 
     0.1     86.6     46.4     30.5  81853.0  83881.8 
    -18.7      51.2       1.1      87.9 
     -9.6      26.4      -1.9      26.8 
     -8.5      21.5      -1.7       8.8 
     -9.0      20.7      -2.2       7.6 
36047 -0.000000 -44.398117 -7.335341 
136414.9  11784.4      0.1     43.3     46.2      2.7 
     0.1     86.6     46.6     30.7  84577.3  87383.2 
    -20.5      59.2      -3.8      89.6 
     -9.3      28.3      -1.5      25.4 
     -8.7      23.9      -1.6       9.2 
     -9.3      23.2      -2.1       7.8 
36048 -0.000000 -44.446323 -7.037334 
142346.6  11864.3      0.1     43.3     46.1      3.0 
     0.1     86.6     46.6     30.5  87640.0  90215.5 
    -20.7      51.6       3.5      92.2 
    -10.1      27.6      -1.6      26.0 
     -9.1      22.5      -1.7       9.5 
     -9.0      22.1      -2.0       8.0 
36049 -0.000000 -44.488998 -6.762328 
147930.8  11804.3      0.1     43.3     46.3      2.5 
     0.1     86.6     46.5     30.4  91317.3  94397.8 
    -21.1      55.4       0.6      90.9 
     -9.1      28.3      -1.7      26.6 
     -8.5      23.7      -1.7       9.0 
     -9.1      23.4      -1.9       7.7 
36050 -0.000000 -44.526943 -6.507784 
154013.2  11883.7      0.1     43.3     46.4      2.4 
     0.1     86.6     46.5     30.3  96635.5  98460.9 
    -22.9      55.6      -4.8      93.5 
    -10.1      26.7      -1.8      27.7 
     -9.1      22.4      -1.8       9.6 
     -8.9      22.5      -1.9       7.9 
36051 -0.000000 -44.560837 -6.271525 
159559.0  11778.2      0.1     43.3     46.4      2.4 
     0.1     86.6     46.5     30.2  99643.8 102357.7 
    -17.1      49.0       1.3      92.4 
     -9.8      28.3      -1.7      28.6 
     -8.2      23.8      -1.6       9.5 
     -8.7      23.8      -1.9       7.8 
36052 -0.000000 -44.591225 -6.051666 
165652.7  11894.8      0.1     43.3     46.5      2.3 
     0.1     86.6     46.4     30.2 104347.1 107232.8 
    -18.3      48.1      -2.1      94.3 
    -10.0      26.5      -2.1      28.5 
     -9.1      22.3      -1.7       9.6 
     -9.6      22.3      -2.0       7.7 
36053 -0.000000 -44.618580 -5.846572 
171466.5  11863.9      0.1     43.3     46.6      2.2 
     0.1     86.6     46.5     30.2 108373.1 111388.8 
    -18.1      47.7      -4.2      93.2 
     -9.8      28.1      -1.7      31.1 
     -8.6      23.8      -1.6       9.4 
     -8.8      23.6      -2.0       7.7 
36054 -0.000000 -44.643284 -5.654816 
177502.8  11851.5      0.1     43.3     46.6      2.1 
     0.1     86.6     46.6     30.1 111542.3 115363.7 
    -16.4      44.0      -0.1     103.4 
     -9.5      26.6      -1.4      31.7 
     -8.9      22.8      -1.6      10.4 
     -8.9      21.8      -2.0       8.2 
36055 -0.000000 -44.665680 -5.475147 
183202.7  11888.3      0.1     43.3     46.7      2.1 
     0.1     86.6     47.0     30.0 115887.6 119619.9 
    -18.9      47.1      -7.6     105.5 
     -9.5      27.4      -1.3      29.7 
     -8.8      23.9      -1.6       9.9 
     -9.1      23.5      -1.7       8.0 
36056 -0.000000 -44.686035 -5.306466 
188841.6  11883.8      0.1     43.3     47.1     16.3 
     0.1     86.6     46.7     30.0 120434.9 123258.6 
    -18.3      42.5      -1.2      98.5 
    -10.0      26.3      -1.4      31.9 
     -9.4      22.5      -1.6      10.0 
     -9.8      22.6      -1.8       8.7 
36057 -0.000000 -44.704586 -5.147801 
194824.5  11812.2      0.1     43.3     46.8      2.0 
     0.1     86.6     46.8     29.9 124697.1 127332.9 
    -13.3      41.1      -1.8     101.0 
     -9.5      26.8      -1.6      31.8 
     -9.0      23.5      -1.6      10.4 
     -9.2      23.1      -1.7       8.7 
36058 -0.000000 -44.721550 -4.998291 
200560.0  11872.2      0.1     43.3     46.7      1.9 
     0.1     86.6     47.1     30.0 127936.0 132178.2 
    -15.3      32.9       1.7      96.4 
     -9.8      25.7      -1.8      32.4 
     -9.3      22.4      -1.4      10.9 
     -9.4      22.6      -1.7       8.0 
36059 -0.000000 -44.737095 -4.857171 
206696.1  11960.6      0.1     43.3     46.7      2.5 
     0.1     86.6     47.1     29.8 133634.3 136514.6 
    -11.1      35.7       2.3     104.6 
     -9.0      26.2      -1.5      33.7 
     -9.1      23.7      -1.5      10.8 
     -9.3      24.4      -1.7       8.3 
36060 -0.000000 -44.751385 -4.723757 
212063.2  11871.7      0.1     43.3     46.2     20.3 
     0.1     86.6     47.1     29.7 137945.8 141355.4 
     -6.6      31.4       7.4     101.9 
     -9.1      24.7      -1.8      33.2 
     -9.1      22.5      -1.5      11.1 
     -9.3      22.1      -1.4       8.4 
36061 40.647488 -0.000000 -19.307556 
 51495.1   9490.4      0.4     41.2     39.6     28.9 
     0.4     84.0     39.6     57.7  27408.4  28322.3 
     -0.6      82.6      17.2      48.3 
      0.0      34.3       8.0      19.1 
     -0.7      10.2       7.6      15.6 
     -0.0       3.4       7.8      15.8 
36062 39.954453 -0.000000 -20.703671 
 48047.6   9827.6     -0.0     41.1     39.6     28.9 
     0.0     84.0     39.6     57.7  25223.2  26117.7 
      2.8      80.3      18.4      51.7 
      0.8      27.8       7.5      18.9 
      0.2       7.0       6.9      16.2 
     -0.4       2.3       7.4      15.9 
36063 39.094978 -0.000000 -22.284138 
 44660.1  10297.8     -0.1     41.1     39.6     28.9 
    -0.0     84.0     39.6     57.7  23106.4  23946.8 
      2.2      82.9      15.1      49.7 
      0.5      25.0       6.4      17.9 
     -0.1       4.7       6.8      14.3 
     -0.2       2.2       6.7      14.7 
36064 38.016857 -0.000000 -24.077343 
 41293.3  10834.3      0.3     41.1     39.6     28.9 
     0.3     84.0     39.6     57.7  20252.3  21492.3 
     -1.2      77.9      14.3      51.0 
      0.1      24.2       6.0      17.7 
     -0.9       8.3       5.9      15.4 
     -0.1       1.9       6.0      15.5 
36065 36.648933 -0.000000 -26.112364 
 38238.7  11668.4      0.1     41.4     39.6     28.9 
     0.1     84.3     39.6     57.7  19065.6  19794.7 
      2.1      80.7      14.5      52.1 
     -0.7      22.5       5.3      16.9 
     -0.6       7.2       5.0      12.9 
     -0.1       1.8       5.1      12.9 
36066 34.894611 -0.000000 -28.414185 
 35141.5  12824.3      0.0     41.5     39.6     28.9 
     0.0     84.4     43.4      7.0  16723.2  17650.5 
     -5.8      76.9      13.9      48.0 
      0.2      19.2       4.4      16.2 
     -0.3       4.0       4.4      13.6 
     -0.1       1.6       3.9      14.0 
36067 32.624973 -0.000000 -30.993725 
 32572.8  14544.4     -0.3     41.3     39.6     28.9 
    -0.3     84.3     44.0     11.8  15366.7  16035.4 
      6.5      78.5      11.5      50.1 
      1.3      21.2       3.6      14.9 
     -0.1       5.5       3.3      10.8 
     -0.0       1.5       3.0      10.7 
36068 29.674702 -0.000000 -33.829159 
 30052.4  17162.5     -0.0     41.6     45.4      6.8 
    -0.0     84.5     43.6     23.0  13815.4  14737.6 
     -3.5      75.3      10.4      49.5 
     -1.5      14.3       2.0      14.6 
      0.1       3.6       1.7      11.5 
     -0.2       1.8       1.8      11.6 
36069 25.849159 -0.000000 -36.835049 
 27938.7  21432.0     -0.0     41.6     43.3      7.2 
     0.0     84.5     43.6     34.6  12474.1  12906.2 
      5.1      77.1       9.4      51.1 
      0.3      13.4       0.8      12.1 
     -0.3       2.1       0.4       8.4 
     -0.2       1.6       0.2       7.2 
36070 20.958590 -0.000000 -39.821320 
 26150.4  21728.6      0.3     41.6     42.4     17.1 
     0.3     84.6     42.4     45.6  11273.2  12023.6 
      4.2      74.1       9.5      53.9 
     -1.9      17.5      -1.7      10.0 
     -0.4       3.7      -2.0       7.0 
     -0.2       1.4      -2.3       5.8 
36071 14.898947 -0.000000 -42.462002 
 24743.4  20342.5     -0.1     41.4     39.2     24.9 
    -0.2     84.6     39.2     53.7  10388.5  11066.9 
     -5.0      71.8      10.1      60.2 
     -0.5      12.0      -1.3       8.0 
      0.1       2.1      -1.7       2.3 
     -0.1       1.8      -1.7       1.7 
36072 11.452198 -0.000000 -43.518353 
 24006.7  19731.0     -0.0     41.8     39.6     23.8 
    -0.1     84.8     39.8     52.4   9939.4  10645.1 
     -4.7      70.7       4.3      63.3 
     -1.0       8.9       0.6       9.1 
     -0.1       2.0      -0.1       5.4 
     -0.1       1.3      -0.6       4.5 
36073 7.775977 -0.000000 -44.323067 
 23532.0  19376.0     -0.0     41.9     40.2     19.5 
    -0.0     84.9     40.7     47.9   9867.9  10377.3 
     -3.1      74.2       3.0      53.1 
     -0.6      12.0      -2.3       8.5 
      0.4       4.9      -2.5       6.4 
     -0.1       1.3      -3.3       5.6 
36074 3.932269 -0.000000 -44.827866 
 22982.2  18935.8      0.2     41.7     39.3     14.7 
     0.2     84.8     40.0     42.8   9713.4  10206.1 
      3.6      70.4       1.4      47.5 
     -0.1      12.7      -3.6       9.4 
     -0.2       1.9      -4.2       7.2 
     -0.1       1.2      -4.8       6.8 
36075 -0.000000 -0.000000 -45.000000 
 22657.0  18072.5      0.2     41.8     38.7     10.5 
     0.2     84.9     39.7     37.6   9271.9   9832.4 
     -1.9      69.7      -2.7      42.6 
      0.9      10.8      -5.0      11.4 
     -0.2       2.1      -5.4       8.9 
     -0.1       1.2      -5.7       8.0 
36076 -3.932269 -0.000000 -44.827866 
 22572.4  16108.3      0.2     41.8     36.9      7.2 
     0.2     84.9     39.3     32.6   9006.9   9617.7 
      0.8      70.9      -5.0      44.1 
     -0.8      14.3      -5.9      13.4 
      0.0       2.3      -6.1      10.7 
     -0.1       1.0      -6.7       9.9 
36077 -7.775977 -0.000000 -44.323067 
 22708.5  14065.0      0.2     41.9     32.8      7.4 
     0.2     84.9     39.3     27.3   9074.9   9830.9 
     -1.4      74.0      -5.0      43.4 
      0.1      12.9      -5.9      15.1 
     -0.3       2.0      -6.1      12.6 
     -0.2       1.2      -7.3      13.2 
36078 -11.452198 -0.000000 -43.518353 
 22936.2  13217.9     -0.0     42.1     27.1      8.5 
    -0.0     85.1     39.4     22.0   9887.9  10344.7 
     -4.4      73.3      -6.7      44.2 
     -0.2      11.8      -6.7      16.1 
     -0.6       2.5      -6.3      13.0 
     -0.1       1.1      -7.5      14.2 
36079 -14.898947 -0.000000 -42.462002 
 23442.4  11745.3     -0.2     41.9     39.6     28.9 
    -0.2     84.9     39.2     17.2   9907.0  10494.7 
     -5.4      71.9      -7.2      44.9 
      0.1      15.1      -6.3      16.6 
      0.2       2.2      -6.3      12.8 
     -0.2       1.0      -7.6      13.8 
36080 -20.958590 -0.000000 -39.821320 
 24771.1  10350.9     -0.0     41.9     39.6     28.9 
     0.0     85.0     37.3     10.3  10027.6  10866.0 
      4.0      74.9      -8.1      42.0 
      1.1      15.2      -5.2      18.7 
     -0.1       1.8      -5.8      15.9 
     -0.2       1.1      -7.2      15.6 
36081 -25.849159 -0.000000 -36.835049 
 26751.1   9488.9      0.1     42.2     39.6     28.9 
     0.1     85.1     27.7     10.3  11491.3  12413.0 
      2.8      75.9      -8.8      42.5 
     -0.3      19.0      -4.9      19.4 
     -0.0       1.7      -4.9      16.6 
     -0.1       1.1      -6.9      18.3 
36082 -29.674702 -0.000000 -33.829159 
 29063.1   8850.0     -0.1     41.9     39.6     28.9 
    -0.1     84.9     39.6     57.7  12923.9  13459.5 
     -3.3      74.9      -8.7      44.3 
      0.6      17.5      -4.6      20.1 
     -0.0       3.1      -4.7      17.0 
     -0.1       1.1      -6.5      16.9 
36083 -32.624973 -0.000000 -30.993725 
 31627.7   8325.9      0.6     41.8     39.6     28.9 
     0.5     84.8     39.6     57.7  14136.1  15222.1 
     -1.8      75.5      -8.5      40.9 
      0.1      20.8      -4.4      20.7 
     -0.1       2.3      -4.1      18.7 
     -0.1       1.7      -6.2      20.5 
36084 -34.894611 -0.000000 -28.414185 
 34653.8   8048.1     -0.2     41.8     39.6     28.9 
    -0.2     84.8     39.6     57.7  14703.3  16961.1 
     -5.0      79.0      -9.7      42.4 
      1.3      18.9      -3.8      20.9 
     -0.1       5.9      -4.1      18.1 
     -0.2       1.4      -5.8      18.7 
36085 -36.648933 -0.000000 -26.112364 
 37640.1   7890.5      0.5     41.8     39.6     28.9 
     0.5     84.8     39.6     57.7  16984.8  18841.0 
      1.6      82.6      -9.2      41.4 
      0.8      26.4      -3.5      21.9 
     -0.5       4.2      -3.4      20.0 
     -0.1       2.6      -5.3      22.2 
36086 -38.016857 -0.000000 -24.077343 
 40907.7   7707.0     -0.2     41.7     39.6     28.9 
    -0.2     84.6     39.6     57.7  16007.2  19409.7 
     -3.4      83.7      -9.4      40.2 
     -1.3      25.6      -3.1      21.3 
     -0.2      10.9      -3.1      18.8 
     -0.3       2.6      -5.3      21.0 
36087 -39.094978 -0.000000 -22.284138 
 44379.1   7698.1      0.2     41.8     39.6     28.9 
     0.2     84.6     39.6     57.7  19029.5  21505.9 
     -0.4      83.4      -7.0      42.7 
      0.3      28.5      -3.4      23.3 
      0.8       4.8      -2.6      20.3 
     -0.3       2.4      -5.5      24.3 
36088 -39.954453 -0.000000 -20.703671 
 47761.2   7651.4     -0.5     41.7     39.6     28.9 
    -0.4     84.4     39.6     57.7  20275.0  23748.8 
      4.5      81.7      -8.6      39.6 
      1.9      33.0      -2.6      22.0 
      0.4       5.5      -2.8      19.1 
     -0.3       1.7      -5.1      22.6 
36089 -40.647488 -0.000000 -19.307556 
 51122.5   7520.2      0.1     41.5     39.6     28.9 
     0.1     84.3     39.6     57.7  22290.2  25955.6 
      1.2      84.1      -8.6      39.3 
      0.1      34.7      -2.3      23.0 
      0.7       8.9      -2.3      21.1 
     -0.0       2.4      -4.8      26.1 
36090 37.802700 -16.538681 -17.956282 
 54656.6  10229.3      0.1     43.3     39.6     28.9 
    -0.7     20.7     39.6     57.7  28799.0  30174.0 
     -9.7      56.8      15.3      48.6 
     -4.4      21.0       6.9      18.7 
     -4.5      15.3       7.0      15.3 
     -4.4      14.6       7.2      15.8 
36091 36.787724 -17.557777 -19.062731 
 51495.5  10730.7      0.1     43.3     39.6     28.9 
    -0.6     21.3     39.6     57.7  26821.1  27739.6 
     -9.6      57.7      16.7      49.2 
     -4.5      21.3       6.9      19.5 
     -4.3      15.7       6.5      15.9 
     -4.5      14.4       6.4      16.1 
36092 35.569786 -18.674139 -20.274778 
 48552.0  11328.8      0.1     43.3     39.6     28.9 
    -0.6     21.9     39.6     57.7  24729.2  25641.6 
    -11.1      55.6      15.2      50.8 
     -4.7      21.4       6.2      17.8 
     -4.3      15.9       5.8      14.0 
     -4.7      14.9       5.9      14.3 
36093 34.100807 -19.892136 -21.597176 
 45565.5  12111.0      0.1     43.3     39.6     28.9 
    -1.0     22.7     39.6     57.7  23172.0  24306.8 
     -7.7      55.5      14.9      49.5 
     -5.3      21.9       6.0      18.1 
     -4.5      16.2       5.3      14.6 
     -4.7      15.0       5.4      15.0 
36094 32.322113 -21.211386 -23.029505 
 42729.6  13130.8      0.1     43.3     39.6     28.9 
    -1.0     23.2     39.6     57.7  21362.2  22284.4 
     -9.5      52.6      14.3      50.4 
     -5.1      21.4       4.9      16.3 
     -4.9      16.2       4.7      12.7 
     -4.6      15.4       4.2      12.5 
36095 30.164263 -22.623199 -24.562328 
 40254.8  14770.1      0.1     43.3     39.6     28.9 
    -0.9     23.9     40.5     10.2  19711.7  20617.5 
     -9.4      54.6      13.4      52.3 
     -5.1      21.5       3.9      16.4 
     -5.2      16.1       3.9      13.0 
     -4.8      15.7       3.7      13.2 
36096 27.549229 -24.105576 -26.171766 
 37834.1  15799.1      0.1     43.3     39.6     28.9 
    -1.0     24.7     43.7     11.1  18692.1  19528.4 
    -10.1      52.4      12.9      54.8 
     -5.4      21.9       3.0      14.6 
     -5.0      16.5       2.7      10.5 
     -5.1      16.1       2.5      10.1 
36097 24.397142 -25.617001 -27.812742 
 35757.5  16935.5      0.1     43.3     39.6     28.9 
    -1.2     25.4     43.6     21.9  16424.2  17566.6 
    -12.3      52.6       7.0      48.8 
     -5.6      21.9       1.4      14.8 
     -5.4      16.6       1.4      11.1 
     -5.3      16.1       1.3      11.1 
36098 20.640287 -27.090378 -29.412409 
 34053.1  17552.3      0.1     43.3     43.0      6.6 
    -1.3     26.0     43.4     33.5  15886.5  16615.7 
    -12.0      53.0       7.7      52.8 
     -6.1      21.7       0.2      11.5 
     -5.6      16.8       0.1       8.0 
     -5.3      16.6      -0.2       7.0 
36099 16.245913 -28.430346 -30.867231 
 32736.8  16789.0      0.1     43.3     42.7     16.4 
    -1.6     26.2     42.6     45.0  15235.2  15738.5 
    -10.5      52.4       5.3      58.9 
     -6.5      22.2      -1.8      10.8 
     -6.0      17.0      -2.4       6.9 
     -5.8      16.7      -2.7       6.2 
36100 11.245388 -29.519146 -32.049355 
 31445.8  16081.0      0.1     43.3     38.1     25.3 
    -1.9     26.8     38.1     53.9  14690.5  15451.3 
    -11.1      48.5       3.5      66.7 
     -6.4      21.9      -2.1      10.7 
     -6.5      17.0      -1.7       2.9 
     -6.5      17.0      -2.0       2.2 
36101 8.551672 -29.930853 -32.496353 
 30974.9  15908.7      0.1     43.3     40.4     23.0 
    -2.1     26.7     40.7     51.5  14289.2  15063.0 
    -12.2      49.1       4.9      61.1 
     -6.7      22.1       1.2      13.6 
     -6.4      17.2       1.0       5.6 
     -6.7      17.0       0.3       5.2 
36102 5.759181 -30.235706 -32.827335 
 30767.3  15771.3      0.1     43.3     41.9     18.4 
    -2.7     27.2     42.2     46.8  14013.5  14757.4 
    -13.9      49.8       3.4      58.5 
     -7.1      22.5      -1.1      10.5 
     -6.2      17.3      -1.5       6.6 
     -7.1      17.2      -2.4       6.0 
36103 2.897443 -30.423149 -33.030846 
 30520.9  15697.8      0.1     43.3     41.4     13.2 
    -2.2     27.6     42.0     41.3  14127.0  14820.4 
    -10.4      54.1       1.8      53.3 
     -7.1      22.6      -2.9      10.1 
     -6.4      17.4      -2.8       7.6 
     -6.7      17.6      -3.8       6.9 
36104 -0.000000 -30.486408 -33.099529 
 30043.0  15528.3      0.1     43.3     40.7      8.7 
    -2.8     27.8     41.6     35.7  13556.6  14186.8 
    -12.9      49.3      -4.4      46.7 
     -6.8      22.4      -4.0      11.4 
     -6.2      17.5      -4.2       8.6 
     -6.9      17.9      -4.8       7.9 
36105 -2.897443 -30.423149 -33.030846 
 30088.4  15540.1      0.1     43.3     38.0      6.4 
    -2.6     27.8     41.5     30.0  13256.6  13937.8 
    -14.1      52.6      -4.1      45.1 
     -6.6      22.3      -5.1      13.3 
     -6.6      17.6      -5.0      10.3 
     -6.8      17.7      -5.7       9.5 
36106 -5.759181 -30.235706 -32.827335 
 30086.8  15536.7      0.1     43.3     28.8      7.6 
    -2.4     27.9     41.5     24.9  13687.8  14305.7 
    -12.6      53.0      -5.3      47.9 
     -6.8      22.8      -5.9      15.0 
     -6.4      17.9      -5.6      11.7 
     -6.8      18.1      -6.2      11.8 
36107 -8.551672 -29.930853 -32.496353 
 30247.6  15048.0      0.1     43.3     21.9      5.5 
    -2.3     28.1     41.3     19.6  13444.7  14225.9 
    -11.5      51.0      -6.7      46.9 
     -5.8      22.8      -5.4      15.4 
     -6.0      18.1      -5.7      12.1 
     -6.6      18.5      -6.5      12.5 
36108 -11.245388 -29.519146 -32.049355 
 30716.7  14390.5      0.1     43.3     39.6     28.9 
    -2.4     28.1     41.1     14.8  13546.2  14164.6 
    -12.6      53.2      -6.9      45.2 
     -6.2      22.7      -5.5      15.2 
     -6.0      17.6      -5.3      11.8 
     -6.3      18.4      -6.2      12.3 
36109 -16.245913 -28.430346 -30.867231 
 31595.8  13285.3      0.1     43.3     39.6     28.9 
    -2.4     28.0     37.8     11.1  14063.7  14825.9 
    -11.6      52.3      -6.5      47.2 
     -5.6      22.3      -4.2      17.4 
     -5.9      17.8      -4.8      14.8 
     -6.4      18.0      -5.8      15.1 
36110 -20.640287 -27.090378 -29.412409 
 33099.0  11883.6      0.1     43.3     39.6     28.9 
    -1.8     27.3     39.6     57.7  14914.1  15820.5 
    -10.8      52.2      -8.6      45.0 
     -5.2      22.6      -3.9      18.0 
     -5.1      17.8      -3.9      15.0 
     -5.8      17.7      -5.5      16.1 
36111 -24.397142 -25.617001 -27.812742 
 34960.8  10729.5      0.1     43.3     39.6     28.9 
    -1.7     26.5     39.6     57.7  15537.1  16436.9 
    -10.2      54.8      -8.3      46.3 
     -5.3      22.8      -3.5      19.7 
     -5.5      17.4      -3.5      16.4 
     -5.3      17.0      -5.0      16.6 
36112 -27.549229 -24.105576 -26.171766 
 37051.9  10001.1      0.1     43.3     39.6     28.9 
    -2.1     25.9     39.6     57.7  17419.4  18469.8 
    -11.4      54.5      -8.3      44.9 
     -5.2      22.5      -3.5      20.0 
     -4.7      17.2      -3.2      17.1 
     -5.8      16.7      -5.2      19.2 
36113 -30.164263 -22.623199 -24.562328 
 39409.9   9394.6    -30.1     67.7     39.6     28.9 
    -1.5     25.0     39.6     57.7  18229.5  19713.6 
    -10.6      53.8      -8.2      44.4 
     -4.8      22.2      -2.9      20.3 
     -4.4      16.9      -2.6      18.1 
     -5.3      16.3      -4.4      18.9 
36114 -32.322113 -21.211386 -23.029505 
 42062.9   8882.4    -25.7     78.4     39.6     28.9 
    -1.5     24.2     39.6     57.7  19131.8  20769.7 
    -10.2      54.4      -9.8      43.9 
     -5.0      21.7      -2.9      21.3 
     -4.7      16.8      -2.8      19.0 
     -4.7      16.2      -4.1      21.7 
36115 -34.100807 -19.892136 -21.597176 
 44888.6   8619.8    -21.9     82.9     39.6     28.9 
    -1.4     23.2     39.6     57.7  20884.8  22656.2 
     -9.9      57.4      -8.2      42.3 
     -4.7      21.7      -2.3      21.3 
     -4.4      16.2      -2.6      18.6 
     -4.8      15.8      -4.0      21.1 
36116 -35.569786 -18.674139 -20.274778 
 47720.8   8515.2    -40.6     82.1    -53.1    230.5 
    -1.0     22.5     39.6     57.7  18454.4  21995.9 
     -8.4      54.7      -5.0      39.7 
     -4.7      21.9      -2.4      22.2 
     -4.4      16.3      -2.3      19.9 
     -4.7      15.6      -4.1      25.6 
36117 -36.787724 -17.557777 -19.062731 
 50808.1   8164.2    -55.7     84.3   -165.4    183.2 
    -1.0     21.7     39.6     57.7  14534.4  22977.9 
    -10.3      55.5      -9.8      40.2 
     -4.4      21.3      -1.9      22.2 
     -4.3      15.7      -2.3      19.5 
     -4.6      15.4      -4.0      25.9 
36118 -37.802700 -16.538681 -17.956282 
 54098.5   8088.5    -27.6     82.4     39.6     28.9 
    -0.9     21.2     39.6     57.7  18430.5  23897.8 
     -8.2      57.4      -7.6      40.6 
     -4.4      21.3      -2.3      23.2 
     -4.2      15.5      -1.7      21.3 
     -4.6      15.5      -4.5      30.7 
36119 31.889639 -27.903433 -15.147578 
 64659.7  12012.1      0.1     43.3     39.6     28.9 
     0.1     86.6     39.6     57.7  35134.6  36358.7 
    -11.4      54.4      14.9      49.2 
     -5.7      23.6       7.1      18.1 
     -5.0      19.2       6.5      14.1 
     -5.2      18.9       6.6      14.1 
36120 30.480156 -29.094694 -15.794263 
 61701.7  12657.9      0.1     43.3     39.6     28.9 
     0.1     86.6     39.6     57.7  32887.5  34625.5 
    -15.2      54.8      16.3      50.2 
     -5.6      24.1       6.5      18.6 
     -5.1      19.0       6.3      14.7 
     -5.7      19.0       6.8      15.0 
36121 28.882971 -30.327118 -16.463293 
 59491.1  13199.6      0.1     43.3     39.6     28.9 
     0.1     86.6     39.6     57.7  31335.9  32723.6 
    -12.1      53.9      15.0      52.5 
     -5.8      23.9       6.2      17.3 
     -5.6      20.0       6.0      12.7 
     -5.8      19.5       5.9      12.6 
36122 27.075920 -31.588573 -17.148083 
 57266.7  13409.0      0.1     43.3     39.6     28.9 
     0.1     86.6     39.6     57.7  29814.5  31470.3 
    -12.8      55.2      14.3      56.4 
     -6.0      24.8       5.4      18.4 
     -5.5      19.9       5.3      13.5 
     -5.7      20.0       5.1      13.4 
36123 25.037458 -32.861668 -17.839190 
 55205.3  14391.6      0.1     43.3     39.6     28.9 
     0.1     86.6     39.6     57.7  29122.4  30122.2 
    -12.1      50.3      12.8      56.6 
     -5.7      24.6       4.7      16.0 
     -5.5      20.5       4.5      11.3 
     -5.4      20.3       4.3      10.8 
36124 22.748573 -34.122864 -18.523840 
 53221.7  14244.3      0.1     43.3     39.6     28.9 
     0.1     86.6     39.0      7.3  28142.2  28851.0 
    -13.4      52.7       8.8      55.9 
     -6.2      24.8       4.1      16.6 
     -5.6      20.6       3.4      11.9 
     -5.8      20.5       3.5      11.6 
36125 20.195421 -35.341984 -19.185650 
 51592.1  14147.0      0.1     43.3     39.6     28.9 
     0.1     86.6     44.0      8.5  26929.9  27890.7 
    -13.4      54.2       8.9      59.5 
     -5.6      24.5       2.6      14.1 
     -5.8      20.9       2.7       9.4 
     -6.3      20.7       2.5       8.5 
36126 17.372576 -36.482407 -19.804735 
 50308.9  13834.6      0.1     43.3     39.6     28.9 
     0.1     86.6     44.4     19.6  26147.7  27261.1 
    -13.9      53.1       6.6      60.0 
     -6.2      25.1       1.5      15.3 
     -6.2      21.2       0.9      11.1 
     -6.2      20.8       0.9      10.3 
36127 14.286614 -37.502361 -20.358425 
 48889.1  13429.9      0.1     43.3     43.9      4.8 
     0.1     86.6     44.1     31.8  25392.7  26331.7 
    -14.6      53.8       6.8      59.8 
     -6.6      24.7       0.5      12.4 
     -6.4      21.3      -0.0       7.2 
     -7.0      21.3      -0.2       6.3 
36128 10.959324 -38.357632 -20.822714 
 48073.7  13016.4      0.1     43.3     43.3     15.2 
     0.1     86.6     43.1     43.6  24892.4  25717.4 
    -15.5      54.6       5.1      64.8 
     -6.6      25.1      -2.0      13.1 
     -6.3      21.3      -2.6       6.7 
     -7.0      21.5      -2.9       6.2 
36129 7.429648 -39.005653 -21.174498 
 47198.6  13036.7      0.1     43.3     38.6     24.7 
     0.1     86.6     38.6     53.2  24343.3  25165.8 
    -14.9      49.3       2.8      73.2 
     -7.5      25.2      -1.5      18.5 
     -7.0      21.4      -1.5       3.4 
     -7.7      21.4      -1.9       2.3 
36130 5.605763 -39.240341 -21.301901 
 47102.9  12782.0      0.1     43.3     41.8     22.0 
     0.1     86.6     42.1     50.5  24644.0  25369.6 
    -15.4      51.8       3.2      69.9 
     -7.1      25.1       2.4      19.0 
     -7.5      21.5       2.1       7.8 
     -7.8      21.6       1.1       6.0 
36131 3.753390 -39.410595 -21.394323 
 46700.8  12727.7      0.1     43.3     43.9     17.2 
     0.1     86.6     44.0     45.7  24191.1  25193.1 
    -15.9      52.3       0.7      66.3 
     -7.4      25.5      -0.6      13.4 
     -7.3      21.3      -0.5       7.2 
     -8.4      21.5      -1.3       6.5 
36132 1.881610 -39.513817 -21.450357 
 46555.6  12748.6      0.1     43.3     43.5     11.3 
     0.1     86.6     43.9     39.7  24121.2  25040.9 
    -13.6      49.9       0.9      58.7 
     -7.6      25.5      -2.1      12.5 
     -7.6      21.5      -2.1       7.6 
     -8.0      21.5      -2.7       7.0 
36133 -0.000000 -39.548401 -21.469133 
 46419.8  12647.7      0.1     43.3     43.2      6.1 
     0.1     86.6     44.0     33.5  24029.6  24807.9 
    -13.1      51.3      -2.0      55.8 
     -7.0      25.2      -3.0      12.1 
     -6.8      21.4      -3.1       8.5 
     -7.5      21.8      -3.6       7.7 
36134 -1.881610 -39.513817 -21.450357 
 46383.6  12709.8      0.1     43.3     38.9      4.3 
     0.1     86.6     43.8     27.6  23664.8  24619.4 
    -15.3      54.6      -2.4      56.9 
     -7.1      25.7      -4.7      13.4 
     -7.6      21.7      -4.5       9.5 
     -8.2      21.9      -4.7       8.6 
36135 -3.753390 -39.410595 -21.394323 
 46497.3  12654.2      0.1     43.3     39.6     28.9 
     0.1     86.6     43.8     21.5  23004.3  24399.2 
    -14.5      52.4      -3.6      55.9 
     -7.0      25.6      -5.2      15.0 
     -6.8      22.2      -5.4      11.1 
     -7.5      22.1      -5.4      10.3 
36136 -5.605763 -39.240341 -21.301901 
 46354.9  12740.5      0.1     43.3     39.6     28.9 
     0.1     86.6     43.6     15.7  23941.9  24690.6 
    -15.0      51.1      -5.6      54.3 
     -7.3      25.7      -5.1      14.4 
     -6.9      21.5      -5.0      10.8 
     -7.4      22.3      -5.3      10.3 
36137 -7.429648 -39.005653 -21.174498 
 46609.0  12870.3      0.1     43.3     39.6     28.9 
     0.1     86.6     43.2     10.3  23661.3  24736.4 
    -14.7      51.1      -4.5      51.7 
     -6.6      25.9      -4.3      14.7 
     -7.3      21.7      -4.4      10.0 
     -6.8      21.9      -4.5       9.5 
36138 -10.959324 -38.357632 -20.822714 
 47184.7  12977.3      0.1     43.3     39.6     28.9 
     0.1     86.6     38.4      7.9  23518.2  24705.4 
    -16.3      53.5      -6.0      52.0 
     -6.4      25.8      -3.6      16.1 
     -6.6      21.9      -3.6      12.7 
     -7.5      22.1      -4.0      12.6 
36139 -14.286614 -37.502361 -20.358425 
 48149.8  13186.2      0.1     43.3     39.6     28.9 
     0.1     86.6     39.6     57.7  24043.0  25008.2 
    -14.7      52.3      -8.0      50.1 
     -6.9      25.5      -3.3      16.0 
     -6.0      21.8      -3.0      12.3 
     -6.8      21.9      -3.7      12.3 
36140 -17.372576 -36.482407 -19.804735 
 49275.3  12857.9      0.1     43.3     39.6     28.9 
     0.1     86.6     39.6     57.7  24424.5  25763.5 
    -14.3      52.5      -5.7      48.7 
     -6.7      25.5      -2.4      17.3 
     -6.4      21.2      -2.0      14.5 
     -7.0      21.5      -3.5      14.6 
36141 -20.195421 -35.341984 -19.185650 
 50576.0  12862.7      0.1     43.3     39.6     28.9 
     0.1     86.6     39.6     57.7  25829.9  26816.8 
    -13.6      55.0      -5.5      44.3 
     -6.1      25.8      -2.4      17.6 
     -5.8      21.1      -2.3      14.1 
     -6.6      21.6      -3.1      14.7 
36142 -22.748573 -34.122864 -18.523840 
 52204.3  12006.6      0.1     43.3     39.6     28.9 
     0.1     86.6     39.6     57.7  26562.6  27954.3 
    -13.1      51.3      -6.0      45.4 
     -6.5      24.6      -2.0      18.5 
     -6.0      20.7      -1.9      15.9 
     -6.6      20.7      -2.8      15.8 
36143 -25.037458 -32.861668 -17.839190 
 54436.5  11324.0      0.1     43.3     39.6     28.9 
     0.1     86.6     39.6     57.7  28151.4  29396.3 
    -11.4      54.0      -6.6      43.9 
     -6.0      25.1      -1.9      18.8 
     -5.5      20.6      -1.7      16.2 
     -6.1      21.1      -2.5      16.9 
36144 -27.075920 -31.588573 -17.148083 
 56487.3  10911.0      0.1     43.3     39.6     28.9 
     0.1     86.6     39.6     57.7  28900.8  30358.5 
    -14.6      55.9      -7.6      44.0 
     -5.9      24.4      -1.3      19.4 
     -5.5      20.2      -1.5      17.1 
     -6.3      20.2      -2.1      17.3 
36145 -28.882971 -30.327118 -16.463293 
 58930.5  10425.7      0.1     43.3     39.6     28.9 
     0.1     86.6     39.6     57.7  30974.4  31859.6 
     -9.5      54.7      -6.5      42.7 
     -6.0      24.5      -1.8      19.9 
     -5.5      20.3      -1.5      17.5 
     -6.0      20.2      -2.6      19.0 
36146 -30.480156 -29.094694 -15.794263 
 60998.9   9958.5      0.1     43.3     39.6     28.9 
     0.1     86.6     39.6     57.7  31880.8  33550.6 
    -10.7      53.5      -7.1      40.9 
     -5.6      23.8      -1.1      20.0 
     -6.0      19.1      -1.5      17.6 
     -6.0      19.2      -2.3      18.3 
36147 -31.889639 -27.903433 -15.147578 
 63802.2   9710.3      0.1     43.3     39.6     28.9 
     0.1     86.6     39.6     57.7  32819.6  34872.7 
    -13.3      53.0      -8.4      40.5 
     -5.7      24.6      -1.3      20.7 
     -5.3      19.6      -1.0      18.6 
     -5.7      20.2      -2.4      21.5 
36148 21.730955 -38.029171 -10.322203 
 95345.3  13368.1      0.1     43.3     39.6     28.9 
     0.1     86.6     39.6     57.7  54818.7  56725.6 
    -14.6      54.4      11.7      57.0 
     -7.3      25.8       7.5      19.3 
     -6.4      21.2       6.8      11.6 
     -6.4      21.1       6.7      11.0 
36149 20.301725 -38.757835 -10.519984 
 93737.9  13287.2      0.1     43.3     39.6     28.9 
     0.1     86.6     39.6     57.7  54797.2  56140.0 
    -16.0      51.9      15.3      63.3 
     -7.4      25.4       7.2      18.8 
     -6.8      20.9       6.4      12.5 
     -6.9      21.2       6.6      12.1 
36150 18.790987 -39.461071 -10.710862 
 92066.9  13068.0      0.1     43.3     39.6     28.9 
     0.1     86.6     39.6     57.7  53138.1  54748.6 
    -16.5      52.1      10.3      63.0 
     -7.0      25.8       6.1      18.2 
     -6.6      21.2       6.0      10.6 
     -7.1      20.7       6.1       9.6 
36151 17.199198 -40.131458 -10.892824 
 90706.8  12827.6      0.1     43.3     39.6     28.9 
     0.1     86.6     39.6     57.7  52137.6  54213.0 
    -15.5      51.1      15.7      65.4 
     -7.8      25.6       5.8      20.0 
     -6.7      21.3       5.3      11.8 
     -7.4      21.5       5.5      11.0 
36152 15.528065 -40.761169 -11.063745 
 89195.1  12697.8      0.1     43.3     39.6     28.9 
     0.1     86.6     39.6     57.7  51726.5  53641.4 
    -16.6      53.1      12.2      64.8 
     -7.9      25.6       5.3      18.0 
     -6.8      21.6       4.6       9.2 
     -6.8      21.1       4.6       8.0 
36153 13.780708 -41.342125 -11.221435 
 88332.5  12410.1      0.1     43.3     39.6     28.9 
     0.1     86.6     39.6     57.7  51103.2  52554.4 
    -17.4      52.0      10.1      69.3 
     -8.1      26.1       4.2      20.1 
     -7.0      21.4       3.5      11.4 
     -7.6      21.6       3.8      10.3 
36154 11.961784 -41.866245 -11.363695 
 87435.9  12249.7      0.1     43.3     39.6     28.9 
     0.1     86.6     44.9      5.1  50305.9  52224.4 
    -18.6      53.8       8.6      71.7 
     -8.3      25.9       3.6      18.5 
     -7.5      21.7       2.9       7.9 
     -7.1      21.8       2.6       6.6 
36155 10.077535 -42.325645 -11.488389 
 86635.9  12074.8      0.1     43.3     39.6     28.9 
     0.1     86.6     45.1     16.7  49488.3  51172.4 
    -16.8      51.7       7.9      73.6 
     -7.7      25.3       1.2      19.5 
     -7.7      21.4       0.8      11.3 
     -7.9      21.3       1.1      10.5 
36156 8.135806 -42.712982 -11.593524 
 86028.5  12136.1      0.1     43.3     44.6      2.7 
     0.1     86.6     44.8     29.7  49399.9  51359.1 
    -16.6      50.9       3.8      75.0 
     -8.6      26.0       0.3      17.7 
     -7.8      21.5       0.1       6.4 
     -8.2      21.4      -0.1       5.5 
36157 6.145958 -43.021706 -11.677320 
 85510.3  11899.9      0.1     43.3     44.1     14.0 
     0.1     86.6     43.8     42.5  48815.7  50460.4 
    -18.7      51.7       6.2      75.2 
     -8.5      26.0      -1.4      20.7 
     -8.0      21.4      -2.4       6.8 
     -8.1      21.4      -2.5       6.0 
36158 4.118702 -43.246368 -11.738300 
 85186.6  11901.9      0.1     43.3     39.2     23.7 
     0.1     86.6     39.3     52.2  49356.1  50969.7 
    -17.5      52.5       2.8      86.0 
     -8.5      25.6      -1.0      31.8 
     -8.4      21.6      -1.5       8.2 
     -8.8      21.4      -1.7       3.4 
36159 3.094703 -43.325836 -11.759871 
 85253.1  11788.2      0.1     43.3     43.1     21.0 
     0.1     86.6     43.1     49.4  48990.6  50613.7 
    -17.6      52.4      -1.8      84.5 
     -8.6      25.8       1.3      30.2 
     -8.3      21.5       2.6      11.0 
     -8.8      21.3       2.3       7.1 
36160 2.065851 -43.382874 -11.775351 
 85262.4  11810.5      0.1     43.3     45.3     16.0 
     0.1     86.6     45.4     44.5  49093.2  50754.8 
    -18.0      51.6       3.6      79.0 
     -9.1      26.1       0.4      23.7 
     -8.4      21.6       0.5       8.6 
     -8.4      21.0       0.1       7.1 
36161 1.033743 -43.417198 -11.784668 
 84823.1  11847.4      0.1     43.3     45.5      9.7 
     0.1     86.6     45.5     38.2  48946.6  50494.4 
    -19.7      55.0      -0.8      75.2 
     -9.1      25.5      -0.9      19.4 
     -8.4      21.3      -1.4       8.3 
     -8.6      21.1      -1.6       7.4 
36162 -0.000000 -43.428661 -11.787779 
 84644.1  11892.5      0.1     43.3     45.1      3.7 
     0.1     86.6     45.7     31.8  48785.7  50170.7 
    -15.8      53.0      -3.1      71.5 
     -8.7      25.8      -2.2      16.9 
     -8.2      21.5      -2.1       8.3 
     -8.7      21.5      -2.5       7.6 
36163 -1.033743 -43.417198 -11.784668 
 84877.0  11836.2      0.1     43.3     39.6     28.9 
     0.1     86.6     45.5     25.1  48734.6  50501.8 
    -18.0      56.4      -7.2      74.6 
     -8.6      25.6      -4.6      17.5 
     -7.9      21.7      -4.6       9.5 
     -8.6      21.8      -4.5       8.5 
36164 -2.065851 -43.382874 -11.775351 
 84827.2  11762.5      0.1     43.3     39.6     28.9 
     0.1     86.6     45.5     18.6  48784.8  50487.2 
    -16.9      52.2      -0.6      70.4 
     -8.5      26.0      -4.9      17.7 
     -7.9      21.6      -4.9      11.3 
     -8.4      21.6      -5.1      10.2 
36165 -3.094703 -43.325836 -11.759871 
 84544.4  11832.8      0.1     43.3     39.6     28.9 
     0.1     86.6     45.3     12.2  49041.0  50834.6 
    -16.7      53.8      -5.5      69.2 
     -8.2      25.9      -4.3      17.3 
     -7.8      21.9      -4.2       9.8 
     -8.6      21.7      -4.5       8.9 
36166 -4.118702 -43.246368 -11.738300 
 84802.9  11812.0      0.1     43.3     39.6     28.9 
     0.1     86.6     45.2      6.1  48404.6  50479.8 
    -17.7      53.0      -5.3      68.6 
     -9.0      26.1      -3.6      16.0 
     -8.1      21.6      -3.2       8.3 
     -8.5      21.8      -3.4       7.2 
36167 -6.145958 -43.021706 -11.677320 
 84924.6  11985.1      0.1     43.3     39.6     28.9 
     0.1     86.6     39.6     57.7  49241.4  50674.2 
    -16.6      55.0      -2.5      67.7 
     -8.2      26.3      -3.5      18.4 
     -7.5      21.7      -3.2      11.5 
     -8.2      22.0      -3.3      10.4 
36168 -8.135806 -42.712982 -11.593524 
 85265.2  11973.7      0.1     43.3     39.6     28.9 
     0.1     86.6     39.6     57.7  48412.9  50218.6 
    -15.6      52.8      -5.5      62.4 
     -8.1      26.1      -2.1      16.4 
     -7.8      21.9      -2.1       9.7 
     -7.9      22.1      -2.3       8.8 
36169 -10.077535 -42.325645 -11.488389 
 86102.9  12123.6      0.1     43.3     39.6     28.9 
     0.1     86.6     39.6     57.7  49208.9  50574.8 
    -16.6      54.6      -5.8      59.9 
     -7.7      26.2      -2.0      17.4 
     -7.8      22.3      -1.5      11.8 
     -7.8      22.1      -2.0      11.3 
36170 -11.961784 -41.866245 -11.363695 
 86558.6  12300.4      0.1     43.3     39.6     28.9 
     0.1     86.6     39.6     57.7  48984.3  51058.0 
    -16.4      53.1      -5.0      54.5 
     -8.4      26.7      -1.6      16.4 
     -7.1      22.2      -1.2      11.1 
     -8.1      22.1      -1.6      10.3 
36171 -13.780708 -41.342125 -11.221435 
 87631.0  12403.8      0.1     43.3     39.6     28.9 
     0.1     86.6     39.6     57.7  50316.5  51927.3 
    -15.6      49.5      -3.6      56.2 
     -8.2      26.6      -1.3      18.3 
     -6.9      22.0      -0.7      13.0 
     -7.7      22.1      -1.0      12.6 
36172 -15.528065 -40.761169 -11.063745 
 88421.1  12607.6      0.1     43.3     39.6     28.9 
     0.1     86.6     39.6     57.7  50065.0  52045.4 
    -16.2      50.9      -5.3      52.4 
     -7.9      26.2      -1.4      17.8 
     -7.0      22.0      -0.7      12.1 
     -8.0      22.4      -1.3      11.8 
36173 -17.199198 -40.131458 -10.892824 
 89787.4  12713.9      0.1     43.3     39.6     28.9 
     0.1     86.6     39.6     57.7  51678.3  53791.1 
    -17.1      58.4      -6.5      50.1 
     -7.8      26.3      -0.5      18.3 
     -7.3      21.5      -0.3      13.9 
     -7.5      21.3      -0.6      13.6 
36174 -18.790987 -39.461071 -10.710862 
 91375.2  12716.0      0.1     43.3     39.6     28.9 
     0.1     86.6     39.6     57.7  52177.0  54329.4 
    -15.9      51.9      -4.7      43.7 
     -7.5      26.7      -0.8      18.1 
     -6.6      22.3      -0.3      13.7 
     -8.2      22.1      -0.7      13.3 
36175 -20.301725 -38.757835 -10.519984 
 92709.9  12608.9      0.1     43.3     39.6     28.9 
     0.1     86.6     39.6     57.7  52300.7  54071.9 
    -13.0      52.1      -5.0      44.4 
     -7.7      26.3      -0.4      19.0 
     -7.0      21.7       0.1      15.1 
     -7.5      21.5      -0.5      14.8 
36176 -21.730955 -38.029171 -10.322203 
 94259.2  12507.1      0.1     43.3     39.6     28.9 
     0.1     86.6     39.6     57.7  53376.6  54996.4 
    -14.4      51.6      -3.8      43.2 
     -7.5      26.3      -0.3      18.4 
     -7.2      21.6      -0.3      14.6 
     -7.1      21.9      -0.8      15.0 
36177 15.179742 -41.744289 -7.210377 
137072.5  12638.0      0.1     43.3     39.6     28.9 
     0.1     86.6     39.6     57.7  84067.8  86921.1 
    -19.1      55.9      13.1      63.6 
     -8.2      27.1       7.9      21.3 
     -7.1      22.0       7.0      10.0 
     -7.7      22.1       7.1       8.9 
36178 14.042964 -42.128887 -7.276808 
135766.9  12391.5      0.1     43.3     39.6     28.9 
     0.1     86.6     39.6     57.7  82704.5  85310.7 
    -16.1      48.8      13.4      68.3 
     -8.4      26.6       7.2      22.8 
     -7.3      22.3       6.8      12.0 
     -7.5      22.2       7.0      10.7 
36179 12.875603 -42.489483 -7.339093 
135061.4  12370.2      0.1     43.3     39.6     28.9 
     0.1     86.6     39.6     57.7  83485.1  85975.9 
    -15.6      52.4       9.1      72.7 
     -8.5      26.9       6.7      22.0 
     -8.1      22.6       6.4       9.5 
     -7.4      22.3       6.2       7.9 
36180 11.679233 -42.823853 -7.396847 
134375.8  12147.9      0.1     43.3     39.6     28.9 
     0.1     86.6     39.6     57.7  81772.8  84169.9 
    -17.9      53.6      11.9      73.3 
     -8.5      27.3       6.1      24.3 
     -7.8      22.4       5.5      11.8 
     -7.8      22.0       5.9      10.5 
36181 10.455710 -43.129807 -7.449694 
133493.5  12110.5      0.1     43.3     39.6     28.9 
     0.1     86.6     39.6     57.7  81487.2  84234.6 
    -21.1      55.3       7.9      81.5 
     -8.5      26.2       5.6      22.9 
     -7.7      22.2       5.1       8.2 
     -8.2      22.3       5.0       7.2 
36182 9.207181 -43.405285 -7.497276 
132382.1  11986.8      0.1     43.3     39.6     28.9 
     0.1     86.6     39.6     57.7  81466.2  83264.2 
    -18.4      51.9       6.6      83.0 
     -9.2      27.3       4.4      24.5 
     -8.1      22.4       3.8      11.5 
     -7.9      22.0       3.8      10.4 
36183 7.936064 -43.648350 -7.539260 
132618.8  11950.1      0.1     43.3     39.6     28.9 
     0.1     86.6     45.5      3.3  81098.0  83322.6 
    -16.6      54.7       5.9      83.0 
     -8.8      26.8       3.2      25.3 
     -8.1      22.1       3.1       7.9 
     -8.2      22.3       3.0       5.8 
36184 6.645037 -43.857243 -7.575342 
132196.9  11893.4      0.1     43.3     39.6     28.9 
     0.1     86.6     45.4     15.4  81560.3  83435.0 
    -16.3      51.6       7.0      87.1 
     -9.1      27.1       1.6      27.7 
     -8.5      22.4       1.4      11.7 
     -8.4      21.9       1.3      10.9 
36185 5.337018 -44.030403 -7.605251 
131441.6  11858.6      0.1     43.3     45.4      1.7 
     0.1     86.6     45.2     28.8  80416.6  83212.7 
    -18.6      52.2       6.2      93.4 
     -9.1      26.4       0.9      24.7 
     -8.5      22.1       0.3       7.1 
     -8.2      21.9       0.2       5.1 
36186 4.015138 -44.166508 -7.628761 
130985.8  11797.0      0.1     43.3     44.2     13.4 
     0.1     86.6     43.8     41.6  80171.9  82461.4 
    -16.5      54.3      10.6      94.7 
     -9.4      26.4      -0.3      31.6 
     -8.2      21.7      -1.9       8.2 
     -8.2      21.9      -2.3       6.2 
36187 2.682698 -44.264507 -7.645688 
130764.6  11761.0      0.1     43.3     39.2     23.6 
     0.1     86.6     39.2     51.8  79671.6  81807.0 
    -15.3      53.1       3.7     100.1 
     -9.3      26.2       0.3      44.1 
     -9.1      22.1      -1.1      13.2 
     -9.1      22.1      -1.5       4.4 
36188 2.013589 -44.298962 -7.651639 
130762.5  11944.9      0.1     43.3     43.7     20.3 
     0.1     86.6     43.7     48.5  79351.0  81605.1 
    -22.0      57.3       4.2      95.8 
     -9.1      26.0       1.6      42.2 
     -9.0      21.8       2.7      14.2 
     -9.2      22.0       2.5       8.4 
36189 1.343140 -44.323616 -7.655898 
131088.1  11749.0      0.1     43.3     46.1     15.4 
     0.1     86.6     46.0     43.8  79743.1  82243.4 
    -18.9      51.0       2.2      97.9 
     -9.2      26.6       0.8      33.3 
     -8.8      22.1       1.1      11.8 
     -9.4      22.1       0.7       8.0 
36190 0.671794 -44.338436 -7.658457 
131095.4  11816.1      0.1     43.3     46.3      8.9 
     0.1     86.6     46.3     37.4  80374.8  82564.6 
    -19.0      51.7       4.2      94.7 
     -9.7      27.0      -0.8      27.9 
     -8.9      22.1      -0.8       9.7 
     -8.8      22.1      -0.9       7.6 
36191 -0.000000 -44.343372 -7.659310 
130500.0  11800.5      0.1     43.3     46.0     20.6 
     0.1     86.6     46.5     30.6  78968.2  81814.6 
    -15.0      49.0      -0.5      86.2 
     -9.5      26.6      -1.5      23.8 
     -9.1      22.2      -1.9       9.3 
     -9.5      22.1      -2.0       7.7 
36192 -0.671794 -44.338436 -7.658457 
130491.2  11736.2      0.1     43.3     39.6     28.9 
     0.1     86.6     45.9     24.1  79602.0  82526.5 
    -17.5      56.0      -0.3      90.2 
    -10.0      26.9      -4.7      24.2 
     -8.6      22.4      -5.2      10.4 
     -9.0      22.5      -5.0       9.5 
36193 -1.343140 -44.323616 -7.655898 
130884.8  11807.2      0.1     43.3     39.6     28.9 
     0.1     86.6     46.3     17.2  80320.8  82513.3 
    -16.3      51.6      -0.7      87.8 
     -9.1      26.2      -4.4      24.6 
     -8.5      22.1      -4.8      11.4 
     -8.9      22.3      -5.0      10.6 
36194 -2.013589 -44.298962 -7.651639 
130579.7  11896.1      0.1     43.3     39.6     28.9 
     0.1     86.6     46.3     10.6  80382.2  82469.9 
    -15.7      53.7      -3.7      85.7 
     -8.9      26.3      -3.8      24.2 
     -8.5      22.0      -3.9       9.8 
     -8.5      22.7      -3.8       8.6 
36195 -2.682698 -44.264507 -7.645688 
130742.4  11815.7      0.1     43.3     39.6     28.9 
     0.1     86.6     46.0      4.3  78728.3  81039.7 
    -20.3      55.1      -3.5      87.0 
     -9.7      27.5      -2.9      22.4 
     -8.1      22.4      -2.7       7.7 
     -8.5      22.6      -2.8       6.6 
36196 -4.015138 -44.166508 -7.628761 
130486.0  11797.4      0.1     43.3     39.6     28.9 
     0.1     86.6     39.6     57.7  79139.0  81409.7 
    -18.4      57.9      -4.8      81.4 
     -9.5      26.4      -3.3      22.7 
     -8.2      22.5      -2.8      11.8 
     -8.9      22.6      -3.4      10.5 
36197 -5.337018 -44.030403 -7.605251 
131108.5  11950.4      0.1     43.3     39.6     28.9 
     0.1     86.6     39.6     57.7  79426.0  82002.4 
    -18.1      54.2      -1.8      75.8 
     -8.9      27.6      -1.7      20.7 
     -8.4      22.5      -1.5       8.6 
     -8.0      22.4      -1.4       7.3 
36198 -6.645037 -43.857243 -7.575342 
131026.5  11919.2      0.1     43.3     39.6     28.9 
     0.1     86.6     39.6     57.7  79654.3  81871.1 
    -21.0      56.3      -7.6      68.0 
     -8.8      27.1      -2.0      20.9 
     -8.2      22.5      -1.6      11.9 
     -8.3      22.4      -1.6      10.6 
36199 -7.936064 -43.648350 -7.539260 
131637.2  12034.5      0.1     43.3     39.6     28.9 
     0.1     86.6     39.6     57.7  79798.1  82519.0 
    -20.8      53.3      -5.6      65.6 
     -8.7      26.8      -1.4      20.3 
     -8.1      22.6      -0.8       9.4 
     -8.1      22.7      -0.6       8.9 
36200 -9.207181 -43.405285 -7.497276 
132073.4  12136.7      0.1     43.3     39.6     28.9 
     0.1     86.6     39.6     57.7  80466.3  83236.2 
    -21.2      51.6      -5.9      62.3 
     -8.6      27.2      -1.0      20.2 
     -8.1      22.8      -0.9      12.0 
     -8.5      22.9      -0.4      11.0 
36201 -10.455710 -43.129807 -7.449694 
132957.3  12120.9      0.1     43.3     39.6     28.9 
     0.1     86.6     39.6     57.7  80405.5  83532.7 
    -16.2      50.3      -5.8      60.1 
     -8.4      27.0      -0.6      19.9 
     -7.5      22.7      -0.1      10.3 
     -8.2      22.8      -0.4       9.3 
36202 -11.679233 -42.823853 -7.396847 
133537.7  12194.1      0.1     43.3     39.6     28.9 
     0.1     86.6     39.6     57.7  80274.0  82970.3 
    -18.1      52.8      -7.1      55.3 
     -9.0      27.4      -0.5      19.8 
     -8.1      22.6       0.1      12.2 
     -8.0      22.7      -0.0      11.5 
36203 -12.875603 -42.489483 -7.339093 
134337.7  12337.6      0.1     43.3     39.6     28.9 
     0.1     86.6     39.6     57.7  80183.3  83270.3 
    -17.6      52.6      -6.1      52.2 
     -8.5      27.5      -0.5      18.7 
     -7.4      22.8       0.4      11.3 
     -7.7      22.5       0.1      10.4 
36204 -14.042964 -42.128887 -7.276808 
135352.9  12425.5      0.1     43.3     39.6     28.9 
     0.1     86.6     39.6     57.7  82656.3  85220.3 
    -15.0      49.8      -2.8      47.3 
     -8.5      28.0      -0.2      19.5 
     -7.7      22.6       0.5      12.6 
     -8.0      22.5       0.5      12.1 
36205 -15.179742 -41.744289 -7.210377 
136166.0  12445.3      0.1     43.3     39.6     28.9 
     0.1     86.6     39.6     57.7  82999.0  85237.9 
    -17.8      56.1      -2.3      48.5 
     -8.4      27.6       0.0      18.3 
     -7.5      22.7       0.5      12.0 
     -7.9      22.8       0.2      11.7 
