Dot1_150x100_prd2022blk:dj0075k@-250V,3.8T@90d,263K,rhe=1.02,rhh=0.7,1.5/1.5 
1128 1 3.80 60 5 29 0 275.0000 263.0000 1.5000 1.2300 1100.0000 -0.1400 84.3000 150.0000 100.0000 285.0000 700.0000 -0.0700 42.150002 1.5000 1.0000 0.8500 
36301 -0.000000 -0.000000 -45.000000 
 22260.8  17266.2     -0.4     41.8     40.6      9.8 
    -0.4     84.9     42.3     36.6   8994.0   9623.1 
     -7.0      68.9      -4.3      44.5 
      0.6       8.4      -5.9      12.4 
      0.2       2.0      -6.0       9.8 
      0.1       1.3      -6.8       8.7 
36302 -0.000000 -5.870454 -44.615444 
 22427.7  17562.5     -1.2     35.6     40.7      9.8 
    -1.0     78.5     42.2     36.4   9089.8   9826.0 
     -1.6      60.1      -3.2      45.7 
     -1.3       5.7      -5.8      12.4 
     -1.8       3.2      -6.1       9.7 
     -1.8       2.9      -6.7       8.8 
36303 -0.000000 -11.452198 -43.518353 
 22820.0  17919.9     -1.9     28.1     40.8      9.9 
    -1.7     70.7     42.5     36.4   9519.1  10045.5 
     -7.6      52.0      -4.2      43.2 
     -2.8       9.4      -5.5      12.0 
     -3.0       6.5      -6.1       9.6 
     -3.1       5.8      -6.6       8.8 
36304 -0.000000 -16.522495 -41.856983 
 23621.4  18366.1     -2.6     20.8     41.0      9.8 
    -2.4     62.9     42.6     36.1   9744.6  10455.7 
     -9.7      49.4      -4.6      42.6 
     -4.1      13.5      -5.4      12.2 
     -4.0       9.5      -5.7       9.5 
     -4.5       8.7      -6.6       8.9 
36305 -0.000000 -20.958590 -39.821320 
 24759.9  18627.6     -3.2     14.0     41.3      9.4 
    -2.7     54.6     42.9     35.9  10387.2  11076.9 
    -10.6      51.4      -4.3      44.9 
     -5.4      17.6      -5.0      12.2 
     -5.2      12.5      -5.8       9.7 
     -5.3      11.2      -6.4       8.9 
36306 -0.000000 -24.732742 -37.593769 
 26207.9  18184.1     -5.2     10.4     41.8      8.9 
    -2.9     45.9     43.3     35.3  11026.2  11684.7 
    -10.3      48.6      -2.1      49.1 
     -6.0      19.5      -5.2      12.0 
     -5.5      14.8      -5.5       9.6 
     -6.2      14.2      -6.3       8.8 
36307 -0.000000 -27.883995 -35.319725 
 27734.5  16720.7    -11.7     13.1     42.5      8.6 
    -2.6     37.3     44.0     34.9  12256.4  12949.9 
    -12.1      49.7      -3.7      46.2 
     -6.5      21.4      -5.3      12.2 
     -6.3      17.1      -5.3       9.6 
     -7.1      17.6      -5.9       8.7 
36308 -0.000000 -30.486408 -33.099529 
 29687.8  15474.1     -0.1     43.3     42.8      8.1 
    -2.8     28.3     44.4     34.3  13528.7  14058.7 
    -14.0      52.1      -4.5      50.4 
     -7.0      22.5      -4.8      12.0 
     -6.7      17.5      -4.7       9.5 
     -7.7      18.1      -5.8       8.7 
36309 -0.000000 -32.624973 -30.993725 
 31747.4  14991.5     -0.1     43.3     43.5      7.3 
    -3.1     20.0     44.8     34.2  14611.4  15400.2 
    -12.6      51.3      -4.6      46.8 
     -7.2      22.6      -4.3      12.4 
     -7.8      17.1      -5.0       9.4 
     -7.8      17.0      -5.2       8.8 
36310 -0.000000 -34.381348 -29.033136 
 33827.2  14154.1     -0.1     43.3     43.9      7.1 
    -4.0     13.6     45.3     33.6  16162.6  16712.5 
    -15.5      52.8      -1.5      54.8 
     -8.0      22.7      -4.4      12.2 
     -7.5      17.8      -4.7       9.4 
     -8.0      17.2      -5.3       8.5 
36311 -0.000000 -35.827297 -27.228748 
 35910.0  13785.3     -0.1     43.3     44.2      6.7 
    -7.3     13.0     45.7     33.1  17188.2  18130.9 
    -15.1      51.2      -3.8      49.4 
     -8.0      24.5      -4.2      12.4 
     -7.9      20.5      -4.4       9.4 
     -8.2      20.5      -5.0       8.6 
36312 -0.000000 -37.022865 -25.579433 
 38299.6  13218.6     -0.1     43.3     44.7      6.1 
    -0.1     86.6     46.1     33.1  18633.7  19495.3 
    -16.0      52.4      -2.0      53.4 
     -7.7      24.2      -3.8      12.3 
     -7.9      19.8      -4.1       9.4 
     -8.7      20.8      -4.8       8.5 
36313 -0.000000 -38.016857 -24.077343 
 40849.9  13135.7     -0.1     43.3     45.0      6.0 
    -0.1     86.6     46.2     32.7  20658.2  21358.5 
    -16.6      51.3      -3.9      50.8 
     -8.8      23.8      -3.9      12.8 
     -8.4      19.3      -4.0       9.2 
     -8.5      19.2      -4.6       8.6 
36314 -0.000000 -38.848354 -22.711344 
 43252.0  12725.7     -0.1     43.3     45.3      5.4 
    -0.1     86.6     46.6     32.1  21844.0  22729.8 
    -15.6      51.8      -3.2      54.0 
     -8.4      24.6      -4.1      12.7 
     -7.9      19.4      -3.8       9.1 
     -9.0      18.6      -4.5       8.6 
36315 -0.000000 -39.548401 -21.469133 
 45766.9  12554.6     -0.1     43.3     45.6      5.1 
    -0.1     86.6     46.9     32.0  23197.0  24573.0 
    -15.8      51.6      -2.3      57.6 
     -8.6      25.2      -3.5      12.5 
     -8.3      21.7      -3.8       9.3 
     -8.5      21.9      -4.1       8.4 
36316 -0.000000 -40.141609 -20.338415 
 48384.1  12419.3     -0.1     43.3     45.9     11.8 
    -0.1     86.6     47.0     31.7  25392.4  26258.4 
    -16.8      51.1      -2.6      56.3 
     -8.8      26.1      -3.6      12.9 
     -8.3      21.7      -3.6       9.3 
     -9.0      22.4      -4.0       8.4 
36317 -0.000000 -40.647488 -19.307556 
 50935.7  12342.0     -0.1     43.3     46.0      4.7 
    -0.1     86.6     47.3     31.6  26724.7  28010.2 
    -17.8      53.6      -3.2      57.3 
     -9.3      24.8      -3.4      12.7 
     -8.7      20.4      -3.5       9.1 
     -9.1      20.6      -4.0       8.3 
36318 -0.000000 -41.081562 -18.365873 
 53431.6  12207.7     -0.1     43.3     46.2      4.4 
    -0.1     86.6     47.3     31.3  28584.6  29506.8 
    -17.4      53.1      -3.7      61.0 
     -9.1      24.8      -3.6      13.5 
     -8.8      20.0      -3.4       9.0 
     -9.2      19.3      -3.9       8.1 
36319 -0.000000 -41.456230 -17.503742 
 56154.5  12219.0     -0.1     43.3     46.3      4.1 
    -0.1     86.6     47.5     31.0  29906.7  31195.2 
    -18.6      52.0      -2.6      60.9 
     -8.4      25.6      -3.3      13.5 
     -8.4      23.0      -3.2       9.2 
     -9.4      22.2      -3.8       8.3 
36320 -0.000000 -41.781452 -16.712580 
 58735.1  12092.7     -0.1     43.3     46.6      4.0 
    -0.1     86.6     47.6     31.1  32472.6  33322.3 
    -16.2      52.6      -3.1      62.5 
     -9.2      26.3      -3.3      14.0 
     -8.6      22.7      -3.1       9.1 
     -9.4      23.1      -3.8       8.3 
36321 -0.000000 -42.065262 -15.984799 
 61450.4  12080.7     -0.1     43.3     46.9      3.6 
    -0.1     86.6     47.7     30.9  34009.3  35127.7 
    -16.9      50.4      -3.1      61.4 
     -9.5      25.4      -3.2      14.3 
     -9.3      20.9      -3.1       9.1 
     -9.6      21.2      -3.6       8.3 
36322 -0.000000 -42.314190 -15.313706 
 64275.2  11917.7     -0.1     43.3     46.9      3.6 
    -0.1     86.6     48.0     30.6  35566.2  36693.6 
    -17.5      51.8      -5.0      70.4 
     -9.2      25.3      -2.9      14.5 
     -9.2      20.5      -3.0       9.1 
     -9.6      19.9      -3.7       8.1 
36323 -0.000000 -42.533558 -14.693412 
 67164.5  11995.0     -0.1     43.3     47.1      3.3 
    -0.1     86.6     48.1     30.5  37414.9  38786.8 
    -17.4      55.6      -1.7      68.5 
     -8.5      26.6      -2.9      14.8 
     -8.5      23.0      -3.1       9.1 
     -9.6      22.7      -3.4       8.2 
36324 -0.000000 -42.727760 -14.118738 
 69789.6  11780.6     -0.1     43.3     47.6     14.9 
    -0.1     86.6     48.2     30.6  38622.6  40253.9 
    -19.2      50.2      -3.8      68.2 
     -9.0      27.0      -3.0      15.2 
     -8.8      22.7      -2.8       9.1 
    -10.1      23.4      -3.3       8.2 
36325 -0.000000 -42.900398 -13.585126 
 72544.5  11893.6     -0.1     43.3     47.8     14.5 
    -0.1     86.6     48.5     30.3  41248.4  42439.1 
    -17.7      52.0      -0.7      65.7 
     -9.7      25.8      -3.0      15.7 
     -9.2      21.4      -2.7       9.2 
     -9.3      21.4      -3.2       8.4 
36326 -0.000000 -43.054493 -13.088566 
 75190.1  11860.6     -0.1     43.3     47.4      3.1 
    -0.1     86.6     48.7     29.9  43237.5  44611.9 
    -19.1      51.7      -3.0      70.0 
     -9.8      25.3      -2.9      15.7 
     -9.3      20.9      -2.8       9.1 
     -9.4      20.3      -3.1       8.4 
36327 -0.000000 -43.192551 -12.625515 
 78146.3  11844.4     -0.1     43.3     47.5      2.8 
    -0.1     86.6     48.5     29.9  44401.5  45615.1 
    -15.9      47.8      -4.8      70.9 
     -9.3      27.5      -2.7      16.2 
     -9.2      23.4      -2.8       9.1 
     -9.7      22.7      -3.3       8.3 
36328 -0.000000 -43.316673 -12.192842 
 80998.7  11750.6     -0.1     43.3     47.5      2.9 
    -0.1     86.6     48.6     29.8  46495.8  47551.0 
    -17.0      48.8      -5.0      69.8 
     -9.4      27.6      -2.6      17.4 
     -9.6      23.7      -2.8       9.4 
    -10.2      24.0      -3.1       8.3 
36329 -0.000000 -43.428661 -11.787779 
 83871.1  11788.5     -0.1     43.3     47.7      2.8 
    -0.1     86.6     48.7     29.8  47903.1  50017.5 
    -17.5      52.3      -2.7      74.5 
     -9.8      26.1      -2.9      17.3 
     -9.4      21.8      -2.7       9.2 
     -9.9      21.7      -3.0       8.3 
36330 -0.000000 -43.529995 -11.407862 
 86407.0  11804.9     -0.1     43.3     47.9      2.5 
    -0.1     86.6     49.0     29.7  49935.3  51598.9 
    -21.1      53.4      -0.7      77.8 
    -10.3      25.8      -2.5      17.6 
     -9.4      21.1      -2.8       9.1 
     -9.8      20.4      -2.9       8.4 
36331 -0.000000 -43.621986 -11.050903 
 89270.4  11716.1     -0.1     43.3     48.0      2.4 
    -0.1     86.6     48.8     29.6  52258.8  53778.4 
    -17.7      51.7      -1.0      77.2 
     -9.4      27.2      -2.7      19.4 
     -9.1      23.4      -2.6       9.3 
     -9.9      23.3      -3.0       8.3 
36332 -0.000000 -43.705715 -10.714950 
 92026.2  11757.4     -0.1     43.3     48.0      2.3 
    -0.1     86.6     48.9     29.5  54440.1  55858.6 
    -17.2      50.7      -2.8      72.3 
     -9.8      27.4      -2.7      18.5 
     -9.1      23.9      -2.6       9.1 
    -10.2      24.1      -3.0       8.4 
36333 -0.000000 -43.782146 -10.398259 
 94833.2  11734.3     -0.1     43.3     47.9      2.2 
    -0.1     86.6     48.7     29.6  55470.1  57583.0 
    -18.8      48.3      -6.0      79.8 
    -10.0      26.6      -2.9      18.8 
     -9.7      22.1      -2.6       9.2 
    -10.6      21.8      -2.9       8.3 
36334 -0.000000 -43.852077 -10.099266 
 97491.4  11786.7     -0.1     43.3     48.1      2.2 
    -0.1     86.6     49.4     29.4  57683.1  59803.3 
    -17.9      48.8      -5.3      75.4 
    -10.1      25.8      -2.4      19.1 
     -9.4      21.7      -2.3       9.3 
     -9.8      20.5      -2.9       8.4 
36335 -0.000000 -43.916229 -9.816568 
100392.1  11846.1     -0.1     43.3     48.1      2.2 
    -0.1     86.6     49.3     29.5  60330.4  61600.9 
    -20.4      52.3      -2.0      81.5 
     -9.9      27.4      -2.5      19.5 
     -9.7      23.8      -2.3       9.3 
    -10.1      23.2      -2.9       8.3 
36336 -0.000000 -43.975204 -9.548901 
103322.2  11661.0     -0.1     43.3     48.1      2.1 
    -0.1     86.6     49.4     29.3  61805.5  63539.5 
    -15.0      50.3      -5.0      78.9 
    -10.5      27.3      -3.1      19.9 
     -9.8      24.0      -2.5       9.3 
     -9.9      24.1      -2.4       8.6 
36337 -0.000000 -44.029541 -9.295126 
106251.0  11721.2     -0.1     43.3     49.2     22.5 
    -0.1     86.6     49.3     29.4  63403.0  65182.1 
    -17.8      48.8      -5.1      80.7 
    -10.3      26.4      -2.4      20.7 
     -9.6      22.0      -2.2       9.5 
    -10.3      22.1      -2.7       8.4 
36338 -0.000000 -44.079716 -9.054212 
109070.6  11744.2     -0.1     43.3     48.3      2.0 
    -0.1     86.6     49.0     29.3  64950.5  67461.1 
    -17.7      51.2      -1.2      83.1 
    -10.4      26.4      -2.7      21.7 
     -9.8      21.4      -2.4       9.7 
    -10.2      20.7      -2.7       8.3 
36339 -0.000000 -44.126129 -8.825226 
111775.2  11800.7     -0.1     43.3     48.3      2.0 
    -0.1     86.6     49.3     29.0  67757.1  69516.1 
    -16.4      49.7      -4.2      78.5 
    -10.3      27.7      -2.7      20.7 
     -9.7      23.7      -2.5       9.1 
    -10.2      23.4      -2.8       8.3 
36340 -0.000000 -44.169155 -8.607322 
114568.7  11606.6     -0.1     43.3     48.4      1.8 
    -0.1     86.6     49.5     29.0  69051.7  70922.2 
    -19.5      51.6       0.6      89.3 
    -10.1      28.1      -2.8      20.4 
     -9.5      24.1      -2.4       9.6 
    -10.4      24.7      -2.7       8.3 
36341 -0.000000 -44.209099 -8.399729 
117490.8  11630.9     -0.1     43.3     48.4      1.7 
    -0.1     86.6     49.3     29.0  71652.6  73510.7 
    -18.6      52.0      -1.3      85.0 
    -10.4      27.0      -2.6      23.2 
     -9.9      22.7      -2.5       9.6 
    -10.2      22.6      -2.7       8.4 
36342 -0.000000 -44.246258 -8.201745 
120251.6  11782.4     -0.1     43.3     48.3      1.8 
    -0.1     86.6     49.5     28.9  72683.0  75232.6 
    -18.1      50.5      -4.2      81.4 
    -10.4      25.9      -2.7      23.1 
     -9.9      21.7      -2.3       9.3 
    -10.5      21.1      -2.7       8.5 
36343 -0.000000 -44.280880 -8.012731 
123316.1  11714.9     -0.1     43.3     48.5      1.9 
    -0.1     86.6     49.3     28.9  73602.8  76752.0 
    -18.4      52.9      -3.0      90.1 
    -10.6      28.2      -2.6      23.2 
     -9.7      23.8      -2.4       9.5 
    -10.2      23.0      -2.7       8.4 
36344 -0.000000 -44.313187 -7.832098 
126075.4  11661.9     -0.1     43.3     48.5      2.2 
    -0.1     86.6     49.6     28.9  76776.7  79457.1 
    -20.6      50.9      -0.9      88.6 
    -10.6      28.2      -2.7      24.3 
    -10.0      24.2      -2.4       9.6 
    -10.6      24.2      -2.5       8.3 
36345 -0.000000 -44.343372 -7.659310 
128798.1  11688.8     -0.1     43.3     48.4      1.7 
    -0.1     86.6     49.8     28.8  78740.1  81197.5 
    -20.1      53.7      -7.4      87.3 
    -11.0      26.6      -2.8      24.1 
    -10.1      22.2      -2.2       9.5 
     -9.9      22.5      -2.5       8.4 
36346 -0.000000 -44.371635 -7.493876 
131514.3  11690.0     -0.1     43.3     48.3      2.9 
    -0.1     86.6     49.8     28.7  79943.8  82404.7 
    -19.2      52.5      -5.3      89.5 
    -10.5      26.5      -2.3      23.7 
    -10.2      21.8      -2.5       9.7 
     -9.9      21.2      -2.5       8.5 
36347 -0.000000 -44.398117 -7.335341 
134928.5  11771.5     -0.1     43.3     48.3      4.8 
    -0.1     86.6     49.9     28.7  82318.8  85358.9 
    -22.4      58.8      -2.4      90.7 
    -10.4      28.7      -2.2      25.5 
     -9.9      23.7      -2.2      10.0 
    -10.6      23.7      -2.5       8.5 
36348 -0.000000 -44.446323 -7.037334 
140273.6  11718.6     -0.1     43.3     48.3      2.4 
    -0.1     86.6     49.7     28.6  86568.4  89121.6 
    -19.0      55.2      -2.4      92.0 
    -10.8      27.0      -2.5      26.0 
     -9.9      22.4      -2.3       9.9 
    -10.9      22.9      -2.4       8.5 
36349 -0.000000 -44.488998 -6.762328 
146022.4  11726.2     -0.1     43.3     48.5      2.9 
    -0.1     86.6     49.7     28.5  90669.4  93320.1 
    -20.6      53.9      -6.6      94.6 
    -10.7      27.8      -2.5      26.4 
    -10.2      24.4      -2.4      10.1 
    -10.2      23.5      -2.3       8.7 
36350 -0.000000 -44.526943 -6.507784 
151604.2  11667.6     -0.1     43.3     48.5      1.3 
    -0.1     86.6     49.9     28.4  95487.4  97860.6 
    -23.1      49.9       0.8      96.6 
    -10.7      26.9      -2.7      26.4 
    -10.5      22.7      -2.4      10.0 
    -10.8      22.9      -2.5       8.7 
36351 -0.000000 -44.560837 -6.271525 
157368.5  11872.3     -0.1     43.3     49.0      3.6 
    -0.1     86.6     49.8     28.4  98941.2 101838.3 
    -17.4      44.9      -6.6      91.3 
    -10.5      28.3      -2.4      29.5 
    -10.2      24.1      -2.2      10.0 
    -10.0      23.3      -2.4       8.6 
36352 -0.000000 -44.591225 -6.051666 
163568.4  11748.7     -0.1     43.3     48.2      4.2 
    -0.1     86.6     49.8     28.2 101494.7 104604.9 
    -18.3      50.1      -8.2      95.1 
    -11.4      27.4      -2.6      30.1 
    -10.6      22.8      -2.4      10.1 
    -11.1      23.1      -2.4       8.4 
36353 -0.000000 -44.618580 -5.846572 
169081.4  11819.9     -0.1     43.3     48.1      8.0 
    -0.1     86.6     50.3     28.3 104696.9 107937.3 
    -17.3      44.7       2.6      99.0 
    -11.0      27.8      -3.0      30.6 
    -10.2      23.8      -2.2      10.7 
    -10.6      23.5      -2.3       8.7 
36354 -0.000000 -44.643284 -5.654816 
174910.5  11827.5     -0.1     43.3     48.4      1.8 
    -0.1     86.6     50.0     28.2 109780.5 112847.8 
    -16.5      41.3      -0.7     100.0 
    -11.3      27.3      -2.9      30.9 
    -10.7      23.1      -2.3      10.6 
    -10.3      22.9      -2.3       8.8 
36355 -0.000000 -44.665680 -5.475147 
180785.5  11833.7     -0.1     43.3     48.9      0.9 
    -0.1     86.6     50.4     28.3 115108.1 117420.7 
    -17.6      39.8       0.8      96.7 
    -10.9      27.4      -2.3      31.1 
    -10.7      24.1      -2.3      10.7 
    -10.9      23.9      -2.2       8.8 
36356 -0.000000 -44.686035 -5.306466 
186262.0  11738.7     -0.1     43.3     45.9     14.0 
    -0.1     86.6     50.5     28.1 114771.5 121407.2 
    -17.4      39.7       5.4      94.8 
    -11.0      26.2      -2.4      30.2 
    -10.9      23.0      -2.3      11.4 
    -10.6      23.1      -2.5       8.9 
36357 -0.000000 -44.704586 -5.147801 
192091.0  11751.2     -0.1     43.3     48.0      6.7 
    -0.1     86.6     50.3     28.0 121149.7 125289.6 
    -11.8      41.7      -9.5      99.8 
    -10.7      27.1      -2.0      32.2 
     -9.8      23.8      -2.4      11.2 
    -11.4      23.7      -2.2       9.0 
36358 -0.000000 -44.721550 -4.998291 
198040.9  11777.2     -0.1     43.3     48.7      1.1 
    -0.1     86.6     50.0     28.0 127500.7 130707.5 
    -14.6      39.6     -11.0     101.0 
    -11.0      26.0      -2.4      31.9 
    -10.7      22.9      -2.3      11.3 
    -10.9      22.6      -2.5       9.0 
36359 -0.000000 -44.737095 -4.857171 
203936.0  11889.0     -0.1     43.3     48.2      5.9 
    -0.1     86.6     50.2     27.9 130642.4 133873.7 
    -11.0      32.8      -2.1      98.3 
    -10.5      26.2      -2.8      33.4 
    -10.3      24.1      -2.4      10.7 
    -10.8      24.0      -2.6       8.9 
36360 -0.000000 -44.751385 -4.723757 
209163.9  12041.2     -0.1     43.3     64.3     88.8 
    -0.1     86.6     50.5     27.9 135924.2 138226.2 
    -12.8      29.7      -1.4     105.5 
    -10.9      25.0      -3.0      33.7 
    -10.5      22.8      -2.3      11.3 
    -11.1      23.1      -2.2       8.8 
36361 40.647488 -0.000000 -19.307556 
 50640.7   9588.1      0.4     41.0     42.2     28.9 
     0.3     83.8     42.2     57.7  26924.6  28074.8 
      1.1      85.2      19.5      48.4 
     -0.6      32.2       9.0      19.4 
      0.7       9.7       8.9      16.0 
      0.3       2.7       8.9      16.6 
36362 39.954453 -0.000000 -20.703671 
 47340.2   9925.4     -0.4     41.0     42.2     28.9 
    -0.4     83.8     42.2     57.7  24584.4  25510.6 
     -0.1      81.0      18.8      50.4 
     -0.6      28.6       8.2      18.5 
      0.2       5.7       8.2      15.4 
      0.3       2.9       8.4      15.1 
36363 39.094978 -0.000000 -22.284138 
 44151.9  10374.2     -0.2     41.0     42.2     28.9 
    -0.2     83.9     42.2     57.7  22766.0  23500.2 
      1.1      80.5      17.9      52.0 
      2.3      28.4       7.5      17.7 
     -0.4       8.1       7.5      14.5 
      0.2       2.8       7.5      15.1 
36364 38.016857 -0.000000 -24.077343 
 40781.8  10976.4     -0.3     40.9     42.2     28.9 
    -0.3     83.9     42.2     57.7  20200.2  21068.7 
     -0.6      82.7      14.2      49.2 
     -1.4      25.2       6.5      17.8 
     -0.4       4.5       6.9      14.5 
      0.1       3.0       7.0      14.5 
36365 36.648933 -0.000000 -26.112364 
 37626.8  11844.3      0.0     41.0     42.2     28.9 
     0.1     84.1     42.2     57.7  18801.6  19647.8 
      1.9      74.5      13.6      48.2 
      0.9      23.6       6.0      16.7 
     -0.3       4.0       5.9      13.1 
      0.0       1.7       5.6      13.4 
36366 34.894611 -0.000000 -28.414185 
 34790.0  13170.4      0.3     41.3     42.2     28.9 
     0.3     84.2     46.8      7.0  16459.6  17225.8 
      1.3      77.2      13.2      51.7 
      0.2      21.4       5.2      16.5 
     -0.2       3.4       4.7      13.3 
      0.3       1.7       4.8      13.3 
36367 32.624973 -0.000000 -30.993725 
 32249.4  15059.7      0.1     41.3     42.2     28.9 
     0.1     84.3     47.1     13.5  15315.1  15891.5 
     -0.1      77.4      12.0      50.7 
     -0.3      19.8       3.6      15.1 
      0.1       3.4       3.5      11.1 
     -0.0       1.7       3.1      10.9 
36368 29.674702 -0.000000 -33.829159 
 29729.2  18127.2     -0.4     41.3     47.8      6.1 
    -0.4     84.4     47.1     24.6  13616.5  14460.0 
     -2.6      76.6      10.3      52.4 
     -0.5      15.6       2.0      14.0 
      0.0       2.7       2.0      11.2 
      0.0       1.7       1.9      11.3 
36369 25.849159 -0.000000 -36.835049 
 27631.0  21323.7      0.0     41.3     46.0      8.7 
    -0.0     84.4     46.4     36.2  11971.1  12609.3 
      4.3      76.1       7.8      49.6 
      0.7      16.2       0.4      11.8 
      0.0       2.4      -0.1       8.3 
      0.1       1.6      -0.3       7.3 
36370 20.958590 -0.000000 -39.821320 
 25896.2  21517.0      0.0     41.4     44.9     18.3 
     0.0     84.5     44.9     46.8  10979.0  11668.7 
     -0.3      73.3       7.4      56.1 
     -0.3       9.8      -2.3       9.5 
     -0.0       1.9      -3.0       6.8 
     -0.1       1.4      -2.9       5.7 
36371 14.898947 -0.000000 -42.462002 
 24466.3  20040.7     -0.7     41.4     41.4     24.9 
    -0.7     84.5     41.4     53.6  10243.1  10816.5 
     -3.1      72.9      11.2      61.5 
      0.2      12.9      -2.2       8.8 
      0.0       2.6      -1.9       1.6 
      0.2       1.4      -2.0       1.4 
36372 11.452198 -0.000000 -43.518353 
 23701.2  19520.0      0.2     41.6     42.4     22.8 
     0.1     84.7     42.6     51.2   9617.8  10473.3 
     -5.2      72.0       4.1      60.5 
      0.1      16.0      -0.2       9.4 
      0.0       2.2      -0.7       5.8 
     -0.0       1.4      -1.5       5.1 
36373 7.775977 -0.000000 -44.323067 
 23124.5  19056.4      0.1     41.5     42.5     18.4 
     0.2     84.7     43.1     46.6   9661.8  10221.8 
     -1.8      69.8       1.8      48.7 
      0.5      10.0      -2.8       8.9 
      0.1       1.9      -3.3       6.9 
      0.0       1.3      -4.1       6.2 
36374 3.932269 -0.000000 -44.827866 
 22634.5  18337.2     -0.1     41.6     41.6     13.7 
    -0.0     84.8     42.4     41.6   9303.1   9892.1 
     -1.9      70.1      -1.3      47.1 
     -0.0      11.6      -4.6      10.2 
      0.2       2.2      -5.0       8.2 
      0.1       1.3      -5.6       7.4 
36375 -0.000000 -0.000000 -45.000000 
 22403.2  17418.8      0.2     42.0     40.6      9.8 
     0.2     84.9     42.0     36.5   9160.3   9739.6 
      5.5      69.3      -4.5      41.6 
      0.1      15.1      -5.6      12.3 
      0.0       2.0      -6.0       9.5 
      0.0       1.3      -6.9       8.8 
36376 -3.932269 -0.000000 -44.827866 
 22140.6  15452.0     -0.1     41.9     37.9      7.4 
    -0.2     84.9     41.9     31.5   8856.2   9388.5 
     -1.3      68.8      -7.3      41.8 
      0.9      16.2      -6.5      14.0 
      0.6       4.3      -6.6      11.6 
      0.1       1.7      -7.4      11.2 
36377 -7.775977 -0.000000 -44.323067 
 22291.0  13522.5      0.1     41.7     33.4      7.7 
     0.2     84.9     41.4     26.2   8998.0   9739.1 
     -0.5      69.1      -8.3      40.6 
      0.9      13.5      -7.0      15.4 
      0.3       3.6      -6.8      13.0 
      0.1       1.2      -8.4      13.9 
36378 -11.452198 -0.000000 -43.518353 
 22637.7  12837.8     -0.0     41.9     27.3      8.3 
     0.0     85.0     41.9     21.3   9389.2   9895.2 
      5.6      73.8      -8.3      42.1 
     -0.1      13.7      -7.1      16.1 
      0.1       2.3      -7.0      13.1 
      0.0       1.3      -8.6      14.6 
36379 -14.898947 -0.000000 -42.462002 
 23033.8  11434.6     -0.3     41.9     42.2     28.9 
    -0.3     84.9     41.5     16.6   9633.1  10198.6 
      5.9      74.4     -10.4      41.7 
     -0.3      14.5      -7.4      16.9 
     -0.3       1.9      -7.2      13.2 
      0.0       1.2      -8.4      14.1 
36380 -20.958590 -0.000000 -39.821320 
 24382.1  10180.3      0.3     41.9     42.2     28.9 
     0.2     85.0     39.2     10.4  10345.9  10885.3 
      2.0      69.8     -10.4      41.2 
      1.2      14.5      -5.9      18.9 
     -0.0       2.0      -6.0      16.6 
      0.0       1.6      -8.1      16.6 
36381 -25.849159 -0.000000 -36.835049 
 26279.2   9324.9     -0.1     41.9     42.2     28.9 
    -0.0     85.0     32.2      8.3  11331.2  12069.9 
      1.8      73.2      -9.0      40.7 
     -0.4      14.9      -5.5      19.3 
      0.2       2.3      -6.0      16.7 
     -0.0       1.4      -7.8      18.6 
36382 -29.674702 -0.000000 -33.829159 
 28632.2   8652.8     -0.2     41.7     42.2     28.9 
    -0.1     84.8     42.2     57.7  12583.9  13372.6 
      2.3      74.7     -10.8      41.7 
     -0.1      19.8      -5.2      20.6 
      0.1       2.7      -5.0      18.0 
      0.0       1.3      -7.2      17.8 
36383 -32.624973 -0.000000 -30.993725 
 31377.7   8276.4     -0.2     41.7     42.2     28.9 
    -0.2     84.7     42.2     57.7  12446.9  14288.6 
     -3.2      74.8     -11.1      46.2 
     -0.3      20.4      -4.9      21.6 
      0.4       3.5      -4.7      19.0 
      0.2       1.2      -7.0      21.4 
36384 -34.894611 -0.000000 -28.414185 
 34119.1   7962.9     -0.3     41.7     42.2     28.9 
    -0.3     84.7     42.2     57.7  15245.1  16540.6 
      3.3      80.5      -9.9      43.0 
      1.5      24.4      -4.6      21.5 
      0.3       3.6      -4.2      19.0 
      0.0       1.6      -7.0      19.7 
36385 -36.648933 -0.000000 -26.112364 
 37345.2   7811.0     -0.1     41.6     42.2     28.9 
    -0.1     84.6     42.2     57.7  15282.3  17885.6 
     -0.9      82.0     -10.4      44.1 
     -2.7      26.8      -4.0      22.5 
      0.2       4.6      -4.2      20.1 
      0.1       1.3      -6.5      22.7 
36386 -38.016857 -0.000000 -24.077343 
 40488.4   7668.7     -0.4     41.7     42.2     28.9 
    -0.3     84.5     42.2     57.7  15797.4  18791.3 
     -0.4      77.7     -11.3      41.1 
     -2.4      27.9      -4.1      22.0 
      0.0       5.5      -3.8      19.1 
     -0.0       1.6      -7.0      22.4 
36387 -39.094978 -0.000000 -22.284138 
 43754.5   7636.3     -0.6     41.6     42.2     28.9 
    -0.5     84.5     42.2     57.7  17545.2  20862.0 
      1.4      85.2      -8.6      42.0 
      1.4      28.9      -3.5      22.7 
      0.2       5.9      -3.6      20.6 
      0.0       3.8      -6.6      25.5 
36388 -39.954453 -0.000000 -20.703671 
 47134.7   7566.7     -0.2     41.6     42.2     28.9 
    -0.2     84.4     42.2     57.7  18347.4  21675.8 
     -1.9      83.3      -8.9      39.4 
      1.2      32.6      -3.1      22.3 
      0.9       7.3      -3.6      20.1 
      0.0       1.8      -6.4      24.2 
36389 -40.647488 -0.000000 -19.307556 
 50480.4   7477.9     -0.1     41.7     42.2     28.9 
    -0.1     84.4     42.2     57.7  19134.0  24116.4 
     -2.9      81.9      -8.2      39.1 
     -1.2      29.0      -3.8      23.2 
     -0.2      10.2      -2.9      21.5 
     -0.4       3.8      -7.0      29.1 
36390 37.802700 -16.538681 -17.956282 
 53792.6  10280.0     -0.1     43.3     42.2     28.9 
    -1.0     21.0     42.2     57.7  28704.0  29768.4 
     -8.8      58.8      20.4      49.0 
     -5.5      20.8       8.7      19.1 
     -4.7      15.5       8.2      15.5 
     -5.2      14.4       8.1      16.5 
36391 36.787724 -17.557777 -19.062731 
 50835.1  10863.8     -0.1     43.3     42.2     28.9 
    -1.1     21.6     42.2     57.7  25912.5  27286.3 
    -11.4      58.8      15.6      50.4 
     -5.6      21.3       8.2      18.6 
     -5.0      15.6       7.8      15.6 
     -4.7      14.4       7.5      15.5 
36392 35.569786 -18.674139 -20.274778 
 47757.3  11481.1     -0.1     43.3     42.2     28.9 
    -1.0     22.1     42.2     57.7  24801.1  25659.9 
    -10.2      54.4      17.7      51.8 
     -5.6      21.8       7.6      18.3 
     -4.9      15.9       6.9      14.5 
     -5.2      14.9       6.5      14.7 
36393 34.100807 -19.892136 -21.597176 
 44924.1  12223.8     -0.1     43.3     42.2     28.9 
    -0.9     22.9     42.2     57.7  22265.4  23217.7 
    -11.8      55.0      17.4      54.2 
     -5.1      21.7       6.3      17.4 
     -5.1      15.9       6.4      14.4 
     -5.3      15.2       6.2      14.5 
36394 32.322113 -21.211386 -23.029505 
 42278.9  13531.2     -0.1     43.3     42.2     28.9 
    -1.3     23.6     42.2     57.7  21115.7  21923.4 
    -11.4      53.5      14.7      52.9 
     -5.8      21.6       5.7      16.8 
     -5.3      16.1       5.3      12.7 
     -5.3      15.4       4.9      13.0 
36395 30.164263 -22.623199 -24.562328 
 39701.0  15052.0     -0.1     43.3     42.2     28.9 
    -1.6     24.4     43.9      9.3  19082.0  20282.6 
    -11.0      56.8      14.4      53.4 
     -5.9      21.3       4.4      16.0 
     -5.2      16.6       4.2      12.8 
     -5.6      15.8       4.2      12.8 
36396 27.549229 -24.105576 -26.171766 
 37504.9  15899.6     -0.1     43.3     42.2     28.9 
    -1.4     25.2     47.1     12.7  17917.6  18842.8 
    -11.0      51.9       9.8      53.8 
     -6.0      21.9       3.4      14.9 
     -5.5      16.7       2.8      10.5 
     -5.5      16.3       2.6      10.3 
36397 24.397142 -25.617001 -27.812742 
 35316.8  17152.7     -0.1     43.3     40.5      7.5 
    -1.3     25.7     46.9     23.8  16564.1  17348.5 
    -11.5      53.3       7.7      50.0 
     -6.0      21.6       1.5      14.5 
     -5.6      16.6       1.3      11.2 
     -6.0      16.4       1.5      10.9 
36398 20.640287 -27.090378 -29.412409 
 33536.7  17429.7     -0.1     43.3     46.3      7.9 
    -1.8     26.3     46.6     35.4  15674.5  16596.1 
    -12.7      51.2       5.5      50.5 
     -6.4      21.9      -0.1      11.8 
     -6.1      16.7      -0.5       7.9 
     -6.2      16.5      -0.8       7.3 
36399 16.245913 -28.430346 -30.867231 
 32319.1  16699.2     -0.1     43.3     45.2     17.9 
    -2.1     27.1     45.2     46.3  14996.6  15692.4 
    -12.2      53.5       5.6      60.8 
     -6.5      22.0      -2.7      10.2 
     -6.4      16.8      -3.1       6.9 
     -6.7      16.8      -3.2       6.2 
36400 11.245388 -29.519146 -32.049355 
 31263.5  16123.1     -0.1     43.3     40.6     24.8 
    -2.5     27.3     40.8     53.5  14483.2  15129.4 
    -11.7      51.1       7.1      70.1 
     -7.6      22.3      -1.5      12.3 
     -7.0      17.2      -2.0       1.7 
     -7.1      17.4      -2.1       1.4 
36401 8.551672 -29.930853 -32.496353 
 30728.4  15878.1     -0.1     43.3     44.0     21.8 
    -2.6     27.6     44.2     50.3  14392.7  14903.6 
    -11.8      50.7       5.5      62.7 
     -7.4      22.4       1.3      12.4 
     -7.1      17.2       0.4       6.7 
     -7.4      17.3      -0.3       5.9 
36402 5.759181 -30.235706 -32.827335 
 30307.0  15632.0     -0.1     43.3     44.6     17.2 
    -2.6     27.7     45.0     45.5  13885.3  14538.1 
    -13.8      52.3      -0.4      57.9 
     -7.2      22.6      -1.4      10.5 
     -7.3      17.1      -2.1       7.4 
     -7.6      17.6      -3.0       6.8 
36403 2.897443 -30.423149 -33.030846 
 29874.3  15473.2     -0.1     43.3     44.0     11.9 
    -2.9     28.1     44.7     39.9  13448.5  14114.1 
    -12.1      49.7      -1.9      49.3 
     -7.5      22.4      -3.3      10.8 
     -7.1      17.7      -3.9       8.2 
     -7.7      17.7      -4.7       7.6 
36404 -0.000000 -30.486408 -33.099529 
 29645.5  15469.8     -0.1     43.3     42.9      8.0 
    -2.9     28.4     44.4     34.8  13271.3  13976.7 
    -10.9      50.3      -4.6      49.4 
     -7.6      22.6      -4.6      12.4 
     -7.4      17.7      -4.9       9.5 
     -7.6      18.1      -5.8       8.7 
36405 -2.897443 -30.423149 -33.030846 
 29547.6  15441.3     -0.1     43.3     38.5      7.1 
    -3.1     28.6     44.1     29.0  12997.7  13669.1 
    -13.4      52.1      -4.8      47.7 
     -7.4      22.8      -6.0      14.1 
     -7.5      17.6      -6.2      10.9 
     -7.3      17.9      -6.2      10.6 
36406 -5.759181 -30.235706 -32.827335 
 29590.2  15427.8     -0.1     43.3     31.7      6.7 
    -3.1     28.8     44.1     23.7  13157.6  13829.5 
    -13.8      54.4      -8.5      45.7 
     -7.3      22.8      -6.6      15.3 
     -7.0      17.8      -6.4      12.0 
     -7.5      18.3      -7.3      12.4 
36407 -8.551672 -29.930853 -32.496353 
 29755.7  14816.0     -0.1     43.3     42.2     28.9 
    -2.9     28.8     43.7     18.5  13349.5  13969.2 
    -12.0      51.7      -7.1      49.9 
     -6.9      22.8      -6.5      15.8 
     -6.7      17.9      -6.5      12.0 
     -7.3      18.5      -7.4      12.8 
36408 -11.245388 -29.519146 -32.049355 
 30107.0  14037.3     -0.1     43.3     42.2     28.9 
    -3.1     28.8     43.1     14.0  13509.6  14357.6 
    -12.1      51.5      -7.6      46.7 
     -6.4      23.2      -6.0      15.6 
     -6.6      17.7      -6.2      11.9 
     -7.5      18.6      -7.3      12.4 
36409 -16.245913 -28.430346 -30.867231 
 31175.2  13061.8     -0.1     43.3     42.2     28.9 
    -2.6     28.0     38.8     11.5  13413.3  14399.5 
    -11.7      51.8      -8.3      48.0 
     -6.2      22.9      -5.0      18.4 
     -6.1      17.9      -5.0      15.3 
     -7.0      17.8      -6.6      15.9 
36410 -20.640287 -27.090378 -29.412409 
 32365.6  11677.3     -0.1     43.3     42.2     28.9 
    -2.5     27.7     42.2     57.7  14844.8  15677.0 
    -12.1      52.3      -9.2      44.9 
     -6.0      22.5      -4.7      18.6 
     -6.0      17.4      -4.7      15.2 
     -6.4      18.1      -6.2      16.4 
36411 -24.397142 -25.617001 -27.812742 
 34349.8  10477.3     -0.1     43.3     42.2     28.9 
    -2.6     27.0     42.2     57.7  15511.4  16531.9 
    -10.9      53.3      -8.4      44.0 
     -6.1      22.4      -4.0      19.9 
     -6.0      17.2      -4.4      17.2 
     -6.4      17.4      -5.9      17.8 
36412 -27.549229 -24.105576 -26.171766 
 36343.8   9865.4      1.1     71.7     42.2     28.9 
    -1.8     26.1     42.2     57.7  16692.7  17698.8 
    -12.4      51.4      -9.6      44.3 
     -5.5      22.6      -3.9      20.3 
     -5.2      17.4      -3.9      17.6 
     -5.8      17.0      -5.6      19.7 
36413 -30.164263 -22.623199 -24.562328 
 38711.1   9295.4    -31.6     66.1     42.2     28.9 
    -1.8     25.4     42.2     57.7  17726.9  19053.9 
    -12.0      52.9      -7.5      41.7 
     -5.1      22.0      -3.2      21.7 
     -5.4      16.5      -3.7      18.4 
     -5.5      16.3      -5.3      19.8 
36414 -32.322113 -21.211386 -23.029505 
 41335.6   8944.0    -28.3     76.6     42.2     28.9 
    -1.9     24.6     42.2     57.7  17291.6  19950.6 
     -8.6      56.7      -9.0      43.0 
     -5.2      22.4      -3.1      21.8 
     -5.3      16.8      -3.7      19.0 
     -5.5      16.7      -5.2      23.0 
36415 -34.100807 -19.892136 -21.597176 
 44077.0   8503.6    -21.5     79.0     42.2     28.9 
    -2.1     23.8     42.2     57.7  16541.6  21323.3 
     -9.3      55.1      -9.0      39.4 
     -5.3      21.7      -3.0      21.8 
     -4.6      16.3      -3.0      19.4 
     -5.6      15.9      -5.5      23.3 
36416 -35.569786 -18.674139 -20.274778 
 47013.7   8330.5    -40.6     79.3     42.2     28.9 
    -1.9     22.9     42.2     57.7  16917.4  20825.7 
     -9.4      54.7     -10.2      41.6 
     -4.8      21.4      -2.7      22.7 
     -4.9      16.1      -3.2      20.7 
     -5.3      15.8      -5.8      27.8 
36417 -36.787724 -17.557777 -19.062731 
 50151.5   8162.5    -38.9     88.4    -74.2    250.1 
    -1.4     22.2     42.2     57.7  16069.4  21026.6 
    -10.3      56.3      -6.8      40.8 
     -4.9      21.8      -2.8      22.4 
     -4.6      15.9      -2.9      20.4 
     -5.2      16.0      -5.5      28.0 
36418 -37.802700 -16.538681 -17.956282 
 53334.5   8141.9    -29.5     95.3   -105.6    278.8 
    -1.4     21.6     42.2     57.7  15022.6  20297.2 
     -7.8      58.0      -6.7      39.5 
     -4.8      21.6      -2.7      23.6 
     -4.7      15.8      -3.0      21.6 
     -5.1      15.8      -5.3      32.3 
36419 31.889639 -27.903433 -15.147578 
 63573.3  12175.0     -0.1     43.3     42.2     28.9 
    -0.1     86.6     42.2     57.7  34906.1  35941.1 
    -13.8      55.0      16.6      51.6 
     -6.2      24.1       8.5      18.4 
     -6.2      19.3       8.1      14.2 
     -6.2      19.2       7.9      14.6 
36420 30.480156 -29.094694 -15.794263 
 61096.0  12714.5     -0.1     43.3     42.2     28.9 
    -0.1     86.6     42.2     57.7  32682.4  34245.9 
    -14.8      58.9      19.9      55.4 
     -6.4      23.7       7.5      18.7 
     -6.1      19.5       7.5      14.6 
     -6.1      19.1       7.5      14.5 
36421 28.882971 -30.327118 -16.463293 
 58699.5  13249.6     -0.1     43.3     42.2     28.9 
    -0.1     86.6     42.2     57.7  30889.6  32715.2 
    -14.2      56.7      17.0      56.0 
     -6.5      24.3       7.2      17.9 
     -5.7      19.7       6.6      12.9 
     -6.4      19.4       6.7      12.8 
36422 27.075920 -31.588573 -17.148083 
 56431.8  13418.4     -0.1     43.3     42.2     28.9 
    -0.1     86.6     42.2     57.7  28994.4  30462.6 
    -14.9      55.3      15.8      55.9 
     -6.9      24.3       6.4      17.4 
     -6.3      19.8       6.3      12.9 
     -6.5      19.9       6.0      13.1 
36423 25.037458 -32.861668 -17.839190 
 54476.1  14379.8     -0.1     43.3     42.2     28.9 
    -0.1     86.6     42.2     57.7  28649.4  29683.3 
    -14.8      53.2      16.0      57.9 
     -6.5      24.4       5.6      16.5 
     -6.3      20.3       5.0      11.4 
     -6.2      20.4       4.8      10.9 
36424 22.748573 -34.122864 -18.523840 
 52334.8  14219.8     -0.1     43.3     42.2     28.9 
    -0.1     86.6     40.5      7.1  27584.3  28718.5 
    -14.9      50.8      11.9      55.5 
     -6.9      24.6       4.4      16.1 
     -6.7      20.4       4.2      11.6 
     -6.8      20.6       4.3      11.3 
36425 20.195421 -35.341984 -19.185650 
 50971.2  14069.6     -0.1     43.3     42.2     28.9 
    -0.1     86.6     47.4      9.9  26557.0  27476.2 
    -15.5      54.9      10.8      60.5 
     -6.9      25.1       3.0      14.6 
     -6.5      20.7       2.8       9.6 
     -7.3      21.0       2.6       8.8 
36426 17.372576 -36.482407 -19.804735 
 49542.2  13590.2     -0.1     43.3     42.2     28.9 
    -0.1     86.6     47.5     21.4  25634.9  26730.0 
    -15.0      51.4       9.0      61.9 
     -7.0      24.6       1.0      15.5 
     -7.1      21.4       1.2      11.1 
     -7.1      21.0       0.9      10.2 
36427 14.286614 -37.502361 -20.358425 
 48269.7  13323.7     -0.1     43.3     47.2      6.0 
    -0.1     86.6     47.1     33.7  25305.8  26135.2 
    -13.7      53.4       4.6      60.0 
     -7.4      25.4      -0.1      12.9 
     -7.3      21.3      -0.4       7.4 
     -7.7      21.3      -0.8       6.5 
36428 10.959324 -38.357632 -20.822714 
 47292.8  12997.0     -0.1     43.3     45.9     16.6 
    -0.1     86.6     45.7     45.3  24125.2  24978.0 
    -15.5      50.6       5.9      66.7 
     -7.5      25.3      -2.3      12.7 
     -7.9      21.5      -2.8       6.9 
     -8.0      21.5      -3.3       6.3 
36429 7.429648 -39.005653 -21.174498 
 46704.5  12783.5     -0.1     43.3     41.7     24.0 
    -0.1     86.6     41.8     52.5  24218.7  25180.4 
    -16.1      52.3       2.3      72.9 
     -8.5      25.2      -0.8      19.8 
     -8.3      21.6      -1.6       3.2 
     -8.7      21.4      -1.8       1.8 
36430 5.605763 -39.240341 -21.301901 
 46331.7  12697.7     -0.1     43.3     45.4     20.7 
    -0.1     86.6     45.6     49.1  23995.5  24927.5 
    -16.3      54.4       6.0      71.6 
     -8.3      25.1       1.5      16.6 
     -8.6      21.4       1.7       7.9 
     -8.7      21.6       0.7       6.6 
36431 3.753390 -39.410595 -21.394323 
 46234.7  12646.9     -0.1     43.3     46.6     15.7 
    -0.1     86.6     46.9     44.1  23685.0  24763.7 
    -16.5      52.9       3.9      64.8 
     -8.7      25.2      -0.3      14.5 
     -8.4      21.7      -0.8       8.1 
     -9.2      21.5      -1.6       7.3 
36432 1.881610 -39.513817 -21.450357 
 45899.0  12663.9     -0.1     43.3     46.6      9.9 
    -0.1     86.6     47.0     37.9  23613.4  24489.7 
    -17.5      53.5      -0.5      60.3 
     -8.5      25.3      -2.4      12.7 
     -7.9      21.8      -2.6       8.3 
     -9.0      21.5      -3.3       7.7 
36433 -0.000000 -39.548401 -21.469133 
 45720.6  12698.5     -0.1     43.3     45.6      5.1 
    -0.1     86.6     46.6     32.1  23500.7  24460.8 
    -14.2      50.6      -3.7      55.2 
     -8.4      25.8      -3.4      13.0 
     -7.8      21.8      -3.8       9.3 
     -8.7      21.8      -4.3       8.3 
36434 -1.881610 -39.513817 -21.450357 
 45597.7  12574.4     -0.1     43.3     39.4      4.6 
    -0.1     86.6     46.5     25.9  22525.4  23816.2 
    -17.0      51.4      -3.1      56.4 
     -7.9      25.4      -5.5      14.0 
     -8.1      21.8      -5.4      10.1 
     -9.0      22.1      -5.7       9.5 
36435 -3.753390 -39.410595 -21.394323 
 45612.5  12722.8     -0.1     43.3     42.2     28.9 
    -0.1     86.6     46.2     19.9  23427.0  24201.2 
    -15.6      52.2      -5.9      50.9 
     -8.5      25.9      -6.3      15.1 
     -7.4      21.8      -5.9      11.1 
     -8.7      21.9      -6.2      10.5 
36436 -5.605763 -39.240341 -21.301901 
 45688.5  12677.7     -0.1     43.3     42.2     28.9 
    -0.1     86.6     46.5     14.3  22609.7  23791.4 
    -17.0      51.0      -6.4      53.5 
     -8.0      25.8      -5.4      14.8 
     -7.9      21.7      -5.4      10.3 
     -8.5      22.1      -5.9      10.1 
36437 -7.429648 -39.005653 -21.174498 
 45931.2  12741.0     -0.1     43.3     42.2     28.9 
    -0.1     86.6     45.7      9.4  23273.1  24276.1 
    -15.9      52.7      -5.7      57.2 
     -8.2      26.3      -4.9      14.8 
     -7.8      21.9      -4.8      10.2 
     -8.6      22.2      -5.2       9.6 
36438 -10.959324 -38.357632 -20.822714 
 46463.9  13039.8     -0.1     43.3     42.2     28.9 
    -0.1     86.6     42.4      8.1  23344.0  24266.6 
    -16.1      54.6      -9.3      52.6 
     -7.7      25.5      -4.1      16.3 
     -7.4      21.6      -4.0      12.7 
     -8.6      22.0      -4.7      12.7 
36439 -14.286614 -37.502361 -20.358425 
 47429.9  13134.3     -0.1     43.3     42.2     28.9 
    -0.1     86.6     42.2     57.7  23694.3  24967.7 
    -14.9      53.8      -6.8      50.4 
     -7.4      25.7      -3.5      16.2 
     -6.9      22.0      -3.3      12.5 
     -7.7      22.1      -4.3      12.4 
36440 -17.372576 -36.482407 -19.804735 
 48328.5  12675.7     -0.1     43.3     42.2     28.9 
    -0.1     86.6     42.2     57.7  23817.2  25109.9 
    -15.3      53.6      -6.5      49.7 
     -7.3      25.8      -3.0      18.1 
     -7.2      21.6      -2.6      14.8 
     -7.4      21.8      -3.8      15.3 
36441 -20.195421 -35.341984 -19.185650 
 49733.2  12593.7     -0.1     43.3     42.2     28.9 
    -0.1     86.6     42.2     57.7  25054.8  26423.8 
    -16.0      54.8      -8.7      49.1 
     -7.2      25.8      -3.0      17.8 
     -6.9      21.5      -2.9      14.5 
     -7.8      21.7      -3.9      14.8 
36442 -22.748573 -34.122864 -18.523840 
 51665.7  11939.0     -0.1     43.3     42.2     28.9 
    -0.1     86.6     42.2     57.7  26035.5  27346.5 
    -14.2      53.3      -6.3      45.8 
     -7.1      25.6      -2.2      19.1 
     -6.8      21.2      -2.3      16.6 
     -7.4      20.7      -3.2      16.5 
36443 -25.037458 -32.861668 -17.839190 
 53518.2  11229.5     -0.1     43.3     42.2     28.9 
    -0.1     86.6     42.2     57.7  27710.0  28995.1 
    -15.0      55.6      -6.9      44.5 
     -6.8      25.4      -2.2      19.4 
     -6.5      20.9      -2.2      16.0 
     -7.2      21.1      -3.2      16.9 
36444 -27.075920 -31.588573 -17.148083 
 55416.8  10739.0     -0.1     43.3     42.2     28.9 
    -0.1     86.6     42.2     57.7  28701.0  29914.1 
    -14.1      53.4      -7.8      46.0 
     -6.8      24.9      -1.8      20.2 
     -6.9      20.4      -2.3      17.7 
     -7.0      20.4      -3.1      18.1 
36445 -28.882971 -30.327118 -16.463293 
 57735.4  10351.4     -0.1     43.3     42.2     28.9 
    -0.1     86.6     42.2     57.7  30208.7  31271.1 
    -14.1      56.7      -7.0      41.2 
     -6.2      25.0      -1.9      20.4 
     -6.5      20.2      -1.9      17.7 
     -6.6      20.3      -2.8      19.3 
36446 -30.480156 -29.094694 -15.794263 
 60302.7  10028.6     -0.1     43.3     42.2     28.9 
    -0.1     86.6     42.2     57.7  30632.7  32699.2 
    -11.7      55.7      -6.5      41.4 
     -6.9      24.6      -1.8      21.1 
     -6.0      19.3      -1.5      18.5 
     -6.3      19.9      -2.6      20.0 
36447 -31.889639 -27.903433 -15.147578 
 62650.8   9522.2     -0.1     43.3     42.2     28.9 
    -0.1     86.6     42.2     57.7  32307.2  34122.4 
    -12.5      57.2      -7.0      39.3 
     -7.0      24.4      -2.3      21.7 
     -6.3      19.7      -2.0      19.0 
     -6.7      20.6      -3.2      22.9 
36448 21.730955 -38.029171 -10.322203 
 93710.3  13370.8     -0.1     43.3     42.2     28.9 
    -0.1     86.6     42.2     57.7  53938.4  55749.1 
    -17.2      52.4      16.7      59.8 
     -7.9      25.8       8.5      19.9 
     -7.5      21.1       8.0      11.9 
     -7.9      21.4       7.9      11.1 
36449 20.301725 -38.757835 -10.519984 
 92287.8  13152.3     -0.1     43.3     42.2     28.9 
    -0.1     86.6     42.2     57.7  52649.3  54717.6 
    -17.2      55.9      13.7      59.9 
     -8.4      26.3       7.8      20.1 
     -7.7      21.0       7.5      12.3 
     -8.3      21.2       7.6      11.9 
36450 18.790987 -39.461071 -10.710862 
 90902.7  12986.7     -0.1     43.3     42.2     28.9 
    -0.1     86.6     42.2     57.7  52363.7  53975.3 
    -19.8      53.7      17.2      66.8 
     -8.2      25.7       7.3      19.7 
     -8.0      21.6       6.9      10.8 
     -8.3      21.5       7.1       9.9 
36451 17.199198 -40.131458 -10.892824 
 89326.3  12690.1     -0.1     43.3     42.2     28.9 
    -0.1     86.6     42.2     57.7  50873.2  52847.1 
    -16.9      50.1      14.0      64.2 
     -8.3      26.5       6.5      20.4 
     -7.6      21.6       6.2      11.8 
     -8.4      21.5       6.4      10.7 
36452 15.528065 -40.761169 -11.063745 
 88127.4  12688.9     -0.1     43.3     42.2     28.9 
    -0.1     86.6     42.2     57.7  51083.8  53056.6 
    -16.8      52.3      10.2      69.4 
     -8.7      26.1       5.7      18.8 
     -8.0      22.0       5.4       9.5 
     -8.9      21.8       5.5       8.5 
36453 13.780708 -41.342125 -11.221435 
 87299.8  12507.8     -0.1     43.3     42.2     28.9 
    -0.1     86.6     42.2     57.7  50335.6  52095.6 
    -18.4      55.5      13.7      73.2 
     -8.4      26.8       4.5      19.4 
     -8.5      21.9       4.4      11.1 
     -8.9      21.8       4.1      10.1 
36454 11.961784 -41.866245 -11.363695 
 86313.5  12262.2     -0.1     43.3     42.2     28.9 
    -0.1     86.6     48.5      6.6  49802.3  51379.7 
    -17.1      49.4       9.2      72.8 
     -8.7      25.7       3.1      19.1 
     -8.5      21.6       3.2       8.1 
     -8.7      21.8       2.9       7.0 
36455 10.077535 -42.325645 -11.488389 
 85518.4  12014.6     -0.1     43.3     42.2     28.9 
    -0.1     86.6     48.4     18.7  49455.8  51123.0 
    -19.0      51.7      12.7      74.6 
     -8.9      26.2       1.5      20.4 
     -8.6      21.6       0.7      11.3 
     -9.2      22.1       0.9      10.7 
36456 8.135806 -42.712982 -11.593524 
 84979.9  12012.1     -0.1     43.3     48.2      4.0 
    -0.1     86.6     47.7     31.6  49238.6  50480.3 
    -19.5      53.5       5.4      81.7 
     -9.7      26.0       0.2      18.5 
     -8.7      22.1      -0.3       6.7 
     -8.8      22.1      -0.6       5.8 
36457 6.145958 -43.021706 -11.677320 
 84307.8  11916.5     -0.1     43.3     46.9     15.5 
    -0.1     86.6     46.6     43.9  48465.6  49844.9 
    -19.2      53.2       3.1      82.8 
     -9.9      26.0      -1.2      23.7 
     -8.9      21.8      -2.8       7.2 
     -9.7      21.2      -3.3       6.0 
36458 4.118702 -43.246368 -11.738300 
 84127.8  11788.4     -0.1     43.3     42.5     22.9 
    -0.1     86.6     42.7     51.4  48655.2  50076.3 
    -19.1      53.0       6.3      87.5 
    -10.1      25.9       0.7      34.0 
     -9.2      21.8      -1.2       8.6 
    -10.2      22.0      -1.4       3.0 
36459 3.094703 -43.325836 -11.759871 
 84027.6  11750.9     -0.1     43.3     46.9     19.5 
    -0.1     86.6     47.0     47.9  47909.2  50105.4 
    -17.3      50.3      -2.1      85.2 
    -10.3      26.3       2.9      28.5 
     -9.4      21.8       2.8      10.6 
    -10.3      21.8       2.1       7.8 
36460 2.065851 -43.382874 -11.775351 
 83733.3  11739.4     -0.1     43.3     48.7     14.2 
    -0.1     86.6     48.7     42.6  47858.4  49353.0 
    -18.4      48.2      -0.4      79.4 
    -10.3      26.1       0.1      23.0 
     -9.6      22.0       0.4       9.5 
    -10.1      22.2      -0.2       8.2 
36461 1.033743 -43.417198 -11.784668 
 83906.3  11765.3     -0.1     43.3     48.7      8.1 
    -0.1     86.6     49.0     36.2  48192.8  49993.5 
    -20.2      50.6      -5.1      73.7 
    -10.2      26.4      -1.6      18.6 
     -9.9      21.6      -1.4       8.9 
    -10.1      21.9      -1.7       8.2 
36462 -0.000000 -43.428661 -11.787779 
 83770.8  11779.5     -0.1     43.3     47.7      2.7 
    -0.1     86.6     48.9     29.7  48056.8  49587.7 
    -16.7      51.4      -4.1      77.2 
     -9.8      25.7      -3.0      17.6 
     -9.5      21.9      -2.7       9.1 
     -9.7      22.2      -2.9       8.4 
36463 -1.033743 -43.417198 -11.784668 
 83345.2  11761.9     -0.1     43.3     42.2     28.9 
    -0.1     86.6     48.6     23.4  47701.3  49266.1 
    -16.6      50.0      -6.2      72.4 
    -10.2      26.2      -5.6      18.2 
     -9.4      22.0      -5.6      10.5 
     -9.8      21.9      -5.7       9.5 
36464 -2.065851 -43.382874 -11.775351 
 83385.3  11865.7     -0.1     43.3     42.2     28.9 
    -0.1     86.6     48.8     16.9  47717.1  49448.4 
    -19.8      51.9      -1.8      73.0 
     -9.0      26.1      -5.0      18.1 
     -9.4      22.4      -5.6      10.8 
     -9.9      22.1      -5.7      10.2 
36465 -3.094703 -43.325836 -11.759871 
 83494.3  11751.0     -0.1     43.3     42.2     28.9 
    -0.1     86.6     48.4     10.5  48416.7  49803.0 
    -18.7      50.9      -5.6      74.5 
     -9.4      26.2      -4.6      17.3 
     -9.1      22.0      -4.6       9.2 
     -9.5      22.4      -4.8       8.4 
36466 -4.118702 -43.246368 -11.738300 
 83465.0  11870.4     -0.1     43.3     42.2     28.9 
    -0.1     86.6     48.1      5.0  48125.8  49615.0 
    -18.6      49.9      -4.5      65.1 
     -9.3      26.1      -3.6      16.2 
     -9.1      22.2      -3.4       8.6 
     -9.5      22.5      -3.7       7.4 
36467 -6.145958 -43.021706 -11.677320 
 83678.8  11918.6     -0.1     43.3     42.2     28.9 
    -0.1     86.6     42.2     57.7  47826.1  48993.8 
    -19.0      52.6      -8.4      66.8 
     -8.9      26.3      -3.7      17.8 
     -8.9      22.4      -3.7      11.7 
     -9.5      22.6      -3.8      10.7 
36468 -8.135806 -42.712982 -11.593524 
 83943.4  11855.7     -0.1     43.3     42.2     28.9 
    -0.1     86.6     42.2     57.7  47501.3  49604.1 
    -18.0      57.1      -6.7      65.0 
     -9.2      26.8      -2.5      17.3 
     -8.6      22.5      -2.2       9.7 
     -9.4      22.4      -2.5       8.7 
36469 -10.077535 -42.325645 -11.488389 
 84668.4  12076.4     -0.1     43.3     42.2     28.9 
    -0.1     86.6     42.2     57.7  48473.2  50692.6 
    -17.5      51.6      -7.5      60.5 
     -9.0      26.7      -2.6      17.8 
     -9.1      22.4      -2.1      12.2 
     -9.4      22.3      -2.7      11.6 
36470 -11.961784 -41.866245 -11.363695 
 85132.1  12113.0     -0.1     43.3     42.2     28.9 
    -0.1     86.6     42.2     57.7  49550.2  50804.0 
    -16.8      54.6      -5.7      56.0 
     -9.0      26.2      -1.9      16.6 
     -8.8      22.4      -1.4      11.1 
     -9.0      22.4      -1.9      10.5 
36471 -13.780708 -41.342125 -11.221435 
 86321.9  12424.2     -0.1     43.3     42.2     28.9 
    -0.1     86.6     42.2     57.7  49034.8  51254.7 
    -18.4      54.8      -7.1      59.1 
     -9.3      26.5      -1.6      17.8 
     -8.4      22.2      -1.2      13.1 
     -9.0      22.3      -1.5      12.9 
36472 -15.528065 -40.761169 -11.063745 
 87310.1  12490.6     -0.1     43.3     42.2     28.9 
    -0.1     86.6     42.2     57.7  49258.1  51164.3 
    -15.4      52.8      -5.8      52.2 
     -8.6      26.6      -1.0      17.7 
     -8.8      22.5      -1.1      12.2 
     -9.3      22.4      -1.5      11.6 
36473 -17.199198 -40.131458 -10.892824 
 88232.9  12638.7     -0.1     43.3     42.2     28.9 
    -0.1     86.6     42.2     57.7  49878.5  52054.4 
    -17.2      51.6      -3.1      51.1 
     -8.7      26.1      -0.9      18.2 
     -8.7      22.1      -0.6      14.2 
     -9.1      22.3      -1.0      14.2 
36474 -18.790987 -39.461071 -10.710862 
 89549.0  12554.1     -0.1     43.3     42.2     28.9 
    -0.1     86.6     42.2     57.7  51598.9  52988.3 
    -17.1      54.6      -5.7      47.3 
     -8.6      26.8      -1.1      17.9 
     -8.2      22.1      -0.7      13.3 
     -9.2      22.8      -1.1      13.4 
36475 -20.301725 -38.757835 -10.519984 
 91125.8  12549.4     -0.1     43.3     42.2     28.9 
    -0.1     86.6     42.2     57.7  51563.8  53548.3 
    -18.3      52.3      -5.9      43.0 
     -8.5      26.4      -0.5      18.4 
     -8.1      21.9      -0.3      15.3 
     -9.0      21.7      -1.2      15.5 
36476 -21.730955 -38.029171 -10.322203 
 93040.7  12600.9     -0.1     43.3     42.2     28.9 
    -0.1     86.6     42.2     57.7  52665.2  54482.1 
    -16.3      49.7      -5.4      41.0 
     -8.4      26.2      -0.6      18.5 
     -8.4      22.3      -0.6      14.9 
     -8.7      22.3      -1.3      15.1 
36477 15.179742 -41.744289 -7.210377 
135239.3  12510.8     -0.1     43.3     42.2     28.9 
    -0.1     86.6     42.2     57.7  82259.3  84469.7 
    -19.4      50.7      13.6      67.1 
     -9.2      27.6       9.0      21.8 
     -9.1      22.4       8.5      10.4 
     -8.8      22.5       8.1       9.2 
36478 14.042964 -42.128887 -7.276808 
133970.0  12305.9     -0.1     43.3     42.2     28.9 
    -0.1     86.6     42.2     57.7  80337.5  83444.8 
    -21.5      52.8      18.7      68.1 
    -10.1      26.9       8.5      23.4 
     -8.8      22.4       8.0      11.7 
     -9.1      22.8       7.9      10.5 
36479 12.875603 -42.489483 -7.339093 
133292.4  12254.4     -0.1     43.3     42.2     28.9 
    -0.1     86.6     42.2     57.7  81290.1  84159.9 
    -17.1      53.9      11.8      67.9 
    -10.0      27.7       7.9      23.1 
     -9.1      22.7       7.4       9.5 
     -9.2      22.9       7.4       8.3 
36480 11.679233 -42.823853 -7.396847 
132236.0  12214.7     -0.1     43.3     42.2     28.9 
    -0.1     86.6     42.2     57.7  79428.1  83036.9 
    -16.3      52.8      12.6      73.3 
     -9.9      27.1       7.1      24.0 
     -8.7      22.3       6.4      11.2 
     -9.2      22.5       6.6      10.3 
36481 10.455710 -43.129807 -7.449694 
131845.8  12087.8     -0.1     43.3     42.2     28.9 
    -0.1     86.6     42.2     57.7  79401.2  82088.1 
    -19.6      54.1      14.2      77.8 
    -10.0      27.1       5.9      24.1 
     -9.1      22.1       5.8       8.5 
     -9.2      22.8       5.6       7.2 
36482 9.207181 -43.405285 -7.497276 
131028.9  11990.7     -0.1     43.3     42.2     28.9 
    -0.1     86.6     42.2     57.7  80073.5  82440.4 
    -20.7      55.3      11.3      84.0 
    -10.4      26.7       5.3      25.4 
     -9.2      22.7       4.5      11.8 
     -9.4      22.5       4.4      10.5 
36483 7.936064 -43.648350 -7.539260 
130156.7  11822.2     -0.1     43.3     42.2     28.9 
    -0.1     86.6     49.0      4.7  79866.0  81865.6 
    -17.2      50.9      10.0      85.0 
    -10.0      26.7       3.9      24.1 
     -9.2      22.5       3.3       8.2 
     -9.5      22.8       3.2       6.0 
36484 6.645037 -43.857243 -7.575342 
130091.0  11835.6     -0.1     43.3     42.2     28.9 
    -0.1     86.6     48.7     17.5  79866.3  82198.1 
    -17.5      53.3       7.4      86.2 
    -10.3      26.5       1.4      26.7 
     -9.3      22.6       1.2      12.3 
     -9.5      22.9       1.0      11.2 
36485 5.337018 -44.030403 -7.605251 
129759.8  11842.5     -0.1     43.3     48.6      2.7 
    -0.1     86.6     48.1     30.6  78931.4  81443.8 
    -15.5      49.5       5.0      86.7 
    -10.3      27.5       0.6      26.6 
     -9.5      22.2      -0.2       7.3 
     -9.8      22.4      -0.3       5.6 
36486 4.015138 -44.166508 -7.628761 
129507.4  11862.4     -0.1     43.3     47.3     14.9 
    -0.1     86.6     46.7     43.1  78577.3  81179.6 
    -16.3      51.2      -0.2      96.0 
    -10.2      26.4      -1.0      30.9 
     -9.9      22.3      -2.4       9.0 
    -10.5      22.2      -2.8       6.4 
36487 2.682698 -44.264507 -7.645688 
129206.1  11769.4     -0.1     43.3     43.1     22.6 
    -0.1     86.6     43.1     50.7  78549.8  80946.6 
    -18.9      54.9      -0.9     100.7 
    -10.9      26.8       0.3      44.0 
     -9.8      22.9      -0.8      13.6 
    -10.3      22.3      -0.9       8.0 
36488 2.013589 -44.298962 -7.651639 
129304.9  11833.3     -0.1     43.3     47.1     18.9 
    -0.1     86.6     47.0     47.1  78873.1  81134.0 
    -18.6      51.2      -3.9     100.2 
    -10.6      26.8       0.5      40.8 
    -10.3      22.3       3.4      13.2 
    -10.5      21.9       2.5       9.1 
36489 1.343140 -44.323616 -7.655898 
129476.0  11777.3     -0.1     43.3     49.5     13.6 
    -0.1     86.6     49.3     42.0  78913.3  81719.6 
    -18.9      50.2       8.1      88.7 
    -11.1      27.2      -0.3      33.1 
    -10.1      22.4       1.0      12.0 
    -10.7      22.7       0.3       8.9 
36490 0.671794 -44.338436 -7.658457 
129145.1  11634.6     -0.1     43.3     49.6      7.2 
    -0.1     86.6     49.6     35.5  78394.4  80514.7 
    -16.3      47.4       0.9      90.4 
    -11.0      27.1      -1.0      27.1 
    -10.3      22.5      -0.9      10.0 
    -10.9      22.5      -1.3       8.5 
36491 -0.000000 -44.343372 -7.659310 
128991.1  11741.9     -0.1     43.3     48.3      1.6 
    -0.1     86.6     49.6     28.8  78723.5  81033.6 
    -17.0      51.6       1.1      89.4 
    -10.8      26.6      -1.8      24.9 
     -9.9      22.5      -2.3       9.7 
    -10.9      22.4      -2.5       8.4 
36492 -0.671794 -44.338436 -7.658457 
128695.4  11720.1     -0.1     43.3     42.2     28.9 
    -0.1     86.6     49.8     22.2  78368.9  80594.0 
    -19.8      51.8      -3.6      88.1 
    -10.8      26.9      -5.1      24.6 
    -10.0      22.6      -5.6      11.5 
    -10.0      23.1      -5.7      10.5 
36493 -1.343140 -44.323616 -7.655898 
128863.3  11724.0     -0.1     43.3     42.2     28.9 
    -0.1     86.6     49.5     15.5  78868.0  81038.6 
    -17.8      56.6      -0.8      89.5 
    -10.8      26.8      -4.9      24.6 
    -10.0      22.7      -5.3      11.2 
    -10.1      22.6      -5.3      10.1 
36494 -2.013589 -44.298962 -7.651639 
128732.3  11682.7     -0.1     43.3     42.2     28.9 
    -0.1     86.6     49.4      8.8  77996.4  81155.6 
    -16.8      52.6      -4.9      82.3 
    -10.1      27.2      -4.3      22.7 
    -10.0      22.6      -4.0       8.9 
    -10.4      22.6      -4.1       7.7 
36495 -2.682698 -44.264507 -7.645688 
128981.2  11661.0     -0.1     43.3     42.2     28.9 
    -0.1     86.6     49.0      3.2  77991.1  80555.5 
    -19.7      53.4      -9.5      82.1 
    -11.0      27.5      -3.3      23.0 
    -10.1      22.7      -2.8       8.4 
    -10.5      23.0      -2.8       6.6 
36496 -4.015138 -44.166508 -7.628761 
128788.5  11773.2     -0.1     43.3     42.2     28.9 
    -0.1     86.6     42.2     57.7  78992.3  80579.1 
    -20.2      50.7      -3.8      80.2 
    -10.6      26.5      -3.5      23.5 
     -9.4      22.6      -3.4      11.5 
    -10.3      22.6      -3.5      10.7 
36497 -5.337018 -44.030403 -7.605251 
128769.2  11697.8     -0.1     43.3     42.2     28.9 
    -0.1     86.6     42.2     57.7  77698.5  80129.6 
    -18.3      54.2       1.5      75.0 
    -10.3      27.1      -1.6      21.4 
     -9.8      22.8      -1.7       8.5 
    -10.0      23.1      -1.6       7.3 
36498 -6.645037 -43.857243 -7.575342 
129232.8  11822.6     -0.1     43.3     42.2     28.9 
    -0.1     86.6     42.2     57.7  78016.6  80323.4 
    -19.3      55.3      -1.4      72.2 
    -10.4      27.5      -2.4      21.3 
     -9.4      23.0      -1.9      11.7 
     -9.5      23.5      -2.1      10.6 
36499 -7.936064 -43.648350 -7.539260 
129546.1  11933.1     -0.1     43.3     42.2     28.9 
    -0.1     86.6     42.2     57.7  78925.7  81221.4 
    -18.6      52.0      -5.6      67.8 
     -9.9      27.1      -1.3      19.9 
     -9.6      23.3      -0.7       9.2 
     -9.4      23.1      -0.7       8.3 
36500 -9.207181 -43.405285 -7.497276 
129932.1  11865.8     -0.1     43.3     42.2     28.9 
    -0.1     86.6     42.2     57.7  78373.9  81434.7 
    -20.7      51.1      -6.4      62.7 
    -10.4      27.7      -1.3      19.9 
     -9.4      23.2      -0.8      12.0 
    -10.1      23.2      -1.1      11.2 
36501 -10.455710 -43.129807 -7.449694 
130827.9  12088.1     -0.1     43.3     42.2     28.9 
    -0.1     86.6     42.2     57.7  78526.3  81219.8 
    -20.8      56.1      -1.1      60.8 
     -9.5      27.6      -0.6      18.9 
     -9.5      22.9      -0.2      10.5 
     -9.3      23.3      -0.2       9.5 
36502 -11.679233 -42.823853 -7.396847 
131804.4  12102.2     -0.1     43.3     42.2     28.9 
    -0.1     86.6     42.2     57.7  78494.7  81762.7 
    -19.2      57.4      -3.0      56.1 
    -10.0      27.8      -0.9      19.9 
     -9.4      23.0      -0.0      12.5 
     -9.3      23.0      -0.5      12.0 
36503 -12.875603 -42.489483 -7.339093 
132241.5  12295.9     -0.1     43.3     42.2     28.9 
    -0.1     86.6     42.2     57.7  80152.3  82916.2 
    -16.0      51.5      -3.2      52.1 
     -9.8      27.4      -0.6      18.5 
     -9.2      23.2       0.1      11.4 
     -9.7      23.1      -0.2      10.3 
36504 -14.042964 -42.128887 -7.276808 
133131.2  12309.3     -0.1     43.3     42.2     28.9 
    -0.1     86.6     42.2     57.7  80820.5  82474.5 
    -18.2      55.8      -5.7      50.8 
    -10.1      27.5      -0.2      18.8 
     -9.2      23.1       0.3      13.2 
     -9.4      23.3       0.0      12.3 
36505 -15.179742 -41.744289 -7.210377 
134247.3  12486.6     -0.1     43.3     42.2     28.9 
    -0.1     86.6     42.2     57.7  81475.4  84118.8 
    -15.9      52.7      -3.8      46.5 
     -9.6      27.7      -0.2      17.7 
     -9.2      23.2       0.3      12.0 
     -9.7      23.2      -0.0      11.4 
