Dot1_150x100_dj0120j@-275V,3.8T@90d,263K,rh=1.02/0.7,2.0/2.0,100Vdep 
1125 1 3.80 60 5 29 0 275.0000 263.0000 2.0000 1.2040 1300.0000 -0.0500 79.8900 150.0000 100.0000 285.0000 950.0000 -0.0200 39.950001 1.5000 1.0000 0.8500 
35401 -0.000000 -0.000000 -45.000000 
 20485.2  16018.1     -0.4     42.0     37.8     12.1 
    -0.4     85.1     40.2     38.0   6403.0   7077.5 
      0.2      69.4      -4.0      43.2 
     -0.5      13.0      -5.2      13.0 
     -0.4       3.1      -6.2      10.7 
      0.0       1.1      -7.3       9.6 
35402 -0.000000 -5.870454 -44.615444 
 20550.9  16062.2     -2.0     36.9     37.7     12.5 
    -1.7     79.5     40.1     38.0   6056.2   6865.8 
     -5.1      61.6      -3.5      44.8 
     -2.4       8.0      -5.4      13.2 
     -2.7       3.7      -6.0      10.9 
     -2.9       3.2      -6.9      10.0 
35403 -0.000000 -11.452198 -43.518353 
 20920.8  16578.1     -3.6     30.6     37.7     12.6 
    -3.3     72.7     40.2     37.9   5979.4   6751.8 
     -5.2      55.6      -4.4      42.3 
     -4.5       9.6      -4.9      13.5 
     -4.8       6.6      -5.9      11.0 
     -5.0       6.2      -7.1      10.0 
35404 -0.000000 -16.522495 -41.856983 
 21509.5  16967.3     -5.2     24.3     38.0     12.5 
    -4.4     65.6     40.7     37.7   6574.7   7253.2 
     -8.3      48.3      -2.8      44.4 
     -6.7      13.6      -5.0      13.1 
     -6.8      10.2      -5.5      11.3 
     -6.9       9.4      -7.0      10.3 
35405 -0.000000 -20.958590 -39.821320 
 22509.2  17385.9     -6.7     18.5     38.4     12.3 
    -5.2     58.2     41.2     37.5   6698.6   7637.7 
    -11.5      51.1      -3.3      47.2 
     -8.2      18.0      -4.8      13.3 
     -8.6      13.0      -5.4      11.2 
     -9.0      12.2      -6.6      10.6 
35406 -0.000000 -24.732742 -37.593769 
 23855.7  17271.0     -9.1     15.0     38.7     12.0 
    -5.6     49.9     41.8     36.8   6959.2   7858.8 
    -13.5      49.0      -1.4      47.5 
     -9.1      19.2      -4.2      13.5 
     -8.9      15.0      -5.1      11.3 
    -10.2      14.6      -6.4      10.1 
35407 -0.000000 -27.883995 -35.319725 
 25321.2  16103.5    -13.4     15.6     39.6     11.2 
    -6.1     42.0     42.2     36.2   7305.4   8197.5 
    -16.1      50.4      -3.3      44.8 
    -10.5      21.9      -4.4      13.3 
    -10.6      18.0      -4.9      11.3 
    -11.7      19.5      -6.2      10.4 
35408 -0.000000 -30.486408 -33.099529 
 26869.4  14948.3    -22.5     18.0     40.3     10.5 
    -6.5     33.6     43.1     35.7   8216.4   9134.0 
    -16.5      47.4      -4.3      41.2 
    -11.4      22.6      -3.7      13.5 
    -11.7      19.1      -4.3      11.1 
    -13.2      20.6      -5.6      10.5 
35409 -0.000000 -32.624973 -30.993725 
 28862.0  14493.6    -21.6     27.8     41.2      9.8 
    -6.7     25.6     43.6     35.1   8940.4  10152.3 
    -18.1      50.7      -5.4      45.4 
    -12.7      23.1      -3.7      13.6 
    -12.6      18.9      -4.1      11.3 
    -13.9      20.4      -5.3      10.5 
35410 -0.000000 -34.381348 -29.033136 
 30761.1  13602.2     -0.0     43.3     41.8      9.4 
    -7.7     18.8     44.3     34.5  10158.6  11055.7 
    -19.2      52.2      -1.5      45.2 
    -13.3      23.5      -3.4      13.4 
    -13.1      19.1      -3.6      11.2 
    -14.6      19.5      -5.1      10.2 
35411 -0.000000 -35.827297 -27.228748 
 32862.3  13355.6     -0.0     43.3     42.7      8.5 
   -10.3     15.8     45.0     34.1  10369.1  11562.3 
    -18.6      51.9      -0.8      48.2 
    -13.2      25.5      -2.7      13.7 
    -13.2      22.0      -3.3      11.2 
    -14.7      22.0      -4.7      10.4 
35412 -0.000000 -37.022865 -25.579433 
 34936.1  12843.2     -0.0     43.3     43.0      8.3 
   -16.6     17.3     45.6     33.5  11679.9  13012.9 
    -20.2      51.3      -1.1      48.5 
    -13.7      25.9      -2.5      13.8 
    -13.9      22.7      -3.3      11.2 
    -15.9      24.8      -4.2      10.5 
35413 -0.000000 -38.016857 -24.077343 
 37232.4  12698.5     -0.0     43.3     43.3     12.9 
    -0.0     86.6     45.9     33.0  12656.3  14019.4 
    -19.6      51.1      -3.5      49.1 
    -13.8      25.3      -2.4      14.3 
    -14.4      21.8      -3.1      11.4 
    -15.3      23.8      -3.9      10.5 
35414 -0.000000 -38.848354 -22.711344 
 39483.6  12360.8     -0.0     43.3     43.9      7.3 
    -0.0     86.6     46.3     32.8  13972.4  15215.2 
    -21.1      49.3      -2.1      52.9 
    -14.5      25.1      -2.3      14.1 
    -14.1      21.4      -2.5      11.3 
    -16.5      22.3      -3.8      10.3 
35415 -0.000000 -39.548401 -21.469133 
 41700.1  12261.5     -0.0     43.3     44.2      7.0 
    -0.0     86.6     46.6     32.1  14740.0  16020.3 
    -20.6      50.2      -2.5      54.2 
    -15.0      26.7      -2.3      14.7 
    -14.3      23.4      -2.4      11.2 
    -16.7      23.5      -3.6      10.3 
35416 -0.000000 -40.141609 -20.338415 
 44034.2  12047.0     -0.0     43.3     44.7      6.8 
    -0.0     86.6     46.8     32.0  14894.0  17152.4 
    -21.7      51.4      -3.6      52.3 
    -14.6      27.4      -2.0      14.6 
    -14.8      24.4      -2.4      11.2 
    -16.4      26.6      -3.3      10.3 
35417 -0.000000 -40.647488 -19.307556 
 46592.9  12000.4     -0.0     43.3     45.2      6.1 
    -0.0     86.6     47.3     31.8  17170.6  18576.7 
    -23.1      51.4      -2.6      54.7 
    -15.0      26.5      -1.8      15.1 
    -15.1      23.1      -1.9      11.2 
    -16.5      25.7      -3.0      10.4 
35418 -0.000000 -41.081562 -18.365873 
 48980.4  11782.3     -0.0     43.3     45.2      6.4 
    -0.0     86.6     47.7     31.6  17488.9  19721.9 
    -20.8      49.9      -1.0      55.9 
    -15.2      26.2      -1.7      15.5 
    -15.1      22.2      -1.9      11.4 
    -17.3      24.2      -2.8      10.6 
35419 -0.000000 -41.456230 -17.503742 
 51520.0  11833.4     -0.0     43.3     45.5      6.4 
    -0.0     86.6     47.8     31.3  17821.9  20286.0 
    -21.7      50.9      -2.2      57.4 
    -14.9      27.0      -1.5      15.0 
    -15.3      23.8      -1.8      11.2 
    -17.3      25.1      -2.6      10.4 
35420 -0.000000 -41.781452 -16.712580 
 53799.2  11520.0     -0.0     43.3     45.8      6.0 
    -0.0     86.6     47.9     31.0  20581.6  22330.7 
    -19.9      48.8      -0.3      52.7 
    -15.1      28.5      -1.5      15.2 
    -15.3      25.8      -1.6      11.2 
    -16.9      27.8      -2.5      10.5 
35421 -0.000000 -42.065262 -15.984799 
 56374.6  11611.3     -0.0     43.3     46.2     12.9 
    -0.0     86.6     48.1     30.9  20839.0  22694.0 
    -22.5      51.5      -3.4      57.1 
    -15.5      27.1      -1.4      15.5 
    -15.5      24.1      -1.4      11.5 
    -17.6      27.5      -2.3      10.5 
35422 -0.000000 -42.314190 -15.313706 
 58935.7  11593.8     -0.0     43.3     46.1      6.8 
    -0.0     86.6     48.6     30.8  21885.4  24674.0 
    -21.9      48.9      -1.4      58.9 
    -15.5      26.6      -1.3      15.9 
    -15.8      23.1      -1.3      11.3 
    -17.8      25.6      -2.2      10.5 
35423 -0.000000 -42.533558 -14.693412 
 61280.8  11562.4     -0.0     43.3     46.5      6.2 
    -0.0     86.6     48.1     30.6  23013.5  25797.6 
    -23.2      49.1      -0.7      61.2 
    -15.1      27.4      -1.2      16.8 
    -16.0      24.6      -1.2      11.4 
    -18.0      25.9      -2.4      10.6 
35424 -0.000000 -42.727760 -14.118738 
 63924.6  11478.5     -0.0     43.3     46.3      7.1 
    -0.0     86.6     48.4     30.3  24024.9  26252.2 
    -22.1      48.0      -1.3      59.6 
    -15.9      28.6      -1.3      16.9 
    -16.1      26.2      -1.4      11.5 
    -17.8      29.0      -2.1      10.6 
35425 -0.000000 -42.900398 -13.585126 
 66349.8  11455.1     -0.0     43.3     46.7     14.4 
    -0.0     86.6     48.3     30.1  24683.0  27702.2 
    -22.1      49.6      -3.2      65.8 
    -15.8      27.4      -1.2      16.8 
    -16.5      25.3      -1.6      11.8 
    -18.3      28.7      -2.0      10.7 
35426 -0.000000 -43.054493 -13.088566 
 68992.5  11477.9     -0.0     43.3     46.0     16.7 
    -0.0     86.6     48.9     30.1  25672.9  28747.4 
    -20.1      48.7      -0.0      61.1 
    -16.1      26.6      -1.0      17.4 
    -15.9      23.7      -1.3      11.4 
    -19.0      26.7      -1.9      10.8 
35427 -0.000000 -43.192551 -12.625515 
 71793.8  11397.4     -0.0     43.3     46.7      7.5 
    -0.0     86.6     49.1     30.0  27369.7  30860.3 
    -21.0      46.9       0.1      57.4 
    -15.8      27.7      -0.9      17.4 
    -15.7      25.0      -1.0      11.7 
    -18.8      27.4      -1.7      10.6 
35428 -0.000000 -43.316673 -12.192842 
 74458.2  11439.1     -0.0     43.3     46.6      8.4 
    -0.0     86.6     48.9     29.8  27336.3  31079.6 
    -21.5      50.3      -1.5      64.8 
    -15.9      29.5      -1.2      18.3 
    -16.7      26.9      -1.2      11.6 
    -18.0      30.0      -1.5      10.8 
35429 -0.000000 -43.428661 -11.787779 
 76683.5  11352.7     -0.0     43.3     46.8      7.3 
    -0.0     86.6     49.2     30.0  29297.3  32538.0 
    -23.1      47.6      -3.4      63.3 
    -16.2      28.1      -0.9      20.0 
    -16.5      25.9      -1.0      11.7 
    -18.8      29.4      -1.6      11.0 
35430 -0.000000 -43.529995 -11.407862 
 79480.4  11310.3     -0.0     43.3     46.4      8.7 
    -0.0     86.6     49.2     29.6  30091.0  33737.4 
    -22.0      46.8      -1.1      69.3 
    -16.5      26.9      -0.6      18.8 
    -16.8      24.0      -1.0      12.0 
    -18.6      28.6      -1.5      10.8 
35431 -0.000000 -43.621986 -11.050903 
 82131.6  11381.3     -0.0     43.3     46.8     18.5 
    -0.0     86.6     49.3     29.5  29477.4  34914.4 
    -22.8      48.6      -0.1      66.4 
    -16.1      28.3      -0.7      19.2 
    -16.3      25.4      -0.9      11.7 
    -18.4      28.0      -1.3      10.8 
35432 -0.000000 -43.705715 -10.714950 
 84252.1  11186.4     -0.0     43.3     46.0     21.8 
    -0.0     86.6     49.6     29.4  31299.7  36044.4 
    -22.1      49.4      -2.2      66.6 
    -16.5      29.1      -0.4      19.3 
    -16.5      26.7      -1.0      12.3 
    -18.3      30.6      -1.3      10.8 
35433 -0.000000 -43.782146 -10.398259 
 87165.3  11307.6     -0.0     43.3     47.2      8.8 
    -0.0     86.6     49.7     29.4  33165.5  37255.7 
    -21.4      48.4       0.8      68.0 
    -17.1      28.2      -0.5      20.3 
    -16.4      26.4      -0.7      12.1 
    -18.6      31.1      -1.4      11.1 
35434 -0.000000 -43.852077 -10.099266 
 89791.7  11282.1     -0.0     43.3     47.4      8.2 
    -0.0     86.6     49.7     29.1  33513.1  38567.0 
    -21.0      45.9      -3.3      69.3 
    -16.8      27.3      -1.0      21.1 
    -17.0      24.4      -0.7      12.5 
    -18.7      28.4      -1.3      11.1 
35435 -0.000000 -43.916229 -9.816568 
 92351.6  11255.3     -0.0     43.3     46.5      8.8 
    -0.0     86.6     49.4     29.4  37551.0  40731.5 
    -21.9      50.2      -0.7      72.8 
    -16.6      28.6      -0.8      20.2 
    -16.8      25.2      -0.6      12.4 
    -19.2      28.3      -1.4      11.0 
35436 -0.000000 -43.975204 -9.548901 
 94811.3  11170.0     -0.0     43.3     46.2      9.6 
    -0.0     86.6     49.6     29.2  37133.0  41789.9 
    -22.5      44.7      -1.4      70.5 
    -16.2      29.5      -1.1      20.6 
    -15.9      27.4      -0.6      12.1 
    -18.5      31.5      -1.1      11.0 
35437 -0.000000 -44.029541 -9.295126 
 97811.5  11280.6     -0.0     43.3     46.2     12.2 
    -0.0     86.6     49.7     29.1  36029.9  41730.2 
    -23.5      48.6      -0.5      72.1 
    -17.1      29.2      -0.2      22.2 
    -17.3      26.3      -0.7      12.6 
    -19.6      30.7      -1.1      11.3 
35438 -0.000000 -44.079716 -9.054212 
100320.6  11300.5     -0.0     43.3     46.2     11.7 
    -0.0     86.6     50.1     29.1  37779.2  43954.6 
    -22.5      47.1       3.2      71.8 
    -17.1      27.7      -0.7      22.7 
    -16.7      24.2      -0.6      12.3 
    -19.6      30.0      -0.9      11.4 
35439 -0.000000 -44.126129 -8.825226 
102759.5  11278.3     -0.0     43.3     45.6     12.8 
    -0.0     86.6     49.8     29.0  36261.5  43813.4 
    -21.0      45.9      -1.7      75.2 
    -17.0      27.9      -0.8      21.8 
    -16.8      25.3      -0.5      12.9 
    -18.6      28.9      -1.3      11.0 
35440 -0.000000 -44.169155 -8.607322 
105726.3  11292.8     -0.0     43.3     46.2     12.4 
    -0.0     86.6     50.1     29.0  37801.3  46907.0 
    -22.8      47.2       0.2      72.3 
    -16.8      29.4      -0.6      21.8 
    -16.8      27.7      -0.7      12.1 
    -19.7      31.1      -0.8      11.3 
35441 -0.000000 -44.209099 -8.399729 
108154.2  11318.3     -0.0     43.3     45.0     14.3 
    -0.0     86.6     50.0     28.8  38468.7  46717.2 
    -22.8      46.9       2.6      74.1 
    -17.1      28.9      -0.4      23.0 
    -16.8      26.5      -0.4      12.4 
    -19.1      31.9      -1.0      11.2 
35442 -0.000000 -44.246258 -8.201745 
110613.0  11275.7     -0.0     43.3     45.2     12.4 
    -0.0     86.6     50.1     28.7  43715.3  49527.4 
    -23.8      49.4      -2.1      70.6 
    -17.2      27.6      -0.8      22.9 
    -17.3      25.0      -0.5      13.1 
    -19.7      31.0      -0.7      11.6 
35443 -0.000000 -44.280880 -8.012731 
113259.1  11323.6     -0.0     43.3     46.5     11.8 
    -0.0     86.6     50.0     28.9  41984.2  48225.4 
    -22.4      49.4       0.3      72.2 
    -17.0      28.5      -0.6      24.0 
    -16.7      25.7      -0.4      13.2 
    -20.2      30.8      -0.9      11.1 
35444 -0.000000 -44.313187 -7.832098 
116213.8  11276.8     -0.0     43.3     45.8     11.4 
    -0.0     86.6     50.4     28.8  44197.0  51591.1 
    -25.4      49.9      -2.3      72.1 
    -17.3      30.3      -0.8      23.4 
    -17.2      28.2      -0.2      13.9 
    -19.5      32.1      -1.0      11.0 
35445 -0.000000 -44.343372 -7.659310 
118699.9  11305.5     -0.0     43.3     45.1     12.5 
    -0.0     86.6     50.4     28.6  46042.7  52610.3 
    -24.0      45.1       3.2      72.9 
    -17.0      28.8      -0.3      24.6 
    -17.2      26.8      -0.3      13.7 
    -19.5      31.4      -0.8      11.5 
35446 -0.000000 -44.371635 -7.493876 
121177.3  11321.0     -0.0     43.3     45.9     15.3 
    -0.0     86.6     50.1     28.7  45533.5  54304.7 
    -21.3      46.4      -4.2      71.1 
    -17.4      28.3      -0.5      24.7 
    -17.2      25.2      -0.5      13.1 
    -19.7      31.9      -0.8      11.6 
35447 -0.000000 -44.398117 -7.335341 
124113.3  11307.0     -0.0     43.3     46.8     13.8 
    -0.0     86.6     50.0     28.6  50535.5  55428.3 
    -24.5      47.1      -2.4      73.4 
    -17.1      28.1      -1.0      23.7 
    -17.2      26.1      -0.4      13.8 
    -19.7      30.0      -1.0      11.4 
35448 -0.000000 -44.446323 -7.037334 
129234.1  11385.2     -0.0     43.3     43.5     18.3 
    -0.0     86.6     50.4     28.4  46106.6  56346.7 
    -20.7      44.3      -2.2      73.5 
    -17.1      29.5       0.2      25.9 
    -17.0      27.4      -0.5      13.3 
    -20.3      33.2      -0.6      11.7 
35449 -0.000000 -44.488998 -6.762328 
134555.9  11302.8     -0.0     43.3     45.3     15.0 
    -0.0     86.6     50.6     28.4  55243.5  62347.1 
    -22.0      43.9       4.1      71.7 
    -17.3      28.7      -0.4      25.2 
    -17.0      26.1      -0.3      14.1 
    -20.1      30.7      -0.7      11.8 
35450 -0.000000 -44.526943 -6.507784 
140107.7  11329.3     -0.0     43.3     43.3     18.2 
    -0.0     86.6     50.3     28.2  51048.3  60799.6 
    -24.6      49.0       0.2      74.3 
    -17.6      30.2      -0.6      27.4 
    -18.1      27.6      -0.5      14.2 
    -20.1      33.0      -0.9      11.9 
35451 -0.000000 -44.560837 -6.271525 
145159.0  11368.3     -0.0     43.3     41.5     19.7 
    -0.0     86.6     50.6     28.3  48952.7  61652.0 
    -23.0      45.1       0.0      76.6 
    -17.7      28.2      -0.7      26.7 
    -17.9      26.2      -0.4      13.4 
    -20.7      31.7      -0.4      12.1 
35452 -0.000000 -44.591225 -6.051666 
150462.9  11283.4     -0.0     43.3     38.9     21.5 
    -0.0     86.6     50.6     28.1  54833.2  64197.2 
    -22.3      41.6      -3.0      75.1 
    -17.7      29.2      -0.3      27.8 
    -17.8      28.0      -0.4      14.7 
    -20.2      33.9      -0.7      11.9 
35453 -0.000000 -44.618580 -5.846572 
155794.0  11302.0     -0.0     43.3     37.1     48.2 
    -0.0     86.6     50.7     28.0  57662.7  69184.5 
    -21.1      43.7      -4.5      74.5 
    -17.4      28.4      -0.4      29.2 
    -17.6      26.4      -0.3      14.2 
    -20.6      31.4      -0.8      12.4 
35454 -0.000000 -44.643284 -5.654816 
161370.2  11512.5     -0.0     43.3     39.7     21.6 
    -0.0     86.6     51.0     27.9  59086.3  69728.7 
    -21.3      43.2      -3.2      80.1 
    -17.7      29.2      -0.7      27.4 
    -17.7      27.3       0.0      14.8 
    -21.4      34.5      -0.4      12.4 
35455 -0.000000 -44.665680 -5.475147 
166799.5  11404.0     -0.0     43.3     38.3     23.6 
    -0.0     86.6     50.5     28.1  67524.7  75744.4 
    -22.1      36.7       1.2      78.9 
    -17.4      28.3      -0.8      29.1 
    -18.2      26.0      -0.4      15.4 
    -20.6      30.2      -0.8      12.6 
35456 -0.000000 -44.686035 -5.306466 
171994.6  11368.2     -0.0     43.3     42.3     49.1 
    -0.0     86.6     50.6     28.0  57394.4  73591.4 
    -20.2      37.4      -5.4      83.6 
    -17.7      28.5      -0.4      29.3 
    -18.0      28.1      -0.4      16.0 
    -21.2      34.1      -0.7      13.4 
35457 -0.000000 -44.704586 -5.147801 
177032.9  11356.4     -0.0     43.3     36.1     32.4 
    -0.0     86.6     51.0     27.8  70405.7  81535.5 
    -22.2      36.4      -3.2      78.9 
    -17.9      27.6      -0.1      29.7 
    -17.4      25.9      -0.1      14.9 
    -20.6      31.6      -0.6      13.0 
35458 -0.000000 -44.721550 -4.998291 
182475.6  11419.5     -0.0     43.3     37.5     20.6 
    -0.0     86.6     50.8     27.8  67955.8  82207.0 
    -18.4      32.8      -1.7      79.0 
    -17.6      28.5      -0.4      30.6 
    -18.0      27.4      -0.3      16.5 
    -21.0      34.2      -0.6      13.8 
35459 -0.000000 -44.737095 -4.857171 
187822.4  11382.2     -0.0     43.3     38.0     23.8 
    -0.0     86.6     50.8     27.7  63504.2  76139.7 
    -18.8      35.1       1.3      80.3 
    -17.2      27.1      -0.7      29.0 
    -17.7      25.8      -0.5      16.9 
    -20.9      33.5      -0.7      13.0 
35460 -0.000000 -44.751385 -4.723757 
193166.8  11407.4     -0.0     43.3     38.6     24.7 
    -0.0     86.6     51.2     27.6  71635.7  84604.3 
    -16.4      32.2      -0.4      80.0 
    -17.3      28.2      -0.2      31.0 
    -18.5      27.9      -0.5      16.9 
    -21.7      35.2      -0.5      13.6 
35461 40.647488 -0.000000 -19.307556 
 46391.9   9310.6      0.3     41.3     40.0     28.9 
     0.2     84.1     40.0     57.7  16227.3  17990.0 
     -0.8      80.7      25.2      48.3 
     -0.5      35.5      16.6      21.4 
     -0.1      14.5      16.6      18.9 
      0.0       5.4      17.5      20.7 
35462 39.954453 -0.000000 -20.703671 
 43500.8   9642.0      0.2     41.5     40.0     28.9 
     0.2     84.2     40.0     57.7  15267.3  17260.6 
      6.6      83.5      22.7      48.1 
     -1.0      29.6      15.7      19.8 
     -0.2      14.6      15.9      16.3 
     -0.1       4.2      16.5      17.3 
35463 39.094978 -0.000000 -22.284138 
 40166.9  10170.2     -0.4     41.5     40.0     28.9 
    -0.4     84.3     40.0     57.7  14311.5  15841.0 
     -1.5      80.2      23.5      47.4 
     -0.5      28.7      15.0      19.5 
      0.0       7.6      15.0      17.1 
     -0.1       3.0      15.0      18.9 
35464 38.016857 -0.000000 -24.077343 
 37411.6  10706.2      0.2     41.6     40.0     28.9 
     0.1     84.4     40.0     57.7  13736.0  14945.1 
      0.3      77.6      22.3      50.0 
     -1.5      27.4      13.5      18.2 
      0.0       7.3      13.3      15.1 
     -0.1       4.0      13.9      15.1 
35465 36.648933 -0.000000 -26.112364 
 34495.7  11525.1     -0.1     41.4     40.0     28.9 
    -0.1     84.4     58.4      7.7  12134.9  13386.2 
     -0.5      78.6      20.6      50.4 
      1.7      28.2      12.4      17.2 
     -0.3       4.4      12.0      15.2 
     -0.1       4.3      12.2      16.1 
35466 34.894611 -0.000000 -28.414185 
 31814.9  12763.1     -0.3     41.5     40.0     28.9 
    -0.3     84.4     50.4      9.9  11040.3  12218.5 
      1.3      80.4      17.4      48.2 
     -0.2      21.3      10.6      16.2 
     -0.3       7.7      10.5      13.5 
     -0.1       2.6      10.4      12.9 
35467 32.624973 -0.000000 -30.993725 
 29502.0  14581.2     -0.1     41.6     40.0     28.9 
    -0.1     84.5     49.5     18.0  10057.4  11222.9 
      2.6      76.8      16.0      49.7 
     -1.8      17.7       8.7      15.5 
     -0.4       6.1       8.6      12.0 
     -0.1       1.6       8.2      12.9 
35468 29.674702 -0.000000 -33.829159 
 27393.4  17427.7      0.1     41.6     47.9      7.2 
     0.1     84.6     48.9     28.6   9030.0   9814.0 
      1.5      77.9      14.7      47.3 
      0.1      19.4       6.7      13.7 
     -0.2       8.7       6.5      11.0 
      0.4       5.2       6.5      11.0 
35469 25.849159 -0.000000 -36.835049 
 25549.0  19880.0      0.1     41.7     47.7     11.9 
     0.1     84.7     48.1     39.3   9008.1   9744.9 
     -3.6      75.4      10.8      50.1 
     -1.1      15.1       3.2      12.0 
     -0.4       5.4       3.1       8.8 
     -0.2       3.7       2.7       7.5 
35470 20.958590 -0.000000 -39.821320 
 24004.9  19993.8      0.1     41.6     45.1     20.2 
     0.1     84.7     45.3     48.8   8300.6   9253.7 
     -2.8      70.5       9.4      54.2 
     -0.1      15.9      -0.5      11.2 
     -0.2       3.3      -1.4       7.8 
     -0.0       1.3      -1.2       6.9 
35471 14.898947 -0.000000 -42.462002 
 22594.6  18716.2     -0.1     41.9     41.0     24.7 
    -0.1     84.9     41.1     53.3   7542.7   8602.0 
     -2.5      75.8      13.5      65.8 
     -0.0      12.8       0.5       7.9 
     -0.1       1.9       0.1       2.3 
      0.0       1.2      -0.1       1.6 
35472 11.452198 -0.000000 -43.518353 
 21859.7  18203.1      0.2     41.8     41.4     22.7 
     0.2     84.9     41.9     50.9   7251.9   8027.8 
      1.3      71.5       7.2      57.2 
     -0.1      10.8       2.3       9.9 
      0.3       3.1       1.7       7.0 
      0.1       1.3       0.4       6.2 
35473 7.775977 -0.000000 -44.323067 
 21432.6  17776.1     -0.3     42.2     41.1     19.2 
    -0.3     85.1     42.0     47.0   6660.4   7293.0 
      1.3      71.8       4.1      51.2 
      0.7      12.4      -1.2      10.7 
     -0.2      10.5      -1.5       8.5 
      0.1       1.3      -2.9       7.5 
35474 3.932269 -0.000000 -44.827866 
 20859.4  16861.0      0.1     41.9     39.6     15.2 
     0.1     85.0     41.1     42.5   6854.9   7481.8 
     -1.0      70.9       0.3      46.5 
     -0.1      16.5      -3.3      11.4 
     -0.1       1.7      -4.1       9.4 
      0.1       1.0      -5.5       8.4 
35475 -0.000000 -0.000000 -45.000000 
 20491.8  15884.4     -0.1     42.3     37.9     12.2 
    -0.0     85.2     40.1     38.1   5924.9   6838.2 
      2.6      71.6      -3.7      41.5 
      0.8      14.4      -5.1      13.0 
      0.3       2.8      -6.0      10.7 
     -0.0       2.8      -7.2       9.6 
35476 -3.932269 -0.000000 -44.827866 
 20252.3  14144.9      0.2     42.1     34.8     10.3 
     0.2     85.2     39.4     33.6   5808.8   6552.1 
      1.0      72.3      -7.0      41.8 
      0.3      12.8      -6.8      15.3 
     -0.3       2.9      -7.7      12.8 
      0.1       1.3      -9.0      11.6 
35477 -7.775977 -0.000000 -44.323067 
 20473.6  12997.6      0.1     42.4     30.2     10.7 
     0.0     85.3     38.9     29.2   5363.0   6265.2 
     -0.0      74.7      -6.8      41.0 
      1.0      15.1      -7.3      16.9 
     -0.3       2.5      -7.9      14.6 
     -0.0       1.1     -10.3      15.6 
35478 -11.452198 -0.000000 -43.518353 
 20640.1  12254.4     -0.4     42.2     24.4     12.9 
    -0.4     85.3     38.9     24.5   5354.0   6365.6 
     -3.0      74.3      -8.7      41.4 
     -1.4      19.9      -8.4      17.3 
      0.0       2.0      -8.3      15.1 
      0.1       2.2     -11.3      17.2 
35479 -14.898947 -0.000000 -42.462002 
 21080.9  10867.0      0.3     42.2     12.5     20.1 
     0.4     85.2     38.5     20.3   5097.3   6346.2 
     -2.1      70.6     -10.5      43.0 
     -0.8      16.1      -8.4      17.6 
      0.3       2.4      -9.0      15.4 
      0.1       0.8     -11.6      17.5 
35480 -20.958590 -0.000000 -39.821320 
 22244.6   9903.0      0.1     42.4    -11.6     28.1 
     0.1     85.4     36.3     14.0   5404.1   6503.5 
      3.7      76.5     -11.3      41.8 
      1.0      15.8      -7.6      20.3 
      0.3       3.0      -8.4      17.8 
     -0.2       2.7     -12.1      18.1 
35481 -25.849159 -0.000000 -36.835049 
 23948.8   9187.0     -0.0     42.5    -25.6     43.6 
     0.0     85.5     26.9     13.4   4930.4   6505.5 
      2.1      80.4     -11.7      44.7 
     -2.1      24.1      -7.1      21.2 
      0.8       4.7      -8.7      19.9 
     -0.0       1.0     -12.3      23.5 
35482 -29.674702 -0.000000 -33.829159 
 26096.8   8539.4      0.4     42.3    -16.7     88.8 
     0.4     85.2     22.9     11.0   4064.2   5516.8 
      0.7      70.5     -10.3      43.2 
      2.7      23.2      -6.9      22.7 
      0.3       5.3      -7.8      19.8 
      0.4       2.6     -13.2      23.2 
35483 -32.624973 -0.000000 -30.993725 
 28413.2   8191.6      0.0     42.3    -19.6    106.8 
     0.1     85.3     40.0     57.7   4577.6   6332.4 
      2.6      77.0     -10.3      44.9 
     -0.0      26.8      -6.8      23.7 
      1.1       7.3      -8.0      22.8 
      0.1       1.3     -14.4      28.4 
35484 -34.894611 -0.000000 -28.414185 
 31003.6   7913.0      0.1     42.4     -3.3    139.5 
     0.1     85.2     40.0     57.7   4770.3   6677.6 
     -0.3      79.8     -12.1      43.9 
      0.5      24.8      -6.3      23.7 
      0.7      14.2      -8.4      21.4 
     -0.3       3.1     -15.5      30.6 
35485 -36.648933 -0.000000 -26.112364 
 33778.7   7672.4      0.1     42.2    -14.1    154.9 
     0.2     85.1     40.0     57.7   3788.8   5671.5 
      2.8      80.8     -11.9      43.7 
      0.7      29.8      -6.2      25.1 
      3.1      14.7      -7.3      24.4 
     -1.0       9.0     -16.8      35.2 
35486 -38.016857 -0.000000 -24.077343 
 36716.2   7569.0     -0.2     42.3     13.6    188.1 
    -0.1     85.1     40.0     57.7   4744.0   6469.7 
      3.3      81.9     -12.4      42.2 
      0.5      35.3      -6.5      24.3 
      1.1       7.6      -7.4      22.7 
     -0.1       7.9     -18.8      38.9 
35487 -39.094978 -0.000000 -22.284138 
 39598.3   7490.4     -0.1     42.1     12.0    210.5 
    -0.1     84.8     40.0     57.7   4750.9   6504.8 
      1.4      80.6     -11.8      42.0 
     -2.3      36.2      -6.1      25.8 
      0.8      14.3      -7.0      25.5 
     -0.0       4.5     -20.5      43.7 
35488 -39.954453 -0.000000 -20.703671 
 42594.0   7402.8     -0.1     42.1     -0.3    222.1 
    -0.0     84.8     40.0     57.7   4890.8   6875.2 
      2.7      84.8     -10.7      41.4 
      1.2      35.9      -6.0      25.6 
     -1.4      25.4      -7.8      25.0 
      0.6       8.8     -22.3      48.7 
35489 -40.647488 -0.000000 -19.307556 
 45910.3   7314.7     -0.1     41.9     -3.1    239.7 
    -0.0     84.5     40.0     57.7   5338.3   7267.7 
      4.1      81.6     -10.1      39.7 
      0.2      36.7      -6.2      28.4 
      1.3      15.9      -7.0      26.6 
      1.2       9.1     -23.7      54.7 
35490 37.802700 -16.538681 -17.956282 
 48828.7  10028.8    -23.8     73.4    104.0    174.3 
    -2.6     24.4     40.0     57.7  11849.7  16163.6 
    -11.7      53.5      21.5      46.0 
     -8.4      21.0      15.6      21.0 
     -8.5      16.4      15.7      18.9 
     -8.8      16.4      16.0      22.2 
35491 36.787724 -17.557777 -19.062731 
 45997.0  10535.4    -55.4     60.8     40.0     28.9 
    -2.6     25.1     40.0     57.7  13838.3  16523.0 
    -11.4      56.5      21.9      47.9 
     -8.4      20.8      14.9      19.8 
     -8.8      16.1      15.2      16.5 
     -8.7      15.9      15.0      18.7 
35492 35.569786 -18.674139 -20.274778 
 43262.6  11184.5    -21.8     75.8     40.0     28.9 
    -2.8     26.0     40.0     57.7  13835.9  15357.4 
    -14.5      54.4      22.3      49.1 
     -8.8      21.4      14.0      19.1 
     -8.9      17.0      14.0      17.1 
     -9.1      16.6      13.7      18.8 
35493 34.100807 -19.892136 -21.597176 
 40759.8  12042.1     -4.0     56.9     40.0     28.9 
    -3.0     27.0     40.0     57.7  13813.3  14997.1 
    -12.3      52.9      21.0      49.8 
     -9.1      21.3      13.1      18.3 
     -9.1      17.0      12.7      15.5 
     -9.2      17.0      12.7      15.9 
35494 32.322113 -21.211386 -23.029505 
 38279.2  13101.1    -10.0     28.8     40.0     28.9 
    -3.1     27.8     40.7     16.6  12359.0  13765.0 
    -12.4      52.4      18.2      50.5 
     -8.9      21.5      11.5      17.3 
     -9.3      17.0      11.7      14.8 
     -9.2      17.5      11.3      16.0 
35495 30.164263 -22.623199 -24.562328 
 36020.0  14276.4     -9.2     16.7     40.0     28.9 
    -3.9     28.8     48.6     11.0  12112.7  13401.0 
    -12.6      52.1      17.8      48.9 
     -9.4      21.6      10.0      16.6 
     -9.5      17.3       9.9      13.2 
     -9.7      17.6       9.8      13.2 
35496 27.549229 -24.105576 -26.171766 
 33976.3  15554.5    -14.8     19.6     40.0     28.9 
    -3.9     29.8     49.0     17.1  10819.4  12211.0 
    -14.7      54.2      14.4      51.4 
    -10.3      21.6       8.3      15.3 
     -9.8      17.7       8.0      12.0 
     -9.9      18.4       7.6      12.7 
35497 24.397142 -25.617001 -27.812742 
 32038.1  16406.9     -5.7     17.5     45.1      8.3 
    -3.9     30.6     48.3     27.5  10528.7  11678.4 
    -17.8      50.4      12.8      51.0 
     -9.9      21.6       6.2      14.3 
    -10.0      17.5       6.0      11.1 
     -9.8      18.4       5.9      11.0 
35498 20.640287 -27.090378 -29.412409 
 30683.8  16805.4      4.4     88.2     47.6     12.6 
    -4.3     31.4     47.8     38.3   9780.2  11022.1 
    -14.0      48.9      11.0      52.0 
    -10.6      22.0       3.1      12.5 
    -10.2      17.9       2.5       9.0 
    -10.4      19.3       2.2       8.2 
35499 16.245913 -28.430346 -30.867231 
 29427.0  16185.8     -7.6     15.8     45.8     20.0 
    -4.9     31.7     45.9     48.3   9860.8  10884.4 
    -15.2      49.2       9.4      55.0 
    -10.6      21.9      -1.2      12.2 
    -10.3      17.9      -2.0       8.3 
    -10.6      19.3      -2.1       7.7 
35500 11.245388 -29.519146 -32.049355 
 28573.4  15571.4    -12.0     19.1     40.9     24.4 
    -5.2     32.1     41.2     52.9   9154.2  10306.8 
    -17.3      50.8      11.3      65.7 
    -11.2      21.9       1.2      11.3 
    -11.1      18.1       0.1       4.6 
    -11.8      19.5      -0.5       2.8 
35501 8.551672 -29.930853 -32.496353 
 28174.3  15293.5    -19.8     19.0     43.1     21.6 
    -5.5     32.3     43.8     49.7   8611.4  10031.4 
    -16.5      49.6       4.3      62.5 
    -11.4      22.2       4.4      12.9 
    -11.3      18.1       3.4       8.5 
    -12.6      19.5       2.0       7.2 
35502 5.759181 -30.235706 -32.827335 
 27653.9  15073.7    -21.8     17.4     43.5     17.7 
    -6.1     32.6     44.3     45.6   8674.3   9775.5 
    -17.3      50.4       1.4      56.3 
    -11.9      22.5       0.8      11.9 
    -11.9      18.7       0.1       9.4 
    -13.2      20.3      -1.6       8.4 
35503 2.897443 -30.423149 -33.030846 
 27328.7  15013.4    -21.2     25.4     42.5     13.4 
    -6.1     33.1     44.0     40.6   8842.9   9884.2 
    -16.2      49.1      -1.8      50.3 
    -11.9      22.2      -2.0      12.3 
    -11.9      19.0      -2.4      10.1 
    -13.1      20.7      -3.7       9.4 
35504 -0.000000 -30.486408 -33.099529 
 26933.5  14978.9    -22.2     20.4     40.4     10.6 
    -6.4     33.5     43.0     35.4   7811.3   9093.3 
    -15.5      51.6      -2.2      46.8 
    -11.7      22.7      -4.0      13.3 
    -12.0      18.9      -4.3      11.4 
    -13.3      20.9      -5.8      10.4 
35505 -2.897443 -30.423149 -33.030846 
 26877.8  14980.2    -17.9     18.3     35.6     10.0 
    -6.2     34.0     42.7     30.7   8054.7   8869.7 
    -18.3      50.8      -5.9      46.0 
    -11.3      22.8      -5.5      14.9 
    -11.8      19.3      -6.1      12.6 
    -13.3      21.0      -7.2      12.4 
35506 -5.759181 -30.235706 -32.827335 
 26693.8  14932.3    -21.9     23.1     27.5     11.2 
    -6.8     34.2     42.2     25.8   7093.4   8269.5 
    -13.8      51.1      -5.4      41.6 
    -12.0      23.4      -6.9      16.2 
    -11.6      19.6      -6.9      13.8 
    -13.0      21.7      -8.1      14.9 
35507 -8.551672 -29.930853 -32.496353 
 26937.8  14518.2    -20.7     19.7     20.5     15.8 
    -5.6     34.3     42.0     21.4   7361.3   8473.8 
    -13.4      50.4      -7.6      44.9 
    -11.3      23.5      -7.0      16.1 
    -11.0      19.7      -7.1      13.7 
    -12.4      21.8      -9.0      15.7 
35508 -11.245388 -29.519146 -32.049355 
 27211.8  13896.2    -29.6    119.0     -6.4     88.9 
    -6.1     34.0     41.1     17.5   7546.2   8784.9 
    -16.7      51.1      -8.2      46.3 
    -11.0      23.5      -7.0      16.7 
    -11.4      19.9      -7.6      14.1 
    -12.3      21.8      -9.1      15.6 
35509 -16.245913 -28.430346 -30.867231 
 27897.5  12803.4    -13.8     25.2     -8.2     45.7 
    -6.0     34.0     37.0     14.5   6534.6   7847.6 
    -14.2      51.3      -6.4      43.3 
    -10.4      22.8      -5.9      19.2 
    -10.3      19.3      -6.4      17.3 
    -12.6      21.0      -9.7      18.3 
35510 -20.640287 -27.090378 -29.412409 
 29036.4  11474.3    -28.3     39.5    -11.3     62.3 
    -5.1     33.2     26.0     18.1   5725.1   7440.1 
    -15.0      51.1      -9.3      44.0 
    -10.2      23.0      -5.9      19.6 
    -10.2      19.5      -6.6      18.2 
    -11.8      21.9      -9.8      21.7 
35511 -24.397142 -25.617001 -27.812742 
 30602.1  10383.5    -34.1     87.9    -17.5    112.3 
    -5.1     32.0     40.0     57.7   5551.5   7088.0 
    -16.1      50.9     -10.0      43.1 
     -9.9      22.6      -5.2      21.6 
     -9.8      19.0      -6.5      19.7 
    -11.5      20.5     -10.9      23.5 
35512 -27.549229 -24.105576 -26.171766 
 32563.5   9804.8    -34.1     51.6    -23.8    121.3 
    -4.9     31.0     40.0     57.7   5865.6   7062.2 
    -12.5      52.1      -9.3      44.8 
     -9.4      22.6      -5.6      23.0 
     -9.7      18.6      -6.3      21.6 
    -11.4      19.8     -12.2      29.1 
35513 -30.164263 -22.623199 -24.562328 
 34622.9   9155.7    -33.1     64.2    -20.2    151.5 
    -4.8     30.1     40.0     57.7   5308.7   6869.9 
    -13.7      52.4      -9.2      43.5 
     -9.3      22.1      -5.9      23.8 
     -9.1      18.4      -6.4      22.4 
    -11.7      20.6     -14.0      33.4 
35514 -32.322113 -21.211386 -23.029505 
 36799.3   8746.4    -31.5     67.7    -25.4    175.4 
    -4.3     28.9     40.0     57.7   5025.4   6504.9 
    -13.4      52.0      -9.9      43.3 
     -8.6      21.9      -5.6      26.2 
     -8.9      18.2      -6.6      24.8 
    -11.9      20.8     -16.3      40.4 
35515 -34.100807 -19.892136 -21.597176 
 39257.5   8377.9    -35.1     68.5    -38.8    194.1 
    -4.1     28.0     40.0     57.7   5467.7   6813.8 
    -12.5      52.7     -10.1      44.2 
     -8.8      21.5      -5.9      26.5 
     -8.8      17.9      -7.0      24.8 
    -11.7      20.2     -18.8      48.5 
35516 -35.569786 -18.674139 -20.274778 
 41795.9   8201.4    -35.5     72.9    -52.1    217.0 
    -3.8     27.0     40.0     57.7   5360.4   6879.5 
    -13.5      51.4     -10.1      44.8 
     -8.6      21.8      -6.0      28.0 
     -8.9      17.9      -6.9      28.7 
    -12.1      21.0     -21.3      56.6 
35517 -36.787724 -17.557777 -19.062731 
 44483.1   8098.6    -40.9     73.1    -90.5    221.2 
    -3.5     26.0     40.0     57.7   4826.5   6365.9 
    -13.0      53.8      -9.8      41.7 
     -8.5      21.7      -5.9      28.1 
     -8.8      17.9      -7.4      27.8 
    -12.4      22.1     -24.3      61.6 
35518 -37.802700 -16.538681 -17.956282 
 47302.1   7874.9    -31.6     75.9    -94.3    240.6 
    -3.6     25.2     40.0     57.7   5112.3   7074.6 
    -12.4      53.1     -11.2      43.8 
     -8.2      21.6      -5.8      30.3 
     -8.5      17.4      -7.1      31.0 
    -12.2      21.7     -25.8      72.2 
35519 31.889639 -27.903433 -15.147578 
 57470.2  11804.3     -0.0     43.3     40.0     28.9 
    -0.0     86.6     40.0     57.7  19296.3  21782.9 
    -16.5      52.7      21.7      49.5 
    -10.9      25.1      15.2      20.7 
    -11.4      21.3      15.6      17.3 
    -11.7      22.3      15.4      19.2 
35520 30.480156 -29.094694 -15.794263 
 55259.8  12260.1     -0.0     43.3     40.0     28.9 
    -0.0     86.6     40.0     57.7  18695.0  20898.7 
    -16.8      52.5      22.1      47.6 
    -11.6      25.3      14.9      19.6 
    -11.3      21.0      14.5      15.5 
    -12.3      21.8      15.2      16.4 
35521 28.882971 -30.327118 -16.463293 
 53207.2  12611.1     -0.0     43.3     40.0     28.9 
    -0.0     86.6     40.0     57.7  18620.5  20650.9 
    -16.9      51.1      20.6      53.5 
    -11.0      25.4      13.9      18.8 
    -11.1      22.1      13.7      15.1 
    -12.6      22.6      14.1      16.1 
35522 27.075920 -31.588573 -17.148083 
 51203.5  12919.6     -0.0     43.3     40.0     28.9 
    -0.0     86.6     40.0     57.7  17547.3  19905.6 
    -16.4      50.2      18.0      51.2 
    -11.4      25.6      12.8      18.1 
    -11.4      22.1      12.7      14.7 
    -12.8      22.8      12.9      14.1 
35523 25.037458 -32.861668 -17.839190 
 49364.4  13891.0     -0.0     43.3     40.0     28.9 
    -0.0     86.6     40.0     57.7  17278.4  18745.6 
    -16.8      53.4      17.5      55.2 
    -11.5      25.6      11.6      17.4 
    -11.7      22.6      11.3      13.2 
    -12.4      23.2      11.1      13.6 
35524 22.748573 -34.122864 -18.523840 
 47825.1  13793.0     -0.0     43.3     40.0     28.9 
    -0.0     86.6     47.3      9.2  16680.9  18413.8 
    -19.7      51.6      16.1      55.6 
    -11.6      26.2       9.8      16.9 
    -11.6      22.5       9.8      12.1 
    -12.5      23.2       9.7      11.8 
35525 20.195421 -35.341984 -19.185650 
 46192.3  13658.3     -0.0     43.3     40.0     28.9 
    -0.0     86.6     49.2     13.5  16006.1  18099.2 
    -18.8      54.1      14.3      55.3 
    -11.5      25.9       7.6      15.0 
    -12.0      23.4       7.7      10.7 
    -13.0      23.6       7.4      10.6 
35526 17.372576 -36.482407 -19.804735 
 45155.4  13284.6     -0.0     43.3     44.9      9.3 
    -0.0     86.6     48.9     24.6  15786.6  17756.8 
    -18.6      52.4      10.8      56.2 
    -11.7      26.0       5.8      15.4 
    -12.6      23.0       5.5      10.4 
    -13.4      23.1       5.6       9.9 
35527 14.286614 -37.502361 -20.358425 
 44052.3  13034.4     -0.0     43.3     48.5      8.8 
    -0.0     86.6     48.4     36.2  16033.9  17448.3 
    -21.1      52.1       8.7      58.4 
    -12.6      26.3       2.8      13.9 
    -12.1      22.9       2.3       8.5 
    -13.2      23.1       1.9       8.0 
35528 10.959324 -38.357632 -20.822714 
 43332.2  12616.5     -0.0     43.3     47.2     18.6 
    -0.0     86.6     47.0     47.0  15367.6  16654.8 
    -18.7      46.8       4.3      64.8 
    -12.8      26.5      -0.9      15.7 
    -12.9      22.8      -2.1       9.5 
    -14.7      23.4      -2.2       8.2 
35529 7.429648 -39.005653 -21.174498 
 42834.0  12441.1     -0.0     43.3     42.2     23.4 
    -0.0     86.6     42.4     51.9  15698.8  17096.2 
    -19.3      50.8       7.5      66.5 
    -13.6      25.9       1.5      19.5 
    -13.7      22.7       0.6       6.4 
    -15.5      22.9       0.0       3.1 
35530 5.605763 -39.240341 -21.301901 
 42573.5  12395.7     -0.0     43.3     44.9     19.9 
    -0.0     86.6     45.3     48.2  15337.8  16892.6 
    -18.2      48.4       3.5      63.6 
    -13.4      26.2       4.9      18.1 
    -13.9      22.9       4.8      10.0 
    -16.0      22.9       3.7       8.7 
35531 3.753390 -39.410595 -21.394323 
 42401.8  12238.2     -0.0     43.3     46.3     15.6 
    -0.0     86.6     47.0     43.6  15414.7  16547.4 
    -20.8      52.4       4.1      66.0 
    -14.2      26.1       1.9      15.4 
    -14.5      23.5       1.7      10.1 
    -16.2      22.9       0.9       9.2 
35532 1.881610 -39.513817 -21.450357 
 41992.4  12348.7     -0.0     43.3     46.0     10.3 
    -0.0     86.6     46.9     37.8  15044.7  16533.1 
    -20.7      51.0       1.5      55.2 
    -14.9      26.2      -0.6      15.1 
    -14.6      22.9      -0.7      10.6 
    -16.3      23.3      -1.6       9.9 
35533 -0.000000 -39.548401 -21.469133 
 41748.9  12239.2     -0.0     43.3     44.3      7.0 
    -0.0     86.6     46.6     32.2  14576.4  16047.7 
    -21.7      49.5      -1.7      51.1 
    -14.3      26.5      -2.4      13.9 
    -14.8      23.1      -2.4      11.3 
    -16.2      23.8      -3.4      10.3 
35534 -1.881610 -39.513817 -21.450357 
 41611.7  12083.9     -0.0     43.3     38.0      9.0 
    -0.0     86.6     46.5     26.7  14172.1  16070.5 
    -18.8      49.1      -3.0      48.4 
    -13.7      26.5      -4.7      15.2 
    -14.2      23.1      -4.9      11.3 
    -16.3      24.1      -5.5      10.9 
35535 -3.753390 -39.410595 -21.394323 
 41537.9  12302.7     -0.0     43.3     29.1     23.5 
    -0.0     86.6     45.8     21.1  13027.1  15000.9 
    -21.9      50.8      -4.3      52.2 
    -14.0      27.0      -5.6      15.4 
    -14.2      23.8      -5.7      12.0 
    -16.7      24.3      -7.0      11.9 
35536 -5.605763 -39.240341 -21.301901 
 41519.4  12192.1     -0.0     43.3     40.0     28.9 
    -0.0     86.6     45.6     16.1  13656.1  15141.8 
    -21.9      54.2      -6.3      50.2 
    -13.5      26.8      -5.2      15.1 
    -13.8      23.6      -5.6      11.5 
    -16.2      24.7      -6.7      11.8 
35537 -7.429648 -39.005653 -21.174498 
 41699.3  12474.0     -0.0     43.3     40.0     28.9 
    -0.0     86.6     44.9     11.5  13451.7  14741.9 
    -20.2      50.6      -5.5      50.1 
    -13.6      26.7      -5.1      14.9 
    -14.0      24.2      -4.9      11.4 
    -15.5      24.5      -6.2      11.5 
35538 -10.959324 -38.357632 -20.822714 
 41874.3  12554.5     -0.0     43.3     40.0     28.9 
    -0.0     86.6     38.3      9.2  13044.2  15003.1 
    -18.8      51.2      -6.2      47.6 
    -12.7      26.9      -4.3      17.0 
    -13.7      23.8      -4.5      14.4 
    -16.3      25.5      -6.4      15.4 
35539 -14.286614 -37.502361 -20.358425 
 42595.2  12714.5     -0.0     43.3     40.0     28.9 
    -0.0     86.6     40.0     57.7  13179.4  14955.1 
    -20.1      52.1      -8.3      49.9 
    -12.9      26.9      -3.9      17.2 
    -14.1      24.0      -4.5      14.5 
    -16.1      25.5      -6.8      15.7 
35540 -17.372576 -36.482407 -19.804735 
 43545.0  12285.5     -0.0     43.3     40.0     28.9 
    -0.0     86.6     40.0     57.7  12104.4  15016.3 
    -18.9      51.4      -7.2      44.8 
    -12.3      26.7      -3.1      18.7 
    -13.5      23.9      -4.0      16.9 
    -15.4      25.2      -6.3      18.3 
35541 -20.195421 -35.341984 -19.185650 
 44797.8  12256.9     -0.0     43.3     40.0     28.9 
    -0.0     86.6     40.0     57.7  12327.1  14997.0 
    -17.7      52.1      -6.8      46.8 
    -12.7      27.0      -3.5      19.3 
    -12.4      24.1      -3.8      17.0 
    -15.0      25.8      -6.5      19.7 
35542 -22.748573 -34.122864 -18.523840 
 46110.3  11632.0     -0.0     43.3     40.0     28.9 
    -0.0     86.6     40.0     57.7  11183.6  13603.3 
    -18.0      50.9      -5.9      44.7 
    -12.4      26.5      -3.3      21.0 
    -12.6      23.0      -3.6      18.3 
    -14.9      26.7      -7.3      22.8 
35543 -25.037458 -32.861668 -17.839190 
 47734.1  10958.7     -3.1    162.3     20.2    184.6 
    -0.0     86.6     40.0     57.7  10159.2  12744.4 
    -18.2      53.2      -6.8      42.7 
    -12.6      26.4      -3.8      21.5 
    -12.5      23.8      -3.8      19.5 
    -15.8      28.6      -8.1      27.0 
35544 -27.075920 -31.588573 -17.148083 
 49570.1  10637.7     28.2    169.5     55.6    201.6 
    -0.0     86.6     40.0     57.7   7567.3  10149.6 
    -15.5      49.2      -8.1      41.2 
    -12.8      26.7      -3.7      22.6 
    -12.6      23.3      -4.6      20.2 
    -16.9      30.8      -9.9      31.2 
35545 -28.882971 -30.327118 -16.463293 
 51494.0  10111.2    -90.4    161.4    -81.0    193.8 
    -0.0     86.6     40.0     57.7   8128.2  10358.3 
    -16.5      50.9      -9.2      43.7 
    -12.0      26.0      -3.5      23.2 
    -12.4      22.8      -4.7      22.6 
    -17.3      33.8     -11.4      38.5 
35546 -30.480156 -29.094694 -15.794263 
 53672.5   9817.7    -54.5    171.2    -48.8    217.4 
    -0.0     86.6     40.0     57.7   6930.6   8854.4 
    -17.8      53.7      -7.5      39.9 
    -11.7      25.3      -4.0      23.6 
    -12.9      22.6      -5.4      22.8 
    -17.9      35.8     -12.8      42.4 
35547 -31.889639 -27.903433 -15.147578 
 55677.6   9383.4    -42.3    173.1    -46.4    238.8 
    -0.0     86.6     40.0     57.7   6051.2   7530.6 
    -16.8      52.9      -7.1      39.0 
    -12.1      26.2      -4.3      26.0 
    -12.3      23.0      -5.3      25.4 
    -18.7      38.4     -16.1      53.2 
35548 21.730955 -38.029171 -10.322203 
 85088.6  12719.8     -0.0     43.3     40.0     28.9 
    -0.0     86.6     40.0     57.7  31165.0  34461.8 
    -20.3      52.0      21.6      50.6 
    -13.9      28.0      15.5      20.4 
    -13.6      25.7      14.6      14.3 
    -16.0      29.6      15.8      15.3 
35549 20.301725 -38.757835 -10.519984 
 83739.1  12623.7     -0.0     43.3     40.0     28.9 
    -0.0     86.6     40.0     57.7  30949.3  35308.3 
    -21.3      49.4      20.5      55.5 
    -14.1      27.6      14.5      20.4 
    -14.1      25.1      14.2      14.2 
    -15.4      28.5      14.6      14.7 
35550 18.790987 -39.461071 -10.710862 
 82675.8  12514.8     -0.0     43.3     40.0     28.9 
    -0.0     86.6     40.0     57.7  29378.3  33200.8 
    -23.4      48.9      19.8      55.6 
    -14.3      28.1      14.0      20.8 
    -13.6      25.4      13.2      13.0 
    -15.6      29.9      13.9      13.1 
35551 17.199198 -40.131458 -10.892824 
 81154.7  12356.0     -0.0     43.3     40.0     28.9 
    -0.0     86.6     40.0     57.7  30076.8  33867.6 
    -19.0      47.3      17.5      58.4 
    -14.4      28.2      12.9      19.3 
    -13.7      25.3      12.4      12.6 
    -15.6      29.2      12.5      12.5 
35552 15.528065 -40.761169 -11.063745 
 80288.4  12170.5     -0.0     43.3     40.0     28.9 
    -0.0     86.6     40.0     57.7  28874.0  32900.5 
    -21.3      49.9      18.1      60.6 
    -14.7      28.7      11.9      19.0 
    -14.3      26.0      11.2      11.4 
    -16.1      30.0      11.3      10.7 
35553 13.780708 -41.342125 -11.221435 
 79477.7  11866.6     -0.0     43.3     40.0     28.9 
    -0.0     86.6     40.0     57.7  28374.9  32695.3 
    -21.6      50.6      14.1      61.8 
    -15.0      28.3      10.2      19.2 
    -14.4      25.6       9.7      11.4 
    -16.0      30.0       9.8      10.5 
35554 11.961784 -41.866245 -11.363695 
 78958.0  11813.0     -0.0     43.3     63.3     70.4 
    -0.0     86.6     50.1      9.0  29456.7  32806.1 
    -19.8      47.1      10.3      68.2 
    -14.6      28.6       8.2      19.0 
    -15.3      25.9       7.9      10.1 
    -15.7      29.5       7.7       9.0 
35555 10.077535 -42.325645 -11.488389 
 78294.9  11683.4     -0.0     43.3     57.3     40.1 
    -0.0     86.6     49.6     20.9  26895.7  32162.3 
    -20.9      47.3       8.7      64.4 
    -14.8      28.5       5.2      20.7 
    -15.4      25.5       5.3      11.7 
    -16.4      30.4       5.6      10.4 
35556 8.135806 -42.712982 -11.593524 
 77967.2  11489.1     -0.0     43.3     49.9      6.5 
    -0.0     86.6     49.4     33.4  30694.4  33298.8 
    -21.8      48.0       4.5      67.5 
    -15.6      28.5       3.2      17.8 
    -15.8      26.2       2.8       8.5 
    -16.4      29.5       2.5       8.2 
35557 6.145958 -43.021706 -11.677320 
 77590.2  11482.6     -0.0     43.3     48.4     17.6 
    -0.0     86.6     47.8     45.5  27535.5  32085.9 
    -22.9      48.5       2.2      73.3 
    -15.8      28.4      -0.2      25.9 
    -15.4      25.7      -2.2      10.2 
    -17.8      29.1      -2.5       8.4 
35558 4.118702 -43.246368 -11.738300 
 77430.2  11408.9     -0.0     43.3     43.2     22.3 
    -0.0     86.6     43.3     50.6  31249.4  34256.8 
    -19.2      48.5       4.2      83.1 
    -16.2      28.5       2.6      32.2 
    -16.3      25.2       1.2      12.7 
    -18.4      28.8       0.7       6.4 
35559 3.094703 -43.325836 -11.759871 
 77367.8  11493.0     -0.0     43.3     46.7     18.8 
    -0.0     86.6     46.9     46.9  30606.4  33330.5 
    -23.5      46.4       1.9      80.3 
    -16.4      28.5       5.2      29.0 
    -16.2      25.6       6.2      13.5 
    -17.7      28.2       5.2      11.5 
35560 2.065851 -43.382874 -11.775351 
 77292.7  11415.0     -0.0     43.3     48.7     14.7 
    -0.0     86.6     48.9     42.0  31314.7  33820.8 
    -21.0      49.0       5.0      75.2 
    -16.5      28.6       3.2      25.8 
    -16.9      25.6       3.1      12.7 
    -17.9      28.7       2.8      10.7 
35561 1.033743 -43.417198 -11.784668 
 76968.6  11346.4     -0.0     43.3     48.6      8.4 
    -0.0     86.6     49.0     35.9  30109.8  33673.2 
    -22.8      51.1       1.3      71.5 
    -16.6      28.3       1.0      20.4 
    -16.7      26.1       0.7      11.8 
    -18.7      29.2       0.3      10.6 
35562 -0.000000 -43.428661 -11.787779 
 76856.9  11367.2     -0.0     43.3     47.0      6.5 
    -0.0     86.6     49.3     29.8  28764.8  33326.4 
    -22.2      48.1      -2.9      66.7 
    -16.0      28.5      -0.7      18.4 
    -16.5      25.5      -1.1      11.5 
    -18.0      29.3      -1.4      10.7 
35563 -1.033743 -43.417198 -11.784668 
 76498.9  11399.5     -0.0     43.3     27.1     33.2 
    -0.0     86.6     48.8     23.6  27912.2  32408.4 
    -23.9      48.9      -3.3      63.5 
    -16.1      28.6      -4.8      17.5 
    -16.7      25.8      -4.7      11.5 
    -18.8      30.2      -5.1      10.5 
35564 -2.065851 -43.382874 -11.775351 
 76535.9  11471.0     -0.0     43.3     15.6     54.6 
    -0.0     86.6     48.9     17.2  26498.1  31404.8 
    -20.0      46.2      -7.2      60.1 
    -16.2      29.0      -4.7      18.0 
    -16.0      26.4      -4.6      11.8 
    -17.8      30.5      -5.3      10.9 
35565 -3.094703 -43.325836 -11.759871 
 76445.3  11575.0     -0.0     43.3     19.7     64.7 
    -0.0     86.6     48.5     11.1  27649.5  31863.7 
    -20.2      46.3      -3.7      60.5 
    -16.4      28.1      -4.1      17.0 
    -16.3      26.5      -3.9      10.2 
    -18.6      31.1      -4.6       9.6 
35566 -4.118702 -43.246368 -11.738300 
 76370.8  11469.3     -0.0     43.3     -6.6     51.5 
    -0.0     86.6     47.9      6.0  23816.1  30463.3 
    -20.9      48.9      -5.2      60.2 
    -16.0      28.7      -3.3      16.5 
    -16.3      26.3      -3.1      10.0 
    -18.2      31.8      -3.7       9.2 
35567 -6.145958 -43.021706 -11.677320 
 76037.4  11425.4     -0.0     43.3     -8.5     76.9 
    -0.0     86.6     40.0     57.7  22840.3  29074.1 
    -22.2      50.5      -4.9      55.7 
    -15.6      29.0      -3.4      17.5 
    -15.8      26.2      -3.2      12.4 
    -18.8      33.1      -4.1      12.8 
35568 -8.135806 -42.712982 -11.593524 
 76439.0  11618.2     -0.0     43.3    -44.1     78.7 
    -0.0     86.6     40.0     57.7  24132.1  29060.8 
    -21.6      48.6      -4.6      54.6 
    -15.6      29.0      -2.0      16.1 
    -15.5      27.0      -2.1      11.4 
    -17.6      32.7      -3.2      11.6 
35569 -10.077535 -42.325645 -11.488389 
 76766.1  11683.2     -0.0     43.3     20.7    119.2 
    -0.0     86.6     40.0     57.7  21795.3  28306.0 
    -18.6      49.0      -2.9      50.7 
    -15.7      29.2      -2.0      18.4 
    -16.1      26.5      -2.1      13.7 
    -17.7      32.6      -2.9      14.9 
35570 -11.961784 -41.866245 -11.363695 
 77396.6  11870.5     -0.0     43.3     40.0     28.9 
    -0.0     86.6     40.0     57.7  20632.0  27749.9 
    -24.5      53.1      -6.5      52.4 
    -15.8      29.5      -1.8      17.2 
    -15.7      27.4      -1.8      13.0 
    -17.7      33.3      -3.1      15.0 
35571 -13.780708 -41.342125 -11.221435 
 78349.2  11893.8     -0.0     43.3     40.0     28.9 
    -0.0     86.6     40.0     57.7  26587.7  29714.9 
    -21.4      51.4      -5.4      49.8 
    -15.1      29.0      -1.2      18.8 
    -15.8      26.4      -1.4      14.8 
    -17.9      32.2      -2.7      16.6 
35572 -15.528065 -40.761169 -11.063745 
 78885.4  11993.7     -0.0     43.3     40.0     28.9 
    -0.0     86.6     40.0     57.7  23247.7  28541.4 
    -18.4      49.7      -3.2      46.3 
    -15.4      29.0      -1.8      18.2 
    -15.0      27.3      -1.3      14.1 
    -17.3      32.4      -2.9      17.3 
35573 -17.199198 -40.131458 -10.892824 
 79782.0  12252.6     -0.0     43.3     40.0     28.9 
    -0.0     86.6     40.0     57.7  22841.6  30128.5 
    -18.6      48.9      -2.9      42.7 
    -15.1      29.3      -1.2      19.6 
    -14.9      26.6      -0.9      16.3 
    -17.9      31.8      -2.8      18.6 
35574 -18.790987 -39.461071 -10.710862 
 80876.1  12307.7     -0.0     43.3     40.0     28.9 
    -0.0     86.6     40.0     57.7  25375.2  30341.5 
    -20.3      51.3      -4.1      41.5 
    -14.6      28.6      -1.4      18.9 
    -15.1      26.8      -1.8      16.0 
    -18.3      32.4      -3.3      19.9 
35575 -20.301725 -38.757835 -10.519984 
 82345.4  12234.3     -0.0     43.3     40.0     28.9 
    -0.0     86.6     40.0     57.7  24935.1  30166.5 
    -19.9      50.6      -3.3      42.1 
    -14.6      28.9      -0.7      19.9 
    -15.1      26.0      -1.4      17.9 
    -17.7      31.2      -4.0      21.4 
35576 -21.730955 -38.029171 -10.322203 
 83506.4  12063.0     -0.0     43.3     40.0     28.9 
    -0.0     86.6     40.0     57.7  24809.8  30047.9 
    -21.3      49.4      -5.2      37.6 
    -14.8      29.6      -1.4      20.3 
    -14.8      26.6      -1.9      17.9 
    -16.9      32.6      -3.8      23.1 
35577 15.179742 -41.744289 -7.210377 
123041.7  11983.5     -0.0     43.3    144.3    184.8 
    -0.0     86.6     40.0     57.7  32800.2  45058.0 
    -20.8      48.6      19.1      54.0 
    -15.5      29.3      15.3      21.8 
    -15.3      27.1      15.0      12.5 
    -17.2      34.1      15.5      16.2 
35578 14.042964 -42.128887 -7.276808 
122491.3  12113.4     -0.0     43.3    128.7    142.4 
    -0.0     86.6     40.0     57.7  30974.9  49499.0 
    -21.9      53.2      15.5      56.5 
    -15.9      29.8      14.5      22.2 
    -15.6      27.0      14.3      13.4 
    -17.9      33.7      14.9      14.5 
35579 12.875603 -42.489483 -7.339093 
121917.8  11743.0     -0.0     43.3    172.0     64.2 
    -0.0     86.6     40.0     57.7  31897.9  46992.5 
    -21.6      48.0      18.4      62.9 
    -15.5      30.0      13.8      21.7 
    -15.9      27.3      13.5      12.5 
    -17.8      34.1      14.1      13.4 
35580 11.679233 -42.823853 -7.396847 
120820.6  11710.5     -0.0     43.3    109.3    123.9 
    -0.0     86.6     40.0     57.7  35684.4  47465.4 
    -20.1      44.4      19.2      65.6 
    -16.0      29.9      13.2      23.1 
    -15.5      27.1      12.6      12.7 
    -17.8      33.6      13.0      12.3 
35581 10.455710 -43.129807 -7.449694 
120390.6  11577.2     -0.0     43.3     73.7    103.7 
    -0.0     86.6     40.0     57.7  36917.4  47832.0 
    -20.4      47.7      14.9      66.6 
    -16.1      29.7      11.7      22.8 
    -15.7      27.2      11.6      11.7 
    -17.6      33.6      11.7      10.9 
35582 9.207181 -43.405285 -7.497276 
120092.5  11567.2     -0.0     43.3    107.9     72.3 
    -0.0     86.6     40.0     57.7  36180.0  47255.5 
    -21.5      46.7      12.2      70.2 
    -16.7      29.6      10.7      24.9 
    -16.4      27.4       9.9      12.6 
    -18.0      32.9      10.3      10.8 
35583 7.936064 -43.648350 -7.539260 
119685.8  11557.1     -0.0     43.3     76.7    131.8 
    -0.0     86.6     50.7      6.5  43108.8  49296.2 
    -22.5      48.7      13.9      71.8 
    -16.4      29.2       8.4      23.1 
    -16.5      27.4       8.3      10.7 
    -17.9      32.7       8.0       8.3 
35584 6.645037 -43.857243 -7.575342 
119564.3  11493.8     -0.0     43.3     49.4     46.0 
    -0.0     86.6     50.3     18.9  44449.3  53138.3 
    -21.6      47.9      13.8      74.7 
    -16.4      29.4       5.7      25.1 
    -16.4      27.6       5.5      13.9 
    -18.3      33.3       5.4      11.7 
35585 5.337018 -44.030403 -7.605251 
119380.9  11408.6     -0.0     43.3     50.5      6.2 
    -0.0     86.6     49.9     32.1  45876.1  53219.0 
    -22.8      50.2       4.7      77.6 
    -16.9      29.8       3.8      25.2 
    -16.2      27.5       3.0      10.7 
    -19.0      33.2       2.7       9.0 
35586 4.015138 -44.166508 -7.628761 
119256.8  11373.8     -0.0     43.3     49.1     16.5 
    -0.0     86.6     48.5     44.5  49431.6  53260.6 
    -21.9      47.0       6.2      81.4 
    -16.8      29.0       1.1      31.6 
    -17.3      26.6      -1.3      13.5 
    -18.7      31.6      -1.8      11.2 
35587 2.682698 -44.264507 -7.645688 
119518.9  11298.0     -0.0     43.3     43.0     22.2 
    -0.0     86.6     43.3     49.9  45211.8  53494.7 
    -20.4      47.4      -1.0      87.0 
    -17.1      29.3       2.2      41.1 
    -17.3      27.1       1.2      18.7 
    -19.4      31.4       1.3      13.7 
35588 2.013589 -44.298962 -7.651639 
119212.5  11357.8     -0.0     43.3     47.4     18.1 
    -0.0     86.6     47.5     46.1  47160.9  51702.1 
    -21.5      45.2      -0.4      85.6 
    -17.6      28.9       5.4      38.1 
    -17.0      27.2       5.7      18.2 
    -19.4      31.5       5.7      13.6 
35589 1.343140 -44.323616 -7.655898 
119363.9  11351.2     -0.0     43.3     49.6     13.2 
    -0.0     86.6     49.6     41.3  48519.5  52801.6 
    -25.5      46.4      -0.1      83.2 
    -17.6      28.7       3.6      30.9 
    -17.5      27.0       4.0      16.0 
    -19.8      31.1       3.4      12.3 
35590 0.671794 -44.338436 -7.658457 
118846.9  11280.5     -0.0     43.3     49.9     11.2 
    -0.0     86.6     50.3     35.1  47246.3  52447.5 
    -27.1      53.4       4.7      73.4 
    -17.7      29.9       1.4      25.4 
    -17.0      26.9       1.4      13.8 
    -20.1      33.0       1.0      12.0 
35591 -0.000000 -44.343372 -7.659310 
118304.3  11308.9     -0.0     43.3     44.3     13.4 
    -0.0     86.6     50.5     28.5  43894.7  50914.8 
    -21.3      44.3       1.0      73.2 
    -17.2      29.4      -0.4      23.6 
    -17.3      26.8      -0.5      12.9 
    -19.8      32.5      -0.8      11.2 
35592 -0.671794 -44.338436 -7.658457 
118855.9  11324.2     -0.0     43.3     28.7     36.4 
    -0.0     86.6     50.3     22.0  45898.3  52701.7 
    -22.8      48.9      -3.2      75.0 
    -16.8      29.5      -4.3      23.7 
    -16.8      27.1      -4.7      13.2 
    -19.3      33.3      -5.1      11.5 
35593 -1.343140 -44.323616 -7.655898 
118647.0  11363.6     -0.0     43.3     20.4     52.1 
    -0.0     86.6     50.0     15.6  44795.2  50691.3 
    -22.3      48.3      -2.1      70.7 
    -17.4      29.5      -4.1      22.9 
    -16.8      26.9      -4.1      13.2 
    -20.0      33.4      -4.8      11.3 
35594 -2.013589 -44.298962 -7.651639 
118522.8  11270.5     -0.0     43.3     -9.1     42.5 
    -0.0     86.6     49.7      9.1  39342.0  50377.7 
    -23.4      46.3      -1.8      68.6 
    -16.6      28.8      -3.0      22.5 
    -16.7      27.2      -3.1      10.7 
    -19.6      34.0      -3.8       9.2 
35595 -2.682698 -44.264507 -7.645688 
118330.4  11294.5     -0.0     43.3     -7.1     61.9 
    -0.0     86.6     49.0      3.6  38137.0  48836.3 
    -20.6      44.3      -3.8      63.6 
    -17.4      29.8      -2.0      21.1 
    -16.5      27.0      -2.1      10.6 
    -19.4      33.7      -2.4       9.5 
35596 -4.015138 -44.166508 -7.628761 
118210.8  11390.5     -0.0     43.3    -13.3     73.9 
    -0.0     86.6     40.0     57.7  36015.6  45873.0 
    -24.6      50.3      -3.8      66.5 
    -17.3      30.2      -2.6      22.5 
    -16.7      27.1      -2.4      13.0 
    -19.3      33.8      -3.3      12.5 
35597 -5.337018 -44.030403 -7.605251 
118206.4  11551.7     -0.0     43.3    -43.1     73.7 
    -0.0     86.6     40.0     57.7  30448.4  42671.4 
    -24.2      49.6      -4.6      61.3 
    -17.2      29.8      -1.2      19.3 
    -16.1      27.2      -0.9      10.1 
    -19.5      34.7      -2.0      12.1 
35598 -6.645037 -43.857243 -7.575342 
118270.3  11414.0     -0.0     43.3    -32.0    122.0 
    -0.0     86.6     40.0     57.7  27363.3  40793.2 
    -24.1      51.0      -3.7      57.9 
    -16.4      29.8      -1.5      20.2 
    -15.9      27.7      -1.4      13.3 
    -19.6      35.7      -2.4      14.2 
35599 -7.936064 -43.648350 -7.539260 
118281.5  11458.0     -0.0     43.3    -64.1    124.3 
    -0.0     86.6     40.0     57.7  27050.5  43140.2 
    -22.2      45.9      -1.8      53.1 
    -16.9      29.9      -0.7      18.7 
    -16.3      27.8      -0.5      11.2 
    -19.4      36.4      -1.7      14.0 
35600 -9.207181 -43.405285 -7.497276 
118668.5  11574.1     -0.0     43.3     40.0     28.9 
    -0.0     86.6     40.0     57.7  32031.9  44111.6 
    -24.6      50.6      -1.9      54.3 
    -15.9      30.0      -0.4      20.0 
    -16.3      27.6      -0.2      13.2 
    -19.4      35.7      -1.8      16.8 
35601 -10.455710 -43.129807 -7.449694 
119524.4  11580.8     -0.0     43.3     40.0     28.9 
    -0.0     86.6     40.0     57.7  36331.6  45816.6 
    -23.5      51.5      -2.4      54.0 
    -16.4      30.3      -0.4      18.7 
    -16.0      27.9      -0.1      12.5 
    -18.5      36.2      -1.5      16.2 
35602 -11.679233 -42.823853 -7.396847 
119371.8  11832.1     74.4    593.3      5.3    197.4 
    -0.0     86.6     40.0     57.7  21477.9  36505.1 
    -23.2      49.0      -3.2      48.2 
    -16.7      30.6       0.0      19.3 
    -16.4      27.9      -0.0      14.3 
    -19.0      36.2      -1.7      20.6 
35603 -12.875603 -42.489483 -7.339093 
120281.4  11666.5     -0.0     43.3    -32.9    334.9 
    -0.0     86.6     40.0     57.7  27779.3  39876.0 
    -20.3      46.2      -3.1      42.6 
    -16.4      30.1      -0.2      18.6 
    -15.8      28.5      -0.0      13.3 
    -19.2      37.5      -1.9      19.8 
35604 -14.042964 -42.128887 -7.276808 
121005.6  11928.1     -0.0     43.3     40.0     28.9 
    -0.0     86.6     40.0     57.7  31117.0  43200.3 
    -19.3      47.5      -0.1      42.4 
    -16.4      30.7      -0.0      19.0 
    -15.6      27.6       0.6      15.1 
    -18.8      38.8      -1.2      21.5 
35605 -15.179742 -41.744289 -7.210377 
121649.0  12073.1     -0.0     43.3     40.0     28.9 
    -0.0     86.6     40.0     57.7  32429.5  43426.8 
    -23.1      49.0      -0.9      38.2 
    -16.2      30.1      -0.2      17.7 
    -16.4      28.0      -0.2      14.2 
    -19.1      36.5      -2.2      22.5 
