Dot1_150x100_dj0120j@-250V,3.8T@90d,263K,rh=1.02/0.7,2.0/2.0,100Vdep 
1126 1 3.80 60 5 29 0 250.0000 263.0000 2.0000 1.1710 1300.0000 0.2000 83.1700 150.0000 100.0000 285.0000 950.0000 0.1000 41.590000 1.5000 1.0000 0.8500 
35701 -0.000000 -0.000000 -45.000000 
 19662.0  15074.6      0.3     42.2     38.7     12.4 
     0.3     85.2     41.9     37.3   5642.4   6356.2 
     -3.9      73.1      -4.7      42.1 
     -0.6      11.9      -5.5      14.3 
      0.2       4.9      -6.3      11.6 
     -0.0       1.1      -8.0      10.3 
35702 -0.000000 -5.870454 -44.615444 
 19683.2  15105.5     -3.0     37.1     38.3     12.9 
    -2.7     79.9     41.7     37.3   5593.4   6344.3 
     -3.7      63.7      -2.1      43.6 
     -3.2       7.5      -5.5      14.1 
     -3.4       4.0      -6.2      11.9 
     -3.5       3.1      -7.9      10.7 
35703 -0.000000 -11.452198 -43.518353 
 20024.4  15573.9     -4.5     30.9     38.8     12.8 
    -4.1     73.1     42.2     37.4   5281.9   6414.1 
     -9.6      54.4      -2.1      43.3 
     -5.6       9.8      -4.9      14.7 
     -5.6       6.9      -6.0      11.9 
     -6.2       6.4      -7.8      10.9 
35704 -0.000000 -16.522495 -41.856983 
 20636.7  16132.3     -6.4     25.2     38.9     13.1 
    -5.5     66.6     42.3     37.2   5341.4   6399.0 
     -9.9      49.8      -2.3      42.2 
     -7.5      13.8      -4.9      14.5 
     -7.8      10.1      -6.0      12.1 
     -8.5       9.4      -7.6      11.0 
35705 -0.000000 -20.958590 -39.821320 
 21765.8  16503.0     -7.9     19.6     39.1     12.7 
    -6.2     59.0     43.0     36.6   5943.6   6879.4 
    -14.3      51.2      -4.6      45.0 
    -10.1      17.7      -4.8      14.7 
     -9.7      13.2      -5.4      12.2 
    -10.9      12.4      -7.0      11.6 
35706 -0.000000 -24.732742 -37.593769 
 22903.9  16572.3    -10.6     15.9     39.7     12.4 
    -7.3     51.3     43.8     36.1   6411.2   7327.5 
    -14.4      47.8      -2.2      44.6 
    -11.0      19.3      -4.5      14.3 
    -11.4      15.1      -5.2      12.5 
    -12.7      14.4      -6.9      11.4 
35707 -0.000000 -27.883995 -35.319725 
 24230.3  15761.7    -15.3     15.4     40.5     11.7 
    -7.7     43.7     44.4     35.5   6660.7   7699.6 
    -17.1      48.6      -0.8      44.3 
    -12.2      21.7      -4.0      14.6 
    -13.1      18.3      -5.2      12.2 
    -14.1      19.6      -6.7      11.3 
35708 -0.000000 -30.486408 -33.099529 
 25933.0  14825.0    -19.9     18.6     41.2     11.0 
    -8.2     35.1     45.2     34.7   7844.9   8663.5 
    -19.1      50.1      -2.3      46.5 
    -13.8      22.8      -3.7      14.7 
    -14.6      19.4      -4.5      12.5 
    -16.0      21.2      -6.4      11.5 
35709 -0.000000 -32.624973 -30.993725 
 27874.7  14386.7    -31.7     35.5     42.3     10.1 
    -8.4     27.2     46.0     34.0   8398.4   9511.8 
    -22.1      50.3      -2.3      45.5 
    -14.8      23.3      -3.3      14.7 
    -15.6      19.1      -4.1      12.3 
    -16.7      20.8      -5.5      11.7 
35710 -0.000000 -34.381348 -29.033136 
 29586.6  13458.9    -42.7     34.3     42.8      9.7 
    -9.5     20.3     47.0     33.4   9069.2  10071.3 
    -21.6      51.4      -2.1      50.3 
    -16.1      23.7      -3.1      14.5 
    -16.5      19.5      -3.9      12.4 
    -18.1      20.2      -5.1      11.6 
35711 -0.000000 -35.827297 -27.228748 
 31609.2  13257.0      0.1     43.3     43.6      8.9 
   -12.3     17.0     47.4     32.6  10218.7  11319.9 
    -23.4      50.2      -1.4      49.7 
    -15.8      25.2      -2.9      14.7 
    -16.4      22.0      -3.3      12.5 
    -18.6      22.7      -4.9      11.6 
35712 -0.000000 -37.022865 -25.579433 
 33588.4  12710.4      0.1     43.3     43.9      8.5 
   -17.9     17.6     48.0     32.1  10699.8  11955.1 
    -22.9      49.7      -1.1      47.9 
    -16.5      26.6      -2.6      14.8 
    -17.2      23.5      -3.4      12.5 
    -19.1      25.3      -4.3      11.7 
35713 -0.000000 -38.016857 -24.077343 
 35844.1  12579.2      0.1     43.3     44.6      8.3 
   -13.8     18.5     48.5     31.6  11984.7  13746.9 
    -23.7      51.3      -2.3      53.8 
    -17.6      26.1      -2.5      14.8 
    -17.6      22.5      -2.7      12.4 
    -19.8      24.7      -4.1      11.7 
35714 -0.000000 -38.848354 -22.711344 
 38036.4  12191.3      0.1     43.3     45.0      7.6 
     0.1     86.6     49.3     31.3  13487.0  14602.1 
    -24.5      50.1      -1.7      47.3 
    -17.8      25.6      -2.2      15.2 
    -18.0      21.8      -2.0      12.6 
    -20.3      23.1      -3.9      11.6 
35715 -0.000000 -39.548401 -21.469133 
 40190.9  12066.4      0.1     43.3     45.2      8.0 
     0.1     86.6     49.5     30.9  13584.9  15360.2 
    -23.1      49.7      -0.3      49.1 
    -17.3      26.8      -1.6      15.2 
    -18.2      23.4      -2.4      12.5 
    -20.4      24.1      -3.5      11.5 
35716 -0.000000 -40.141609 -20.338415 
 42481.8  12006.5      0.1     43.3     45.6      7.9 
     0.1     86.6     49.7     30.5  14089.0  15624.3 
    -23.7      50.3      -2.1      54.9 
    -18.1      28.0      -1.8      15.3 
    -18.4      25.4      -2.0      12.6 
    -21.4      27.4      -3.3      11.4 
35717 -0.000000 -40.647488 -19.307556 
 44824.3  11838.2      0.1     43.3     45.7      7.9 
     0.1     86.6     50.2     30.1  15614.0  17950.1 
    -24.0      50.1      -1.3      52.7 
    -18.3      27.1      -1.7      15.4 
    -19.1      24.8      -1.7      12.2 
    -21.1      26.9      -2.9      11.6 
35718 -0.000000 -41.081562 -18.365873 
 47126.4  11707.4      0.1     43.3     46.1      7.7 
     0.1     86.6     50.4     29.7  17420.7  18756.4 
    -24.3      46.3      -1.2      53.5 
    -18.9      26.6      -1.4      15.4 
    -19.0      23.1      -1.8      12.2 
    -21.0      25.1      -2.7      11.5 
35719 -0.000000 -41.456230 -17.503742 
 49732.8  11697.8      0.1     43.3     46.2      8.3 
     0.1     86.6     50.8     29.5  17253.5  19045.2 
    -25.8      51.8      -2.1      54.8 
    -19.3      27.4      -1.4      16.5 
    -18.9      24.6      -1.4      12.3 
    -22.0      25.2      -2.8      11.6 
35720 -0.000000 -41.781452 -16.712580 
 52017.1  11518.7      0.1     43.3     46.4      8.1 
     0.1     86.6     51.1     29.5  18105.6  20422.7 
    -23.5      49.6      -1.6      56.2 
    -19.2      28.8      -1.3      16.2 
    -19.4      26.8      -1.6      12.5 
    -21.9      28.8      -2.2      11.8 
35721 -0.000000 -42.065262 -15.984799 
 54556.3  11539.8      0.1     43.3     46.3      8.8 
     0.1     86.6     51.1     29.1  19484.1  21975.1 
    -24.9      51.5      -1.0      58.3 
    -19.2      28.3      -1.2      16.9 
    -19.5      25.7      -1.5      12.3 
    -22.5      28.8      -2.2      11.8 
35722 -0.000000 -42.314190 -15.313706 
 56795.7  11535.6      0.1     43.3     46.3      9.2 
     0.1     86.6     51.4     28.9  19974.3  23140.1 
    -24.3      49.8      -2.0      60.2 
    -19.6      27.3      -1.4      16.4 
    -19.3      23.9      -1.4      12.4 
    -22.6      27.7      -2.0      11.8 
35723 -0.000000 -42.533558 -14.693412 
 59161.6  11383.2      0.1     43.3     45.8     11.0 
     0.1     86.6     51.6     28.6  19823.5  23363.7 
    -25.7      49.2      -2.5      58.1 
    -19.4      27.9      -1.3      16.4 
    -19.5      25.1      -1.2      12.4 
    -22.7      27.5      -2.2      11.6 
35724 -0.000000 -42.727760 -14.118738 
 61651.4  11298.6      0.1     43.3     45.7     10.6 
     0.1     86.6     52.1     28.6  22122.3  25148.0 
    -26.4      51.5      -2.2      57.7 
    -19.1      29.5      -1.1      17.1 
    -20.4      27.5      -1.0      12.6 
    -22.9      30.3      -1.8      11.7 
35725 -0.000000 -42.900398 -13.585126 
 64038.5  11293.7      0.1     43.3     46.3     10.6 
     0.1     86.6     51.9     28.6  23929.0  26779.5 
    -26.6      50.8       1.8      60.8 
    -19.2      28.6      -1.0      17.7 
    -20.4      26.6      -1.1      12.6 
    -23.0      30.6      -1.8      11.7 
35726 -0.000000 -43.054493 -13.088566 
 66704.2  11270.4      0.1     43.3     44.9     14.4 
     0.1     86.6     52.1     28.4  23608.7  27041.3 
    -26.1      51.1      -1.8      64.0 
    -20.1      27.4      -0.8      17.6 
    -20.6      24.5      -1.1      12.4 
    -23.3      29.0      -1.8      11.7 
35727 -0.000000 -43.192551 -12.625515 
 69136.0  11371.0      0.1     43.3     44.7     17.9 
     0.1     86.6     52.4     28.2  25380.1  28630.4 
    -27.1      51.4      -0.6      62.6 
    -19.5      28.7      -1.0      17.7 
    -20.6      25.0      -1.0      12.4 
    -23.7      28.5      -1.7      11.6 
35728 -0.000000 -43.316673 -12.192842 
 71783.5  11204.8      0.1     43.3     45.2     14.0 
     0.1     86.6     52.3     28.0  25902.8  29135.1 
    -27.6      51.3      -1.0      64.1 
    -19.8      29.8      -0.8      18.4 
    -20.6      27.1      -1.0      12.5 
    -23.2      31.0      -1.6      11.7 
35729 -0.000000 -43.428661 -11.787779 
 74213.1  11326.6      0.1     43.3     44.4     14.7 
     0.1     86.6     52.5     27.9  27260.4  30670.0 
    -24.1      48.8      -1.3      62.9 
    -20.7      29.2      -1.2      19.4 
    -20.2      27.0      -1.1      12.6 
    -24.1      31.9      -1.6      11.7 
35730 -0.000000 -43.529995 -11.407862 
 76723.5  11187.3      0.1     43.3     41.9     17.4 
     0.1     86.6     52.4     27.8  25936.7  30769.7 
    -26.8      47.6      -1.9      64.8 
    -20.4      27.8      -1.2      19.8 
    -20.6      25.3      -0.9      12.8 
    -23.5      31.2      -1.4      11.7 
35731 -0.000000 -43.621986 -11.050903 
 79460.9  11234.3      0.1     43.3     43.1     16.8 
     0.1     86.6     53.2     27.7  29824.0  33566.4 
    -25.2      48.1       0.7      62.0 
    -19.9      28.5      -0.8      20.1 
    -20.5      25.7      -0.8      12.6 
    -23.8      30.1      -1.2      11.7 
35732 -0.000000 -43.705715 -10.714950 
 81629.2  11192.1      0.1     43.3     39.5     43.2 
     0.1     86.6     52.9     27.6  29168.9  33553.1 
    -25.2      49.3      -1.1      62.4 
    -20.3      30.7      -1.4      20.7 
    -21.0      28.6      -0.7      12.9 
    -23.9      33.0      -1.4      11.7 
35733 -0.000000 -43.782146 -10.398259 
 84399.0  11286.2      0.1     43.3     41.3     17.3 
     0.1     86.6     53.3     27.5  29471.1  34031.9 
    -27.2      48.7      -3.2      68.8 
    -20.8      30.3      -1.1      20.3 
    -20.9      28.0      -0.9      12.7 
    -24.7      34.2      -1.1      11.7 
35734 -0.000000 -43.852077 -10.099266 
 86644.7  11158.9      0.1     43.3     38.6     23.1 
     0.1     86.6     53.4     27.2  29562.4  34887.4 
    -27.6      47.3      -1.6      66.8 
    -20.4      27.9      -0.8      20.6 
    -21.1      25.9      -1.0      12.7 
    -24.1      31.8      -1.2      11.8 
35735 -0.000000 -43.916229 -9.816568 
 89067.4  11235.8      0.1     43.3     40.6     23.4 
     0.1     86.6     53.2     27.3  31953.1  36855.8 
    -27.2      50.3      -0.4      68.4 
    -20.3      28.5      -1.2      20.3 
    -20.6      25.5      -1.0      12.8 
    -24.2      30.7      -1.2      12.0 
35736 -0.000000 -43.975204 -9.548901 
 91761.1  11181.3      0.1     43.3     40.0     23.0 
     0.1     86.6     53.3     27.1  33985.9  39652.0 
    -27.0      47.5       0.4      65.8 
    -20.1      30.7      -1.1      20.6 
    -20.6      28.4      -1.0      12.9 
    -24.1      33.6      -1.1      12.0 
35737 -0.000000 -44.029541 -9.295126 
 94348.0  11263.7      0.1     43.3     38.4     23.5 
     0.1     86.6     53.2     26.9  33003.5  39542.0 
    -23.6      44.0       1.4      69.2 
    -20.8      29.6      -1.1      22.1 
    -21.9      27.9      -1.1      13.1 
    -24.1      34.0      -1.3      12.2 
35738 -0.000000 -44.079716 -9.054212 
 96873.7  11199.1      0.1     43.3     34.4     22.7 
     0.1     86.6     53.5     27.1  36986.0  41276.9 
    -28.2      50.2      -4.5      66.7 
    -21.0      28.7      -1.3      23.3 
    -21.5      26.0      -1.0      13.1 
    -24.4      32.8      -1.1      12.2 
35739 -0.000000 -44.126129 -8.825226 
 99732.2  11192.6      0.1     43.3     31.9     25.1 
     0.1     86.6     53.4     26.9  35574.2  41106.4 
    -26.6      51.0      -3.5      69.6 
    -20.8      29.2      -1.3      23.3 
    -21.2      26.6      -1.2      13.4 
    -24.6      32.1      -1.2      12.0 
35740 -0.000000 -44.169155 -8.607322 
101904.9  11111.1      0.1     43.3     36.3     20.9 
     0.1     86.6     53.3     26.9  37621.2  43966.0 
    -26.2      49.4       0.8      71.9 
    -20.9      31.7      -1.1      23.7 
    -21.5      28.8      -1.0      12.9 
    -24.9      34.6      -1.5      12.0 
35741 -0.000000 -44.209099 -8.399729 
104433.3  11339.1      0.1     43.3     31.4     62.5 
     0.1     86.6     53.2     26.9  36451.0  43420.1 
    -28.0      48.6      -0.2      74.5 
    -21.4      29.7      -1.3      23.6 
    -21.4      28.2      -1.1      14.1 
    -25.2      34.7      -1.6      12.6 
35742 -0.000000 -44.246258 -8.201745 
106943.2  11252.9      0.1     43.3     36.0     25.8 
     0.1     86.6     53.4     26.7  41837.0  46445.5 
    -27.2      49.5      -1.9      74.0 
    -21.1      28.7      -1.5      24.1 
    -22.1      26.9      -1.2      13.9 
    -25.0      33.0      -1.4      12.3 
35743 -0.000000 -44.280880 -8.012731 
109488.8  11148.5      0.1     43.3     34.8     25.1 
     0.1     86.6     53.7     26.8  40904.0  47145.9 
    -28.2      46.6      -2.5      69.9 
    -20.6      28.7      -0.9      23.2 
    -21.3      26.7      -1.0      13.5 
    -25.0      32.7      -1.2      12.1 
35744 -0.000000 -44.313187 -7.832098 
112172.2  11140.0      0.1     43.3     30.3     29.2 
     0.1     86.6     53.7     26.7  37066.8  47033.5 
    -27.6      49.2       0.8      71.2 
    -21.3      31.0      -0.8      23.8 
    -21.4      29.0      -0.9      14.3 
    -25.4      34.7      -1.4      12.3 
35745 -0.000000 -44.343372 -7.659310 
114899.1  11178.2      0.1     43.3     39.1     28.2 
     0.1     86.6     53.9     26.6  42965.0  49293.3 
    -27.3      51.0      -0.8      72.0 
    -21.3      30.4      -0.9      25.1 
    -21.7      28.7      -1.2      14.1 
    -25.1      35.6      -1.3      12.5 
35746 -0.000000 -44.371635 -7.493876 
117114.8  11101.6      0.1     43.3     33.6     24.6 
     0.1     86.6     53.6     26.6  40463.7  51515.5 
    -27.1      46.2      -7.5      73.1 
    -21.8      29.5      -1.1      25.2 
    -21.7      26.5      -1.1      14.1 
    -25.8      35.6      -1.3      12.4 
35747 -0.000000 -44.398117 -7.335341 
119920.1  11198.6      0.1     43.3     37.5     24.2 
     0.1     86.6     54.0     26.7  46701.0  53275.5 
    -28.8      46.3       0.7      73.0 
    -21.7      29.3      -1.1      24.6 
    -22.2      27.6      -1.1      14.5 
    -26.6      34.5      -1.2      12.8 
35748 -0.000000 -44.446323 -7.037334 
124957.8  11197.6      0.1     43.3     35.2     23.9 
     0.1     86.6     54.3     26.5  48896.8  54495.4 
    -30.5      50.1      -4.3      77.4 
    -21.7      30.2      -0.9      24.8 
    -21.4      28.3      -0.9      14.4 
    -25.7      36.2      -1.3      12.9 
35749 -0.000000 -44.488998 -6.762328 
129953.4  11162.0      0.1     43.3     33.8     22.8 
     0.1     86.6     53.9     26.3  48167.5  56998.2 
    -27.0      46.9       5.1      74.1 
    -21.3      29.4      -0.8      26.8 
    -21.8      27.5      -1.1      14.6 
    -26.2      34.1      -1.5      12.7 
35750 -0.000000 -44.526943 -6.507784 
135169.9  11168.0      0.1     43.3     35.2     19.8 
     0.1     86.6     54.1     26.3  52566.8  58462.3 
    -28.3      49.4      -1.6      75.2 
    -21.4      30.6      -0.9      27.0 
    -22.3      29.6      -1.2      14.6 
    -26.3      38.1      -1.2      13.1 
35751 -0.000000 -44.560837 -6.271525 
140052.0  11268.8      0.1     43.3     31.7     24.8 
     0.1     86.6     54.1     26.2  47709.6  59578.6 
    -27.8      49.9      -0.4      76.2 
    -21.4      29.5      -0.9      27.0 
    -22.4      27.3      -1.4      14.6 
    -26.6      35.1      -1.4      13.4 
35752 -0.000000 -44.591225 -6.051666 
145583.5  11156.9      0.1     43.3     30.4     27.1 
     0.1     86.6     54.2     26.1  45831.2  59471.8 
    -25.7      46.8      -0.2      77.7 
    -22.1      30.9      -1.2      27.1 
    -22.1      28.8      -0.9      15.5 
    -26.8      38.3      -1.5      13.6 
35753 -0.000000 -44.618580 -5.846572 
151016.4  11271.3      0.1     43.3     35.8     20.1 
     0.1     86.6     54.3     26.1  54174.8  64437.9 
    -25.4      45.1       0.1      78.0 
    -21.9      29.4      -1.2      28.7 
    -22.5      27.4      -1.1      16.8 
    -26.7      36.3      -1.4      13.5 
35754 -0.000000 -44.643284 -5.654816 
155841.8  11169.6      0.1     43.3     35.4     28.7 
     0.1     86.6     54.2     26.0  53979.9  64729.1 
    -26.9      42.8      -2.5      74.8 
    -21.9      30.4      -1.3      28.7 
    -22.3      29.0      -0.8      15.6 
    -26.6      38.2      -1.5      14.2 
35755 -0.000000 -44.665680 -5.475147 
161090.0  11308.4      0.1     43.3     34.0     32.6 
     0.1     86.6     54.5     25.8  52483.6  67754.6 
    -27.3      39.2      -4.1      77.1 
    -21.3      28.6      -0.9      27.5 
    -22.2      26.6      -1.3      15.6 
    -27.3      36.9      -1.5      13.7 
35756 -0.000000 -44.686035 -5.306466 
165912.2  11342.7      0.1     43.3     31.1     27.1 
     0.1     86.6     54.6     25.9  51415.0  66056.1 
    -25.2      37.6       2.0      71.3 
    -22.1      30.3      -0.7      28.6 
    -22.3      29.9      -1.3      17.4 
    -27.5      39.5      -1.5      13.9 
35757 -0.000000 -44.704586 -5.147801 
171082.3  11235.0      0.1     43.3     35.0     30.9 
     0.1     86.6     54.7     25.7  55285.0  72415.8 
    -23.2      36.1       0.4      77.3 
    -22.0      29.2      -1.0      30.5 
    -22.5      27.3      -1.0      16.1 
    -26.8      36.3      -1.3      13.8 
35758 -0.000000 -44.721550 -4.998291 
176327.5  11186.5      0.1     43.3     36.8     28.3 
     0.1     86.6     54.7     25.8  57752.9  72794.5 
    -25.3      39.0      -1.7      77.2 
    -21.9      30.4      -1.0      31.0 
    -21.9      29.8      -1.2      17.3 
    -27.6      40.2      -1.2      14.6 
35759 -0.000000 -44.737095 -4.857171 
182111.8  11316.3      0.1     43.3     35.7     31.2 
     0.1     86.6     54.1     25.7  52645.4  68435.0 
    -22.5      37.6      -4.3      80.3 
    -21.8      28.0      -1.3      30.4 
    -22.6      27.7      -1.2      18.1 
    -27.9      38.4      -1.9      14.8 
35760 -0.000000 -44.751385 -4.723757 
186821.5  11457.3      0.1     43.3     37.3     53.9 
     0.1     86.6     54.9     25.7  70712.8  79396.8 
    -21.6      30.3      -4.9      79.6 
    -21.9      29.4      -0.6      31.2 
    -22.6      29.7      -1.1      17.6 
    -28.2      40.4      -1.5      15.4 
35761 40.647488 -0.000000 -19.307556 
 44792.8   9335.3     -0.2     41.4     41.6     28.9 
    -0.3     84.2     41.6     57.7  14724.1  17434.3 
     -5.3      82.1      28.2      46.3 
      0.3      37.6      20.9      22.2 
      0.1      13.6      20.8      19.8 
      0.1       4.4      22.3      20.8 
35762 39.954453 -0.000000 -20.703671 
 41909.6   9716.2      0.0     41.4     41.6     28.9 
    -0.0     84.1     41.6     57.7  14635.2  15905.1 
      0.1      81.7      29.5      50.3 
      0.6      33.9      19.6      19.6 
     -1.1      13.8      19.7      16.5 
     -0.2       7.8      20.6      18.0 
35763 39.094978 -0.000000 -22.284138 
 38974.2  10169.5      0.1     41.3     41.6     28.9 
     0.1     84.1     41.6     57.7  13590.7  15340.6 
      4.8      80.2      26.3      48.4 
      2.6      32.8      18.5      19.7 
      0.5      14.2      18.4      17.5 
      0.2       7.8      19.3      19.0 
35764 38.016857 -0.000000 -24.077343 
 36143.0  10836.0     -0.2     41.1     41.6     28.9 
    -0.2     84.1     41.6     57.7  12820.2  14265.6 
     -3.3      77.5      25.0      49.9 
      0.8      29.4      17.8      18.7 
     -0.3      10.8      17.1      14.7 
      0.1       6.0      17.3      15.3 
35765 36.648933 -0.000000 -26.112364 
 33502.1  11738.0      0.2     41.3     41.6     28.9 
     0.2     84.2     59.2     11.4  11247.1  12645.3 
      2.6      79.8      24.3      51.2 
     -0.3      24.0      15.7      17.7 
      0.2       7.7      15.2      15.1 
     -0.3       3.1      15.9      16.3 
35766 34.894611 -0.000000 -28.414185 
 30833.4  12989.8      0.1     41.5     41.6     28.9 
     0.1     84.4     55.0     11.3  10359.3  11393.7 
     -1.1      78.6      21.3      49.8 
     -1.5      26.3      13.7      16.2 
     -0.2       3.9      13.5      12.3 
     -0.2       2.8      13.3      12.6 
35767 32.624973 -0.000000 -30.993725 
 28524.0  15028.2     -0.1     41.5     53.2     10.5 
    -0.1     84.5     54.0     20.4   9963.8  11004.6 
      0.2      79.4      17.6      47.9 
      1.2      21.5      11.2      15.4 
     -0.3       5.6      11.1      12.2 
     -0.2       2.2      10.7      13.2 
35768 29.674702 -0.000000 -33.829159 
 26592.5  17506.5     -0.6     41.6     52.1      7.1 
    -0.5     84.6     53.1     31.1   8855.6   9492.9 
      0.2      76.2      16.2      49.4 
     -1.5      18.6       8.9      13.5 
      0.1       6.2       8.6      10.4 
     -0.0       2.7       8.4      10.0 
35769 25.849159 -0.000000 -36.835049 
 24692.2  20039.0     -0.3     41.5     51.3     13.6 
    -0.2     84.7     51.5     41.5   8492.1   9365.4 
      2.6      76.8      12.5      51.3 
      0.4      17.1       4.1      12.6 
      0.1       5.2       3.6       9.3 
     -0.2       1.9       3.4       8.0 
35770 20.958590 -0.000000 -39.821320 
 23417.9  19488.9     -0.4     41.7     47.5     21.7 
    -0.4     84.7     47.7     50.0   7985.8   8511.9 
     -3.5      74.8      15.4      60.0 
      0.7      16.2       0.3      11.5 
     -0.4       5.2       0.2       8.1 
     -0.1       1.4      -0.2       6.8 
35771 14.898947 -0.000000 -42.462002 
 21891.3  18117.4     -0.1     41.7     43.6     24.2 
    -0.1     84.9     43.8     52.7   7447.9   8095.6 
     -6.1      76.1      11.1      60.6 
      0.6      13.2       2.1       9.8 
     -0.2       2.9       0.8       3.0 
     -0.0       1.8       0.6       2.7 
35772 11.452198 -0.000000 -43.518353 
 21113.7  17688.4     -0.1     41.8     43.7     21.9 
    -0.1     84.9     44.5     50.0   6848.8   7466.4 
      0.8      71.4       7.6      56.1 
      0.2      13.9       3.0      10.9 
      0.1       2.3       2.4       8.1 
     -0.2       1.1       0.9       6.9 
35773 7.775977 -0.000000 -44.323067 
 20534.9  17082.7      0.1     41.9     42.9     18.6 
     0.2     85.0     44.1     46.1   6430.1   7179.2 
     -2.9      70.3       4.0      49.0 
      1.5      17.9      -0.2      11.4 
      0.0       3.5      -1.7       9.0 
     -0.1       1.7      -2.9       8.4 
35774 3.932269 -0.000000 -44.827866 
 20058.1  15789.8     -0.1     42.3     40.8     14.9 
    -0.2     85.2     42.7     41.7   5895.7   6748.7 
     -4.8      70.6       0.7      42.7 
     -0.1      16.0      -3.4      12.7 
     -0.4       5.5      -4.3      10.6 
     -0.1       1.1      -5.6       9.4 
35775 -0.000000 -0.000000 -45.000000 
 19698.5  14948.0     -0.0     42.0     38.6     12.3 
    -0.0     85.2     41.9     37.4   6120.3   6682.8 
      2.1      69.8      -4.5      41.3 
      1.3      15.7      -5.3      14.6 
     -0.2       3.0      -6.3      11.9 
     -0.1       1.0      -7.8      10.5 
35776 -3.932269 -0.000000 -44.827866 
 19583.6  13410.9     -0.2     42.2     35.3     10.9 
    -0.2     85.3     40.7     33.1   5183.3   6045.7 
      5.4      70.7      -6.5      41.7 
     -0.5      16.1      -7.1      16.0 
     -0.4       2.3      -8.1      13.7 
     -0.1       1.0     -10.1      13.0 
35777 -7.775977 -0.000000 -44.323067 
 19590.8  12468.4      0.5     42.0     30.3     10.9 
     0.5     85.2     40.4     28.8   5327.9   5903.9 
     -2.1      71.5      -8.9      40.1 
     -0.6      17.4      -7.7      17.5 
     -0.1       3.8      -8.7      15.5 
      0.0       1.7     -11.8      16.3 
35778 -11.452198 -0.000000 -43.518353 
 19917.7  11760.8      0.1     42.3     22.0     14.9 
     0.1     85.4     39.8     24.6   4755.4   5606.0 
      1.6      76.1     -10.9      41.3 
      1.7      16.6      -8.9      17.3 
     -0.6       5.0      -9.3      15.6 
     -0.2       1.0     -12.9      18.1 
35779 -14.898947 -0.000000 -42.462002 
 20253.2  10474.9      0.1     42.5      8.9     20.6 
     0.1     85.4     39.8     20.5   4698.7   5494.9 
      2.2      74.2     -10.7      43.6 
     -1.8      15.5      -8.7      18.1 
      0.3       4.5      -9.8      15.3 
     -0.2       1.1     -12.9      18.0 
35780 -20.958590 -0.000000 -39.821320 
 21370.4   9604.1     -0.4     42.4     -8.7     26.6 
    -0.3     85.4     36.6     14.3   4018.1   5325.9 
     -0.5      72.6     -10.8      42.2 
      1.9      15.7      -7.9      21.2 
     -0.7       5.7      -9.5      18.8 
     -0.2       2.3     -14.2      19.4 
35781 -25.849159 -0.000000 -36.835049 
 22972.2   8940.5      0.3     42.5    -25.9     50.0 
     0.3     85.4     27.2     14.0   3831.5   5103.0 
      2.3      73.9     -11.4      45.1 
      0.4      19.4      -8.3      22.2 
     -1.2       7.7      -9.3      20.3 
      0.2       3.7     -15.1      25.2 
35782 -29.674702 -0.000000 -33.829159 
 25028.8   8422.3     -0.2     42.3    -26.7     72.6 
    -0.2     85.3     13.4     17.5   3714.1   4906.3 
      0.0      75.4     -11.7      43.9 
      0.4      26.2      -7.9      23.2 
      0.5       4.3      -9.2      20.9 
     -0.6       4.5     -17.1      25.7 
35783 -32.624973 -0.000000 -30.993725 
 27385.2   7947.1     -0.2     42.3    -21.8    111.4 
    -0.2     85.2     41.6     57.7   4076.3   5420.4 
      0.4      81.5     -13.9      45.7 
     -1.7      25.1      -7.9      24.7 
      0.2       5.1      -9.6      24.2 
      0.1       3.7     -18.6      31.8 
35784 -34.894611 -0.000000 -28.414185 
 29779.1   7747.2      0.2     42.4    -30.1    136.6 
     0.1     85.2     41.6     57.7   3881.3   5352.5 
     -0.4      82.0     -13.7      43.7 
     -0.9      28.5      -7.9      25.1 
     -0.2       9.0     -10.0      22.7 
     -0.2       1.9     -21.1      35.2 
35785 -36.648933 -0.000000 -26.112364 
 32501.5   7534.5     -0.2     42.3      6.9    164.0 
    -0.3     85.1     41.6     57.7   3795.0   5158.7 
     -4.7      83.9     -12.0      43.3 
     -0.5      30.5      -7.8      26.4 
     -0.7       7.4     -10.0      26.3 
      0.1       6.2     -23.8      40.3 
35786 -38.016857 -0.000000 -24.077343 
 35151.4   7410.3      0.2     42.1     14.2    185.8 
     0.2     84.9     41.6     57.7   4239.5   5851.4 
     -1.3      82.5     -12.6      44.3 
     -1.9      30.1      -7.9      26.5 
      0.6      13.5      -9.9      25.3 
     -0.6       6.5     -26.0      44.8 
35787 -39.094978 -0.000000 -22.284138 
 38190.0   7343.8     -0.0     42.9      1.0    207.6 
     0.0     84.9     41.6     57.7   4016.1   5703.2 
     -3.9      81.2     -12.6      45.3 
      0.5      32.9      -8.0      29.0 
     -1.1      16.6      -9.5      28.4 
      0.1      12.6     -28.4      49.8 
35788 -39.954453 -0.000000 -20.703671 
 41064.4   7288.8      0.4     42.1     11.2    232.0 
     0.4     84.8     41.6     57.7   5012.9   6317.5 
      1.1      83.0     -11.8      42.3 
     -2.8      37.4      -8.5      28.9 
     -0.8      11.7     -10.1      27.7 
     -1.0       9.3     -30.9      53.6 
35789 -40.647488 -0.000000 -19.307556 
 44063.1   7232.0      0.1     42.1      6.6    244.4 
     0.2     84.7     41.6     57.7   4266.1   6094.2 
      0.7      84.5     -13.7      42.5 
      1.1      38.2      -8.1      29.5 
     -0.9      16.7      -9.8      30.2 
     -0.8      15.4     -33.6      61.1 
35790 37.802700 -16.538681 -17.956282 
 47143.3  10040.0    -50.5     69.4    204.1    120.5 
    -3.8     25.0     41.6     57.7  11738.9  15488.8 
    -15.6      54.6      28.9      50.3 
    -11.0      21.4      20.2      21.6 
    -11.1      16.6      20.0      19.7 
    -11.2      16.4      20.8      22.4 
35791 36.787724 -17.557777 -19.062731 
 44388.9  10558.1    -41.2     68.7    238.1     46.1 
    -4.2     26.2     41.6     57.7  12663.5  15598.2 
    -17.0      53.4      27.9      50.4 
    -11.3      20.8      19.2      19.5 
    -10.8      16.4      18.9      17.0 
    -11.5      16.3      19.5      19.2 
35792 35.569786 -18.674139 -20.274778 
 41647.0  11235.9    -20.7     45.5     41.6     28.9 
    -4.0     27.1     41.6     57.7  12790.3  14842.1 
    -14.1      50.9      22.3      48.8 
    -11.3      21.7      18.3      20.4 
    -11.2      17.0      18.0      17.3 
    -11.8      16.7      18.3      19.1 
35793 34.100807 -19.892136 -21.597176 
 39306.0  12064.6    -11.2     33.3     41.6     28.9 
    -4.3     28.0     41.6     57.7  13519.1  15294.6 
    -14.5      51.3      23.9      50.1 
    -11.6      21.3      16.7      18.1 
    -11.4      17.2      16.6      15.3 
    -11.9      17.4      16.6      15.8 
35794 32.322113 -21.211386 -23.029505 
 36907.3  13075.7     -9.8     22.6     41.6     28.9 
    -4.6     29.2     50.7     15.0  11400.7  12515.7 
    -17.5      52.0      21.9      52.6 
    -11.4      21.2      14.7      17.7 
    -11.5      16.9      14.8      14.6 
    -12.0      17.5      15.0      16.1 
35795 30.164263 -22.623199 -24.562328 
 34681.4  14480.3    -22.3     28.9     41.6     28.9 
    -4.9     29.9     53.5     12.2  10461.9  12256.8 
    -15.3      51.6      18.9      51.2 
    -12.0      21.7      12.9      16.0 
    -11.6      17.5      12.7      13.0 
    -12.4      17.9      12.7      12.7 
35796 27.549229 -24.105576 -26.171766 
 32771.4  15885.7    -16.4     20.8     46.0     14.4 
    -5.3     30.8     53.1     19.5  10535.6  11984.3 
    -18.1      53.3      16.2      51.4 
    -12.3      21.8      10.6      15.4 
    -11.6      17.8      10.1      12.1 
    -12.3      18.9       9.9      12.9 
35797 24.397142 -25.617001 -27.812742 
 31123.0  16728.5    -12.8     20.6     50.8      8.8 
    -5.5     31.4     52.5     29.7  10010.5  11184.4 
    -16.1      50.0      14.4      49.2 
    -12.4      21.8       8.2      13.7 
    -12.2      17.3       7.9      10.2 
    -12.5      18.4       8.0      10.2 
35798 20.640287 -27.090378 -29.412409 
 29736.7  16600.5    -13.9     22.4     51.1     12.9 
    -5.7     32.4     51.4     40.3  10124.9  10959.0 
    -17.1      52.1       9.9      52.8 
    -12.6      22.0       3.9      13.4 
    -12.4      18.1       3.1       9.6 
    -12.6      19.2       2.8       9.1 
35799 16.245913 -28.430346 -30.867231 
 28515.3  15969.8    -12.2     18.2     47.7     21.4 
    -6.5     33.0     47.9     49.6   8634.7   9946.2 
    -17.7      52.9       7.8      64.2 
    -12.9      22.1       0.3      13.1 
    -12.7      17.9      -0.8       9.0 
    -13.4      19.5      -0.9       8.1 
35800 11.245388 -29.519146 -32.049355 
 27533.8  15316.3    -20.3     20.3     44.3     23.5 
    -6.8     33.9     44.8     51.9   8978.2   9977.9 
    -19.2      52.6       5.7      62.6 
    -14.0      22.2       2.2      13.6 
    -13.3      18.4       1.5       4.2 
    -14.6      20.3       0.6       3.0 
35801 8.551672 -29.930853 -32.496353 
 27051.9  15154.4    -23.2     19.6     45.8     20.4 
    -7.4     33.6     46.5     48.5   8575.0   9710.4 
    -19.7      51.1       5.6      60.7 
    -14.6      22.5       5.0      13.0 
    -13.9      18.0       4.3       9.2 
    -15.5      20.2       2.3       8.1 
35802 5.759181 -30.235706 -32.827335 
 26623.8  14887.9    -24.1     16.5     45.6     17.0 
    -8.0     34.3     46.8     44.3   7963.7   8998.5 
    -18.7      49.4       3.7      52.0 
    -14.3      22.3       1.3      12.9 
    -14.4      18.8       0.2      10.3 
    -15.9      20.8      -1.2       9.6 
35803 2.897443 -30.423149 -33.030846 
 26265.8  14792.0    -26.9     17.1     44.1     13.1 
    -8.2     34.7     46.2     39.5   7527.8   8981.9 
    -18.6      49.0       2.3      49.6 
    -14.3      22.9      -1.6      13.5 
    -14.0      19.3      -2.2      11.3 
    -15.8      21.2      -3.7      10.5 
35804 -0.000000 -30.486408 -33.099529 
 25814.4  14932.0    -21.8     20.8     41.2     11.0 
    -8.2     35.5     45.3     34.7   7390.7   8596.9 
    -19.2      50.6      -3.0      46.4 
    -14.1      23.0      -3.5      14.5 
    -14.6      19.6      -4.5      12.4 
    -16.1      21.3      -6.1      11.5 
35805 -2.897443 -30.423149 -33.030846 
 25850.6  14657.4    -22.5     18.1     34.9     10.9 
    -8.4     35.1     44.4     30.0   7312.3   8596.0 
    -17.5      51.1      -5.2      45.0 
    -13.9      23.2      -5.8      15.7 
    -14.5      19.6      -6.7      13.6 
    -16.5      21.5      -8.3      13.7 
35806 -5.759181 -30.235706 -32.827335 
 25696.4  14814.9    -23.0     20.5     27.7     11.9 
    -8.1     35.5     43.9     25.4   6891.0   8039.7 
    -19.3      49.7      -6.7      44.6 
    -13.3      23.5      -6.4      16.2 
    -14.3      20.0      -7.4      14.3 
    -16.1      22.1      -9.6      15.7 
35807 -8.551672 -29.930853 -32.496353 
 25857.2  14238.9    -22.9     21.0     18.6     17.4 
    -8.0     35.8     43.3     21.4   6663.9   7771.7 
    -17.6      50.5      -8.3      46.2 
    -13.9      23.4      -7.4      16.8 
    -14.3      20.0      -8.1      14.2 
    -15.7      22.3     -10.2      16.3 
35808 -11.245388 -29.519146 -32.049355 
 26164.6  13360.2    -20.1     22.0      4.2     22.9 
    -7.7     35.6     42.4     17.9   6517.0   7798.7 
    -17.4      50.4      -9.2      45.4 
    -13.1      23.6      -7.3      17.7 
    -13.6      20.0      -8.1      14.5 
    -14.8      22.3     -10.1      16.2 
35809 -16.245913 -28.430346 -30.867231 
 26700.0  12298.0    -18.8     25.6    -14.5     38.9 
    -7.0     35.6     36.9     16.0   6162.3   7504.0 
    -15.2      48.6      -9.0      46.3 
    -12.5      23.3      -6.3      20.2 
    -12.7      20.5      -7.1      19.0 
    -14.8      21.6     -11.0      19.7 
35810 -20.640287 -27.090378 -29.412409 
 27760.8  11117.7    -35.6     33.4    -22.9     48.4 
    -6.9     34.6     24.8     14.9   5697.1   6771.5 
    -14.9      49.8      -9.6      43.8 
    -12.4      23.6      -6.8      21.4 
    -12.3      19.9      -7.6      19.4 
    -14.7      22.4     -11.8      23.1 
35811 -24.397142 -25.617001 -27.812742 
 29487.1  10141.5    -33.3     43.9    -21.7     86.6 
    -6.7     33.5     41.6     57.7   4689.3   5900.5 
    -16.0      52.0     -11.3      44.9 
    -12.0      22.9      -6.6      22.7 
    -12.2      19.3      -7.5      21.1 
    -14.5      20.9     -13.6      26.3 
35812 -27.549229 -24.105576 -26.171766 
 31150.9   9570.2    -36.0     51.2    -19.7    124.5 
    -6.0     32.4     41.6     57.7   4758.2   6040.6 
    -14.8      51.4     -10.1      43.0 
    -11.8      22.9      -7.0      24.7 
    -11.6      19.0      -7.9      23.5 
    -14.5      21.1     -16.6      33.0 
35813 -30.164263 -22.623199 -24.562328 
 33080.5   8997.0    -37.8     58.5    -38.8    139.3 
    -5.9     31.1     41.6     57.7   5065.0   6347.7 
    -15.9      52.0     -12.0      45.6 
    -11.4      22.8      -7.3      26.3 
    -11.2      18.8      -8.4      24.1 
    -14.6      21.8     -18.9      38.2 
35814 -32.322113 -21.211386 -23.029505 
 35431.5   8645.7    -35.2     62.1    -26.0    176.1 
    -5.6     30.2     41.6     57.7   5088.2   6208.7 
    -16.1      51.7     -12.5      44.6 
    -10.9      22.8      -6.9      27.6 
    -11.8      19.3      -8.8      27.9 
    -14.8      21.2     -21.8      45.2 
35815 -34.100807 -19.892136 -21.597176 
 37600.3   8220.2    -38.2     67.5    -51.1    188.7 
    -5.8     29.0     41.6     57.7   4800.4   5854.7 
    -14.0      53.6     -12.2      44.6 
    -11.1      22.4      -7.8      29.3 
    -11.3      17.7      -9.8      27.6 
    -15.1      20.9     -25.7      54.4 
35816 -35.569786 -18.674139 -20.274778 
 39905.0   8089.7    -39.8     69.1    -82.4    191.4 
    -5.5     28.1     41.6     57.7   5213.6   6091.8 
    -14.3      52.6     -12.2      47.5 
    -10.4      22.5      -8.0      31.9 
    -11.6      18.6     -10.9      32.5 
    -15.6      22.7     -29.5      63.2 
35817 -36.787724 -17.557777 -19.062731 
 42739.0   7887.7    -40.7     70.2   -103.4    207.6 
    -5.5     27.1     41.6     57.7   4970.0   6236.3 
    -14.8      53.6     -12.6      46.4 
    -10.8      21.9      -8.4      31.3 
    -11.1      18.2     -10.3      31.3 
    -16.2      22.9     -33.2      69.4 
35818 -37.802700 -16.538681 -17.956282 
 45088.2   7801.1    -37.6     72.8    -76.0    242.5 
    -4.9     26.3     41.6     57.7   5027.9   6545.1 
    -12.9      53.7     -12.5      45.9 
    -10.0      21.1      -8.4      32.6 
    -10.9      17.7     -11.4      35.1 
    -16.2      22.0     -37.2      79.5 
35819 31.889639 -27.903433 -15.147578 
 55275.9  11647.6      0.1     43.3     41.6     28.9 
     0.1     86.6     41.6     57.7  17052.4  20365.0 
    -19.4      53.9      26.0      51.3 
    -13.8      24.8      19.3      20.7 
    -14.2      21.5      19.5      17.7 
    -15.1      22.5      19.8      19.9 
35820 30.480156 -29.094694 -15.794263 
 53008.4  12345.4      0.1     43.3     41.6     28.9 
     0.1     86.6     41.6     57.7  18704.6  20371.8 
    -21.8      50.8      25.4      50.8 
    -14.5      25.4      18.5      19.1 
    -14.1      21.8      18.6      15.7 
    -15.3      22.3      18.9      16.4 
35821 28.882971 -30.327118 -16.463293 
 51016.6  12698.2      0.1     43.3     41.6     28.9 
     0.1     86.6     41.6     57.7  17448.7  19199.4 
    -19.2      50.4      23.6      50.5 
    -14.3      26.4      17.7      19.4 
    -14.3      22.5      17.2      15.4 
    -16.2      23.2      17.6      16.7 
35822 27.075920 -31.588573 -17.148083 
 49333.0  12759.6      0.1     43.3     41.6     28.9 
     0.1     86.6     41.6     57.7  16822.4  18817.2 
    -22.0      51.5      21.2      50.2 
    -14.4      25.9      16.3      18.4 
    -14.5      22.6      16.1      14.1 
    -16.0      23.3      16.3      14.0 
35823 25.037458 -32.861668 -17.839190 
 47621.2  13641.3      0.1     43.3     41.6     28.9 
     0.1     86.6     49.3      7.3  16200.3  18471.9 
    -21.6      51.7      22.2      57.2 
    -14.8      26.3      14.7      17.5 
    -14.8      23.1      14.4      13.6 
    -15.9      23.1      14.4      13.4 
35824 22.748573 -34.122864 -18.523840 
 45905.9  13450.2      0.1     43.3     41.6     28.9 
     0.1     86.6     52.8      9.5  15574.4  17335.3 
    -21.5      49.3      19.3      51.8 
    -15.1      25.8      12.6      15.8 
    -15.2      22.7      12.6      11.4 
    -16.2      23.2      12.3      11.2 
35825 20.195421 -35.341984 -19.185650 
 44419.6  13458.5      0.1     43.3     41.6     28.9 
     0.1     86.6     53.2     16.0  15799.4  16977.7 
    -20.9      51.7      16.4      56.3 
    -15.0      26.3      10.1      15.5 
    -14.9      23.6       9.7      11.2 
    -16.8      24.0       9.7      11.3 
35826 17.372576 -36.482407 -19.804735 
 43493.8  13147.3      0.1     43.3     50.6      7.2 
     0.1     86.6     53.1     26.9  14729.4  16777.8 
    -21.9      51.1      11.6      54.2 
    -15.8      26.3       8.0      14.8 
    -15.3      23.3       7.6       9.6 
    -17.1      23.2       7.9       9.2 
35827 14.286614 -37.502361 -20.358425 
 42484.3  12891.8      0.1     43.3     52.5     10.6 
     0.1     86.6     52.0     38.5  14925.4  16648.6 
    -23.3      51.1       9.8      57.8 
    -16.2      26.4       3.9      14.8 
    -16.5      23.1       3.5       9.9 
    -17.7      23.9       2.7       9.1 
35828 10.959324 -38.357632 -20.822714 
 41878.7  12488.3      0.1     43.3     49.5     20.0 
     0.1     86.6     49.4     48.4  14548.0  15889.7 
    -22.7      51.7       8.3      65.9 
    -16.6      26.4       0.3      16.0 
    -16.6      22.8      -1.0       9.4 
    -18.3      23.6      -1.5       8.8 
35829 7.429648 -39.005653 -21.174498 
 41303.9  12363.2      0.1     43.3     46.1     22.1 
     0.1     86.6     46.4     50.5  14937.2  15971.4 
    -23.8      47.8       3.7      65.8 
    -17.1      26.4       3.8      16.2 
    -17.7      23.3       2.5       5.8 
    -19.3      22.8       1.7       4.7 
35830 5.605763 -39.240341 -21.301901 
 40880.7  12362.8      0.1     43.3     48.4     18.5 
     0.1     86.6     49.0     46.6  14775.0  16147.3 
    -22.8      52.8       7.4      64.9 
    -17.4      26.3       6.1      17.6 
    -17.5      23.2       6.1      10.6 
    -20.3      23.3       4.7       9.8 
35831 3.753390 -39.410595 -21.394323 
 40863.2  12157.6      0.1     43.3     49.4     14.2 
     0.1     86.6     50.2     42.0  14407.2  15650.3 
    -22.9      51.5       4.5      58.6 
    -17.9      26.5       3.1      16.3 
    -18.2      23.5       2.9      11.9 
    -20.5      23.7       1.6      10.5 
35832 1.881610 -39.513817 -21.450357 
 40491.2  12273.6      0.1     43.3     48.6      9.5 
     0.1     86.6     49.8     36.4  14122.9  15472.6 
    -23.4      51.2       2.4      56.0 
    -17.6      27.1       0.4      15.1 
    -18.1      23.4      -0.2      11.7 
    -20.6      23.5      -1.3      11.0 
35833 -0.000000 -39.548401 -21.469133 
 40168.1  12119.9      0.1     43.3     45.2      7.6 
     0.1     86.6     49.3     30.9  13563.3  15074.9 
    -21.9      51.4      -0.8      52.2 
    -17.2      26.6      -2.0      15.0 
    -17.7      23.7      -2.1      12.4 
    -21.0      23.9      -3.6      11.4 
35834 -1.881610 -39.513817 -21.450357 
 40134.3  12233.5      0.1     43.3     37.7     10.8 
     0.1     86.6     49.1     25.2  12862.0  15060.2 
    -24.2      50.8      -4.8      53.1 
    -17.0      27.4      -4.9      15.3 
    -17.8      23.5      -5.2      12.3 
    -20.7      25.0      -6.2      11.9 
35835 -3.753390 -39.410595 -21.394323 
 40081.2  12180.8      0.1     43.3     23.0     18.0 
     0.1     86.6     48.4     20.1  13379.9  14885.9 
    -24.1      51.6      -4.2      52.9 
    -17.0      27.4      -5.4      15.7 
    -18.0      24.1      -5.9      12.2 
    -20.8      24.8      -7.3      12.4 
35836 -5.605763 -39.240341 -21.301901 
 39939.4  12113.5      0.1     43.3     12.0     22.4 
     0.1     86.6     48.0     15.2  12744.9  14050.8 
    -22.5      51.5      -4.7      50.9 
    -16.7      27.2      -5.2      15.3 
    -18.0      24.3      -5.8      11.9 
    -20.3      25.5      -7.1      12.2 
35837 -7.429648 -39.005653 -21.174498 
 40089.3  12331.3      0.1     43.3     -8.5     27.8 
     0.1     86.6     46.7     11.2  12249.5  13958.0 
    -21.7      52.3      -6.6      52.0 
    -16.8      27.5      -4.6      15.9 
    -18.1      24.5      -5.6      12.2 
    -20.3      25.6      -6.9      12.1 
35838 -10.959324 -38.357632 -20.822714 
 40207.8  12546.0      0.1     43.3    -15.5     49.9 
     0.1     86.6     40.0      9.7  12051.7  13757.3 
    -21.4      49.4      -6.8      47.2 
    -17.0      27.3      -4.7      18.0 
    -17.5      24.4      -5.0      15.1 
    -20.2      25.5      -7.5      16.1 
35839 -14.286614 -37.502361 -20.358425 
 41025.4  12471.0      0.1     43.3     41.6     28.9 
     0.1     86.6     41.6     57.7  11417.7  13376.1 
    -23.6      53.6      -6.7      49.4 
    -17.2      27.4      -4.7      17.7 
    -17.0      24.7      -5.1      15.1 
    -20.3      26.7      -7.7      16.7 
35840 -17.372576 -36.482407 -19.804735 
 41654.3  12120.7      0.1     43.3     41.6     28.9 
     0.1     86.6     41.6     57.7  11616.7  13652.9 
    -23.0      50.0      -8.0      44.7 
    -16.4      27.5      -3.9      19.9 
    -16.9      24.5      -4.7      17.8 
    -20.0      26.0      -8.1      20.0 
35841 -20.195421 -35.341984 -19.185650 
 42873.4  12260.5     44.7    150.6     79.6    142.6 
     0.1     86.6     41.6     57.7  11429.4  13896.8 
    -21.5      51.4      -8.4      45.0 
    -15.7      27.5      -3.8      19.8 
    -17.0      24.4      -5.1      17.6 
    -19.5      26.7      -8.4      21.5 
35842 -22.748573 -34.122864 -18.523840 
 44304.9  11593.6    -14.5    143.6      5.0    148.9 
     0.1     86.6     41.6     57.7  10207.0  13117.6 
    -22.5      53.2      -9.2      43.0 
    -15.9      26.5      -4.2      21.3 
    -16.3      23.8      -5.0      19.7 
    -20.2      27.7     -10.1      24.9 
35843 -25.037458 -32.861668 -17.839190 
 45938.6  10684.9     28.8    174.0     72.9    196.9 
     0.1     86.6     41.6     57.7   9268.8  11392.7 
    -21.9      51.0     -10.4      42.2 
    -15.2      27.6      -4.4      22.8 
    -16.2      24.8      -5.4      20.9 
    -21.2      30.8     -11.6      29.9 
35844 -27.075920 -31.588573 -17.148083 
 47727.5  10452.6    -12.2    171.3      0.4    198.7 
     0.1     86.6     41.6     57.7   7338.6  10083.0 
    -21.2      50.6      -8.9      42.5 
    -15.4      26.7      -4.9      23.5 
    -16.1      24.2      -5.7      22.3 
    -21.9      33.0     -13.5      35.0 
35845 -28.882971 -30.327118 -16.463293 
 49430.6   9947.1    -44.5    168.6    -21.2    208.7 
     0.1     86.6     41.6     57.7   6987.0   8665.8 
    -20.3      51.4      -9.7      42.8 
    -15.2      26.9      -4.8      25.0 
    -16.0      23.9      -6.2      24.5 
    -24.3      37.7     -17.5      44.3 
35846 -30.480156 -29.094694 -15.794263 
 51367.9   9634.2    -64.5    164.9    -70.0    206.8 
     0.1     86.6     41.6     57.7   6031.5   7415.1 
    -17.6      52.3      -8.5      41.4 
    -15.1      27.1      -5.3      26.0 
    -16.1      24.4      -6.9      25.1 
    -24.8      39.6     -19.9      49.4 
35847 -31.889639 -27.903433 -15.147578 
 53389.1   9194.4    -24.4    176.0    -35.3    238.7 
     0.1     86.6     41.6     57.7   5926.6   7590.5 
    -20.5      51.3      -9.3      41.0 
    -15.3      27.0      -6.3      27.8 
    -15.7      24.6      -7.9      29.1 
    -24.8      42.2     -22.9      62.0 
35848 21.730955 -38.029171 -10.322203 
 81758.3  12612.0      0.1     43.3     41.6     28.9 
     0.1     86.6     41.6     57.7  26382.1  31685.3 
    -23.0      51.2      23.3      52.7 
    -17.5      29.2      19.1      20.8 
    -17.5      26.7      18.8      15.2 
    -19.8      31.9      19.6      16.7 
35849 20.301725 -38.757835 -10.519984 
 80572.5  12508.4      0.1     43.3     41.6     28.9 
     0.1     86.6     41.6     57.7  25956.9  30551.9 
    -23.0      48.5      21.4      55.8 
    -17.6      28.7      17.9      20.6 
    -17.8      25.8      17.9      13.6 
    -19.6      30.4      18.5      14.6 
35850 18.790987 -39.461071 -10.710862 
 79639.7  12500.8      0.1     43.3     41.6     28.9 
     0.1     86.6     41.6     57.7  28266.2  31706.1 
    -21.5      46.9      20.6      55.4 
    -17.5      28.8      17.2      20.7 
    -18.3      26.8      17.3      12.9 
    -20.4      31.5      17.6      13.6 
35851 17.199198 -40.131458 -10.892824 
 78323.9  12272.3      0.1     43.3     41.6     28.9 
     0.1     86.6     41.6     57.7  25514.2  32048.2 
    -23.3      47.3      20.3      56.4 
    -18.1      28.7      15.8      19.0 
    -18.1      26.5      15.8      12.6 
    -20.6      31.3      16.1      12.2 
35852 15.528065 -40.761169 -11.063745 
 77545.7  12001.5      0.1     43.3    101.9     83.1 
     0.1     86.6     41.6     57.7  23888.1  30260.6 
    -25.1      48.1      19.0      61.4 
    -18.0      29.4      14.5      20.4 
    -18.2      26.9      14.4      11.6 
    -20.3      32.6      14.4      11.5 
35853 13.780708 -41.342125 -11.221435 
 76729.7  11823.2      0.1     43.3     41.6     28.9 
     0.1     86.6     49.4      6.3  27248.9  30875.9 
    -27.6      51.7      16.9      66.1 
    -18.5      29.0      12.4      19.0 
    -18.6      26.9      12.5      11.0 
    -21.0      31.6      12.8       9.9 
35854 11.961784 -41.866245 -11.363695 
 76156.5  11649.5      0.1     43.3     53.7     54.7 
     0.1     86.6     54.1     11.1  26903.4  30556.1 
    -27.0      50.1      11.9      60.0 
    -18.7      28.9      10.5      19.6 
    -18.8      27.2      10.2      10.8 
    -20.5      31.0      10.1       9.9 
35855 10.077535 -42.325645 -11.488389 
 75710.4  11607.6      0.1     43.3     61.4     22.9 
     0.1     86.6     53.9     23.2  27432.3  31500.2 
    -24.6      48.7      10.7      66.1 
    -19.0      29.4       7.9      20.6 
    -19.0      27.0       7.3      10.8 
    -21.0      30.8       7.7       9.6 
35856 8.135806 -42.712982 -11.593524 
 75387.1  11402.5      0.1     43.3     53.9      8.3 
     0.1     86.6     52.9     35.7  28596.0  31811.5 
    -26.3      51.6       8.5      65.9 
    -19.6      29.1       4.2      19.9 
    -19.3      26.9       3.5      10.4 
    -21.5      31.1       3.1       9.4 
35857 6.145958 -43.021706 -11.677320 
 74980.9  11331.4      0.1     43.3     50.8     18.6 
     0.1     86.6     50.4     47.1  27497.0  30953.9 
    -25.4      49.0       7.8      76.9 
    -19.9      29.3       1.0      24.6 
    -19.8      26.8      -0.8      12.5 
    -22.3      31.3      -1.3       9.5 
35858 4.118702 -43.246368 -11.738300 
 74838.0  11244.6      0.1     43.3     47.2     20.8 
     0.1     86.6     47.6     49.1  28010.1  31681.2 
    -24.1      48.3       7.4      80.1 
    -20.3      29.1       3.7      30.4 
    -20.1      27.2       3.8      11.2 
    -23.0      30.9       2.5       8.2 
35859 3.094703 -43.325836 -11.759871 
 74755.9  11351.0      0.1     43.3     50.7     16.9 
     0.1     86.6     51.0     45.1  29575.3  32519.3 
    -25.2      46.1       4.0      77.8 
    -20.8      29.2       7.3      27.2 
    -20.9      26.6       7.8      14.6 
    -23.1      31.1       6.4      11.5 
35860 2.065851 -43.382874 -11.775351 
 74568.2  11417.1      0.1     43.3     52.2     12.3 
     0.1     86.6     52.5     40.2  28939.6  32040.9 
    -25.5      48.3       3.5      68.5 
    -20.2      29.0       4.6      22.0 
    -21.0      26.9       4.7      13.7 
    -23.5      31.1       3.5      11.8 
35861 1.033743 -43.417198 -11.784668 
 74378.0  11216.7      0.1     43.3     51.8      7.5 
     0.1     86.6     52.7     34.2  27151.4  31011.3 
    -26.0      51.2       4.3      71.8 
    -20.7      29.9       2.3      20.5 
    -20.4      27.3       2.1      13.1 
    -22.9      31.3       1.2      12.1 
35862 -0.000000 -43.428661 -11.787779 
 74080.8  11300.6      0.1     43.3     44.0     15.9 
     0.1     86.6     52.7     27.9  26039.2  30742.5 
    -24.5      50.2      -0.3      66.0 
    -20.5      29.7      -0.8      18.7 
    -20.4      27.1      -0.8      12.8 
    -23.9      33.0      -1.6      11.7 
35863 -1.033743 -43.417198 -11.784668 
 73852.6  11324.0      0.1     43.3     25.0     31.8 
     0.1     86.6     52.2     21.7  26637.8  30813.8 
    -26.0      46.9      -2.3      64.3 
    -20.0      29.4      -4.4      18.6 
    -20.9      27.1      -5.0      12.2 
    -23.2      32.3      -5.3      11.2 
35864 -2.065851 -43.382874 -11.775351 
 73897.4  11183.0      0.1     43.3      6.5     91.6 
     0.1     86.6     51.9     15.4  24914.1  29891.1 
    -25.8      47.3      -6.7      59.9 
    -19.7      29.7      -4.4      17.0 
    -20.6      27.4      -4.6      11.2 
    -24.0      33.6      -5.3      10.8 
35865 -3.094703 -43.325836 -11.759871 
 73730.7  11212.5      0.1     43.3     -3.5     42.2 
     0.1     86.6     51.7      9.6  25653.8  29154.1 
    -25.9      49.7      -4.5      65.6 
    -20.0      29.6      -3.5      16.5 
    -20.6      27.4      -3.8       9.9 
    -23.4      33.1      -4.4       9.5 
35866 -4.118702 -43.246368 -11.738300 
 73523.0  11355.2      0.1     43.3     16.5     69.5 
     0.1     86.6     50.1      5.2  23034.6  27858.4 
    -26.2      48.7      -5.5      58.7 
    -20.4      29.7      -2.7      17.2 
    -19.8      27.2      -2.5      10.9 
    -23.5      33.8      -3.6      10.1 
35867 -6.145958 -43.021706 -11.677320 
 73323.9  11387.6      0.1     43.3    -25.1     63.8 
     0.1     86.6     41.6     57.7  22963.2  28313.6 
    -26.0      50.2      -5.0      57.3 
    -20.1      30.1      -3.4      18.1 
    -19.7      28.0      -3.1      12.6 
    -23.0      35.1      -4.2      13.3 
35868 -8.135806 -42.712982 -11.593524 
 73670.6  11486.0     33.5    351.6      6.7    100.8 
     0.1     86.6     41.6     57.7  20832.3  25878.8 
    -25.1      49.9      -3.2      56.8 
    -19.7      30.4      -1.6      17.0 
    -19.7      28.0      -1.9      11.8 
    -23.0      34.7      -3.5      12.8 
35869 -10.077535 -42.325645 -11.488389 
 74172.7  11625.3   -114.8    352.2    -10.5    109.9 
     0.1     86.6     41.6     57.7  20077.8  25861.2 
    -26.0      49.8      -4.7      52.5 
    -19.5      29.9      -2.2      18.5 
    -20.6      28.7      -2.5      14.1 
    -23.6      34.2      -3.8      15.6 
35870 -11.961784 -41.866245 -11.363695 
 74451.4  11604.9      0.1     43.3     41.6     28.9 
     0.1     86.6     41.6     57.7  21054.6  25349.8 
    -24.4      48.2      -6.1      47.8 
    -19.5      30.4      -1.7      18.5 
    -19.4      28.4      -1.5      13.2 
    -23.7      35.7      -3.9      16.4 
35871 -13.780708 -41.342125 -11.221435 
 75166.9  11802.8      0.1     43.3     41.6     28.9 
     0.1     86.6     41.6     57.7  20861.4  28227.0 
    -24.9      48.2      -4.3      49.4 
    -18.9      29.9      -1.2      19.1 
    -19.9      28.4      -1.7      15.8 
    -23.1      34.9      -3.3      18.3 
35872 -15.528065 -40.761169 -11.063745 
 75686.7  12007.9      0.1     43.3     41.6     28.9 
     0.1     86.6     41.6     57.7  20862.6  27248.1 
    -25.8      49.8      -4.8      45.9 
    -18.8      30.1      -1.6      18.3 
    -19.6      28.1      -1.9      14.6 
    -23.1      35.1      -4.1      18.5 
35873 -17.199198 -40.131458 -10.892824 
 76805.4  12058.5      0.1     43.3     41.6     28.9 
     0.1     86.6     41.6     57.7  20693.0  27330.7 
    -25.7      51.1      -5.5      42.7 
    -18.5      29.9      -1.4      19.8 
    -19.8      28.5      -2.0      17.2 
    -22.6      34.6      -3.8      21.2 
35874 -18.790987 -39.461071 -10.710862 
 77978.6  12035.0      0.1     43.3     41.6     28.9 
     0.1     86.6     41.6     57.7  20658.8  27433.1 
    -23.0      50.6      -4.9      43.5 
    -18.9      30.8      -1.9      19.6 
    -19.2      27.9      -2.1      16.4 
    -23.6      35.0      -4.5      21.9 
35875 -20.301725 -38.757835 -10.519984 
 79010.6  11985.1      0.1     43.3     41.6     28.9 
     0.1     86.6     41.6     57.7  20543.6  26257.1 
    -23.7      51.9      -4.5      40.5 
    -19.1      29.0      -1.3      20.3 
    -19.1      27.3      -1.6      18.3 
    -22.7      34.3      -5.7      23.6 
35876 -21.730955 -38.029171 -10.322203 
 80372.5  11877.0      0.1     43.3     41.6     28.9 
     0.1     86.6     41.6     57.7  21270.7  27386.8 
    -25.5      54.1      -6.8      40.3 
    -19.1      30.2      -2.3      20.6 
    -19.2      28.0      -2.3      18.7 
    -22.5      34.6      -5.4      25.3 
35877 15.179742 -41.744289 -7.210377 
118659.2  11942.2      0.1     43.3    228.5    139.8 
     0.1     86.6     41.6     57.7  32380.6  44204.6 
    -24.1      47.3      22.7      59.9 
    -19.7      30.7      18.6      21.8 
    -18.9      28.6      18.6      13.5 
    -22.9      39.0      19.8      16.7 
35878 14.042964 -42.128887 -7.276808 
117937.7  11951.1      0.1     43.3    123.8    156.4 
     0.1     86.6     41.6     57.7  30439.9  40626.4 
    -28.0      51.9      20.2      59.2 
    -20.0      30.4      17.9      22.0 
    -19.6      28.6      17.8      13.0 
    -22.5      37.3      18.6      15.0 
35879 12.875603 -42.489483 -7.339093 
117360.9  11645.6      0.1     43.3     64.0    158.2 
     0.1     86.6     41.6     57.7  27444.7  41891.0 
    -26.3      49.4      17.3      63.8 
    -19.8      31.1      17.2      23.2 
    -20.1      28.8      17.2      12.2 
    -22.8      37.8      17.9      14.4 
35880 11.679233 -42.823853 -7.396847 
116682.0  11553.3      0.1     43.3     29.0    123.8 
     0.1     86.6     41.6     57.7  29855.5  43835.6 
    -26.4      50.5      18.0      65.9 
    -19.7      30.6      15.7      22.8 
    -20.2      29.0      15.9      12.6 
    -23.0      38.6      16.6      13.2 
35881 10.455710 -43.129807 -7.449694 
116338.8  11473.2      0.1     43.3     85.7    114.1 
     0.1     86.6     41.6     57.7  32174.5  43760.1 
    -27.5      51.1      16.9      68.8 
    -19.8      30.3      14.8      23.7 
    -20.3      28.6      14.6      12.2 
    -22.8      36.8      14.9      11.3 
35882 9.207181 -43.405285 -7.497276 
115858.7  11411.2      0.1     43.3     87.0     83.4 
     0.1     86.6     41.6     57.7  33715.4  46473.8 
    -23.5      47.9      16.1      69.9 
    -19.9      30.9      13.0      23.6 
    -20.0      28.4      12.7      11.6 
    -23.5      36.2      13.0      10.3 
35883 7.936064 -43.648350 -7.539260 
115732.0  11386.6      0.1     43.3     73.8     77.8 
     0.1     86.6     54.4      8.6  38936.6  48619.3 
    -27.4      53.9       9.6      73.2 
    -20.9      30.5      10.6      23.3 
    -20.5      29.1      10.3      11.4 
    -23.2      37.2      10.3      10.4 
35884 6.645037 -43.857243 -7.575342 
115629.7  11240.0      0.1     43.3     58.2     31.4 
     0.1     86.6     54.2     21.3  45906.3  51168.2 
    -27.0      49.6       9.7      74.3 
    -20.5      29.8       7.5      25.0 
    -20.6      28.7       7.4      13.8 
    -23.8      36.7       7.5      12.0 
35885 5.337018 -44.030403 -7.605251 
115321.0  11277.5      0.1     43.3     54.5      7.2 
     0.1     86.6     53.3     34.2  42978.9  50453.2 
    -27.7      49.1       8.1      81.4 
    -20.8      30.7       4.7      26.1 
    -20.8      28.2       4.0      12.6 
    -23.9      35.2       3.7       9.8 
35886 4.015138 -44.166508 -7.628761 
115149.5  11180.4      0.1     43.3     51.2     17.9 
     0.1     86.6     50.9     46.2  41366.1  51097.0 
    -26.9      47.6      -0.8      86.3 
    -20.5      30.3       1.8      36.4 
    -20.4      28.3      -0.2      15.1 
    -24.1      34.4      -0.7      13.7 
35887 2.682698 -44.264507 -7.645688 
115369.4  11207.7      0.1     43.3     47.8     20.3 
     0.1     86.6     48.1     48.3  43737.0  49987.3 
    -27.5      47.5       7.0      92.3 
    -21.5      30.8       4.3      39.7 
    -21.4      28.0       4.0      17.6 
    -25.3      36.2       3.2      11.2 
35888 2.013589 -44.298962 -7.651639 
115133.2  11135.6      0.1     43.3     51.1     16.4 
     0.1     86.6     51.3     44.3  43798.2  50369.8 
    -27.2      49.2       3.0      88.9 
    -21.4      30.6       6.3      36.6 
    -21.3      27.9       8.3      17.8 
    -25.7      35.9       7.5      15.2 
35889 1.343140 -44.323616 -7.655898 
114944.2  11196.3      0.1     43.3     53.0     11.6 
     0.1     86.6     53.5     39.3  42672.9  50433.1 
    -28.1      48.9       2.7      82.2 
    -21.6      30.1       5.2      30.2 
    -21.9      28.3       5.3      16.4 
    -25.1      35.4       4.8      13.0 
35890 0.671794 -44.338436 -7.658457 
115018.4  11162.1      0.1     43.3     52.8      7.7 
     0.1     86.6     54.1     33.1  40325.1  49438.6 
    -26.4      47.9       3.2      72.0 
    -21.9      29.9       2.3      26.4 
    -21.6      28.1       2.9      14.3 
    -25.4      35.3       2.4      13.2 
35891 -0.000000 -44.343372 -7.659310 
114422.8  11196.9      0.1     43.3     36.9     23.6 
     0.1     86.6     53.7     26.7  42976.7  48334.6 
    -26.3      48.7      -3.1      74.4 
    -21.7      30.6      -1.2      23.9 
    -21.8      28.5      -0.9      13.8 
    -25.3      36.9      -1.3      13.0 
35892 -0.671794 -44.338436 -7.658457 
114509.4  11438.2      0.1     43.3     16.9     34.2 
     0.1     86.6     53.5     20.1  39529.3  47872.1 
    -27.4      45.4      -1.0      70.7 
    -21.4      30.5      -3.7      22.9 
    -21.7      28.6      -4.3      13.1 
    -25.6      36.7      -4.9      11.9 
35893 -1.343140 -44.323616 -7.655898 
114545.5  11127.4      0.1     43.3     25.4     61.6 
     0.1     86.6     53.4     13.7  31842.0  44920.8 
    -26.8      49.8      -3.9      67.6 
    -21.4      30.3      -3.6      22.7 
    -22.0      28.9      -3.8      11.7 
    -24.6      36.3      -4.2      10.8 
35894 -2.013589 -44.298962 -7.651639 
114367.0  11156.8      0.1     43.3     28.2     65.5 
     0.1     86.6     53.2      7.3  35269.8  44318.3 
    -25.5      46.9      -2.3      71.3 
    -21.5      30.8      -2.8      20.6 
    -21.2      28.7      -2.5      10.3 
    -25.1      37.2      -3.2       9.2 
35895 -2.682698 -44.264507 -7.645688 
114404.7  11154.3      0.1     43.3     -5.1     63.2 
     0.1     86.6     51.1      3.0  37335.7  47054.5 
    -26.4      46.5      -1.1      64.2 
    -21.2      30.5      -1.3      21.9 
    -20.9      28.9      -1.4      11.3 
    -25.2      36.9      -2.3      10.7 
35896 -4.015138 -44.166508 -7.628761 
113927.5  11206.1      0.1     43.3    -20.7     75.5 
     0.1     86.6     41.6     57.7  28619.2  41429.7 
    -24.9      46.0      -3.9      63.7 
    -21.1      30.9      -2.5      22.2 
    -21.1      29.0      -2.6      12.2 
    -25.3      37.7      -3.3      12.8 
35897 -5.337018 -44.030403 -7.605251 
113932.7  11250.4      0.1     43.3    -39.6     94.3 
     0.1     86.6     41.6     57.7  27833.9  38950.1 
    -26.4      48.4      -3.3      59.8 
    -20.8      30.3      -0.5      19.2 
    -21.2      28.9      -0.6      11.0 
    -24.5      37.6      -1.7      12.2 
35898 -6.645037 -43.857243 -7.575342 
113944.0  11247.8      0.1     43.3    -40.4    112.9 
     0.1     86.6     41.6     57.7  28267.2  38302.0 
    -26.1      45.5      -2.5      60.7 
    -21.2      31.7      -1.5      20.6 
    -21.5      30.0      -1.4      13.0 
    -26.1      40.2      -3.1      15.7 
35899 -7.936064 -43.648350 -7.539260 
113844.5  11444.5      0.1     43.3    -23.1    143.0 
     0.1     86.6     41.6     57.7  28498.8  37941.7 
    -25.4      43.8      -3.0      52.2 
    -20.6      31.0       0.1      19.1 
    -21.0      28.5      -0.3      11.8 
    -25.2      39.6      -2.0      15.7 
35900 -9.207181 -43.405285 -7.497276 
114319.2  11477.6    228.2    665.8     82.9    186.9 
     0.1     86.6     41.6     57.7  25597.8  36484.4 
    -26.2      50.0      -4.1      52.5 
    -20.5      31.8      -0.8      20.2 
    -20.3      29.6      -0.6      13.9 
    -26.4      41.3      -2.9      19.1 
35901 -10.455710 -43.129807 -7.449694 
114893.4  11524.8      0.1     43.3    -20.4    200.1 
     0.1     86.6     41.6     57.7  24678.4  38976.5 
    -24.0      46.5      -3.5      48.0 
    -20.8      31.4      -0.4      18.9 
    -20.9      29.4       0.0      12.3 
    -25.1      41.1      -2.2      19.8 
35902 -11.679233 -42.823853 -7.396847 
114541.6  11709.5      0.1     43.3    -53.2    165.3 
     0.1     86.6     41.6     57.7  23286.4  32037.4 
    -27.7      48.8      -5.1      47.6 
    -20.2      31.1      -0.2      19.8 
    -21.1      30.0      -0.5      14.5 
    -25.5      41.3      -2.9      23.4 
35903 -12.875603 -42.489483 -7.339093 
115664.5  11720.2      0.1     43.3    -96.2    153.8 
     0.1     86.6     41.6     57.7  27457.5  37679.8 
    -26.7      49.8      -3.8      45.1 
    -20.5      31.5      -0.1      18.7 
    -20.2      29.4      -0.0      13.4 
    -25.6      41.8      -2.8      22.5 
35904 -14.042964 -42.128887 -7.276808 
116453.4  11695.5      0.1     43.3   -104.6    262.6 
     0.1     86.6     41.6     57.7  21429.4  33937.6 
    -25.5      49.1      -2.8      41.2 
    -19.9      31.2       0.2      18.9 
    -20.5      29.6      -0.2      15.8 
    -25.6      42.1      -2.6      25.9 
35905 -15.179742 -41.744289 -7.210377 
117236.0  11842.3      0.1     43.3     41.6     28.9 
     0.1     86.6     41.6     57.7  23190.0  38458.6 
    -24.8      46.8      -4.2      36.8 
    -20.3      31.5      -0.4      18.8 
    -20.2      29.5      -0.3      14.4 
    -24.5      40.2      -3.1      23.8 
