Dot1_150x100_dj0320g@-575V,3.8T@90d,263K,rh=1.02/0.7,7.5/7.5,100Vdep 
1123 1 3.80 60 5 29 0 575.0000 263.0000 7.5000 1.160 2500.0000 -0.2600 29.5500 150.0000 100.0000 285.0000 2500.0000 -0.1300 14.780000 1.5000 1.0000 0.8500 
34801 -0.000000 -0.000000 -45.000000 
 13341.5  12714.4      0.1     43.2     14.0     28.1 
     0.1     86.2     15.7     54.0   1652.3   2063.1 
      4.0      80.9       8.1      45.9 
     -2.9      15.4       3.3      10.0 
     -0.2       0.7       1.5       9.1 
      0.0       0.5       0.1       6.5 
34802 -0.000000 -5.870454 -44.615444 
 13094.0  12770.5     -6.8     42.3     14.6     28.3 
    -6.3     84.6     15.8     54.1   1626.4   1990.0 
     -2.9      65.2       8.6      48.6 
     -6.4      12.8       2.7      10.4 
     -5.3       5.1       1.7       7.8 
     -6.5       2.9       1.6       8.3 
34803 -0.000000 -11.452198 -43.518353 
 12993.6  13147.2    -12.1     41.8     14.6     28.3 
   -11.2     82.8     16.0     54.2   1706.9   2009.0 
    -11.6      58.4       7.6      44.8 
     -9.9      11.5       3.1      10.8 
     -9.8       8.9       1.9       8.5 
    -10.2       6.7       4.1       7.4 
34804 -0.000000 -16.522495 -41.856983 
 13092.0  13283.1    -17.5     41.6     14.6     28.2 
   -16.2     80.9     16.1     54.1   1694.0   2079.9 
    -16.0      53.7       9.1      43.4 
    -13.7      15.8       3.7      10.7 
    -15.5      12.7       2.5       8.9 
    -17.4      14.2       2.5       8.6 
34805 -0.000000 -20.958590 -39.821320 
 13489.5  13463.2    -23.0     42.4     14.9     28.4 
   -20.6     78.4     16.4     54.1   1687.5   2082.1 
    -17.8      52.5       8.3      49.5 
    -18.2      19.4       3.8      13.1 
    -19.7      17.5       2.3       8.9 
    -21.1      14.9       1.9       8.5 
34806 -0.000000 -24.732742 -37.593769 
 14082.2  13133.0    -27.8     42.3     15.2     28.7 
   -24.4     75.1     16.9     53.8   1693.4   2093.7 
    -23.7      50.0       7.4      47.5 
    -22.8      23.5       4.4      11.3 
    -23.9      21.1       3.7      13.3 
    -22.8      22.7       2.2       9.0 
34807 -0.000000 -27.883995 -35.319725 
 14636.1  12033.5    -33.3     42.7     15.2     28.0 
   -27.7     71.3     17.2     53.3   1752.4   2208.4 
    -25.5      50.4       9.6      47.8 
    -26.2      26.2       4.7      11.8 
    -28.7      26.7       3.6       9.5 
    -27.6      25.4       4.1      12.2 
34808 -0.000000 -30.486408 -33.099529 
 15562.9  12113.2    -39.8     46.3     15.3     28.0 
   -30.3     66.5     17.7     52.5   1921.5   2329.6 
    -29.7      52.4       9.8      48.9 
    -30.2      30.8       4.8      12.9 
    -33.0      31.7       3.7       9.9 
    -32.6      32.4       3.4       9.5 
34809 -0.000000 -32.624973 -30.993725 
 16394.6  11606.7    -49.8     51.8     15.5     27.4 
   -32.4     61.1     18.3     51.8   2024.0   2538.4 
    -32.6      53.3       7.9      48.3 
    -33.3      35.0       5.4      14.8 
    -37.3      36.0       3.3      10.6 
    -37.2      39.7       3.6      10.1 
34810 -0.000000 -34.381348 -29.033136 
 17401.8  11412.9    -58.3     60.4     15.9     27.9 
   -35.0     55.9     18.7     51.3   2297.6   2713.7 
    -36.5      53.1       7.1      48.0 
    -39.4      37.8       5.2      12.9 
    -40.0      41.3       3.5      12.8 
    -40.1      44.9       3.3       9.8 
34811 -0.000000 -35.827297 -27.228748 
 18392.5  11089.5    -66.8     70.6     16.2     27.5 
   -36.9     50.2     19.4     50.8   2272.7   2774.8 
    -41.7      56.7       9.6      49.3 
    -44.0      39.6       5.2      14.0 
    -45.6      42.6       3.8      14.1 
    -43.6      47.9       3.6      10.3 
34812 -0.000000 -37.022865 -25.579433 
 19354.8  10757.5    -76.1     78.5     16.0     27.1 
   -39.0     44.4     19.8     50.2   2415.3   3114.2 
    -45.8      59.5       8.4      49.6 
    -48.8      42.2       5.2      14.7 
    -53.9      44.1       3.4      10.6 
    -51.1      51.1       2.8       9.5 
34813 -0.000000 -38.016857 -24.077343 
 20528.6  10723.8    -83.3     88.8     16.2     27.9 
   -41.9     40.1     20.2     49.7   2757.8   3310.7 
    -48.8      60.7       9.0      49.7 
    -53.2      45.0       6.4      16.1 
    -63.3      46.7       2.5      11.4 
    -59.8      53.3       2.6       9.7 
34814 -0.000000 -38.848354 -22.711344 
 21411.5  10361.4    -93.3     98.6     15.6     27.7 
   -45.6     38.3     20.2     49.2   3056.4   3719.0 
    -51.6      65.0       9.1      48.3 
    -57.1      48.9       6.6      16.5 
    -69.8      50.3       3.2      12.4 
    -69.1      59.4       1.6      11.6 
34815 -0.000000 -39.548401 -21.469133 
 22522.9  10364.8   -100.8    109.9     15.6     27.8 
   -52.0     38.3     20.7     48.8   3366.4   3890.1 
    -55.6      66.1       8.9      49.4 
    -63.3      52.9       6.3      17.4 
    -76.1      56.6       3.4      15.0 
    -81.1      63.1       1.6      10.5 
34816 -0.000000 -40.141609 -20.338415 
 23595.1  10140.9   -105.5    122.3     15.6     28.8 
   -58.1     44.3     21.1     48.5   3672.6   4162.2 
    -59.3      67.4       8.6      47.6 
    -68.9      55.7       5.5      17.2 
    -82.4      59.4       4.0      14.4 
    -93.4      69.0       1.1      12.5 
34817 -0.000000 -40.647488 -19.307556 
 24634.1  10184.5   -111.8    136.8     15.2     27.8 
   -74.3     50.0     21.1     48.1   3734.7   4240.2 
    -64.3      69.7       7.5      47.7 
    -75.4      58.6       5.6      16.9 
    -91.6      61.9       3.2      13.2 
   -101.5      75.3       1.4      10.6 
34818 -0.000000 -41.081562 -18.365873 
 25593.1   9915.3   -117.6    148.9     15.5     29.3 
   -81.9     65.5     21.8     47.7   4058.5   4598.6 
    -68.8      73.6       8.0      50.8 
    -80.2      62.0       5.2      20.8 
    -98.3      65.8       2.0      10.0 
   -110.1      82.8       1.6      13.7 
34819 -0.000000 -41.456230 -17.503742 
 26756.8   9943.7   -124.2    163.4     15.2     29.7 
  -103.0     85.7     21.8     47.4   4478.5   4920.7 
    -73.0      75.2       8.7      50.4 
    -86.5      65.4       5.1      17.4 
   -105.4      67.8       2.9      12.9 
   -119.7      89.0       1.0      15.8 
34820 -0.000000 -41.781452 -16.712580 
 27707.5   9780.5   -125.8    177.7     15.5     28.7 
   -89.1    133.0     22.3     47.2   4604.1   4990.6 
    -74.7      77.2       9.0      53.5 
    -90.0      68.6       5.2      19.9 
   -113.5      74.4       1.8      13.9 
   -129.5      95.1       0.6      17.0 
34821 -0.000000 -42.065262 -15.984799 
 28966.3   9891.2   -128.7    190.2     15.3     28.8 
  -122.8    103.5     22.3     46.9   4716.8   5097.9 
    -79.1      78.5      10.5      51.9 
    -98.8      71.1       5.0      21.8 
   -120.7      80.4       2.2      15.2 
   -137.9      99.8       1.1      17.0 
34822 -0.000000 -42.314190 -15.313706 
 29695.0   9721.4   -132.2    206.2     14.8     29.2 
  -148.8     99.7     22.3     46.7   4989.5   5300.0 
    -83.8      80.4       6.3      51.2 
   -104.2      75.3       4.7      24.0 
   -132.8      79.4       1.7      18.5 
   -144.7     108.0       0.8      14.3 
34823 -0.000000 -42.533558 -14.693412 
 30728.1   9921.2   -131.7    222.3     15.1     29.7 
    -0.1     86.6     22.6     46.5   4974.7   5482.9 
    -84.3      83.2       6.9      51.2 
   -110.3      78.3       5.1      23.8 
   -139.7      85.3       2.2      16.4 
   -148.6     115.4       0.6      24.5 
34824 -0.000000 -42.727760 -14.118738 
 31822.0   9784.3   -137.5    232.6     15.0     29.3 
    -0.1     86.6     22.6     46.2   5380.3   5693.3 
    -91.8      83.9       7.8      51.0 
   -117.6      79.8       5.1      22.3 
   -143.9      89.1       2.9      24.9 
   -151.8     121.7       0.3      20.6 
34825 -0.000000 -42.900398 -13.585126 
 32775.1   9829.9   -127.2    250.3     15.0     29.9 
    -0.1     86.6     23.0     46.1   5372.4   5830.0 
    -96.6      85.9       5.6      49.7 
   -124.3      83.6       5.4      22.6 
   -151.7      91.2       1.7      13.3 
   -156.3     124.6       1.2      21.7 
34826 -0.000000 -43.054493 -13.088566 
 33678.5   9573.7   -133.6    263.5     14.9     29.0 
    -0.1     86.6     23.0     45.8   5526.3   5859.2 
   -102.6      86.9       8.6      50.0 
   -128.9      84.3       3.9      23.4 
   -159.2      94.7       0.4      17.8 
   -158.7     129.5       1.1      24.5 
34827 -0.000000 -43.192551 -12.625515 
 34710.0   9722.1   -135.7    278.5     15.0     29.9 
    -0.1     86.6     23.4     45.5   5546.4   6076.3 
   -100.7      90.7       9.8      48.9 
   -134.6      88.9       5.0      25.6 
   -164.1      97.0       2.9      27.8 
   -153.5     138.6       0.9      26.9 
34828 -0.000000 -43.316673 -12.192842 
 35484.5   9557.8   -143.2    285.4     15.1     30.6 
    -0.1     86.6     23.6     45.6   5780.2   6325.3 
   -110.4      88.5       7.9      52.4 
   -142.4      89.6       3.8      24.5 
   -168.5     100.3      -0.0      23.3 
   -151.4     142.5       0.8      21.9 
34829 -0.000000 -43.428661 -11.787779 
 36360.4   9626.0   -144.1    299.7     14.6     29.5 
    -0.1     86.6     23.5     45.4   5780.2   6295.3 
   -110.6      91.1       5.7      50.5 
   -149.2      90.4       3.7      26.3 
   -175.1     102.2       2.7      23.4 
   -147.3     145.9       1.2      24.3 
34830 -0.000000 -43.529995 -11.407862 
 37251.1   9669.5   -141.1    318.5     14.2     29.3 
    -0.1     86.6     23.7     45.0   6053.9   6493.1 
   -120.6      91.9       5.9      53.3 
   -156.1      91.0       3.3      22.9 
   -179.6     108.6       2.8      24.7 
   -135.1     154.4       0.9      24.2 
34831 -0.000000 -43.621986 -11.050903 
 38095.4   9629.6   -141.3    334.4     14.5     29.5 
    -0.1     86.6     23.9     45.0   6154.5   6642.0 
   -122.6      92.8       6.7      50.7 
   -157.2      93.9       4.6      27.0 
   -181.2     110.7       0.9      19.2 
   -132.3     156.6       2.5      30.6 
34832 -0.000000 -43.705715 -10.714950 
 39050.8   9622.3   -149.8    340.8     14.6     29.5 
    -0.1     86.6     24.1     44.9   6365.9   6795.9 
   -123.3      92.9       8.1      50.8 
   -163.5      93.8       4.1      28.1 
   -183.7     112.3       3.2      30.1 
   -122.3     157.9       1.7      25.4 
34833 -0.000000 -43.782146 -10.398259 
 39844.8   9586.9   -147.6    353.3     14.6     30.2 
    -0.1     86.6     24.2     44.8   6456.0   6917.4 
   -125.9      97.5       6.2      51.8 
   -166.5      96.5       3.5      26.1 
   -183.3     117.6       0.9      22.6 
   -110.4     164.3       2.3      32.5 
34834 -0.000000 -43.852077 -10.099266 
 40748.9   9546.0   -141.3    366.4     14.4     31.0 
    -0.1     86.6     24.3     44.6   6418.6   6926.3 
   -133.1      97.2       7.1      54.4 
   -169.2      99.1       4.0      28.6 
   -181.5     121.1       1.2      28.7 
   -109.2     162.4       4.0      30.9 
34835 -0.000000 -43.916229 -9.816568 
 41755.0   9629.4   -145.5    383.3     14.5     30.2 
    -0.1     86.6     24.6     44.5   6560.2   7121.8 
   -135.2      99.4       4.1      51.5 
   -173.8      99.8       2.9      27.7 
   -176.4     127.9       0.5      35.0 
    -95.7     164.1       4.8      33.2 
34836 -0.000000 -43.975204 -9.548901 
 42363.6   9500.9   -146.1    396.3     14.2     30.3 
    -0.1     86.6     24.6     44.4   6825.9   7346.8 
   -140.5      98.3       5.9      51.8 
   -176.1     101.2       3.4      31.8 
   -182.7     126.7       0.7      29.1 
    -87.3     166.7       2.9      30.9 
34837 -0.000000 -44.029541 -9.295126 
 43193.2   9508.4   -144.2    409.9     14.4     30.4 
    -0.1     86.6     24.8     44.2   6919.1   7221.7 
   -145.3      97.0       6.4      53.4 
   -178.2     104.1       3.7      30.4 
   -172.6     132.2      -0.8      28.4 
    -75.8     168.6       3.2      32.3 
34838 -0.000000 -44.079716 -9.054212 
 43950.1   9718.1   -149.5    416.5     14.6     30.4 
    -0.1     86.6     24.9     44.2   7005.0   7401.0 
   -149.0      98.5       7.2      52.0 
   -182.2     105.4       2.9      30.4 
   -167.6     139.3       2.5      31.0 
    -62.0     166.1       5.7      36.0 
34839 -0.000000 -44.126129 -8.825226 
 44837.7   9444.9   -149.4    428.7     14.4     30.2 
    -0.1     86.6     25.0     44.2   6962.4   7501.5 
   -151.3      95.2       8.1      51.8 
   -183.0     108.4       1.5      34.1 
   -152.7     149.7       2.9      35.6 
    -64.1     166.5       6.1      38.2 
34840 -0.000000 -44.169155 -8.607322 
 45529.4   9505.3   -151.1    450.8     14.0     30.5 
    -0.1     86.6     25.0     44.0   7059.6   7495.8 
   -151.9      98.0       5.5      51.6 
   -182.3     111.4       3.5      34.2 
   -152.4     148.5       1.1      32.8 
    -60.8     163.8       6.1      36.1 
34841 -0.000000 -44.209099 -8.399729 
 46294.6   9618.3   -150.5    456.5     14.0     31.1 
    -0.1     86.6     24.9     43.9   7329.8   7677.7 
   -152.4     100.8       3.7      53.7 
   -182.6     113.3       3.0      33.7 
   -140.7     154.7       1.7      35.4 
    -52.8     166.1       4.3      36.7 
34842 -0.000000 -44.246258 -8.201745 
 47022.5   9456.8   -134.0    476.1     14.2     30.1 
    -0.1     86.6     25.3     43.8   7552.5   8048.4 
   -158.7     100.4       5.6      51.9 
   -182.5     118.0       3.7      31.8 
   -125.9     161.2      -1.4      31.9 
    -48.3     165.6       6.9      43.0 
34843 -0.000000 -44.280880 -8.012731 
 47698.8   9477.4   -147.2    484.1     13.9     30.6 
    -0.1     86.6     25.4     43.5   7425.5   7980.3 
   -163.2      99.0       6.9      52.5 
   -178.0     119.9       2.7      35.4 
   -130.2     152.4       2.2      35.5 
    -47.6     164.8       6.9      35.2 
34844 -0.000000 -44.313187 -7.832098 
 48748.3   9376.1   -166.1    492.1     14.1     30.7 
    -0.1     86.6     25.3     43.8   7805.1   8172.6 
   -163.5     101.3       5.3      52.6 
   -178.8     121.0       1.4      31.5 
   -115.4     158.5       0.4      30.9 
    -44.6     163.2       4.1      41.1 
34845 -0.000000 -44.343372 -7.659310 
 49225.9   9529.5   -146.6    510.2     14.2     31.9 
    -0.1     86.6     25.4     43.6   7501.2   8021.0 
   -164.9     102.9       5.4      51.2 
   -178.7     124.5       2.8      35.2 
   -111.5     159.1       1.0      32.1 
    -44.4     165.0       7.2      40.1 
34846 -0.000000 -44.371635 -7.493876 
 50089.7   9547.6   -162.7    525.5     14.1     31.1 
    -0.1     86.6     25.6     43.4   7888.8   8296.0 
   -166.7     103.7       5.9      49.6 
   -176.2     128.0       4.2      34.5 
    -99.6     160.1       3.0      35.8 
    -43.9     166.0       3.8      42.6 
34847 -0.000000 -44.398117 -7.335341 
 50639.4   9499.9   -151.7    532.4     14.2     31.4 
    -0.1     86.6     25.7     43.5   7917.0   8338.5 
   -170.0     104.0       6.4      51.8 
   -172.2     128.9       0.9      35.6 
    -94.2     158.2       4.7      37.5 
    -38.7     165.2       5.8      41.9 
34848 -0.000000 -44.446323 -7.037334 
 52103.0   9511.5   -153.3    559.2     14.1     30.7 
    -0.1     86.6     26.0     43.3   8107.1   8548.9 
   -171.1     103.7       3.5      50.9 
   -160.9     139.4       2.3      38.0 
    -80.2     157.9       3.5      36.0 
    -37.4     168.4       8.2      45.6 
34849 -0.000000 -44.488998 -6.762328 
 53653.9   9474.9   -144.7    578.8     14.1     30.4 
    -0.1     86.6     26.1     43.2   8062.7   8657.1 
   -175.2     109.8       4.0      51.4 
   -160.0     137.6       1.4      38.1 
    -91.8     153.5       2.0      46.2 
    -28.5     165.6       9.0      41.6 
34850 -0.000000 -44.526943 -6.507784 
 54832.2   9449.1   -142.7    607.2     13.9     31.9 
    -0.1     86.6     26.1     42.9   8249.8   8767.6 
   -182.3     103.6       4.7      50.6 
   -142.5     146.0       1.9      37.6 
    -72.3     157.1       3.5      49.8 
    -37.3     164.5       7.1      46.7 
34851 -0.000000 -44.560837 -6.271525 
 55729.9   9470.6   -156.6    629.6     14.1     31.8 
    -0.1     86.6     26.2     42.8   8336.3   8718.9 
   -180.1     111.1       6.2      49.2 
   -134.5     153.3       2.2      38.7 
    -79.0     165.4       0.9      44.7 
    -34.6     163.0       6.3      45.6 
34852 -0.000000 -44.591225 -6.051666 
 57475.5   9418.5   -142.7    660.0     13.5     32.0 
    -0.1     86.6     26.4     42.6   8298.3   8788.7 
   -180.4     108.5       4.7      51.6 
   -124.4     155.8       1.0      36.8 
    -69.5     158.1       4.0      42.3 
    -33.5     167.1       7.0      50.7 
34853 -0.000000 -44.618580 -5.846572 
 58365.7   9408.9   -135.3    681.5     13.8     31.3 
    -0.1     86.6     26.3     42.7   8625.2   9131.0 
   -181.0     111.6       2.2      48.5 
   -115.1     152.6       0.3      42.3 
    -65.0     167.0       0.2      45.2 
    -29.8     167.5       8.8      45.8 
34854 -0.000000 -44.643284 -5.654816 
 59941.0   9507.6   -148.9    698.5     13.6     32.4 
    -0.1     86.6     26.6     42.5   8684.3   9185.6 
   -178.6     114.7       5.6      52.5 
   -113.2     157.4       1.6      39.3 
    -64.4     162.3       0.9      44.5 
    -31.8     169.2       9.0      51.3 
34855 -0.000000 -44.665680 -5.475147 
 60897.9   9500.5   -148.3    728.3     13.6     32.4 
    -0.1     86.6     26.8     42.4   8891.8   9426.7 
   -183.2     109.3       3.1      50.7 
   -106.6     154.3       2.1      38.9 
    -66.6     162.6       0.9      48.9 
    -29.2     168.0       8.8      49.7 
34856 -0.000000 -44.686035 -5.306466 
 61948.8   9407.4   -131.6    744.9     13.8     32.1 
    -0.1     86.6     26.7     42.4   9110.4   9621.0 
   -173.4     124.0       0.4      52.5 
   -101.6     157.0      -0.2      42.7 
    -66.3     165.5       0.5      37.6 
    -22.5     169.8       9.6      48.1 
34857 -0.000000 -44.704586 -5.147801 
 62950.4   9516.6   -137.5    768.7     13.6     32.0 
    -0.1     86.6     26.9     42.2   9007.6   9457.1 
   -170.4     125.2       3.1      50.9 
    -97.6     155.4      -0.4      41.7 
    -60.4     166.9       1.2      47.4 
    -26.6     170.9       9.8      49.8 
34858 -0.000000 -44.721550 -4.998291 
 64492.1   9492.0   -134.7    797.2     13.3     32.1 
    -0.1     86.6     26.8     42.1   8990.9   9608.5 
   -164.8     128.7       5.1      49.9 
   -102.8     153.9       0.9      42.8 
    -58.2     156.8       6.3      52.2 
    -27.9     170.8       6.8      52.7 
34859 -0.000000 -44.737095 -4.857171 
 65300.7   9503.1   -187.0    831.8     13.5     32.4 
    -0.1     86.6     27.0     42.2   9309.7   9782.4 
   -154.8     135.8       3.6      50.5 
    -84.9     158.2       1.1      45.3 
    -50.5     165.2       5.4      51.3 
    -23.4     170.3       7.6      53.9 
34860 -0.000000 -44.751385 -4.723757 
 66545.4   9465.1   -134.2    840.7     13.7     32.2 
    -0.1     86.6     27.0     41.9   9409.4   9891.2 
   -166.7     125.7       2.5      48.0 
    -93.0     154.8       0.5      43.3 
    -64.3     161.2       1.9      56.4 
    -16.3     171.5      10.8      56.6 
34861 40.647488 -0.000000 -19.307556 
 19501.1   7158.3     -0.3     42.9    118.4    120.4 
    -0.3     85.7    135.1     58.5   2822.8   3402.2 
      0.9      82.2      77.6      71.2 
     -1.0      42.2      96.1      63.5 
     10.8      48.7     100.9      74.2 
      4.3      19.0     106.3      75.2 
34862 39.954453 -0.000000 -20.703671 
 19401.8   7294.9     -0.3     43.1    111.3    105.8 
    -0.2     85.8    108.6     51.9   2802.9   3195.8 
     -0.5      79.3      69.3      65.9 
      2.4      44.2      82.7      54.2 
     10.0      33.3      94.3      60.8 
      3.7      14.8      94.2      65.4 
34863 39.094978 -0.000000 -22.284138 
 19139.8   7474.1     -0.0     44.0    102.9     93.1 
     0.1     85.9     76.6     34.2   2600.0   3031.2 
      2.7      79.7      63.0      61.1 
     -1.2      39.3      71.2      46.9 
      1.2      51.4      81.9      53.2 
      0.2      12.2      81.9      53.9 
34864 38.016857 -0.000000 -24.077343 
 18750.8   7815.1     -0.6     43.0     90.7     79.7 
    -0.5     85.8     61.6     22.9   2682.2   3027.7 
      5.3      81.6      57.2      53.8 
     -1.7      43.0      61.6      40.2 
     -4.1      83.3      70.5      43.1 
      5.4      26.3      70.0      44.6 
34865 36.648933 -0.000000 -26.112364 
 18300.3   8208.5      0.0     43.4     84.5     64.6 
     0.1     85.9     55.8     23.9   2792.4   3161.1 
     -3.9      78.6      50.2      50.5 
      0.6      28.1      54.1      34.3 
      9.6      31.7      58.8      35.0 
     -3.2      14.7      57.7      37.0 
34866 34.894611 -0.000000 -28.414185 
 17675.3   8870.2      0.3     43.1     72.9     49.9 
     0.4     85.9     52.4     29.6   2767.1   3152.6 
      0.5      77.4      45.6      46.9 
      0.7      24.9      46.4      29.9 
      3.3      10.7      47.8      30.1 
      0.2       4.2      47.0      31.6 
34867 32.624973 -0.000000 -30.993725 
 16985.0   9832.5     -0.3     43.3     60.2     36.6 
    -0.3     86.0     49.0     36.0   2564.4   2977.2 
     -1.3      79.8      41.9      42.7 
      1.6      32.4      39.6      24.5 
      4.1      21.4      39.6      25.3 
      0.6       5.6      39.2      27.8 
34868 29.674702 -0.000000 -33.829159 
 16169.8  11496.1     -0.2     43.3     49.9     27.9 
    -0.2     86.0     45.4     42.6   2108.9   2644.6 
     -1.9      75.5      35.2      40.8 
      0.7      21.8      33.3      19.7 
      9.2      36.9      34.1      18.8 
      0.7       2.4      35.8      20.3 
34869 25.849159 -0.000000 -36.835049 
 15559.2  12790.6     -0.3     43.3     43.0     26.1 
    -0.3     86.2     41.4     47.8   2202.4   2669.8 
     -0.9      75.4      30.4      41.1 
      3.4      30.3      28.1      14.6 
     -1.8      15.5      29.2      12.1 
      0.2       0.6      28.9      12.3 
34870 20.958590 -0.000000 -39.821320 
 15394.4  14250.2     -0.1     43.0     37.1     26.8 
    -0.1     86.1     36.7     52.4   1991.2   2651.8 
      6.0      74.6      27.4      48.1 
     -3.2      18.0      22.5      13.5 
     -0.3       3.4      22.4       9.6 
     13.2      13.1      22.2       7.8 
34871 14.898947 -0.000000 -42.462002 
 15264.2  13487.2      0.3     43.1     31.1     28.4 
     0.3     86.0     31.1     56.0   1856.0   2305.4 
     -2.0      76.9      21.4      55.3 
      2.3      19.3      16.0      12.0 
     -0.2       2.7      15.6       5.9 
      1.1       3.6      15.7       6.2 
34872 11.452198 -0.000000 -43.518353 
 15207.8  13178.3      0.0     43.1     29.0     28.4 
     0.0     86.1     29.0     56.5   1999.9   2534.4 
     -9.0      76.7      21.4      58.5 
     -1.6      43.7      15.0      20.4 
     -0.7       5.8      15.3       4.6 
      0.1       0.5      14.2       2.6 
34873 7.775977 -0.000000 -44.323067 
 14626.5  12772.0     -0.0     43.5     23.8     28.4 
     0.1     86.1     24.0     56.5   2060.2   2438.3 
      3.1      74.1      17.7      55.5 
      1.5      13.8      10.8       8.1 
      3.8       9.3       9.7       3.3 
      0.1       0.5       9.7       4.0 
34874 3.932269 -0.000000 -44.827866 
 13971.5  12684.9     -0.2     43.0     18.4     28.0 
    -0.1     86.1     19.2     55.1   1695.5   2184.0 
      5.1      73.3      16.4      52.1 
     -1.0      14.9       6.5       9.6 
     -1.8       4.2       5.5       6.5 
     -6.3       6.5       4.0       4.7 
34875 -0.000000 -0.000000 -45.000000 
 13404.9  12709.1     -0.5     43.2     14.2     27.5 
    -0.4     86.2     15.5     54.0   1688.3   2046.1 
      2.5      72.1       7.5      46.1 
     -3.8      27.0       3.8      14.0 
     -3.2      10.4       2.1       8.3 
      0.0       0.5       2.1       7.5 
34876 -3.932269 -0.000000 -44.827866 
 12826.1  11423.4      0.2     43.0     10.8     27.8 
     0.3     86.1     12.8     52.8   1609.4   1997.6 
      4.1      75.4       5.1      42.3 
      1.4      17.1       0.2      13.8 
     -7.8      20.7      -0.7      11.0 
      0.0       0.5      -2.1       9.3 
34877 -7.775977 -0.000000 -44.323067 
 12410.4  11119.3      0.1     43.2      7.5     28.4 
     0.1     86.1     10.2     51.5   1457.8   2000.8 
     -0.1      77.6       1.6      42.0 
     -3.8      35.1      -3.6      15.4 
     -2.0       5.8      -5.1      12.7 
      0.0       0.5      -7.8       8.5 
34878 -11.452198 -0.000000 -43.518353 
 12152.6  10289.3     -0.4     42.9      3.5     29.0 
    -0.3     86.0      7.7     50.1   1722.3   1958.0 
      0.6      72.9      -0.7      40.3 
      6.7      30.7      -7.1      18.3 
    -10.0      10.0      -8.0      14.2 
      0.0       0.5      -4.2      11.6 
34879 -14.898947 -0.000000 -42.462002 
 11963.4   9551.5      0.2     42.9     -2.3     30.8 
     0.3     86.0      5.1     48.5   1581.9   1884.9 
     -0.1      77.0      -3.4      40.9 
      2.6      24.8      -8.9      21.2 
      9.6      13.8     -11.1      18.9 
      0.0       0.5       0.0       0.2 
34880 -20.958590 -0.000000 -39.821320 
 11474.3   8446.8     -0.2     43.0    -16.9     35.9 
     0.1     86.1      1.0     44.4   1462.4   1727.6 
     -1.1      75.7      -9.4      43.9 
     -1.8      30.9     -12.9      28.9 
      2.0       2.6     -15.1      28.9 
      0.0       0.5       0.0       0.2 
34881 -25.849159 -0.000000 -36.835049 
 11357.5   8039.2      0.3     43.2    -30.3     44.1 
     0.6     86.1     -1.6     38.9   1389.8   1679.2 
      1.6      77.5     -16.2      48.9 
     -0.1      16.0     -24.6      34.4 
      0.3       1.5     -22.1      35.4 
      0.0       0.5       0.0       0.2 
34882 -29.674702 -0.000000 -33.829159 
 11222.5   7606.6     -0.0     43.1    -42.2     54.6 
     0.5     86.2     -4.8     33.0   1379.0   1658.9 
     -3.6      72.9     -25.3      54.2 
      1.6      55.2     -38.7      38.8 
      0.0       0.5     -35.1      41.6 
      0.0       0.5       0.0       0.2 
34883 -32.624973 -0.000000 -30.993725 
 11626.4   7284.4     -0.0     43.1    -52.6     68.7 
     0.5     86.2     -9.8     30.6   1408.3   1745.9 
     -2.7      81.1     -35.4      62.1 
      2.7      28.9     -52.5      45.1 
     -7.1       0.5     -54.5      40.8 
      0.0       0.5       0.0       0.2 
34884 -34.894611 -0.000000 -28.414185 
 11731.2   6965.5     -0.1     43.3    -63.7     80.3 
     0.4     86.2    -17.9     33.9   1520.1   1881.1 
     -1.5      83.6     -45.7      69.6 
      0.2      27.7     -68.5      52.1 
      3.7      28.3     -67.7      53.8 
      0.0       0.5       0.0       0.2 
34885 -36.648933 -0.000000 -26.112364 
 11893.7   6791.5     -0.0     43.4    -71.5     95.3 
     0.5     86.3    -43.2     46.1   1476.2   1766.0 
      0.5      82.6     -56.1      78.4 
     -1.7      17.7     -81.8      61.2 
      0.0       1.6     -81.7      59.0 
      0.0       0.5     -99.1      42.2 
34886 -38.016857 -0.000000 -24.077343 
 12335.8   6705.8     -0.2     44.0    -81.2    107.1 
     0.3     86.2    -81.1     52.3   1567.1   1867.9 
     -2.2      86.8     -68.9      84.0 
      3.6      43.2     -93.2      75.0 
     -1.2       8.1     -94.8      66.0 
      0.0       0.5     -93.9      67.8 
34887 -39.094978 -0.000000 -22.284138 
 12738.1   6589.1      0.3     43.2    -86.8    121.4 
     0.7     86.2   -110.6     55.3   1578.0   1900.9 
      5.2      92.3     -75.2      98.2 
     -2.8      38.5    -107.3      83.6 
    -10.4      16.9    -110.6      75.5 
      2.2       0.5    -100.0      90.5 
34888 -39.954453 -0.000000 -20.703671 
 13004.8   6552.9      0.2     43.7    -95.2    135.0 
     0.6     86.1   -123.0     66.7   1616.3   1932.4 
      5.4      81.6     -86.8     104.6 
      7.1      42.8    -120.1      93.1 
     51.0      58.7    -123.4      83.4 
     -0.9       5.1    -128.1      78.2 
34889 -40.647488 -0.000000 -19.307556 
 13619.6   6475.2     -0.1     43.7   -105.1    148.1 
     0.2     86.0   -150.5     65.5   1782.2   2131.2 
      0.1      84.2     -92.1     115.2 
      5.3      47.3    -126.7     107.7 
      0.9      14.3    -138.0      94.7 
      5.1       0.5    -136.5      86.9 
34890 37.802700 -16.538681 -17.956282 
 19564.1   7586.8    -42.8     59.7    114.7    121.5 
   -32.5     62.1    109.4     50.3   2809.0   3315.3 
    -29.6      52.4      78.3      72.6 
    -38.9      38.3      93.9      69.8 
    -42.9      41.5      98.7      78.2 
    -45.7      43.3      95.3      81.9 
34891 36.787724 -17.557777 -19.062731 
 19413.5   7836.2    -42.2     58.1    105.5    108.7 
   -31.7     61.8     89.0     51.0   2952.3   3322.8 
    -28.3      52.6      68.0      68.0 
    -37.5      34.6      81.8      60.3 
    -38.3      38.6      89.0      67.6 
    -44.3      39.8      86.7      70.2 
34892 35.569786 -18.674139 -20.274778 
 19128.3   8133.3    -41.2     56.7     94.7     96.4 
   -30.2     61.8     70.7     43.3   2639.8   3229.3 
    -29.3      52.8      62.0      59.8 
    -34.5      32.9      72.6      50.4 
    -41.4      35.8      80.7      57.7 
    -44.7      35.7      79.4      60.0 
34893 34.100807 -19.892136 -21.597176 
 18817.0   8711.5    -40.1     53.1     85.0     80.4 
   -28.5     61.8     60.0     35.5   2394.1   2853.4 
    -28.2      49.4      54.7      54.9 
    -31.2      32.5      62.1      42.3 
    -39.5      36.2      70.1      46.1 
    -42.7      35.1      70.8      48.1 
34894 32.322113 -21.211386 -23.029505 
 18324.6   9300.5    -38.2     50.8     76.1     68.5 
   -27.1     62.2     55.2     32.8   2391.7   2971.8 
    -29.3      49.7      50.3      50.8 
    -31.1      33.3      54.0      36.5 
    -37.9      34.5      59.0      37.3 
    -39.3      36.2      59.3      38.6 
34895 30.164263 -22.623199 -24.562328 
 18055.7  10236.3    -35.6     47.4     68.7     56.8 
   -26.4     62.8     51.3     34.8   2015.3   2697.3 
    -29.2      53.9      44.2      48.3 
    -32.3      32.8      46.8      31.3 
    -35.1      33.5      47.6      32.1 
    -33.4      35.6      45.1      34.7 
34896 27.549229 -24.105576 -26.171766 
 17563.2  11382.3    -34.9     44.5     61.5     41.9 
   -26.0     63.6     48.3     38.5   2267.5   2763.6 
    -28.4      52.7      38.0      42.9 
    -29.7      32.7      39.1      26.4 
    -31.5      32.6      39.8      27.7 
    -33.5      33.6      39.0      30.0 
34897 24.397142 -25.617001 -27.812742 
 17236.5  13044.7    -35.3     46.2     51.3     32.4 
   -26.0     65.1     44.6     43.2   2167.1   2539.4 
    -29.5      54.0      33.9      42.2 
    -29.9      32.3      34.0      21.3 
    -31.6      33.3      35.3      22.7 
    -32.3      34.4      36.3      22.8 
34898 20.640287 -27.090378 -29.412409 
 16759.1  13435.6    -33.6     46.4     43.5     27.5 
   -25.8     65.6     40.8     47.7   2274.2   2754.0 
    -29.8      51.0      30.2      42.8 
    -29.6      31.5      28.8      16.7 
    -30.5      32.3      29.9      15.1 
    -29.0      33.6      29.4      15.0 
34899 16.245913 -28.430346 -30.867231 
 16860.5  12908.2    -32.4     45.1     36.9     27.3 
   -25.2     64.7     35.9     51.8   2243.3   2599.2 
    -30.8      50.8      24.1      49.3 
    -29.8      30.0      23.2      15.0 
    -30.0      31.9      23.3      11.0 
    -29.8      33.5      23.9      10.1 
34900 11.245388 -29.519146 -32.049355 
 16761.8  12477.3    -32.2     41.6     30.9     28.1 
   -25.0     63.0     30.9     55.7   2128.0   2670.5 
    -30.8      52.0      21.7      56.7 
    -30.1      29.2      16.1      12.6 
    -30.3      29.0      17.4      12.9 
    -32.9      30.9      15.6      17.3 
34901 8.551672 -29.930853 -32.496353 
 16810.0  12341.1    -34.2     42.3     28.1     28.8 
   -26.2     62.1     28.2     56.8   2164.8   2748.9 
    -30.9      51.1      18.5      64.1 
    -29.5      29.3      14.1      22.4 
    -32.1      29.1      13.0       5.8 
    -33.0      30.5      13.3       3.5 
34902 5.759181 -30.235706 -32.827335 
 16499.2  12190.8    -37.8     42.5     24.1     28.6 
   -28.2     63.2     24.7     55.9   2082.1   2625.6 
    -30.2      49.5      15.3      54.3 
    -30.2      30.1      11.2      17.2 
    -33.5      29.2      10.8       6.6 
    -35.0      30.1      10.3       5.5 
34903 2.897443 -30.423149 -33.030846 
 16079.3  12190.2    -39.1     44.1     19.5     27.7 
   -29.9     64.7     20.9     54.1   1927.5   2521.2 
    -30.1      53.3      10.3      49.0 
    -30.5      30.1       8.4      12.5 
    -32.0      30.7       6.9       7.8 
    -35.2      31.5       6.2       6.1 
34904 -0.000000 -30.486408 -33.099529 
 15482.3  12058.7    -40.6     45.9     15.5     27.5 
   -30.4     66.7     17.9     52.6   1895.5   2318.9 
    -29.2      51.6       8.7      43.5 
    -30.6      30.8       4.8      13.0 
    -32.3      31.3       3.0       9.9 
    -32.5      33.2       3.3      10.5 
34905 -2.897443 -30.423149 -33.030846 
 15005.0  12076.7    -40.3     47.5     12.0     28.0 
   -30.4     68.3     15.1     51.1   1672.6   2166.8 
    -30.5      52.1       5.2      43.2 
    -29.6      31.9       1.4      14.1 
    -33.3      31.6      -0.7      12.4 
    -35.5      33.1      -0.8      12.2 
34906 -5.759181 -30.235706 -32.827335 
 14676.1  12256.7    -40.6     48.9      8.1     28.4 
   -30.7     69.5     12.4     49.7   1677.1   2156.6 
    -28.0      54.7       1.0      41.9 
    -30.2      31.9      -1.7      17.0 
    -32.0      33.5      -3.5      15.6 
    -33.1      35.7      -3.3      15.6 
34907 -8.551672 -29.930853 -32.496353 
 14438.1  11753.6    -41.6     50.0      3.4     30.0 
   -30.9     70.1     10.0     48.5   1686.0   2134.8 
    -29.3      52.5      -2.3      42.5 
    -30.0      34.1      -4.6      20.5 
    -34.4      33.9      -6.8      18.5 
    -31.0      36.6      -7.0      19.1 
34908 -11.245388 -29.519146 -32.049355 
 14166.3  11793.0    -42.4     49.3     -2.4     34.0 
   -30.9     70.2      7.7     47.3   1685.1   1988.1 
    -26.6      51.8      -2.5      41.8 
    -30.7      34.2      -6.2      23.8 
    -33.2      34.3      -7.1      25.0 
    -35.2      33.9     -10.0      23.2 
34909 -16.245913 -28.430346 -30.867231 
 13771.4  10623.3    -43.1     49.1    -13.5     41.9 
   -31.9     70.7      3.5     45.0   1610.7   2039.5 
    -30.6      52.9     -10.7      43.4 
    -32.1      35.2     -12.4      28.8 
    -37.8      36.3     -12.2      30.9 
    -33.7      37.5     -11.9      30.9 
34910 -20.640287 -27.090378 -29.412409 
 13489.3  10041.5    -43.6     52.0    -22.1     52.5 
   -33.6     72.1     -0.3     43.0   1469.9   1873.8 
    -29.5      53.3     -17.0      48.4 
    -37.8      36.1     -22.9      34.0 
    -40.9      35.1     -22.3      34.8 
    -38.9      37.8     -18.6      35.2 
34911 -24.397142 -25.617001 -27.812742 
 13245.1   9229.5    -46.6     54.1    -33.8     61.3 
   -36.5     72.8     -6.3     42.9   1530.6   1877.9 
    -27.1      56.1     -22.7      54.7 
    -43.9      36.8     -37.5      39.0 
    -44.6      36.5     -34.6      41.1 
    -40.2      38.2     -40.4      37.7 
34912 -27.549229 -24.105576 -26.171766 
 13174.9   8528.7    -46.9     56.6    -43.6     73.5 
   -38.3     73.7    -14.7     48.5   1601.2   1940.8 
    -33.1      54.0     -32.8      62.1 
    -49.2      36.0     -51.3      47.2 
    -51.4      31.2     -49.9      46.3 
    -49.2      36.4     -46.7      46.1 
34913 -30.164263 -22.623199 -24.562328 
 13316.9   8139.0    -47.4     58.6    -53.2     85.9 
   -39.9     74.8    -29.4     59.0   1606.8   1989.8 
    -31.2      61.6     -43.4      71.9 
    -49.5      37.9     -62.0      57.9 
    -54.0      33.4     -60.8      57.3 
    -50.7      32.7     -61.4      55.6 
34914 -32.322113 -21.211386 -23.029505 
 13513.4   7674.3    -48.3     60.3    -64.2     97.3 
   -40.7     75.0    -47.4     64.6   1521.4   1863.6 
    -36.3      62.1     -52.6      78.0 
    -51.4      40.0     -73.9      67.8 
    -58.2      33.0     -74.4      64.9 
    -55.2      29.6     -72.4      64.0 
34915 -34.100807 -19.892136 -21.597176 
 13674.5   7386.4    -48.5     61.6    -72.5    110.3 
   -41.6     75.2    -57.8     63.6   1669.0   2030.8 
    -33.6      65.8     -61.7      90.1 
    -50.7      45.2     -88.3      76.8 
    -54.7      37.2     -88.9      73.3 
    -62.5      33.5     -92.2      67.5 
34916 -35.569786 -18.674139 -20.274778 
 13921.8   7188.0    -48.2     63.8    -80.4    124.3 
   -41.5     75.4    -58.5     61.1   1761.7   1975.2 
    -36.3      64.9     -72.3      94.7 
    -54.5      44.7     -97.9      88.1 
    -58.5      40.5    -103.4      79.7 
    -59.9      34.7    -101.3      76.8 
34917 -36.787724 -17.557777 -19.062731 
 14102.9   6922.0    -48.0     65.0    -88.2    137.8 
   -41.9     75.4    -52.8     59.4   1824.7   2204.0 
    -35.2      69.2     -78.5     106.1 
    -54.0      44.4    -111.2      97.9 
    -64.6      37.2    -119.6      92.0 
    -61.5      29.7    -112.7      85.1 
34918 -37.802700 -16.538681 -17.956282 
 14395.5   6821.3    -48.2     66.0    -95.7    150.3 
   -41.7     74.7    -39.9     59.5   1786.4   2156.2 
    -35.3      75.2     -88.1     115.1 
    -51.7      51.1    -121.9     108.0 
    -62.1      41.1    -131.0      97.4 
    -57.3      38.1    -126.5      95.5 
34919 31.889639 -27.903433 -15.147578 
 22846.6   9013.2    -85.6    119.1    115.2    128.2 
   -58.7     45.1    119.7     47.3   3571.6   4112.3 
    -61.9      73.7      75.6      72.3 
    -77.6      66.7      91.0      68.1 
    -82.6      75.4      97.3      75.4 
    -78.8      81.4      93.8      82.9 
34920 30.480156 -29.094694 -15.794263 
 23365.6   9553.0    -87.8    119.7    110.6    117.8 
   -56.4     43.0     84.1     55.9   3827.3   4231.5 
    -58.1      71.4      66.5      66.5 
    -70.0      64.3      76.5      60.9 
    -80.4      69.0      86.4      65.2 
    -73.4      80.0      81.1      76.4 
34921 28.882971 -30.327118 -16.463293 
 23583.4  10159.3    -88.8    116.3    102.6    108.1 
   -51.0     41.1     63.8     36.6   3046.4   3567.2 
    -56.2      68.0      62.0      59.5 
    -64.3      57.0      65.9      49.4 
    -71.0      64.1      71.3      56.2 
    -73.7      73.9      75.5      66.6 
34922 27.075920 -31.588573 -17.148083 
 23763.1  10353.7    -90.4    111.0     92.6     90.2 
   -43.3     39.5     57.9     28.4   2688.3   3176.8 
    -54.2      64.6      53.2      52.4 
    -60.3      53.7      57.1      41.0 
    -69.5      58.2      63.6      45.3 
    -76.8      67.5      69.5      52.2 
34923 25.037458 -32.861668 -17.839190 
 23617.6  11199.8    -89.1    120.1     80.8     70.7 
   -43.1     40.5     53.4     26.4   2857.7   3377.3 
    -55.0      65.9      49.2      49.2 
    -58.3      56.2      50.9      34.6 
    -67.4      61.0      56.1      36.2 
    -74.5      71.9      59.1      41.1 
34924 22.748573 -34.122864 -18.523840 
 23053.3  11364.5    -82.6    126.8     68.2     57.6 
   -40.2     40.4     49.8     28.2   3379.7   3711.1 
    -56.0      69.4      44.3      47.6 
    -61.8      56.8      47.1      31.2 
    -68.7      62.1      49.9      31.4 
    -68.0      74.6      49.7      36.3 
34925 20.195421 -35.341984 -19.185650 
 22747.3  11283.5    -85.5    115.6     62.3     44.6 
   -41.2     41.9     46.7     31.6   3362.1   3894.6 
    -55.6      67.5      39.1      44.4 
    -61.3      55.1      40.0      27.5 
    -70.8      58.7      44.2      27.7 
    -69.2      67.7      45.6      32.2 
34926 17.372576 -36.482407 -19.804735 
 22757.9  11199.5    -83.3    109.8     53.9     33.7 
   -41.3     43.9     43.4     36.7   3271.6   3780.2 
    -54.0      64.2      32.7      42.4 
    -58.1      52.6      33.5      21.3 
    -69.3      55.9      36.7      21.5 
    -73.5      62.9      42.0      23.7 
34927 14.286614 -37.502361 -20.358425 
 22965.4  10942.3    -86.5    117.3     45.9     28.7 
   -39.3     44.0     39.9     42.6   3563.3   4041.6 
    -53.5      67.0      27.2      42.5 
    -58.6      53.0      27.8      17.6 
    -66.9      57.9      29.0      15.1 
    -66.8      69.4      33.0      16.3 
34928 10.959324 -38.357632 -20.822714 
 23403.9  10706.9    -88.0    114.6     38.9     27.5 
   -39.2     41.4     36.5     48.8   3468.4   3956.8 
    -55.5      65.1      24.2      47.9 
    -57.7      52.1      20.6      17.4 
    -66.7      56.3      22.0      15.6 
    -70.4      64.9      25.8      12.7 
34929 7.429648 -39.005653 -21.174498 
 23803.9  10526.1    -92.1    112.0     32.3     28.5 
   -37.1     37.1     32.1     54.7   3707.1   4050.1 
    -55.2      65.4      20.4      62.4 
    -57.2      50.7      12.3      19.2 
    -68.3      52.6      13.2      20.4 
    -74.3      62.5      17.1      13.4 
34930 5.605763 -39.240341 -21.301901 
 23800.8  10442.6    -94.5    110.8     28.1     29.0 
   -39.3     35.5     28.1     56.2   3368.3   3834.5 
    -56.2      63.5      17.2      61.8 
    -58.9      49.7      14.4      30.9 
    -68.9      51.8      14.3      14.9 
    -78.1      59.9      13.3      17.5 
34931 3.753390 -39.410595 -21.394323 
 23548.9  10445.5    -96.1    110.4     24.3     28.7 
   -45.3     33.8     26.1     54.6   3611.4   4097.3 
    -55.9      64.2      12.2      60.3 
    -59.3      51.2       8.3      28.2 
    -70.4      55.1       8.7      22.1 
    -81.0      61.3       9.5       9.0 
34932 1.881610 -39.513817 -21.450357 
 23039.5  10449.5   -100.7    110.3     19.7     28.4 
   -52.8     35.8     23.4     51.7   3640.5   4086.7 
    -57.0      62.3      11.3      53.9 
    -60.9      51.5      10.7      19.5 
    -74.2      54.1       8.2      15.3 
    -81.6      62.0       6.4      13.0 
34933 -0.000000 -39.548401 -21.469133 
 22515.2  10435.0    -98.6    111.5     15.8     28.4 
   -52.0     39.5     20.8     48.7   3618.1   4073.5 
    -57.3      65.8       8.4      51.9 
    -62.6      52.5       6.0      17.5 
    -74.7      57.2       3.9      16.6 
    -81.5      63.3       1.2      10.5 
34934 -1.881610 -39.513817 -21.450357 
 22073.1  10371.5    -96.0    112.9     11.7     28.4 
   -51.4     42.4     18.3     46.1   3525.5   3927.0 
    -58.1      65.5       4.9      43.8 
    -63.7      53.9       1.9      15.0 
    -76.4      57.6      -0.1      16.7 
    -80.8      66.5      -2.8      15.8 
34935 -3.753390 -39.410595 -21.394323 
 21473.5  10390.7    -93.3    112.6      7.5     30.1 
   -48.3     44.3     16.5     43.3   3229.8   3733.6 
    -57.9      66.6       2.9      42.4 
    -64.9      55.1      -1.0      18.0 
    -79.7      59.0      -4.1      16.7 
    -77.4      68.9      -7.2      15.7 
34936 -5.605763 -39.240341 -21.301901 
 20909.0  10469.4    -90.1    112.7      3.5     32.4 
   -48.2     43.3     14.3     40.7   2823.6   3309.0 
    -56.9      69.3      -1.3      39.8 
    -65.7      55.5      -4.2      21.0 
    -83.3      58.7      -8.9      22.0 
    -81.2      67.8     -12.0      20.1 
34937 -7.429648 -39.005653 -21.174498 
 20637.3  10467.4    -90.5    111.0     -2.1     34.6 
   -49.0     45.6     12.1     38.4   2967.2   3374.7 
    -57.8      67.4      -4.4      40.5 
    -69.1      55.5      -7.9      23.1 
    -83.7      61.6     -13.1      24.4 
    -84.0      63.6     -16.1      24.2 
34938 -10.959324 -38.357632 -20.822714 
 20070.8  10594.7    -98.8    110.5    -13.0     43.8 
   -47.5     45.2      8.0     34.4   2696.5   3304.0 
    -59.3      70.9     -10.2      43.7 
    -68.5      59.9     -15.1      28.5 
    -79.1      62.9     -20.3      30.2 
    -76.0      72.3     -18.4      35.2 
34939 -14.286614 -37.502361 -20.358425 
 19763.1  10762.9    -99.1    118.0    -22.4     53.8 
   -46.0     44.6      3.7     31.8   2302.0   2852.1 
    -56.7      69.4     -16.0      46.5 
    -66.7      60.3     -21.8      31.6 
    -77.9      65.1     -26.2      33.2 
    -73.8      77.1     -23.7      39.2 
34940 -17.372576 -36.482407 -19.804735 
 19761.4  10381.9   -103.5    114.9    -35.8     65.0 
   -47.5     47.4     -2.1     30.3   2103.1   2665.7 
    -56.8      69.3     -20.6      50.7 
    -65.4      61.2     -26.7      38.1 
    -83.6      64.4     -37.8      38.4 
    -84.8      71.6     -37.4      42.5 
34941 -20.195421 -35.341984 -19.185650 
 19428.3  10692.0    -95.7    113.4    -43.8     83.9 
   -52.3     49.3     -9.0     32.5   1964.9   2455.1 
    -57.4      69.5     -27.5      52.9 
    -72.2      60.5     -37.8      45.1 
    -88.0      64.3     -51.3      46.6 
    -86.4      69.9     -48.1      53.2 
34942 -22.748573 -34.122864 -18.523840 
 19239.4  10356.4    -83.5    118.2    -43.0    102.4 
   -61.6     54.2    -20.2     37.4   2313.9   2675.4 
    -65.2      73.1     -38.5      62.4 
    -79.8      63.3     -50.8      53.9 
    -89.3      67.9     -59.2      58.7 
    -81.6      78.5     -54.1      67.9 
34943 -25.037458 -32.861668 -17.839190 
 18749.4   9509.4    -85.6    116.1    -52.5    110.6 
   -68.7     57.0    -43.8     48.4   2417.9   2934.6 
    -67.0      78.5     -46.2      72.8 
    -88.3      68.5     -65.6      63.5 
    -93.6      75.8     -71.8      69.7 
    -84.5      81.2     -63.3      74.7 
34944 -27.075920 -31.588573 -17.148083 
 18143.5   9173.7    -88.0    115.5    -62.3    120.0 
   -73.0     60.7    -71.1     46.0   2399.7   2930.1 
    -71.6      84.1     -57.2      82.5 
    -94.8      73.1     -81.9      73.8 
   -100.3      77.2     -86.6      76.2 
    -91.5      78.1     -78.7      77.5 
34945 -28.882971 -30.327118 -16.463293 
 18000.7   8845.4    -89.8    115.5    -71.5    130.4 
   -81.1     63.8    -77.2     51.4   2442.7   2952.9 
    -73.5      85.4     -66.7      89.3 
    -96.4      78.6     -92.3      87.0 
   -106.7      80.7    -101.7      87.5 
   -102.5      78.7     -99.1      84.6 
34946 -30.480156 -29.094694 -15.794263 
 17967.2   8539.7    -88.6    117.0    -80.5    140.1 
   -84.7     68.2    -89.5     60.9   2371.1   2938.0 
    -73.9      87.0     -72.1     100.5 
   -100.6      77.1    -102.3      96.9 
   -114.9      77.8    -114.2      98.9 
   -112.9      82.6    -113.7      99.2 
34947 -31.889639 -27.903433 -15.147578 
 17891.0   8169.3    -90.3    117.5    -90.3    151.4 
   -88.5     70.5   -116.7     77.5   2247.8   2895.8 
    -77.7      87.4     -87.8     105.1 
   -103.3      79.2    -116.0     106.7 
   -119.5      84.3    -125.6     114.9 
   -116.1      86.0    -123.4     112.0 
34948 21.730955 -38.029171 -10.322203 
 33160.5  10619.3   -141.7    303.7    101.7    145.3 
    -0.1     86.6     14.8     57.7   5366.2   5850.6 
   -113.0     102.1      77.4      68.5 
   -145.0     109.9      95.3      66.8 
   -154.0     126.1     105.7      72.9 
   -102.2     145.8      99.0      91.3 
34949 20.301725 -38.757835 -10.519984 
 32526.1  10676.6   -144.1    294.5     95.0    128.3 
    -0.1     86.6    104.9     23.1   5465.4   6075.2 
   -114.1     105.4      72.4      63.8 
   -143.5     111.0      87.3      61.8 
   -154.4     124.4      98.5      66.3 
   -118.1     147.3      97.1      81.9 
34950 18.790987 -39.461071 -10.710862 
 32404.6  10573.7   -158.9    280.9     91.9    110.1 
    -0.1     86.6     98.3     24.4   5613.6   6132.4 
   -114.1     103.8      65.8      63.3 
   -143.1     106.3      79.4      54.0 
   -145.4     127.2      84.9      63.3 
   -122.3     149.2      93.8      74.2 
34951 17.199198 -40.131458 -10.892824 
 32855.7  10344.1   -155.9    266.3     85.2     92.0 
    -0.1     86.6     73.5     21.5   5383.6   5825.9 
   -113.7     100.1      60.0      55.1 
   -142.3     105.4      70.6      47.2 
   -149.0     123.1      76.0      54.6 
   -120.0     150.9      85.1      66.6 
34952 15.528065 -40.761169 -11.063745 
 33143.6  10285.8   -167.2    265.5     79.7     79.7 
    -0.1     86.6     66.5     21.6   5396.5   5861.1 
   -114.9      97.2      53.5      49.4 
   -144.7     107.5      63.6      39.7 
   -153.8     126.3      67.9      46.5 
   -114.9     155.3      73.0      55.8 
34953 13.780708 -41.342125 -11.221435 
 33492.4  10150.5   -164.9    283.4     72.5     66.6 
    -0.1     86.6     54.1     21.1   5552.4   5982.2 
   -112.6      98.1      47.3      46.7 
   -143.7     104.8      55.6      35.7 
   -151.9     124.9      61.3      38.6 
   -108.3     152.3      63.5      46.3 
34954 11.961784 -41.866245 -11.363695 
 33977.7  10126.3   -168.6    290.8     66.7     52.9 
    -0.1     86.6     47.8     22.9   5520.7   5908.2 
   -115.2      96.7      40.7      43.8 
   -142.1     102.5      46.7      29.0 
   -159.1     114.2      53.8      29.6 
   -121.3     147.7      55.6      39.8 
34955 10.077535 -42.325645 -11.488389 
 34878.4   9794.7   -176.2    292.3     59.0     42.5 
    -0.1     86.6     44.1     28.3   5617.5   6031.6 
   -108.3      95.8      34.2      41.7 
   -141.9      96.0      38.6      23.8 
   -158.3     114.6      43.7      24.7 
   -121.6     143.3      48.1      30.4 
34956 8.135806 -42.712982 -11.593524 
 35733.6   9763.7   -162.4    293.6     50.5     34.3 
    -0.1     86.6     40.5     35.8   5796.5   6425.3 
   -110.0      97.3      27.7      44.6 
   -140.4      97.2      30.2      23.8 
   -158.8     111.1      33.9      21.2 
   -123.1     148.2      36.1      30.2 
34957 6.145958 -43.021706 -11.677320 
 36572.8   9808.2   -159.0    299.8     42.2     28.7 
    -0.1     86.6     37.4     44.4   5937.3   6422.6 
   -109.8      90.8      19.9      46.2 
   -141.5      91.9      20.3      26.2 
   -160.4     104.9      21.8      23.9 
   -133.4     144.1      25.8      25.7 
34958 4.118702 -43.246368 -11.738300 
 37368.9   9680.8   -154.6    297.4     33.8     28.9 
    -0.1     86.6     33.6     52.9   5631.3   6353.4 
   -106.2      90.1      14.3      57.1 
   -139.3      87.9      12.9      33.2 
   -168.3      97.4      11.9      39.0 
   -142.6     144.5      15.1      24.6 
34959 3.094703 -43.325836 -11.759871 
 37739.6   9610.4   -141.5    299.9     28.7     29.1 
    -0.1     86.6     28.9     55.1   5704.7   6144.9 
   -108.9      89.1      18.3      60.5 
   -139.4      88.1       9.8      43.9 
   -171.4      96.3       8.3      26.7 
   -146.5     141.7      10.3      31.6 
34960 2.065851 -43.382874 -11.775351 
 37421.3   9720.1   -132.3    306.1     23.9     29.4 
    -0.1     86.6     27.5     53.2   5856.8   6369.4 
   -110.5      90.2      13.4      63.1 
   -144.0      88.1       8.3      35.5 
   -176.6      98.4      13.4      33.5 
   -149.5     143.3      10.7      30.5 
34961 1.033743 -43.417198 -11.784668 
 37251.1   9626.7   -143.2    302.4     19.6     28.7 
    -0.1     86.6     26.1     49.7   6030.1   6434.4 
   -110.5      91.6       9.6      58.3 
   -143.3      90.4      11.3      29.7 
   -176.7      97.3       8.9      31.2 
   -147.1     144.3       6.0      31.8 
34962 -0.000000 -43.428661 -11.787779 
 36342.4   9548.2   -143.1    303.7     14.6     29.9 
    -0.1     86.6     23.5     45.3   6126.6   6541.7 
   -113.9      92.7       5.7      48.0 
   -148.7      90.3       3.2      26.0 
   -174.6     101.3       1.2      22.6 
   -142.7     148.5       1.0      27.0 
34963 -1.033743 -43.417198 -11.784668 
 35916.1   9783.9   -143.9    300.0     10.0     31.2 
    -0.1     86.6     21.4     41.3   5805.7   6329.6 
   -113.9      96.2       3.5      47.2 
   -150.2      92.3      -0.3      23.5 
   -173.1     103.0      -3.3      20.1 
   -142.2     147.9      -3.7      26.9 
34964 -2.065851 -43.382874 -11.775351 
 34836.5   9588.1   -150.4    293.1      5.3     34.1 
    -0.1     86.6     19.3     37.1   5737.4   6054.2 
   -119.4      95.8       0.1      43.8 
   -152.2      95.6      -4.1      23.5 
   -169.7     111.1      -9.6      22.6 
   -133.1     153.1      -9.6      29.0 
34965 -3.094703 -43.325836 -11.759871 
 34311.8   9583.0   -151.1    292.6      0.3     37.7 
    -0.1     86.6     17.2     33.2   5549.7   6178.6 
   -117.9      95.5      -4.1      42.0 
   -155.5      95.2      -8.5      24.2 
   -173.5     113.8     -13.0      24.2 
   -128.7     155.5     -13.1      31.0 
34966 -4.118702 -43.246368 -11.738300 
 33471.0   9598.9   -150.4    289.4     -4.0     40.8 
    -0.1     86.6     14.9     30.0   5571.2   5881.7 
   -117.8      96.9      -6.8      42.3 
   -157.6      95.5     -13.4      25.6 
   -171.8     113.6     -16.7      28.9 
   -124.1     152.2     -19.2      32.3 
34967 -6.145958 -43.021706 -11.677320 
 32650.2   9708.8   -162.6    287.1    -14.3     50.5 
    -0.1     86.6      9.8     24.1   5483.7   5982.7 
   -117.2      99.5     -13.7      41.9 
   -155.9     100.6     -22.1      29.1 
   -171.2     117.2     -25.2      33.4 
   -124.8     150.3     -25.3      43.3 
34968 -8.135806 -42.712982 -11.593524 
 31690.3   9677.4   -153.8    282.5    -23.0     64.1 
    -0.1     86.6      1.6     21.2   5292.1   5848.5 
   -121.8     100.1     -21.7      46.9 
   -156.6     107.3     -31.0      35.8 
   -164.7     124.3     -35.1      38.9 
   -133.3     149.7     -33.8      47.2 
34969 -10.077535 -42.325645 -11.488389 
 31081.7   9917.2   -147.4    270.3    -30.6     74.3 
    -0.1     86.6     -9.9     21.2   5143.3   5563.0 
   -118.2     101.0     -26.6      48.0 
   -155.0     107.0     -39.5      40.8 
   -157.5     127.0     -44.4      45.6 
   -131.3     151.7     -43.5      56.0 
34970 -11.961784 -41.866245 -11.363695 
 30367.2   9880.5   -153.7    262.3    -36.8     87.0 
    -0.1     86.6    -22.0     21.8   5024.9   5427.1 
   -125.5     101.3     -35.9      52.6 
   -159.6     107.1     -49.0      48.1 
   -164.3     124.4     -56.2      52.6 
   -119.5     159.6     -48.0      70.6 
34971 -13.780708 -41.342125 -11.221435 
 29946.5  10064.3   -169.3    267.9    -46.7    102.4 
    -0.1     86.6    -42.9     25.8   5196.3   5584.6 
   -120.2     110.4     -40.1      63.2 
   -161.2     110.6     -59.7      54.6 
   -158.7     131.9     -66.2      60.7 
   -108.4     151.1     -56.1      75.2 
34972 -15.528065 -40.761169 -11.063745 
 29555.1  10115.5   -174.5    281.2    -53.1    120.5 
    -0.1     86.6    -60.2     27.8   5232.8   5596.3 
   -125.3     109.8     -48.1      66.6 
   -158.8     111.8     -66.5      61.2 
   -156.6     131.6     -75.7      70.2 
   -117.7     148.8     -70.0      81.5 
34973 -17.199198 -40.131458 -10.892824 
 29887.0  10370.3   -179.2    289.0    -61.5    137.1 
    -0.1     86.6    -68.5     23.3   5146.4   5525.2 
   -118.7     110.4     -52.1      70.2 
   -150.3     117.1     -72.0      69.9 
   -144.9     135.1     -78.2      77.8 
   -115.3     149.0     -80.3      89.1 
34974 -18.790987 -39.461071 -10.710862 
 30463.9  10350.5   -176.9    295.5    -71.6    151.4 
    -0.1     86.6     14.8     57.7   5174.0   5500.7 
   -117.4     112.0     -57.2      76.7 
   -137.8     122.7     -74.4      77.4 
   -138.7     135.4     -85.6      84.8 
   -103.9     156.4     -89.0     100.6 
34975 -20.301725 -38.757835 -10.519984 
 31222.9  10288.9   -148.9    299.7    -66.0    168.4 
    -0.1     86.6     14.8     57.7   4409.7   4900.2 
   -114.0     107.0     -62.4      77.7 
   -136.4     117.3     -80.0      78.7 
   -143.3     136.6     -97.2      90.3 
    -96.0     165.5     -97.0     113.4 
34976 -21.730955 -38.029171 -10.322203 
 31391.3  10118.3   -156.5    283.7    -75.7    175.5 
    -0.1     86.6     14.8     57.7   3649.4   4043.9 
   -110.2      97.1     -63.5      74.2 
   -148.0     108.7     -93.5      80.3 
   -152.2     133.9    -109.3      97.0 
   -122.5     150.1    -117.3     115.1 
34977 15.179742 -41.744289 -7.210377 
 42144.8  10031.5   -264.9    422.6    111.7    133.6 
    -0.1     86.6     14.8     57.7   6910.0   7302.3 
   -165.0     118.5      93.6      60.3 
   -124.2     152.4     104.8      72.7 
    -68.3     161.6     110.5      87.4 
    -39.9     164.6     108.9     107.8 
34978 14.042964 -42.128887 -7.276808 
 41597.9   9991.2   -258.5    440.8    104.9    123.3 
    -0.1     86.6     14.8     57.7   7166.1   7531.6 
   -158.1     120.9      87.9      60.9 
   -125.5     149.5     100.6      65.5 
    -72.3     158.0      98.3      79.8 
    -43.2     159.2      96.4      95.6 
34979 12.875603 -42.489483 -7.339093 
 41950.3  10048.2   -248.3    470.4     94.8    110.3 
    -0.1     86.6     14.8     57.7   7309.6   7661.8 
   -155.4     121.1      77.6      57.9 
   -117.2     152.0      89.6      62.0 
    -93.9     152.6      95.8      68.2 
    -57.8     161.6      94.9      84.2 
34980 11.679233 -42.823853 -7.396847 
 42804.4   9778.6   -216.5    492.3     87.5     96.1 
    -0.1     86.6     88.3     20.1   7340.4   7761.4 
   -159.6     117.0      68.4      52.4 
   -137.8     146.1      79.2      53.3 
    -85.8     155.1      82.7      64.1 
    -50.9     165.3      88.2      78.0 
34981 10.455710 -43.129807 -7.449694 
 43415.7   9632.2   -223.4    485.2     82.8     82.3 
    -0.1     86.6     72.6     14.2   7346.9   7737.7 
   -156.7     119.9      63.2      49.4 
   -136.9     146.0      71.8      45.2 
    -74.7     151.3      75.5      54.9 
    -47.0     161.1      74.5      68.8 
34982 9.207181 -43.405285 -7.497276 
 44618.0   9686.6   -225.6    490.0     75.1     68.9 
    -0.1     86.6     60.1     15.7   7462.1   7857.0 
   -161.4     111.3      55.6      44.3 
   -145.8     142.1      61.9      40.4 
    -78.9     157.0      65.9      49.0 
    -55.5     163.2      66.0      58.8 
34983 7.936064 -43.648350 -7.539260 
 45653.9   9693.2   -204.0    498.3     67.1     58.0 
    -0.1     86.6     48.4     17.4   7454.9   7816.4 
   -160.8     113.9      46.3      44.3 
   -151.1     137.9      53.3      32.3 
    -92.0     158.0      57.4      39.4 
    -57.9     161.3      53.1      52.6 
34984 6.645037 -43.857243 -7.575342 
 46550.9   9596.9   -205.9    499.8     59.4     46.3 
    -0.1     86.6     43.6     22.8   7589.5   7952.5 
   -164.2     109.0      39.6      41.5 
   -151.7     138.0      43.4      28.8 
   -100.4     155.3      46.5      36.9 
    -52.0     163.5      42.5      48.6 
34985 5.337018 -44.030403 -7.605251 
 47791.0   9514.5   -188.0    506.8     51.4     36.4 
    -0.1     86.6     40.4     31.6   7463.1   8034.6 
   -160.1     105.2      30.1      40.6 
   -162.2     129.8      34.0      27.5 
   -100.0     150.9      35.0      33.7 
    -45.0     162.7      33.3      43.7 
34986 4.015138 -44.166508 -7.628761 
 49015.2   9529.9   -180.0    509.8     43.3     30.7 
    -0.1     86.6     37.5     41.5   7481.9   7956.6 
   -161.1     105.0      23.8      45.8 
   -170.2     123.0      22.9      33.1 
   -105.7     156.2      26.7      28.6 
    -49.9     162.9      23.9      39.9 
34987 2.682698 -44.264507 -7.645688 
 50118.7   9497.8   -177.0    520.2     34.3     29.8 
    -0.1     86.6     34.1     51.3   7483.7   8018.0 
   -162.3      99.0      17.7      55.1 
   -175.8     119.1      12.6      35.7 
   -119.1     150.0      12.2      41.7 
    -56.7     162.4      12.8      37.1 
34988 2.013589 -44.298962 -7.651639 
 50668.4   9422.7   -159.8    514.1     29.0     29.1 
    -0.1     86.6     29.1     54.3   7369.9   7941.4 
   -161.3     100.7      16.5      59.9 
   -182.1     115.8      11.7      47.2 
   -113.1     161.6       7.8      43.6 
    -55.9     167.8       9.7      40.4 
34989 1.343140 -44.323616 -7.655898 
 50462.1   9508.5   -132.8    510.6     23.5     29.7 
    -0.1     86.6     28.0     52.3   7572.3   8099.0 
   -166.0      96.9      13.8      59.6 
   -181.8     117.3       9.9      47.4 
   -117.7     156.9       7.3      39.4 
    -47.6     166.6      11.0      48.3 
34990 0.671794 -44.338436 -7.658457 
 49949.5   9501.1   -152.1    504.1     18.8     30.1 
    -0.1     86.6     27.2     48.4   7708.3   8219.2 
   -166.3     100.5      10.0      58.6 
   -181.7     117.8       7.3      39.7 
   -112.0     160.1       6.9      44.6 
    -45.1     165.7      13.0      45.8 
34991 -0.000000 -44.343372 -7.659310 
 49282.9   9534.3   -170.0    505.5     14.1     31.0 
    -0.1     86.6     25.5     43.6   7421.1   7971.7 
   -166.2     100.1       5.3      50.1 
   -178.3     125.0       1.3      34.7 
   -106.3     158.6      -0.4      39.0 
    -43.4     163.9       6.3      43.0 
34992 -0.671794 -44.338436 -7.658457 
 48581.7   9493.5   -158.7    509.4      9.4     33.9 
    -0.1     86.6     23.4     38.7   7537.0   8020.5 
   -169.0      99.2       1.7      45.3 
   -175.9     126.5      -2.3      30.4 
   -104.0     153.8      -5.2      35.7 
    -45.1     164.1      -0.9      39.2 
34993 -1.343140 -44.323616 -7.655898 
 48062.2   9448.3   -169.2    499.8      4.4     35.0 
    -0.1     86.6     21.5     34.2   7359.2   7897.8 
   -169.3     103.5      -4.1      42.6 
   -170.0     130.1      -8.4      30.3 
   -102.7     158.6      -8.2      38.4 
    -47.2     164.1      -3.7      39.8 
34994 -2.013589 -44.298962 -7.651639 
 47097.2   9547.6   -186.0    508.2     -0.5     38.8 
    -0.1     86.6     19.7     29.5   7439.7   7893.3 
   -168.3     105.2      -7.0      41.2 
   -167.7     128.5     -12.8      28.7 
    -90.3     158.2     -13.9      34.5 
    -40.0     166.7      -9.5      45.4 
34995 -2.682698 -44.264507 -7.645688 
 46424.3   9481.3   -176.8    505.2     -5.4     43.0 
    -0.1     86.6     17.0     25.4   7579.1   7986.2 
   -166.6     109.3     -11.2      40.8 
   -160.5     136.0     -16.7      29.1 
    -89.7     158.2     -20.8      38.0 
    -39.5     165.2     -11.9      47.7 
34996 -4.015138 -44.166508 -7.628761 
 44739.2   9454.6   -186.3    500.2    -14.4     54.4 
    -0.1     86.6     11.4     18.8   7232.6   7763.3 
   -165.1     112.7     -19.2      41.3 
   -154.9     139.6     -26.6      33.1 
    -97.2     154.3     -26.0      38.7 
    -52.6     163.5     -19.5      55.1 
34997 -5.337018 -44.030403 -7.605251 
 43706.6   9527.4   -190.0    487.8    -22.0     65.7 
    -0.1     86.6      0.1     15.6   7353.4   7759.7 
   -167.1     113.2     -28.8      43.7 
   -146.4     144.9     -36.6      37.1 
    -84.5     158.3     -37.0      46.4 
    -58.7     164.2     -26.3      62.7 
34998 -6.645037 -43.857243 -7.575342 
 42425.8   9478.6   -177.0    496.9    -29.7     80.3 
    -0.1     86.6    -14.5     14.1   7199.4   7709.3 
   -154.8     121.7     -34.5      50.1 
   -133.9     143.8     -46.3      44.6 
    -97.5     155.6     -48.2      52.7 
    -49.8     161.7     -37.6      69.1 
34999 -7.936064 -43.648350 -7.539260 
 41645.5   9564.9   -192.9    485.4    -37.2     91.5 
    -0.1     86.6    -34.2     17.1   7000.5   7469.2 
   -166.4     117.6     -44.0      51.5 
   -138.3     151.1     -56.2      50.3 
    -85.4     162.4     -57.3      62.4 
    -53.8     163.6     -43.3      79.8 
35000 -9.207181 -43.405285 -7.497276 
 40673.1   9639.1   -196.7    471.4    -45.4    106.0 
    -0.1     86.6    -50.7     22.4   7060.4   7458.3 
   -158.9     123.6     -55.5      58.1 
   -121.9     151.2     -66.8      58.8 
    -75.2     157.6     -66.1      70.6 
    -57.1     167.2     -56.5      85.0 
35001 -10.455710 -43.129807 -7.449694 
 40058.5   9721.2   -195.6    461.4    -52.0    122.0 
    -0.1     86.6     14.8     57.7   7112.4   7436.2 
   -148.3     129.2     -57.1      65.4 
   -124.2     143.5     -74.1      65.7 
    -87.8     156.0     -79.8      75.2 
    -60.8     162.4     -71.4      92.7 
35002 -11.679233 -42.823853 -7.396847 
 40156.2   9804.9   -213.6    431.2    -58.7    131.8 
    -0.1     86.6     14.8     57.7   6654.8   7090.1 
   -157.0     116.0     -65.9      63.0 
   -127.2     147.0     -84.2      70.7 
    -79.6     155.9     -88.3      86.8 
    -63.5     162.1     -78.4     103.6 
35003 -12.875603 -42.489483 -7.339093 
 39542.9   9970.1   -236.3    421.7    -66.6    143.7 
    -0.1     86.6     14.8     57.7   6629.7   6980.3 
   -164.4     123.5     -78.2      68.2 
   -121.5     156.4     -95.5      78.2 
    -78.8     164.4     -94.8      99.7 
    -46.5     165.8     -81.3     117.1 
35004 -14.042964 -42.128887 -7.276808 
 38688.5   9869.9   -252.6    429.3    -76.2    158.8 
    -0.1     86.6     14.8     57.7   6904.6   7255.6 
   -149.7     132.6     -88.3      77.6 
   -112.8     150.6    -107.3      85.9 
    -78.6     155.9    -106.8     102.6 
    -47.5     161.6     -90.3     127.1 
35005 -15.179742 -41.744289 -7.210377 
 37767.7   9966.5   -255.8    443.0    -83.3    176.2 
    -0.1     86.6     14.8     57.7   6915.1   7287.7 
   -145.4     136.0     -93.2      86.1 
   -108.1     154.0    -114.9      98.9 
    -91.8     152.7    -120.1     108.8 
    -60.0     161.9    -104.7     131.6 
