Dot1_150x100_dj0320c@-575V,3.8T@90d,263K,rh=1.02/0.7,6.0/6.0,100Vdep 
1122 1 3.80 60 5 29 0 575.0000 263.0000 6.0000 1.1980 2500.0000 1.5300 32.1800 150.0000 100.0000 285.0000 2500.0000 0.7600 16.090000 1.5000 1.0000 0.8500 
34501 -0.000000 -0.000000 -45.000000 
 14980.2  14027.4     -0.2     43.0     15.3     26.9 
    -0.1     86.1     16.9     52.7   1947.8   2374.9 
     -4.6      79.8       8.7      49.1 
      2.9      19.0       2.6      13.5 
      0.6       5.7       1.0       8.9 
     -0.5       2.0       0.2       7.4 
34502 -0.000000 -5.870454 -44.615444 
 14739.5  14105.2     -5.6     42.0     15.2     27.2 
    -5.3     84.2     16.8     53.0   1876.0   2231.8 
     -5.3      60.7       8.2      48.7 
     -5.2      13.1       3.1      13.5 
     -6.1       4.7       1.9       8.8 
     -5.2       5.3       1.1       7.9 
34503 -0.000000 -11.452198 -43.518353 
 14672.1  14476.0    -10.4     41.0     15.3     27.5 
    -9.7     81.8     16.9     53.2   1902.2   2275.4 
    -15.2      55.4       8.6      44.3 
     -9.1      10.8       2.9      10.9 
     -9.8       9.3       1.7       9.3 
     -9.6       8.6       1.7       8.3 
34504 -0.000000 -16.522495 -41.856983 
 14901.8  14566.9    -15.0     41.0     15.7     27.6 
   -13.9     79.3     17.2     53.1   1760.0   2236.5 
    -14.5      52.8       9.5      45.2 
    -13.3      16.3       2.7      11.2 
    -13.9      14.3       2.1       9.0 
    -14.4      12.5       1.9       9.4 
34505 -0.000000 -20.958590 -39.821320 
 15285.6  14713.1    -19.9     40.4     15.5     27.4 
   -17.6     76.1     17.3     53.0   1860.0   2457.9 
    -18.9      52.2       7.2      48.6 
    -17.4      20.3       3.9      12.2 
    -16.9      17.9       2.2       9.3 
    -17.8      17.9       2.4      10.2 
34506 -0.000000 -24.732742 -37.593769 
 15931.4  14240.1    -24.1     40.6     15.9     27.5 
   -20.3     71.8     17.9     52.5   2229.6   2714.3 
    -22.4      49.8       6.9      50.3 
    -20.8      23.2       3.7      12.8 
    -21.5      22.2       2.3       9.2 
    -22.2      21.0       3.1       9.8 
34507 -0.000000 -27.883995 -35.319725 
 16806.3  13171.2    -28.7     41.8     16.5     26.8 
   -22.9     67.5     18.8     52.0   2029.3   2673.4 
    -21.7      49.8       8.4      47.4 
    -23.9      26.5       3.9      12.4 
    -24.0      26.5       2.5      10.9 
    -27.1      27.5       2.9       9.6 
34508 -0.000000 -30.486408 -33.099529 
 17725.3  12979.6    -35.2     46.0     16.5     26.7 
   -24.8     61.8     19.2     51.2   2269.9   2648.2 
    -27.3      51.9       8.9      47.8 
    -26.4      30.9       4.2      12.5 
    -29.7      31.7       2.4       9.9 
    -30.5      34.9       3.0       9.8 
34509 -0.000000 -32.624973 -30.993725 
 18888.5  12413.6    -43.1     53.3     17.2     26.6 
   -27.3     56.1     19.7     50.5   2420.5   3038.7 
    -31.1      55.0       6.5      47.6 
    -29.5      34.4       4.5      12.4 
    -32.1      36.5       3.4      13.2 
    -33.2      40.3       2.3      11.9 
34510 -0.000000 -34.381348 -29.033136 
 20166.0  11937.3    -53.6     62.9     17.1     26.0 
   -28.2     49.9     20.4     49.8   2866.8   3309.5 
    -35.2      55.0       6.8      46.8 
    -33.5      36.3       5.3      13.9 
    -35.3      38.4       3.4      10.0 
    -34.7      44.8       2.8      10.3 
34511 -0.000000 -35.827297 -27.228748 
 21249.3  11717.0    -61.0     75.2     17.7     26.2 
   -30.2     44.5     21.1     49.2   3142.8   3635.2 
    -36.3      56.7       6.7      49.0 
    -37.4      38.4       4.9      12.6 
    -38.5      40.1       4.1      11.3 
    -36.8      46.8       3.1      10.7 
34512 -0.000000 -37.022865 -25.579433 
 22429.5  11251.1    -67.8     84.7     17.8     26.7 
   -32.5     39.2     21.5     48.5   3487.3   3905.4 
    -39.2      57.7       9.3      46.6 
    -39.9      39.9       5.5      13.6 
    -44.2      41.8       3.6      10.7 
    -44.0      49.7       3.0      12.7 
34513 -0.000000 -38.016857 -24.077343 
 23701.0  11242.3    -74.5     96.0     17.7     26.4 
   -34.7     35.8     22.2     47.9   3521.9   4115.3 
    -42.5      60.7       8.4      49.5 
    -42.3      43.2       6.0      16.6 
    -48.8      44.9       3.4      10.6 
    -51.3      54.3       2.1      11.0 
34514 -0.000000 -38.848354 -22.711344 
 25007.8  10887.8    -80.2    110.1     17.8     26.9 
   -39.3     34.5     22.7     47.4   3948.0   4360.4 
    -44.7      61.0       7.4      50.4 
    -46.0      46.7       5.7      15.8 
    -53.7      49.4       3.8      12.4 
    -59.9      61.0       2.7      11.0 
34515 -0.000000 -39.548401 -21.469133 
 26512.8  10868.3    -89.3    121.0     17.4     26.2 
   -48.4     39.4     23.2     46.9   4286.4   4753.1 
    -48.0      64.6       7.6      50.7 
    -48.3      49.6       5.7      15.2 
    -57.2      53.8       4.2      10.7 
    -68.3      66.7       2.5      10.6 
34516 -0.000000 -40.141609 -20.338415 
 27556.6  10638.5    -95.5    135.3     17.3     27.0 
   -59.1     41.9     23.6     46.4   4530.0   4950.7 
    -50.9      64.6       7.6      46.9 
    -53.6      52.0       5.6      16.4 
    -62.8      56.1       4.0      16.9 
    -77.4      73.5       2.5      10.8 
34517 -0.000000 -40.647488 -19.307556 
 28867.5  10627.6    -99.3    149.4     17.2     27.9 
   -68.5     53.6     23.8     46.2   4747.0   5092.2 
    -51.8      65.8       6.2      51.8 
    -55.9      54.9       5.3      18.0 
    -69.1      60.1       3.8      12.2 
    -84.3      79.7       1.8      12.1 
34518 -0.000000 -41.081562 -18.365873 
 30335.9  10459.9   -104.0    162.7     17.0     27.2 
   -73.3     87.8     24.2     45.7   4898.4   5252.7 
    -56.3      68.0       8.3      48.0 
    -57.8      57.5       6.0      17.2 
    -75.5      62.5       4.7      14.6 
    -92.9      87.7       2.0      13.2 
34519 -0.000000 -41.456230 -17.503742 
 31617.2  10571.1   -102.7    180.1     17.2     27.2 
   -68.2    135.5     24.5     45.5   4971.7   5395.3 
    -56.5      70.5       8.5      49.5 
    -62.9      60.6       5.8      17.0 
    -80.4      69.3       3.9      12.4 
   -102.4      96.1       2.1      12.7 
34520 -0.000000 -41.781452 -16.712580 
 32756.7  10309.3   -110.6    190.8     16.7     27.8 
     0.8     86.6     24.7     45.1   5102.9   5567.2 
    -62.3      71.4       8.4      48.6 
    -67.7      63.4       6.0      16.6 
    -85.5      73.4       3.7      13.8 
   -110.3     102.7       0.7      14.5 
34521 -0.000000 -42.065262 -15.984799 
 34166.8  10361.1   -107.6    207.8     16.9     28.1 
     0.8     86.6     24.9     45.0   5345.6   5883.9 
    -64.9      73.9       6.2      51.9 
    -70.5      66.8       6.2      19.8 
    -94.6      74.8       3.6      12.9 
   -116.5     108.8       1.0      16.4 
34522 -0.000000 -42.314190 -15.313706 
 35303.2  10227.0   -112.6    223.4     16.9     28.3 
     0.8     86.6     25.3     44.7   5625.3   6071.8 
    -67.2      74.3       6.8      51.6 
    -77.3      70.2       4.9      18.6 
   -100.0      81.0       3.0      15.0 
   -121.2     118.8       1.8      15.9 
34523 -0.000000 -42.533558 -14.693412 
 36394.0  10307.9   -113.5    233.1     16.9     28.9 
     0.8     86.6     25.5     44.4   5617.9   6054.1 
    -69.0      78.1       7.1      52.9 
    -80.3      74.8       5.8      20.8 
   -107.4      85.5       3.2      17.1 
   -126.1     124.4       2.0      17.0 
34524 -0.000000 -42.727760 -14.118738 
 37722.6  10156.5   -112.0    255.0     16.8     27.9 
     0.8     86.6     25.9     44.2   6050.1   6483.5 
    -70.8      78.4       5.7      54.3 
    -84.3      76.2       6.2      19.4 
   -112.9      90.5       2.3      16.5 
   -130.3     130.1       1.3      17.5 
34525 -0.000000 -42.900398 -13.585126 
 39130.4  10200.4   -121.2    260.5     16.7     28.9 
     0.8     86.6     25.9     44.1   5904.6   6431.7 
    -72.9      78.4       8.7      49.5 
    -87.6      79.5       5.6      19.3 
   -118.5      90.2       3.5      19.9 
   -134.3     132.8       1.7      25.2 
34526 -0.000000 -43.054493 -13.088566 
 40166.9  10135.5   -115.4    283.8     16.4     28.7 
     0.8     86.6     26.2     43.8   6344.0   6761.2 
    -75.7      80.6       7.3      49.1 
    -94.7      81.2       5.4      22.4 
   -128.5      94.5       1.7      18.5 
   -136.6     138.8       1.2      18.9 
34527 -0.000000 -43.192551 -12.625515 
 41406.2  10126.5   -117.7    297.2     16.5     28.6 
     0.8     86.6     26.4     43.6   6436.2   6895.7 
    -76.6      81.6       7.9      51.1 
    -97.4      85.6       5.8      22.2 
   -130.5      99.7       3.2      20.3 
   -132.7     145.3       0.6      19.1 
34528 -0.000000 -43.316673 -12.192842 
 42620.9  10070.9   -118.1    303.6     16.6     29.0 
     0.8     86.6     26.3     43.4   6539.9   7044.5 
    -81.1      84.8       6.4      52.3 
   -102.2      87.4       4.6      21.7 
   -137.2     102.7       2.2      24.1 
   -129.3     150.5       2.1      22.9 
34529 -0.000000 -43.428661 -11.787779 
 43780.3  10216.0   -117.9    319.5     16.5     28.6 
     0.8     86.6     26.6     43.4   6773.4   7350.9 
    -80.9      87.5       6.9      52.3 
   -109.9      89.2       4.4      21.3 
   -144.4     105.4       1.7      20.2 
   -127.3     154.2       1.3      26.2 
34530 -0.000000 -43.529995 -11.407862 
 44873.6  10074.1   -111.5    337.2     16.3     30.1 
     0.8     86.6     26.6     42.9   6721.4   7276.8 
    -87.9      87.8       7.4      48.7 
   -114.0      91.4       4.7      21.9 
   -147.6     106.7       0.4      16.4 
   -120.8     160.4       1.9      27.0 
34531 -0.000000 -43.621986 -11.050903 
 46127.1  10000.2   -128.6    351.0     16.2     28.4 
     0.8     86.6     27.0     43.1   6773.9   7418.7 
    -89.3      90.9       7.9      54.6 
   -117.0      92.3       5.2      22.8 
   -152.2     110.1       2.0      23.2 
   -121.1     161.2       1.6      28.8 
34532 -0.000000 -43.705715 -10.714950 
 46931.2  10009.7   -110.1    368.3     16.6     29.0 
     0.8     86.6     27.2     42.9   7095.5   7572.0 
    -89.4      87.7       8.0      51.1 
   -121.6      96.4       4.6      25.3 
   -154.3     115.7       2.3      27.0 
   -112.5     167.5       2.0      26.4 
34533 -0.000000 -43.782146 -10.398259 
 48141.9  10132.7   -138.9    381.0     16.3     29.4 
     0.8     86.6     27.2     42.8   7336.0   7775.4 
    -93.5      91.9       6.8      49.3 
   -125.4      98.7       4.8      25.0 
   -158.9     117.9       1.7      26.8 
   -108.7     168.6       3.2      31.1 
34534 -0.000000 -43.852077 -10.099266 
 49199.2   9992.4   -117.4    393.7     16.0     29.8 
     0.8     86.6     27.3     42.5   7265.8   7812.8 
    -99.2      91.3       8.1      50.1 
   -130.4     100.2       4.2      25.9 
   -160.0     121.5       2.3      23.6 
   -102.1     170.1       2.9      26.7 
34535 -0.000000 -43.916229 -9.816568 
 50335.6   9968.5   -125.6    400.9     16.8     29.1 
     0.8     86.6     27.6     42.7   7495.6   7972.3 
    -98.2      94.2       6.3      52.9 
   -133.4     100.1       3.6      23.7 
   -163.6     124.4       1.1      25.6 
    -95.7     171.1       1.9      25.2 
34536 -0.000000 -43.975204 -9.548901 
 51073.1   9957.3   -126.4    413.1     16.1     28.9 
     0.8     86.6     27.5     42.4   7447.1   7843.4 
   -102.1      94.1       6.2      50.8 
   -138.2     102.8       4.0      26.2 
   -163.0     129.4       2.6      28.4 
    -81.0     176.4       3.4      30.8 
34537 -0.000000 -44.029541 -9.295126 
 52607.8  10132.1   -121.1    435.2     16.4     30.2 
     0.8     86.6     27.7     42.4   7522.8   8001.1 
   -104.8      94.3       6.7      50.9 
   -142.2     103.7       3.4      28.3 
   -164.9     128.2      -0.1      26.7 
    -76.4     177.5       4.0      32.5 
34538 -0.000000 -44.079716 -9.054212 
 53352.5   9973.5   -108.7    451.9     16.1     29.5 
     0.8     86.6     27.6     42.4   7723.4   8286.1 
   -106.8      98.4       6.5      50.8 
   -143.7     105.9       3.2      28.1 
   -159.0     136.4      -1.8      27.5 
    -68.8     175.8       2.8      35.3 
34539 -0.000000 -44.126129 -8.825226 
 54328.7  10113.6   -122.3    460.7     16.0     29.5 
     0.8     86.6     27.9     42.3   7809.0   8402.9 
   -111.1      96.0       6.0      52.7 
   -150.1     107.5       3.8      27.2 
   -159.8     137.0      -1.4      28.0 
    -64.2     174.2       4.1      34.2 
34540 -0.000000 -44.169155 -8.607322 
 55264.2   9976.9   -113.6    473.2     15.7     29.6 
     0.8     86.6     27.9     42.0   8014.8   8548.7 
   -111.2      95.5       5.7      51.1 
   -150.7     109.8       3.1      28.4 
   -163.0     140.2       2.8      30.1 
    -53.6     174.2       5.0      33.9 
34541 -0.000000 -44.209099 -8.399729 
 56196.9   9989.3   -140.1    477.8     16.1     30.4 
     0.8     86.6     28.0     42.0   8086.1   8537.8 
   -113.2      95.6       6.1      49.5 
   -152.1     111.6       3.1      29.6 
   -146.1     152.3       1.5      35.6 
    -46.7     172.3       1.5      32.1 
34542 -0.000000 -44.246258 -8.201745 
 57550.8   9961.7   -132.4    500.7     15.9     30.1 
     0.8     86.6     28.0     42.0   8058.9   8719.0 
   -117.4      99.6       7.0      49.0 
   -155.6     111.4       3.7      30.1 
   -149.0     144.9       0.8      27.1 
    -42.6     175.4       3.5      36.1 
34543 -0.000000 -44.280880 -8.012731 
 57968.2  10059.1   -104.1    508.2     15.8     29.9 
     0.8     86.6     27.9     41.7   8434.4   8879.7 
   -123.2      99.0       6.4      50.9 
   -154.9     117.2       2.4      28.6 
   -140.1     156.5      -0.1      25.7 
    -37.9     171.4       4.5      35.1 
34544 -0.000000 -44.313187 -7.832098 
 59113.6   9958.0   -140.1    525.0     15.5     30.6 
     0.8     86.6     28.2     41.7   8351.4   8812.4 
   -124.6      98.4       5.9      49.9 
   -156.8     116.9       2.2      29.9 
   -135.8     156.9       0.7      28.0 
    -31.1     172.0       6.1      39.5 
34545 -0.000000 -44.343372 -7.659310 
 59844.8   9971.5   -134.2    541.9     15.7     29.6 
     0.8     86.6     28.4     41.5   8378.6   8954.8 
   -124.0     101.9       6.9      50.7 
   -158.6     117.6       2.5      30.5 
   -122.7     158.2       0.2      32.1 
    -27.1     172.2       4.0      41.1 
34546 -0.000000 -44.371635 -7.493876 
 60841.7   9926.7    -84.5    550.6     16.0     30.6 
     0.8     86.6     28.5     41.6   8376.3   8898.6 
   -130.2      97.3       5.1      51.8 
   -163.2     118.8       3.7      30.9 
   -126.1     163.6       1.7      34.5 
    -30.3     171.0       6.2      40.8 
34547 -0.000000 -44.398117 -7.335341 
 61768.8  10034.3    -91.1    572.4     15.7     30.7 
     0.8     86.6     28.4     41.4   8687.1   9138.0 
   -129.4     104.2       4.5      50.5 
   -160.2     120.7       2.2      30.7 
   -110.1     169.4       1.5      27.6 
    -16.5     168.8       2.9      40.6 
34548 -0.000000 -44.446323 -7.037334 
 63432.9   9973.4   -132.3    587.9     15.7     30.8 
     0.8     86.6     28.6     41.5   8622.6   9121.6 
   -136.7     102.4       6.7      49.1 
   -157.6     126.7       1.7      32.6 
    -86.1     168.0       0.0      33.4 
    -23.7     166.5       3.8      43.0 
34549 -0.000000 -44.488998 -6.762328 
 65610.8   9986.8   -118.5    613.9     15.2     30.5 
     0.8     86.6     28.6     41.3   8851.9   9356.8 
   -140.3     101.6       5.7      52.8 
   -159.3     130.2       1.0      33.3 
    -87.2     165.3       3.1      41.2 
    -21.6     168.2       6.1      44.7 
34550 -0.000000 -44.526943 -6.507784 
 66932.8   9929.1   -118.4    631.0     15.4     30.5 
     0.8     86.6     28.8     41.0   9251.5   9742.2 
   -140.1     108.0       5.7      49.9 
   -151.0     139.0       2.4      32.8 
    -70.4     168.0      -0.1      35.3 
    -18.5     166.8       5.7      38.8 
34551 -0.000000 -44.560837 -6.271525 
 68571.7   9914.6   -130.5    668.9     15.6     30.6 
     0.8     86.6     28.9     41.2   8961.7   9617.4 
   -146.1     106.5       5.1      50.1 
   -153.6     138.3       1.6      34.3 
    -69.5     165.7       1.9      37.3 
    -22.1     168.8       5.3      42.0 
34552 -0.000000 -44.591225 -6.051666 
 70551.8   9990.5   -128.4    690.4     15.1     30.4 
     0.8     86.6     29.1     40.9   9075.8   9702.9 
   -149.5     109.3       4.5      49.7 
   -146.0     143.6       1.1      35.0 
    -61.2     161.4       2.1      40.3 
    -14.9     169.6       7.4      44.8 
34553 -0.000000 -44.618580 -5.846572 
 71782.0   9926.3   -123.1    713.6     15.2     31.4 
     0.8     86.6     29.0     40.8   9307.9   9907.9 
   -151.5     110.2       4.3      51.3 
   -131.1     152.7       1.6      38.8 
    -38.4     170.6       0.2      41.0 
    -12.5     170.0       6.1      45.7 
34554 -0.000000 -44.643284 -5.654816 
 73684.2  10023.3   -121.2    741.1     15.2     31.5 
     0.8     86.6     29.3     40.8   9498.4   9972.9 
   -151.9     111.3       4.6      49.7 
   -134.9     151.8       2.5      36.7 
    -62.5     162.3       0.6      40.8 
     -8.7     171.5       7.4      46.4 
34555 -0.000000 -44.665680 -5.475147 
 75331.8   9996.3   -100.9    756.1     15.1     30.6 
     0.8     86.6     29.2     40.7   9755.2  10196.7 
   -157.9     108.9       2.8      50.0 
   -120.7     156.3       0.5      38.5 
    -58.7     163.3       2.5      42.0 
    -14.0     170.7       5.9      51.5 
34556 -0.000000 -44.686035 -5.306466 
 76023.6   9968.5   -104.8    793.8     14.8     31.0 
     0.8     86.6     29.4     40.6   9537.4  10260.7 
   -155.1     114.5       3.9      49.0 
   -112.6     159.2       0.9      35.0 
    -46.7     165.4       1.7      42.2 
    -11.3     172.4       9.6      46.6 
34557 -0.000000 -44.704586 -5.147801 
 77589.0   9970.4   -127.9    810.5     15.1     31.2 
     0.8     86.6     29.4     40.5   9771.5  10423.1 
   -159.2     113.9       4.7      49.8 
   -109.0     163.0       1.6      39.1 
    -39.9     160.6       0.6      41.4 
    -15.7     169.8       9.5      49.9 
34558 -0.000000 -44.721550 -4.998291 
 79571.3  10033.1    -70.8    844.4     15.6     31.9 
     0.8     86.6     29.5     40.5   9934.5  10540.4 
   -159.3     114.2       4.3      50.2 
    -98.1     163.2       2.0      39.0 
    -41.6     166.4       5.4      45.4 
     -9.7     171.7       6.0      51.1 
34559 -0.000000 -44.737095 -4.857171 
 80584.2   9998.5   -107.8    858.2     15.3     32.4 
     0.8     86.6     29.7     40.4   9737.8  10631.7 
   -158.8     119.9       2.6      50.1 
    -86.1     164.1       0.6      40.4 
    -48.8     161.2       3.9      42.1 
     -7.5     170.4       9.5      50.3 
34560 -0.000000 -44.751385 -4.723757 
 81704.5  10109.8   -131.5    889.0     14.6     32.1 
     0.8     86.6     29.7     40.3  10248.2  10961.5 
   -156.7     122.2       4.6      50.1 
    -82.4     163.9       1.5      40.5 
    -46.1     167.0      -0.2      40.8 
    -10.2     172.3       8.2      50.8 
34561 40.647488 -0.000000 -19.307556 
 23920.0   7416.0     -0.1     43.0    103.3    132.8 
    -0.1     85.7    122.4     43.3   3447.5   4007.1 
     -1.0      78.7      61.1      67.6 
      5.9      40.0      72.1      61.2 
      5.9      34.1      78.9      70.8 
     -2.7      14.0      83.8      85.3 
34562 39.954453 -0.000000 -20.703671 
 23568.9   7565.6     -0.0     43.1     97.2    117.3 
    -0.0     85.7     93.4     70.3   3669.2   4021.3 
     -5.6      84.0      55.9      62.1 
     -5.1      42.3      63.4      51.9 
     -2.0      36.3      70.4      59.1 
     -0.3      40.3      73.9      73.4 
34563 39.094978 -0.000000 -22.284138 
 23064.8   7814.4     -0.0     42.9     88.3    101.8 
    -0.0     85.7     76.1     44.9   3492.6   3992.6 
      0.9      77.9      47.9      56.9 
      0.5      37.9      54.5      44.2 
      1.9      19.6      59.5      49.6 
      0.1      13.0      65.2      61.6 
34564 38.016857 -0.000000 -24.077343 
 22341.3   8075.9      0.0     43.4     81.8     88.4 
    -0.0     85.9     55.7     22.0   3410.0   3969.3 
     -0.9      82.4      45.7      52.5 
     -2.4      39.0      46.8      37.6 
     -5.0      29.8      50.5      41.5 
     -1.7       9.9      55.5      49.3 
34565 36.648933 -0.000000 -26.112364 
 21610.6   8563.4     -0.5     43.2     73.1     72.2 
    -0.4     85.8     49.9     20.6   3362.5   3826.8 
      1.6      78.3      42.6      49.9 
     -0.1      32.2      40.8      31.3 
      9.0      39.4      44.9      32.9 
     -0.7       9.1      46.1      38.7 
34566 34.894611 -0.000000 -28.414185 
 20559.6   9239.9      0.0     43.1     62.3     56.6 
    -0.0     85.9     46.8     25.5   3237.4   3660.1 
      0.2      80.9      36.8      45.4 
      1.3      37.2      37.3      27.3 
      5.5      18.4      37.7      28.4 
     -3.5      13.5      36.7      31.6 
34567 32.624973 -0.000000 -30.993725 
 19704.3  10351.3     -0.5     43.0     52.8     40.2 
    -0.4     86.0     44.2     32.4   2906.6   3382.8 
      1.8      79.3      35.4      44.9 
     -4.6      31.1      32.2      24.2 
      1.3       7.1      32.3      25.0 
      0.8       6.1      31.7      27.9 
34568 29.674702 -0.000000 -33.829159 
 18590.7  11996.0     -0.2     43.3     44.5     27.1 
    -0.2     86.0     41.4     39.3   2716.8   3198.8 
      2.4      73.8      30.9      42.1 
     -5.9      31.5      27.6      19.3 
     -1.8       4.6      28.2      19.2 
     -0.9       4.8      28.6      20.5 
34569 25.849159 -0.000000 -36.835049 
 17754.0  14163.2      0.3     43.0     39.3     24.5 
     0.3     85.9     38.3     45.7   2450.1   3288.2 
     -0.4      73.4      27.1      40.0 
      1.7      19.0      23.6      14.5 
     -0.1       6.9      23.5      12.4 
     -2.1      21.2      23.5      13.3 
34570 20.958590 -0.000000 -39.821320 
 17289.9  15657.8      0.2     43.3     34.2     25.8 
     0.3     86.1     33.9     51.1   2212.6   2842.7 
     -2.4      76.7      22.0      49.0 
     -1.3      23.8      18.2      13.2 
     -1.9      12.7      18.3       9.5 
     -0.3      10.8      18.2      10.0 
34571 14.898947 -0.000000 -42.462002 
 17049.7  14900.5     -0.3     43.1     29.3     27.5 
    -0.3     86.0     29.5     55.5   2155.4   2891.6 
      1.7      73.8      21.7      53.6 
      0.9      22.5      13.5      12.9 
     -2.6      10.4      12.3       7.7 
     -0.2       2.0      13.0       4.4 
34572 11.452198 -0.000000 -43.518353 
 16951.5  14566.3      0.1     43.1     28.1     28.1 
     0.1     86.0     28.0     56.1   2308.9   2864.2 
     -4.2      74.0      20.4      58.9 
     -1.3      18.8      12.4      10.3 
      0.3       7.2      12.1       3.6 
     -6.2      12.4      12.2       2.7 
34573 7.775977 -0.000000 -44.323067 
 16282.2  14176.7     -0.1     43.0     23.3     28.1 
    -0.1     86.0     23.6     56.2   2199.9   2787.4 
     -6.7      77.5      20.1      60.8 
     -1.3      24.3       8.9      10.7 
     -2.9       8.8       7.7       5.1 
     -0.9       0.5       8.0       3.0 
34574 3.932269 -0.000000 -44.827866 
 15569.2  13989.2      0.1     43.0     18.8     27.5 
     0.1     86.1     19.7     54.3   1876.6   2378.4 
      2.0      72.6       9.9      53.1 
     -6.3      22.2       5.7      10.4 
     -0.4      15.7       4.1       6.9 
     -1.4       1.3       3.8       5.5 
34575 -0.000000 -0.000000 -45.000000 
 15094.2  14045.8      0.3     43.4     15.3     27.2 
     0.3     86.1     16.6     52.8   1881.9   2302.1 
     -0.0      79.3       7.8      48.0 
     -2.6      20.2       2.6      11.0 
     -0.0       2.4       1.6       8.5 
      1.0       4.1       1.3       7.3 
34576 -3.932269 -0.000000 -44.827866 
 14487.5  12686.1     -0.3     43.0     12.5     27.0 
    -0.3     86.1     14.6     51.1   1969.1   2382.2 
     -1.0      77.1       3.6      42.9 
     -7.2      26.5      -0.9      12.8 
      0.8       4.8      -1.3      10.9 
     -9.7      19.1      -1.6      10.3 
34577 -7.775977 -0.000000 -44.323067 
 14122.8  11961.9      0.1     43.2      9.3     27.1 
     0.1     86.2     12.1     49.4   1875.8   2240.0 
     -0.8      72.0       1.4      40.3 
     -5.3      26.3      -2.9      15.3 
      0.1       2.4      -4.7      12.6 
     -2.4       4.4      -4.8      11.1 
34578 -11.452198 -0.000000 -43.518353 
 13934.4  11199.1     -0.3     43.2      6.0     27.9 
    -0.3     86.2     10.1     47.6   1809.3   2277.3 
     -1.0      77.8      -2.6      41.5 
     -3.8      22.7      -5.5      18.4 
      1.4       8.5      -7.3      15.6 
    -19.5      18.8      -7.2      17.1 
34579 -14.898947 -0.000000 -42.462002 
 13739.0  10304.9     -0.1     43.1      0.6     30.5 
    -0.1     86.1      8.1     45.6   1692.2   2222.5 
     -0.3      74.5      -4.3      42.0 
     -5.9      29.1      -8.3      21.4 
     -0.9       0.6     -11.4      19.8 
     -1.7       0.5     -12.4      20.6 
34580 -20.958590 -0.000000 -39.821320 
 13375.8   9201.0     -0.7     43.2    -13.7     36.9 
    -0.5     86.1      5.5     40.7   1728.3   2014.7 
      4.2      77.0      -7.9      43.7 
      1.4      23.2     -12.3      28.2 
     -1.8       2.6     -14.1      30.3 
      0.0       0.5     -14.1      30.2 
34581 -25.849159 -0.000000 -36.835049 
 13361.7   8632.1      0.2     43.5    -25.8     45.6 
     0.3     86.1      3.7     34.8   1567.2   1840.3 
     -2.7      79.1     -13.9      48.5 
      4.3      41.7     -22.2      32.9 
      1.2       6.5     -22.2      35.2 
      1.3       0.5     -20.8      36.9 
34582 -29.674702 -0.000000 -33.829159 
 13664.4   8146.3      0.1     43.1    -35.6     58.4 
     0.2     86.1      1.1     29.2   1687.0   2030.2 
     -3.1      80.3     -20.5      53.7 
      0.6      12.8     -36.1      39.3 
    -29.7      18.7     -35.6      39.4 
      6.8       6.6     -35.0      38.6 
34583 -32.624973 -0.000000 -30.993725 
 13794.0   7688.3     -0.4     43.1    -46.3     71.7 
    -0.0     86.1     -3.0     26.1   1629.4   1988.7 
     -1.6      79.5     -31.0      60.8 
      0.2      28.9     -49.7      45.5 
     -0.5       8.4     -52.8      45.5 
     -0.3       0.6     -46.9      47.1 
34584 -34.894611 -0.000000 -28.414185 
 14073.3   7398.8     -0.4     42.8    -54.4     86.5 
    -0.1     85.9    -11.7     30.0   1708.5   2042.6 
      0.0      80.3     -37.8      69.6 
     -3.8      47.3     -62.6      55.0 
     -1.5       8.8     -64.3      52.0 
     -1.9       0.5     -64.0      51.9 
34585 -36.648933 -0.000000 -26.112364 
 14367.2   7191.3      0.1     43.2    -59.3    102.3 
     0.3     86.1    -47.6     49.9   1568.3   2052.4 
     -3.1      79.7     -48.0      75.7 
      4.0      40.1     -75.2      64.1 
     -1.8      14.4     -80.7      59.6 
     -2.3       0.5     -79.1      62.5 
34586 -38.016857 -0.000000 -24.077343 
 14888.7   6968.4     -0.2     43.4    -68.3    115.8 
    -0.1     86.1    -74.5     69.2   1707.0   2118.8 
     -1.1      80.8     -58.4      83.2 
     -4.0      41.0     -84.9      75.9 
     -0.5      13.8     -91.7      72.0 
     11.5      11.7     -88.1      73.1 
34587 -39.094978 -0.000000 -22.284138 
 15336.8   6877.6      0.1     43.7    -72.8    130.5 
     0.3     85.9    -93.1     66.2   1983.3   2385.2 
      2.7      79.1     -64.9      93.9 
     -3.5      38.0     -95.2      86.4 
      5.0      15.2    -103.1      85.7 
     12.0      44.4    -104.4      79.5 
34588 -39.954453 -0.000000 -20.703671 
 15868.9   6856.2      0.4     43.2    -79.9    143.8 
     0.6     85.9   -119.2     75.9   1951.6   2308.8 
     -4.6      79.6     -77.7     100.7 
     -3.2      44.8    -105.7      96.6 
    -13.2      44.0    -114.0      99.8 
     -3.5       4.4    -119.2      90.4 
34589 -40.647488 -0.000000 -19.307556 
 16300.7   6718.6      0.8     43.6    -84.8    159.0 
     0.9     85.9   -162.1     50.8   2289.1   2535.7 
     -0.6      82.6     -83.3     108.7 
     -3.8      41.0    -116.0     108.1 
     -2.6      13.4    -124.5     110.7 
     -2.4      18.8    -129.0     100.9 
34590 37.802700 -16.538681 -17.956282 
 23807.2   7930.6    -34.9     62.3    100.4    134.6 
   -22.7     53.4     91.8     56.8   3916.7   4298.7 
    -24.2      51.0      61.1      69.0 
    -30.0      34.1      72.5      66.9 
    -35.2      38.0      78.4      78.0 
    -35.9      44.8      75.0      89.1 
34591 36.787724 -17.557777 -19.062731 
 23183.9   8232.2    -34.4     60.9     91.7    119.3 
   -21.8     54.1     77.5     50.3   3650.1   4002.4 
    -22.8      50.8      53.9      65.0 
    -28.4      34.6      63.7      58.6 
    -31.2      36.3      68.8      67.0 
    -33.2      43.3      67.4      79.5 
34592 35.569786 -18.674139 -20.274778 
 22720.2   8593.9    -32.6     58.5     80.5    104.1 
   -21.0     54.1     50.7     41.5   3600.1   3943.9 
    -24.3      51.5      48.7      58.9 
    -27.0      31.9      54.0      49.7 
    -28.6      34.1      60.2      56.8 
    -31.6      42.8      61.6      67.9 
34593 34.100807 -19.892136 -21.597176 
 22241.3   9009.9    -31.0     55.0     71.8     87.3 
   -19.7     54.7     51.1     32.9   3059.0   3605.0 
    -23.1      50.8      44.0      53.8 
    -25.5      30.7      47.0      39.6 
    -27.8      33.5      53.0      46.2 
    -33.6      39.6      56.2      54.0 
34594 32.322113 -21.211386 -23.029505 
 21775.3   9743.0    -30.7     51.4     66.2     71.8 
   -19.0     55.6     48.3     29.4   3016.5   3545.8 
    -24.6      52.0      40.6      50.0 
    -24.7      31.8      41.5      34.4 
    -27.9      33.9      46.1      36.9 
    -32.3      38.7      48.1      41.1 
34595 30.164263 -22.623199 -24.562328 
 21290.4  10746.7    -28.8     48.1     60.1     61.3 
   -19.0     57.1     45.7     30.3   2877.9   3470.6 
    -25.5      53.4      36.8      47.5 
    -24.5      31.7      36.6      28.7 
    -27.4      33.8      39.0      30.6 
    -26.9      36.2      37.0      33.7 
34596 27.549229 -24.105576 -26.171766 
 20455.6  11849.0    -27.6     44.5     53.5     45.1 
   -19.6     58.7     43.2     34.6   2674.7   3252.6 
    -25.9      51.9      32.5      43.0 
    -24.7      33.2      32.3      26.0 
    -25.3      34.2      32.9      27.6 
    -25.7      35.7      32.0      30.4 
34597 24.397142 -25.617001 -27.812742 
 19967.2  13686.8    -27.8     44.7     45.3     29.8 
   -19.9     59.7     40.5     39.7   2555.1   3145.0 
    -25.2      51.6      29.4      42.8 
    -24.2      31.3      27.8      21.0 
    -25.4      31.5      29.2      20.9 
    -27.4      35.8      29.0      23.7 
34598 20.640287 -27.090378 -29.412409 
 19572.3  14229.2    -26.6     45.2     39.3     25.1 
   -19.8     60.2     37.4     45.3   2605.2   3261.0 
    -26.2      53.2      24.7      42.6 
    -24.3      31.6      23.8      16.8 
    -25.5      31.9      23.5      15.1 
    -25.4      35.9      24.1      15.4 
34599 16.245913 -28.430346 -30.867231 
 19309.4  13945.2    -25.8     43.5     34.1     25.7 
   -19.5     60.0     33.8     50.4   2607.5   3182.0 
    -26.3      48.2      21.8      45.9 
    -24.8      30.0      18.7      15.1 
    -24.6      30.5      18.8      11.7 
    -25.7      34.8      19.5      10.1 
34600 11.245388 -29.519146 -32.049355 
 19325.6  13437.8    -25.9     41.2     29.6     28.1 
   -19.3     58.6     29.7     55.2   2579.0   3150.6 
    -25.9      51.9      16.6      59.0 
    -24.4      28.9      12.0      14.4 
    -26.1      29.0      13.1       9.4 
    -27.0      32.6      13.8       6.9 
34601 8.551672 -29.930853 -32.496353 
 19155.5  13121.7    -28.3     39.9     26.9     28.3 
   -20.7     58.1     27.0     56.5   2625.9   3128.7 
    -28.0      52.6      14.0      58.9 
    -25.6      29.1      13.3      21.0 
    -26.4      29.7      11.8       5.3 
    -28.3      31.9      11.0       5.0 
34602 5.759181 -30.235706 -32.827335 
 18778.8  13045.1    -31.7     41.5     23.4     27.9 
   -23.0     59.3     24.1     55.5   2451.9   2998.1 
    -27.8      51.0      13.6      57.7 
    -25.8      29.7       9.8      12.7 
    -28.6      29.3      10.1      18.4 
    -29.9      32.8       8.7       6.5 
34603 2.897443 -30.423149 -33.030846 
 18362.5  13039.0    -34.7     43.7     20.0     27.2 
   -24.1     60.4     21.8     53.2   2495.5   2990.2 
    -26.2      51.2      10.9      57.7 
    -25.8      29.4       8.5      13.6 
    -28.3      30.5       6.7       7.6 
    -31.3      34.2       5.3       8.1 
34604 -0.000000 -30.486408 -33.099529 
 17699.0  12997.1    -35.4     44.9     16.2     26.7 
   -24.9     62.1     18.9     51.2   2305.5   2741.5 
    -25.7      50.9       7.4      48.2 
    -26.8      30.3       4.7      11.8 
    -28.7      31.7       3.3      10.5 
    -30.4      34.5       1.9       9.7 
34605 -2.897443 -30.423149 -33.030846 
 17147.2  12971.3    -35.3     47.0     13.6     26.4 
   -25.0     63.7     16.9     49.3   2198.9   2628.7 
    -27.6      51.6       4.1      42.6 
    -26.3      31.6       1.4      14.2 
    -28.3      32.8      -0.1      13.4 
    -28.8      36.7      -0.1      12.7 
34606 -5.759181 -30.235706 -32.827335 
 16851.6  12946.1    -35.5     48.2     10.4     27.9 
   -25.3     64.5     14.8     47.5   1947.0   2526.9 
    -26.4      53.5       1.0      42.3 
    -26.5      31.7      -1.0      17.3 
    -27.9      34.9      -2.6      16.5 
    -30.3      37.0      -3.7      15.2 
34607 -8.551672 -29.930853 -32.496353 
 16443.7  12583.3    -36.0     48.0      6.0     29.7 
   -25.2     65.4     12.6     45.8   2033.4   2500.1 
    -24.5      52.0      -1.9      41.9 
    -27.2      33.4      -4.4      20.5 
    -30.2      34.1      -5.7      19.8 
    -30.2      36.3      -5.6      20.9 
34608 -11.245388 -29.519146 -32.049355 
 16298.2  12738.3    -36.8     47.9      0.2     32.9 
   -25.4     65.7     10.7     44.4   1856.2   2376.9 
    -27.7      50.7      -3.8      41.0 
    -27.2      33.9      -5.5      23.1 
    -30.6      34.4      -8.6      23.3 
    -33.8      35.4      -8.7      24.7 
34609 -16.245913 -28.430346 -30.867231 
 16088.4  11506.0    -36.2     50.1    -10.2     45.0 
   -25.5     66.0      7.7     41.1   1863.2   2438.2 
    -27.2      54.8      -7.9      44.4 
    -29.0      34.4     -10.4      28.6 
    -32.3      35.0     -11.3      30.9 
    -33.0      36.1      -8.9      32.1 
34610 -20.640287 -27.090378 -29.412409 
 15649.4  10691.6    -37.4     52.0    -18.0     54.7 
   -26.4     67.0      4.1     38.7   1869.9   2339.1 
    -26.3      53.1     -12.6      47.8 
    -32.3      35.8     -19.5      33.6 
    -36.1      35.8     -21.0      35.0 
    -33.6      36.6     -14.6      37.1 
34611 -24.397142 -25.617001 -27.812742 
 15727.7   9761.4    -39.8     53.9    -26.5     65.1 
   -28.3     67.5      0.1     38.0   1904.0   2284.0 
    -24.4      53.2     -18.4      53.7 
    -34.5      37.6     -31.1      39.9 
    -42.7      37.5     -35.2      39.9 
    -40.4      38.0     -31.6      42.9 
34612 -27.549229 -24.105576 -26.171766 
 15806.1   9167.4    -40.1     57.2    -34.0     79.4 
   -30.5     68.3     -7.4     43.4   1947.4   2385.7 
    -27.1      55.7     -28.2      60.6 
    -36.5      37.1     -42.0      49.2 
    -47.1      35.5     -47.7      50.1 
    -46.9      36.4     -43.7      51.3 
34613 -30.164263 -22.623199 -24.562328 
 15992.1   8572.7    -41.2     60.3    -43.3     92.8 
   -31.8     68.3    -24.5     54.8   1985.7   2417.1 
    -28.8      56.2     -34.9      66.3 
    -39.4      38.1     -53.5      59.4 
    -50.4      38.9     -57.6      61.5 
    -48.9      38.5     -53.7      61.9 
34614 -32.322113 -21.211386 -23.029505 
 16079.6   8178.8    -42.5     61.1    -53.4    105.2 
   -33.1     68.3    -45.4     59.1   1949.8   2296.4 
    -29.8      57.2     -43.3      74.8 
    -43.6      40.4     -63.5      70.5 
    -53.7      37.1     -70.7      67.6 
    -49.6      38.4     -65.0      68.6 
34615 -34.100807 -19.892136 -21.597176 
 16392.1   7848.4    -42.8     63.2    -61.0    118.3 
   -34.2     68.4    -58.1     57.2   1947.2   2350.1 
    -30.9      60.0     -53.2      83.6 
    -45.9      39.6     -75.7      79.1 
    -55.2      43.3     -83.7      81.1 
    -55.2      36.8     -77.9      77.8 
34616 -35.569786 -18.674139 -20.274778 
 16705.5   7555.7    -43.0     64.8    -66.1    134.5 
   -34.4     68.1    -57.9     50.3   2037.3   2453.9 
    -32.0      62.9     -61.7      92.1 
    -46.7      41.1     -89.8      86.4 
    -57.3      43.5     -94.9      90.4 
    -52.6      43.1     -94.1      85.0 
34617 -36.787724 -17.557777 -19.062731 
 16998.5   7434.6    -42.7     65.8    -73.8    146.2 
   -34.8     67.6    -46.9     46.1   2138.4   2643.3 
    -32.4      65.6     -69.4     102.2 
    -47.6      42.1     -95.8     100.6 
    -54.2      45.6    -106.4     103.2 
    -56.0      44.5    -107.6      97.5 
34618 -37.802700 -16.538681 -17.956282 
 17444.7   7210.1    -42.0     66.4    -77.7    160.3 
   -34.4     66.7    -24.7     52.4   2283.6   2658.5 
    -34.6      67.3     -78.7     109.4 
    -47.2      48.3    -106.2     110.9 
    -51.2      53.2    -116.0     113.9 
    -56.1      43.8    -114.9     108.1 
34619 31.889639 -27.903433 -15.147578 
 27552.4   9506.3    -76.9    128.9    106.1    138.6 
   -40.7     36.1     16.1     57.7   4417.6   4770.0 
    -47.8      70.6      57.9      68.7 
    -56.8      64.6      68.2      64.6 
    -67.7      75.9      78.4      76.5 
    -62.7      89.3      74.5      90.2 
34620 30.480156 -29.094694 -15.794263 
 27878.0   9945.6    -81.9    129.2    104.2    128.8 
   -38.8     35.6     16.1     57.7   4435.2   4820.9 
    -44.5      69.7      52.4      62.3 
    -52.2      61.0      58.9      55.5 
    -62.2      69.0      67.2      63.7 
    -57.8      85.2      64.5      81.4 
34621 28.882971 -30.327118 -16.463293 
 28286.2  10555.8    -78.1    126.1     95.2    117.0 
   -36.1     34.7     41.6     49.3   4163.8   4593.4 
    -44.2      65.2      48.4      56.8 
    -46.6      56.2      49.0      48.0 
    -52.8      61.6      53.2      53.6 
    -56.4      80.2      57.2      73.1 
34622 27.075920 -31.588573 -17.148083 
 28242.9  11000.1    -76.3    122.9     82.4     97.7 
   -28.8     31.6     43.8     25.9   3720.1   4150.3 
    -41.9      60.8      41.2      49.9 
    -45.3      49.7      43.9      37.9 
    -52.0      54.7      47.6      41.7 
    -60.8      69.1      55.8      54.7 
34623 25.037458 -32.861668 -17.839190 
 27853.9  11691.2    -69.1    136.8     66.0     79.8 
   -34.0     37.9     45.1     22.7   3562.2   4053.3 
    -43.9      63.5      39.8      48.6 
    -44.9      53.0      40.0      32.0 
    -51.1      58.6      42.8      35.4 
    -58.7      74.8      46.9      42.1 
34624 22.748573 -34.122864 -18.523840 
 27261.2  11978.6    -65.3    141.1     57.7     63.5 
   -30.3     35.8     43.8     23.9   4236.5   4636.3 
    -44.6      64.8      35.2      46.0 
    -46.9      53.9      36.7      29.0 
    -51.4      58.5      38.8      30.2 
    -55.8      74.9      40.2      36.0 
34625 20.195421 -35.341984 -19.185650 
 26891.1  11829.1    -73.3    127.5     56.1     49.3 
   -32.4     39.3     41.5     27.5   4244.3   4689.8 
    -44.2      65.3      31.6      44.9 
    -47.1      52.1      32.1      25.3 
    -51.2      56.6      33.2      26.1 
    -56.2      71.1      36.2      32.4 
34626 17.372576 -36.482407 -19.804735 
 26685.7  11857.1    -75.6    118.2     49.1     34.9 
   -31.2     42.7     39.3     33.3   3907.6   4447.4 
    -43.8      64.8      27.5      40.9 
    -44.0      49.5      27.2      20.3 
    -49.7      54.2      27.9      20.4 
    -58.1      67.3      32.8      25.2 
34627 14.286614 -37.502361 -20.358425 
 26882.1  11576.9    -80.4    127.5     42.0     27.5 
   -28.3     40.3     37.1     39.9   4513.7   4865.2 
    -47.5      62.2      23.8      43.3 
    -45.5      49.6      22.4      16.2 
    -49.3      54.1      23.1      14.8 
    -53.5      71.1      26.0      16.3 
34628 10.959324 -38.357632 -20.822714 
 27460.8  11343.6    -77.9    126.8     36.4     26.1 
   -28.5     40.7     34.5     47.3   4337.8   4738.5 
    -42.5      64.6      19.9      49.6 
    -44.5      49.0      16.2      16.6 
    -48.8      53.2      16.4      16.7 
    -52.9      68.3      18.6      15.8 
34629 7.429648 -39.005653 -21.174498 
 27931.2  11061.4    -87.4    121.2     31.0     27.2 
   -27.9     39.4     31.2     54.1   4328.7   4735.3 
    -43.5      62.1      16.7      59.0 
    -44.5      47.3      10.1      24.1 
    -48.0      49.6       8.8      11.8 
    -57.5      65.0      12.1      10.0 
34630 5.605763 -39.240341 -21.301901 
 27842.4  11022.5    -79.5    124.5     27.1     27.9 
   -29.6     36.4     27.4     55.7   4103.7   4596.4 
    -47.1      63.3      14.8      61.7 
    -44.7      46.5      14.3      24.4 
    -50.2      48.2       9.8      23.9 
    -61.7      63.3       9.7      17.1 
34631 3.753390 -39.410595 -21.394323 
 27470.4  11008.3    -82.5    121.6     24.7     28.0 
   -39.0     37.4     26.8     53.7   4405.0   4653.8 
    -48.5      64.0      12.3      58.7 
    -46.3      48.2       9.7      18.5 
    -51.7      52.1       9.0      12.5 
    -66.7      63.8       8.6      14.0 
34632 1.881610 -39.513817 -21.450357 
 26896.4  10919.2    -87.9    122.2     20.8     27.1 
   -48.6     36.7     25.0     50.4   4410.0   4801.1 
    -48.1      60.1      10.6      55.0 
    -48.0      48.7      10.5      16.7 
    -55.5      52.2       8.3      14.3 
    -69.1      64.2       6.3       8.8 
34633 -0.000000 -39.548401 -21.469133 
 26238.1  10965.4    -84.4    125.1     17.5     26.8 
   -48.1     38.6     23.0     46.9   4165.5   4653.4 
    -47.6      62.2       6.4      45.3 
    -49.8      50.0       5.9      16.2 
    -57.2      55.1       4.6      11.0 
    -69.7      68.1       2.2      14.5 
34634 -1.881610 -39.513817 -21.450357 
 25765.7  10889.5    -87.1    124.8     13.6     27.5 
   -46.0     40.1     21.2     43.6   4300.8   4702.9 
    -48.1      64.1       3.9      45.6 
    -51.3      50.9       2.8      15.5 
    -58.1      55.2       1.7      13.5 
    -68.2      69.5      -1.3      14.1 
34635 -3.753390 -39.410595 -21.394323 
 25046.2  10959.9    -83.9    124.1      9.9     30.3 
   -42.0     42.2     19.6     40.5   4001.9   4534.6 
    -49.5      65.5       1.6      39.9 
    -52.0      52.2      -0.2      16.7 
    -60.0      57.7      -2.1      15.2 
    -68.3      70.8      -4.9      18.3 
34636 -5.605763 -39.240341 -21.301901 
 24571.4  10989.6    -79.9    121.5      5.7     32.3 
   -41.8     41.9     18.0     37.3   3686.0   4163.3 
    -45.7      66.6      -1.2      42.4 
    -51.1      53.2      -2.7      19.0 
    -60.8      59.5      -5.1      19.0 
    -72.1      68.8      -9.6      21.2 
34637 -7.429648 -39.005653 -21.174498 
 24137.7  11110.4    -79.7    118.8      0.7     35.6 
   -42.4     42.1     16.3     34.7   3590.3   4151.9 
    -48.6      64.5      -4.3      40.0 
    -51.5      52.9      -5.1      21.7 
    -63.0      59.6      -8.0      23.3 
    -74.6      67.6     -13.3      26.7 
34638 -10.959324 -38.357632 -20.822714 
 23693.9  11135.3    -83.3    121.3     -8.6     46.5 
   -38.2     42.8     13.7     29.6   3715.5   4093.6 
    -50.0      67.2      -8.4      44.8 
    -54.2      55.8     -10.9      26.3 
    -61.7      62.6     -13.8      28.6 
    -64.8      74.5     -14.3      34.2 
34639 -14.286614 -37.502361 -20.358425 
 23508.9  11259.1    -91.2    127.1    -19.5     55.9 
   -36.4     40.2      9.6     26.5   3257.8   3781.1 
    -48.2      66.7     -12.1      45.9 
    -52.9      57.7     -15.6      30.7 
    -63.5      65.0     -20.6      32.4 
    -68.2      78.6     -21.0      38.4 
34640 -17.372576 -36.482407 -19.804735 
 23368.9  10964.6    -92.5    124.2    -30.3     69.6 
   -39.5     41.9      4.5     25.9   2642.6   3101.6 
    -47.1      66.0     -15.4      48.3 
    -49.9      57.7     -19.1      36.6 
    -64.6      64.6     -28.4      38.5 
    -75.5      74.1     -33.3      44.1 
34641 -20.195421 -35.341984 -19.185650 
 23206.7  11339.5    -79.4    123.9    -32.4     92.8 
   -39.9     41.8     -2.4     27.9   2708.0   3102.5 
    -49.0      66.9     -22.1      53.6 
    -56.0      57.1     -27.6      43.0 
    -69.5      63.0     -38.4      48.0 
    -78.4      72.6     -45.7      55.5 
34642 -22.748573 -34.122864 -18.523840 
 22942.6  10751.1    -67.1    128.0    -30.8    112.4 
   -47.9     46.0    -14.2     38.5   2846.2   3340.1 
    -52.4      70.7     -29.2      61.2 
    -63.6      62.6     -39.5      53.2 
    -74.1      67.9     -48.4      59.3 
    -71.9      81.6     -47.3      72.2 
34643 -25.037458 -32.861668 -17.839190 
 22226.0   9962.7    -70.3    126.0    -39.1    121.1 
   -55.2     48.9    -43.3     59.3   3408.9   3795.9 
    -54.4      76.0     -37.0      69.6 
    -72.9      68.2     -54.0      62.6 
    -82.5      73.1     -62.3      69.4 
    -73.9      85.7     -56.0      80.1 
34644 -27.075920 -31.588573 -17.148083 
 21493.9   9671.4    -72.5    123.5    -48.2    130.3 
   -59.9     48.9    -69.3     52.5   2968.8   3704.5 
    -61.8      78.7     -48.5      76.1 
    -82.5      73.2     -69.8      73.9 
    -90.6      76.7     -78.4      75.6 
    -83.9      84.1     -71.5      84.9 
34645 -28.882971 -30.327118 -16.463293 
 21409.8   9300.1    -72.0    126.6    -54.6    143.6 
   -69.0     52.9    -78.3     37.7   3493.0   3865.2 
    -63.1      82.5     -54.0      86.8 
    -84.7      75.3     -78.8      84.1 
    -93.5      81.4     -89.6      90.1 
    -91.7      87.5     -84.7      96.6 
34646 -30.480156 -29.094694 -15.794263 
 21445.3   9036.7    -76.2    124.0    -66.6    149.9 
   -72.6     55.6    -78.6     52.7   3311.3   3714.8 
    -62.9      83.3     -61.3      94.2 
    -85.4      78.2     -87.0      96.3 
    -99.0      82.6    -102.2     101.1 
   -102.5      89.3    -102.3     106.9 
34647 -31.889639 -27.903433 -15.147578 
 21482.1   8775.7    -74.8    124.2    -71.0    162.0 
   -75.8     55.8    -98.5     66.5   3229.9   3661.5 
    -66.3      83.6     -70.6      99.9 
    -89.0      78.7     -98.5     105.2 
    -96.9      85.2    -104.8     116.1 
   -106.0      94.2    -113.7     119.8 
34648 21.730955 -38.029171 -10.322203 
 40054.6  11214.7   -133.0    320.7     93.6    154.7 
     0.8     86.6     16.1     57.7   6209.7   6670.5 
    -83.9      97.2      58.6      63.1 
   -111.3     108.4      74.4      61.8 
   -132.5     125.4      86.8      73.1 
    -90.0     156.1      84.5      96.6 
34649 20.301725 -38.757835 -10.519984 
 39436.7  11184.1   -127.5    315.9     86.3    138.0 
     0.8     86.6     16.1     57.7   6533.3   7027.6 
    -83.5      96.8      55.9      59.6 
   -110.7     107.2      67.6      56.2 
   -128.7     130.9      78.0      67.1 
   -100.6     157.4      81.2      87.6 
34650 18.790987 -39.461071 -10.710862 
 39463.9  11157.4   -133.7    303.1     80.7    119.1 
     0.8     86.6     16.1     57.7   6221.7   6576.0 
    -84.4      95.8      51.8      55.1 
   -107.9     107.6      61.1      51.6 
   -125.5     125.4      69.4      60.8 
   -104.8     159.7      79.5      78.7 
34651 17.199198 -40.131458 -10.892824 
 39934.8  10884.8   -141.9    280.6     75.9     98.4 
     0.8     86.6     65.4     19.1   6213.7   6610.8 
    -79.4      93.4      45.2      52.1 
   -105.9     103.6      54.3      45.8 
   -126.7     125.9      64.0      52.4 
   -103.0     157.8      72.7      68.4 
34652 15.528065 -40.761169 -11.063745 
 40012.1  10849.4   -152.8    282.5     71.8     84.4 
     0.8     86.6     56.4     18.8   6299.4   6744.6 
    -85.3      93.4      42.7      47.5 
   -110.5     105.2      49.2      40.1 
   -128.9     129.8      55.3      45.8 
    -90.1     165.9      59.0      58.7 
34653 13.780708 -41.342125 -11.221435 
 40266.7  10605.8   -164.8    302.0     67.6     71.9 
     0.8     86.6     46.4     16.5   6297.7   6869.7 
    -80.7      93.2      36.9      46.9 
   -105.2     103.6      42.5      34.5 
   -128.6     121.9      49.1      37.4 
    -94.6     161.5      55.0      46.1 
34654 11.961784 -41.866245 -11.363695 
 41119.0  10537.3   -149.9    314.2     59.0     58.1 
     0.8     86.6     42.4     18.0   6524.0   6944.3 
    -82.9      92.4      34.0      43.7 
   -108.2      97.9      37.2      28.1 
   -125.3     123.2      42.2      29.5 
   -103.9     157.8      48.0      40.1 
34655 10.077535 -42.325645 -11.488389 
 41866.0  10401.1   -151.6    316.6     53.0     45.0 
     0.8     86.6     39.7     24.5   6447.9   7094.2 
    -78.4      88.4      27.5      40.8 
   -103.6      94.3      30.4      23.2 
   -128.5     117.2      34.7      27.0 
   -101.2     157.2      40.0      30.0 
34656 8.135806 -42.712982 -11.593524 
 42751.5  10263.2   -148.7    318.9     46.3     33.8 
     0.8     86.6     37.9     33.5   6747.1   7183.3 
    -78.8      88.9      22.9      41.4 
   -101.8      94.7      23.9      20.8 
   -128.8     116.8      26.6      21.3 
   -104.0     157.9      31.1      25.6 
34657 6.145958 -43.021706 -11.677320 
 44060.5  10240.6   -145.0    318.6     39.6     28.1 
     0.8     86.6     36.0     42.9   6685.6   7208.3 
    -78.2      86.7      17.9      49.1 
   -100.1      89.8      15.1      24.0 
   -128.3     109.8      18.4      20.1 
   -111.1     155.6      22.1      24.9 
34658 4.118702 -43.246368 -11.738300 
 44832.2  10105.5   -140.4    318.4     32.5     27.6 
     0.8     86.6     32.9     52.2   6539.9   7185.8 
    -75.8      81.8      16.1      58.4 
    -97.0      86.6       7.7      29.5 
   -127.6     104.4       8.5      21.0 
   -123.0     149.2      13.2      22.4 
34659 3.094703 -43.325836 -11.759871 
 45178.7  10090.2   -139.5    313.4     28.0     27.9 
     0.8     86.6     28.3     54.4   6658.0   7154.1 
    -77.8      81.6      11.7      65.3 
    -98.7      84.1      12.0      34.5 
   -135.1     100.2       8.3      27.7 
   -127.7     146.0       8.4      23.6 
34660 2.065851 -43.382874 -11.775351 
 45009.6  10219.7   -105.5    327.2     24.4     28.5 
     0.8     86.6     28.4     52.1   6653.4   7147.4 
    -82.0      83.0      12.6      62.0 
   -103.0      85.7       9.9      33.1 
   -139.7      99.5       8.0      27.7 
   -127.8     153.2       7.0      24.4 
34661 1.033743 -43.417198 -11.784668 
 44473.3   9967.0   -123.0    322.6     20.6     28.9 
     0.8     86.6     28.2     48.2   6826.4   7357.0 
    -81.2      85.7      10.9      59.7 
   -104.6      87.4       9.0      28.3 
   -143.2     102.0       7.4      17.8 
   -128.9     152.1       6.8      27.7 
34662 -0.000000 -43.428661 -11.787779 
 43779.9  10122.9   -126.2    323.3     16.2     28.8 
     0.8     86.6     26.6     43.2   6638.0   7106.5 
    -82.8      86.0       7.3      50.7 
   -108.1      88.2       4.5      24.3 
   -142.8     105.4       2.9      23.4 
   -125.8     154.2       2.1      24.0 
34663 -1.033743 -43.417198 -11.784668 
 43149.5  10095.2   -126.5    313.1     12.4     31.3 
     0.8     86.6     25.2     38.7   6696.5   7056.7 
    -87.2      87.8       4.0      47.1 
   -109.4      92.2       1.4      21.4 
   -145.6     107.6      -2.4      17.6 
   -122.7     158.3      -3.2      22.2 
34664 -2.065851 -43.382874 -11.775351 
 41962.1  10089.4   -122.3    318.8      8.1     34.4 
     0.8     86.6     23.6     34.0   6396.1   6968.3 
    -89.0      90.9       0.8      41.2 
   -114.4      94.3      -2.2      19.4 
   -141.8     114.6      -5.9      25.4 
   -118.1     161.2      -7.1      27.4 
34665 -3.094703 -43.325836 -11.759871 
 41255.1  10063.1   -140.0    313.9      2.9     37.6 
     0.8     86.6     22.1     29.7   6539.0   7075.4 
    -90.0      89.9      -3.1      42.1 
   -115.9      96.5      -5.5      22.0 
   -146.3     112.2      -9.5      22.0 
   -113.8     158.8     -10.2      32.0 
34666 -4.118702 -43.246368 -11.738300 
 40400.4  10277.7   -132.4    317.4     -1.0     44.3 
     0.8     86.6     20.6     25.6   6462.5   6840.6 
    -87.2      92.7      -4.6      42.7 
   -119.3      97.8      -8.9      23.3 
   -148.0     115.5     -12.7      25.0 
   -114.1     158.4     -13.5      34.9 
34667 -6.145958 -43.021706 -11.677320 
 39400.0  10161.2   -130.3    310.7     -9.6     53.6 
     0.8     86.6     16.9     19.2   6145.3   6679.4 
    -87.9      93.8      -8.7      42.6 
   -117.3     101.2     -15.1      29.1 
   -145.6     119.9     -21.7      30.9 
   -111.3     157.1     -18.9      41.9 
34668 -8.135806 -42.712982 -11.593524 
 38025.7  10202.9   -124.8    304.0    -18.6     67.6 
     0.8     86.6      8.3     17.1   6189.3   6600.7 
    -93.3      95.4     -14.9      44.3 
   -125.0     106.8     -23.6      35.0 
   -139.4     129.5     -28.4      39.6 
   -113.9     162.2     -26.6      50.2 
34669 -10.077535 -42.325645 -11.488389 
 37623.2  10324.0   -114.1    289.1    -24.1     81.5 
     0.8     86.6     -4.3     16.9   5852.7   6289.9 
    -87.1      95.3     -18.0      48.4 
   -118.5     109.1     -28.8      40.1 
   -145.4     127.1     -39.2      44.9 
   -118.0     158.8     -36.5      57.6 
34670 -11.961784 -41.866245 -11.363695 
 36726.0  10454.2   -131.8    280.2    -31.6     94.3 
     0.8     86.6    -16.6     20.5   5696.3   6197.9 
    -96.4      98.0     -24.1      54.5 
   -128.2     108.0     -37.4      47.0 
   -146.9     129.2     -46.6      55.9 
   -101.0     168.8     -39.5      73.2 
34671 -13.780708 -41.342125 -11.221435 
 35918.8  10658.0   -152.9    289.7    -40.2    111.7 
     0.8     86.6    -41.1     25.5   6140.2   6439.6 
    -96.9     101.9     -29.7      58.3 
   -130.3     112.2     -45.3      54.8 
   -143.6     131.5     -55.4      61.6 
    -93.8     165.1     -48.2      81.4 
34672 -15.528065 -40.761169 -11.063745 
 35492.3  10762.0   -158.5    299.9    -47.7    128.1 
     0.8     86.6     16.1     57.7   5799.5   6222.1 
    -98.8     103.1     -35.4      61.6 
   -128.4     113.0     -50.6      59.4 
   -145.3     135.1     -63.7      72.9 
   -101.5     160.3     -59.8      88.7 
34673 -17.199198 -40.131458 -10.892824 
 35917.2  10837.4   -166.4    312.3    -58.0    145.2 
     0.8     86.6     16.1     57.7   5528.6   6111.4 
    -94.9     103.6     -37.8      67.2 
   -124.8     115.3     -54.6      67.1 
   -136.9     136.4     -68.3      77.9 
   -103.4     159.0     -70.6      97.1 
34674 -18.790987 -39.461071 -10.710862 
 36870.2  10926.5   -155.1    315.0    -58.4    163.1 
     0.8     86.6     16.1     57.7   5894.1   6239.6 
    -88.8     107.7     -39.6      74.0 
   -115.5     118.8     -56.8      75.1 
   -120.8     140.5     -70.5      85.7 
    -94.0     167.2     -78.0     107.9 
34675 -20.301725 -38.757835 -10.519984 
 37991.2  10833.1   -136.1    315.6    -56.3    178.0 
     0.8     86.6     16.1     57.7   5365.9   5678.9 
    -86.1     103.0     -43.5      72.8 
   -105.8     116.9     -58.8      77.3 
   -122.0     140.9     -75.9      91.7 
    -88.0     170.8     -86.2     117.9 
34676 -21.730955 -38.029171 -10.322203 
 38075.9  10824.3   -123.7    302.3    -58.7    184.2 
     0.8     86.6     16.1     57.7   4262.3   4768.0 
    -82.8      92.7     -44.6      69.5 
   -113.8     108.3     -68.2      79.8 
   -137.4     133.4     -91.6      95.7 
   -103.8     158.7    -100.5     122.1 
34677 15.179742 -41.744289 -7.210377 
 51725.6  10615.2   -225.3    454.2     95.6    145.4 
     0.8     86.6     16.1     57.7   7362.9   7950.0 
   -134.4     118.5      72.1      60.4 
   -134.7     150.0      88.9      68.6 
    -59.4     169.9      90.0      90.4 
    -25.0     169.8      89.8     113.1 
34678 14.042964 -42.128887 -7.276808 
 50849.9  10548.4   -249.8    472.4     95.0    132.4 
     0.8     86.6     16.1     57.7   7701.6   8188.1 
   -126.7     117.5      67.5      58.4 
   -126.0     149.1      82.7      65.2 
    -72.7     157.7      85.0      79.3 
    -15.7     165.8      80.5     100.7 
34679 12.875603 -42.489483 -7.339093 
 51425.2  10479.8   -221.3    499.0     83.2    118.2 
     0.8     86.6     16.1     57.7   7993.4   8501.0 
   -126.7     118.7      61.6      55.9 
   -117.2     152.5      71.2      61.2 
    -62.9     162.6      80.8      71.9 
    -39.6     164.2      80.5      87.6 
34680 11.679233 -42.823853 -7.396847 
 52439.0  10236.0   -203.0    507.6     76.5    101.3 
     0.8     86.6     16.1     57.7   7852.1   8351.4 
   -123.6     112.3      53.1      49.1 
   -132.1     141.2      64.1      52.7 
    -81.5     162.0      70.4      62.3 
    -38.5     166.6      76.4      78.2 
34681 10.455710 -43.129807 -7.449694 
 53390.5  10287.8   -207.9    520.7     73.4     87.7 
     0.8     86.6     68.3     14.5   8010.1   8419.2 
   -122.2     118.0      48.3      46.1 
   -137.2     139.9      59.1      44.9 
    -73.9     162.6      62.3      53.7 
    -21.8     166.0      62.0      70.2 
34682 9.207181 -43.405285 -7.497276 
 54257.0  10134.8   -218.0    518.6     66.8     74.9 
     0.8     86.6     53.5     12.6   8125.7   8510.8 
   -124.8     109.6      42.3      43.8 
   -136.9     137.7      49.4      38.6 
    -85.9     161.5      54.9      47.2 
    -30.0     170.2      59.1      58.6 
34683 7.936064 -43.648350 -7.539260 
 55678.5  10060.0   -192.9    523.0     60.1     61.2 
     0.8     86.6     43.2     12.9   8202.7   8861.8 
   -121.2     109.2      36.2      42.1 
   -142.4     133.0      43.3      31.1 
    -91.9     161.7      48.5      38.2 
    -35.0     167.6      50.0      49.9 
34684 6.645037 -43.857243 -7.575342 
 57061.9  10056.1   -177.9    526.1     53.3     48.4 
     0.8     86.6     39.4     19.5   8008.8   8499.4 
   -123.7     107.5      31.1      40.1 
   -146.4     129.3      35.6      26.4 
    -93.1     165.3      39.4      32.1 
    -36.5     166.8      39.9      47.1 
34685 5.337018 -44.030403 -7.605251 
 58194.4   9978.9   -180.4    534.6     48.0     36.7 
     0.8     86.6     37.8     29.6   7884.8   8631.2 
   -122.7     105.1      24.8      40.4 
   -147.3     125.5      27.1      27.1 
   -100.4     165.0      30.1      30.0 
    -33.6     168.0      31.5      40.1 
34686 4.015138 -44.166508 -7.628761 
 59640.2   9958.0   -162.1    536.4     40.8     29.6 
     0.8     86.6     36.3     40.5   8082.2   8636.0 
   -123.0     103.2      14.6      43.3 
   -150.5     122.5      17.6      29.6 
   -115.4     161.9      20.0      29.0 
    -28.4     168.1      20.3      36.5 
34687 2.682698 -44.264507 -7.645688 
 61363.8  10021.8   -158.6    544.1     33.1     28.2 
     0.8     86.6     33.7     50.9   8212.6   8727.7 
   -114.6     100.6      11.9      52.8 
   -152.0     114.6      10.6      34.5 
   -120.0     158.8      11.0      34.2 
    -38.7     169.0      15.8      31.5 
34688 2.013589 -44.298962 -7.651639 
 61671.2   9870.6   -133.8    545.8     28.3     28.7 
     0.8     86.6     28.4     53.7   8242.3   8853.8 
   -119.0      98.3      11.1      62.7 
   -155.2     113.8       8.2      43.2 
   -138.6     150.8       8.2      33.3 
    -40.8     174.3       9.1      32.3 
34689 1.343140 -44.323616 -7.655898 
 61394.1  10033.7   -129.9    543.0     23.9     28.8 
     0.8     86.6     28.8     51.3   8350.6   8781.5 
   -118.0      98.9      11.9      62.9 
   -156.3     113.7       7.4      44.7 
   -141.1     154.7       7.1      38.1 
    -35.0     174.5       8.3      39.0 
34690 0.671794 -44.338436 -7.658457 
 61062.6   9942.0   -150.4    540.6     19.7     29.6 
     0.8     86.6     29.4     46.9   8269.4   8877.1 
   -127.0     100.2       8.7      58.9 
   -160.6     115.6       6.4      36.1 
   -127.9     157.1       5.7      34.9 
    -26.5     173.5       8.1      39.8 
34691 -0.000000 -44.343372 -7.659310 
 59955.1  10050.6   -108.8    529.4     15.8     30.9 
     0.8     86.6     28.3     41.7   8552.5   8928.8 
   -125.7     101.3       5.8      52.1 
   -161.2     116.7       2.9      30.4 
   -120.0     163.3       1.3      35.9 
    -30.0     170.6       4.8      37.1 
34692 -0.671794 -44.338436 -7.658457 
 59161.6  10040.7   -153.0    534.5     11.2     33.0 
     0.8     86.6     27.2     36.3   8290.1   8799.6 
   -130.5     101.3       3.1      43.8 
   -158.7     122.8      -1.4      26.6 
   -116.2     164.5      -5.3      28.9 
    -31.2     171.4       0.1      38.0 
34693 -1.343140 -44.323616 -7.655898 
 58293.4   9893.7   -144.4    527.5      6.9     35.2 
     0.8     86.6     26.2     31.0   8315.2   8794.2 
   -129.7     103.1      -1.1      40.7 
   -159.4     122.4      -6.0      25.4 
   -108.5     164.2      -7.4      32.3 
    -25.9     168.6      -5.1      40.0 
34694 -2.013589 -44.298962 -7.651639 
 57282.2  10066.5   -130.8    520.6      2.8     40.6 
     0.8     86.6     24.9     25.9   8036.6   8616.4 
   -127.6     104.0      -4.6      39.6 
   -156.1     125.9      -9.1      25.5 
    -95.5     165.5     -12.6      33.3 
    -22.2     166.4      -7.7      43.5 
34695 -2.682698 -44.264507 -7.645688 
 56449.7  10024.3   -152.7    530.2     -2.1     45.6 
     0.8     86.6     23.2     21.1   8160.1   8645.4 
   -128.9     105.5      -8.1      41.3 
   -155.4     126.1     -12.6      27.9 
   -103.1     162.8     -15.5      34.0 
    -24.7     168.4     -11.9      45.1 
34696 -4.015138 -44.166508 -7.628761 
 54559.1   9965.5   -150.6    529.7     -9.7     57.6 
     0.8     86.6     18.3     14.1   8002.2   8494.3 
   -135.5     108.6     -13.9      40.9 
   -151.0     134.8     -21.4      32.6 
    -88.7     168.6     -23.5      39.4 
    -33.1     167.0     -16.7      52.1 
34697 -5.337018 -44.030403 -7.605251 
 53172.0  10045.4   -160.9    515.7    -17.1     70.9 
     0.8     86.6      5.0     12.3   7843.8   8393.9 
   -132.5     110.7     -20.0      42.5 
   -143.0     138.2     -30.5      36.8 
    -86.5     168.1     -31.9      45.3 
    -41.2     167.5     -23.3      61.6 
34698 -6.645037 -43.857243 -7.575342 
 51835.8  10083.3   -188.2    512.8    -24.6     85.4 
     0.8     86.6    -11.5     12.8   7968.1   8336.3 
   -131.6     113.5     -25.7      45.8 
   -133.9     145.4     -36.8      44.8 
    -78.5     158.4     -42.2      52.6 
    -32.3     167.4     -35.8      66.7 
34699 -7.936064 -43.648350 -7.539260 
 50822.0  10048.0   -169.3    515.3    -31.1     97.0 
     0.8     86.6     16.1     57.7   7667.1   8147.7 
   -140.1     112.9     -31.7      48.4 
   -142.6     144.9     -44.9      51.5 
    -82.4     170.8     -51.7      61.0 
    -40.2     169.1     -41.3      78.5 
34700 -9.207181 -43.405285 -7.497276 
 49550.6  10195.3   -168.5    504.8    -38.4    113.9 
     0.8     86.6     16.1     57.7   7712.2   8201.3 
   -134.1     117.6     -38.5      55.3 
   -126.0     151.1     -54.5      58.1 
    -59.9     166.9     -58.2      71.5 
    -35.3     167.0     -46.5      87.9 
34701 -10.455710 -43.129807 -7.449694 
 48899.7  10275.8   -156.5    479.2    -43.7    129.6 
     0.8     86.6     16.1     57.7   7560.5   8129.0 
   -126.3     126.1     -41.3      62.7 
   -118.5     153.1     -60.3      65.9 
    -66.8     160.6     -67.2      79.0 
    -39.3     169.6     -61.5      99.5 
34702 -11.679233 -42.823853 -7.396847 
 48927.8  10338.1   -172.4    459.2    -48.2    142.7 
     0.8     86.6     16.1     57.7   7455.9   7841.1 
   -124.5     122.2     -45.9      62.1 
   -128.8     146.2     -69.1      70.0 
    -76.4     164.1     -76.2      86.2 
    -43.2     164.5     -66.8     111.8 
34703 -12.875603 -42.489483 -7.339093 
 48572.3  10372.6   -204.6    453.9    -58.5    153.7 
     0.8     86.6     16.1     57.7   7177.4   7676.8 
   -145.0     119.8     -57.5      66.6 
   -132.5     154.5     -77.5      79.7 
    -57.1     171.5     -82.1      99.1 
    -37.9     168.5     -69.7     124.7 
34704 -14.042964 -42.128887 -7.276808 
 47011.2  10414.8   -215.8    461.5    -62.5    172.1 
     0.8     86.6     16.1     57.7   7404.8   7897.1 
   -131.1     130.2     -64.1      76.5 
   -115.7     152.3     -89.3      86.6 
    -60.6     158.8     -92.4     106.5 
    -25.0     164.3     -76.8     134.8 
34705 -15.179742 -41.744289 -7.210377 
 45914.6  10631.1   -215.3    479.4    -66.7    192.3 
     0.8     86.6     16.1     57.7   7408.4   7876.3 
   -132.5     130.6     -71.7      81.2 
   -112.6     157.5     -95.6      96.4 
    -69.1     164.7    -102.3     116.2 
    -39.4     165.6     -86.1     143.0 
