OCR_prd2017clk:dj0200e,R12@-400V,3.8T@20d,263K,rhe=1.02,rhh=0.7,3.0/3.0 
1132 1 3.80 28 3 29 4 400.0000 263.0000 4.0000 1.1780 900.0000 24.1700 -26.2100 150.0000 100.0000 290.0000 650.0000 12.0800 -13.110000 1.5000 1.0000 0.8500 
37751 -4.732649 42.593838 -13.724681 
 61771.3  11422.8     12.1     43.3    -14.0     10.6 
    12.1     86.6    -13.6     38.8  35348.5  36466.4 
     25.3      54.2      -8.5      72.6 
     18.0      26.3      -3.6      15.9 
     16.7      22.1      -2.7       5.2 
     17.7      22.1      -2.8       4.7 
37752 -5.112564 42.178650 -14.826435 
 57318.3  11493.7     12.1     43.3    -14.1     10.8 
    12.1     86.6    -13.4     39.0  32402.6  33594.8 
     25.5      52.0     -10.0      65.3 
     17.0      25.1      -3.5      15.0 
     16.6      20.8      -3.0       5.4 
     17.2      19.6      -2.8       4.7 
37753 -5.553440 41.650799 -16.104975 
 52738.5  11512.3     12.1     43.3    -13.9     12.4 
    12.1     86.6    -13.6     39.3  30041.4  30899.4 
     24.9      53.1     -12.5      65.2 
     17.2      26.1      -3.6      14.3 
     16.8      21.4      -3.1       5.5 
     17.3      21.6      -2.7       4.9 
37754 -6.069317 40.967888 -17.601017 
 48142.8  11683.0     12.1     43.3    -14.2     11.4 
    12.1     86.6    -13.9     39.6  26612.7  27576.7 
     25.7      50.9     -12.6      64.4 
     16.1      24.8      -3.4      12.4 
     15.6      20.5      -2.9       5.5 
     17.0      19.0      -2.8       4.9 
37755 -6.677852 40.067108 -19.365770 
 43789.1  11970.2     12.1     43.3    -14.4     13.0 
    12.1     86.6    -13.9     40.0  23689.8  24604.3 
     23.7      53.0     -13.5      63.4 
     16.2      24.8      -3.2      11.8 
     16.0      20.5      -3.0       5.6 
     16.8      20.6      -2.9       5.1 
37756 -7.400705 38.853703 -21.462046 
 39470.4  12557.0     12.1     43.3    -14.3     12.2 
    12.1     86.6    -13.9     40.3  20708.6  21494.0 
     21.7      51.6     -10.6      59.8 
     15.3      23.7      -3.4      10.8 
     15.1      19.6      -3.1       5.8 
     16.1      18.2      -3.2       5.3 
37757 -8.262795 37.182575 -23.962105 
 35442.5  12878.6     12.1     43.3    -14.6     12.6 
    12.1     86.6    -14.2     40.9  18233.7  18999.7 
     21.2      51.5     -10.0      56.7 
     15.7      23.7      -3.5      10.6 
     15.5      18.7      -3.1       5.9 
     15.9      18.7      -3.3       5.4 
37758 -9.288228 34.830853 -26.935860 
 31677.6  13826.7     12.1     43.3    -14.9     13.2 
    19.2     12.0    -14.5     41.4  15969.5  16572.8 
     21.8      52.4     -10.4      57.7 
     14.3      23.0      -3.5       9.9 
     14.2      17.9      -3.4       6.1 
     14.8      16.7      -3.3       5.6 
37759 -10.487829 31.463486 -30.414705 
 27978.2  15299.4     12.1     43.3    -15.3     13.9 
    17.5     25.6    -14.8     41.9  13852.2  14259.8 
     18.4      52.3      -9.0      55.7 
     14.1      21.8      -3.8      10.0 
     14.0      16.3      -3.7       6.5 
     14.3      15.5      -3.5       5.8 
37760 -11.828800 26.614803 -34.303520 
 25053.5  17208.2     21.9      9.6    -15.9     14.6 
    17.1     43.5    -15.5     42.7  11926.5  12517.7 
     16.2      51.9     -12.3      52.6 
     11.5      19.3      -4.3       9.8 
     10.9      14.4      -3.8       6.6 
     11.3      13.6      -3.7       5.9 
37761 -13.178417 19.767624 -38.217411 
 22649.4  19222.8     17.2     18.9    -16.5     15.1 
    16.7     60.8    -16.1     43.2  10691.3  11128.9 
     10.7      53.2      -8.7      51.1 
      8.6      15.3      -4.1       9.9 
      8.2      10.3      -4.0       6.8 
      8.3       8.8      -4.1       6.0 
37762 -14.249858 10.687392 -41.324585 
 21088.4  17973.4     15.5     34.1    -17.0     15.5 
    15.2     77.0    -16.6     43.8   9423.1   9911.8 
      4.9      59.5      -8.3      47.8 
      3.1       7.3      -4.1       9.4 
      3.3       4.7      -4.3       6.7 
      3.3       4.0      -4.3       5.8 
37763 -14.669581 -0.000000 -42.541786 
 20537.4  17333.2     12.1     36.7    -16.9     15.5 
    12.2     79.8    -16.5     43.8   9191.9   9637.9 
     -1.5      65.9      -8.0      50.4 
     -2.1       6.4      -4.4       9.4 
     -2.1       3.6      -4.3       6.4 
     -2.6       3.0      -4.1       5.5 
37764 -14.561182 -5.460443 -42.227428 
 20464.4  17436.9     10.7     29.2    -16.6     15.5 
    10.9     72.0    -16.3     43.6   9149.7   9668.9 
     -7.1      55.9      -7.4      49.3 
     -5.1       8.7      -4.3       8.9 
     -5.3       6.0      -4.1       6.4 
     -5.5       5.2      -4.2       5.5 
37765 -14.249858 -10.687392 -41.324585 
 20869.0  17854.1      9.4     21.7    -16.5     15.5 
     9.9     64.3    -16.2     43.5   9358.1   9939.3 
    -10.7      50.5      -6.5      50.8 
     -7.7      13.1      -4.4       9.5 
     -7.4       8.9      -4.0       6.5 
     -7.9       7.8      -4.1       5.6 
37766 -13.772597 -15.494173 -39.940533 
 21461.5  17536.3      8.3     14.5    -16.5     15.3 
     9.3     56.0    -16.0     43.5   9803.9  10247.6 
    -11.8      48.5      -7.5      52.5 
     -9.7      16.7      -3.9       9.4 
     -9.8      11.5      -3.8       6.3 
    -10.3      10.3      -3.9       5.6 
37767 -13.178417 -19.767624 -38.217411 
 22461.2  15907.8      6.1     10.3    -16.1     15.0 
     8.6     47.8    -15.7     43.2  10011.7  10658.9 
    -14.2      51.4      -4.8      49.5 
    -10.8      19.1      -3.8       9.3 
    -10.7      14.6      -3.9       6.4 
    -11.7      13.1      -3.8       5.7 
37768 -12.516611 -23.468645 -36.298172 
 23543.0  15316.0     -1.2     12.9    -15.9     14.9 
     8.6     39.2    -15.6     42.7  10856.4  11465.4 
    -18.2      50.7      -7.2      53.8 
    -12.8      21.9      -4.1       9.6 
    -12.2      17.3      -3.7       6.4 
    -13.1      17.2      -3.7       5.8 
37769 -11.828800 -26.614803 -34.303520 
 24760.7  14301.8     12.1     43.3    -15.6     14.4 
     8.0     30.5    -15.1     42.8  11724.5  12261.6 
    -17.9      49.7      -5.1      48.9 
    -14.0      22.6      -3.8       9.2 
    -13.6      17.3      -3.6       6.2 
    -14.6      18.1      -3.6       5.6 
37770 -10.487829 -31.463486 -30.414705 
 27938.5  13504.6     12.1     43.3    -15.4     13.8 
     7.4     15.6    -14.8     42.0  13639.2  14296.1 
    -19.9      50.5      -5.1      56.5 
    -14.3      22.9      -3.8       9.5 
    -13.5      17.9      -3.4       6.2 
    -15.0      16.9      -3.4       5.7 
37771 -9.288228 -34.830853 -26.935860 
 31519.0  12579.1     12.1     43.3    -14.8     13.1 
    -3.3     17.4    -14.3     41.5  15995.2  16625.2 
    -20.6      52.0      -0.2      59.2 
    -14.6      24.9      -3.7       9.8 
    -14.4      20.5      -3.2       6.0 
    -14.7      21.5      -3.0       5.5 
37772 -8.262795 -37.182575 -23.962105 
 35307.9  12059.2     12.1     43.3    -14.5     12.6 
    12.1     86.6    -14.1     40.9  18251.1  19065.6 
    -21.9      49.8      -1.6      58.8 
    -14.4      24.4      -3.4      10.4 
    -14.0      19.4      -3.2       5.9 
    -15.1      18.6      -2.8       5.3 
37773 -7.400705 -38.853703 -21.462046 
 39329.1  11702.2     12.1     43.3    -14.5     12.2 
    12.1     86.6    -14.0     40.3  20825.6  21688.6 
    -23.7      51.2      -4.1      60.4 
    -14.2      25.9      -2.9      11.1 
    -14.3      22.0      -3.0       5.7 
    -15.5      23.1      -2.7       5.1 
37774 -6.677852 -40.067108 -19.365770 
 43616.1  11371.2     12.1     43.3    -14.2     11.8 
    12.1     86.6    -13.8     40.0  23925.0  24624.5 
    -22.2      52.2       1.8      66.5 
    -14.6      24.6      -3.0      11.9 
    -14.2      20.3      -2.9       5.5 
    -15.0      19.0      -2.5       4.9 
37775 -6.069317 -40.967888 -17.601017 
 47878.7  11334.4     12.1     43.3    -14.1     11.5 
    12.1     86.6    -13.7     39.7  26714.3  27686.3 
    -21.6      49.8       2.1      63.4 
    -15.1      26.6      -2.8      13.4 
    -14.4      22.7      -2.8       5.5 
    -14.9      23.6      -2.4       4.8 
37776 -5.553440 -41.650799 -16.104975 
 52486.7  11130.0     12.1     43.3    -14.1     11.3 
    12.1     86.6    -13.4     39.6  29319.5  30320.1 
    -23.2      50.3       1.5      67.9 
    -15.0      25.4      -2.9      14.1 
    -14.7      20.4      -2.8       5.4 
    -15.6      19.8      -2.5       4.8 
37777 -5.112564 -42.178650 -14.826435 
 57051.0  11159.9     12.1     43.3    -14.0     10.9 
    12.1     86.6    -13.4     39.3  33091.2  33906.2 
    -22.0      50.5       2.3      67.6 
    -15.2      27.1      -2.7      15.9 
    -15.3      23.9      -2.8       5.4 
    -15.7      24.1      -2.5       4.7 
37778 -4.732649 -42.593838 -13.724681 
 61580.8  10996.7     12.1     43.3    -13.9     10.7 
    12.1     86.6    -13.3     38.8  35276.4  36224.0 
    -24.0      49.9       3.4      71.7 
    -15.2      25.5      -2.4      15.2 
    -15.2      21.1      -2.8       5.3 
    -15.7      20.3      -2.4       4.6 
37779 38.844742 -2.913355 -22.529949 
 37482.2   7907.0     12.9     27.0    -13.1     28.9 
    13.2     69.6    -13.1     57.7  19481.0  20268.0 
      1.7      64.5      18.0      47.1 
     -2.7      11.5      10.3      20.2 
     -3.0       5.3       9.9      16.6 
     -3.3       4.6      11.3      18.3 
37780 37.733234 -3.144436 -24.316975 
 34624.2   8044.1     12.7     26.9    -13.1     28.9 
    12.9     69.9    -13.1     57.7  17390.4  18350.9 
      1.7      68.8      20.3      46.6 
     -3.1      12.1       9.6      20.9 
     -3.1       5.5       9.7      18.7 
     -3.4       4.4      11.4      20.2 
37781 36.327980 -3.405748 -26.337786 
 31935.8   8253.7     12.8     27.4    -13.1     28.9 
    13.1     70.1    -13.1     57.7  16307.2  17048.8 
      3.5      63.2      16.0      43.1 
     -3.1      10.8       9.7      19.3 
     -3.4       5.1       9.9      16.0 
     -3.6       4.6      11.2      16.8 
37782 34.533642 -3.700033 -28.613588 
 29395.4   8581.0     12.7     27.7    -13.1     28.9 
    12.9     70.6    -13.1     57.7  14832.1  15494.5 
      3.0      61.0      16.1      43.2 
     -3.5       9.6       9.9      19.8 
     -3.5       5.4       9.3      17.2 
     -3.8       4.9      10.6      18.8 
37783 32.224594 -4.028074 -31.150444 
 26959.0   9036.9     12.2     27.9    -13.1     28.9 
    12.4     70.7    -13.1     57.7  13364.4  13749.6 
     -1.0      56.5      16.3      43.3 
     -3.7      10.2       9.6      18.2 
     -4.0       5.6       9.7      15.2 
     -3.9       5.0      10.7      15.0 
37784 29.242365 -4.386354 -33.921143 
 24680.3   9750.9     12.3     28.2    -13.1     28.9 
    12.3     71.2     -7.8     13.9  11815.0  12420.8 
     -1.1      58.3      15.4      45.8 
     -3.9       9.0       9.5      18.1 
     -3.7       5.9       9.4      15.5 
     -4.2       5.2      10.6      16.9 
37785 25.404451 -4.763335 -36.836456 
 22954.5  10629.4     11.4     28.5    -13.1     28.9 
    11.7     71.5     -9.8     10.8  10525.3  10957.9 
     -2.6      56.6      16.5      45.9 
     -4.0       9.1       9.8      16.9 
     -4.4       5.8       9.7      14.0 
     -4.5       5.3      11.0      13.3 
37786 20.539001 -5.134750 -39.708736 
 21296.6  11736.0     11.1     28.9     14.0     18.8 
    11.3     71.8    -10.6     19.1   9725.7  10158.5 
     -3.5      55.3      14.8      43.6 
     -4.2       9.2      10.6      15.4 
     -4.5       5.9       9.8      12.5 
     -4.8       5.3      10.8      13.3 
37787 14.561182 -5.460443 -42.227428 
 20284.2  13621.4     10.5     29.2     -6.8      7.3 
    10.7     72.0    -10.6     29.8   8745.3   9357.6 
     -4.5      56.2      13.2      42.0 
     -4.6       8.8       8.5      14.6 
     -5.0       6.1       8.5      11.8 
     -5.2       5.4       9.2      11.6 
37788 7.584479 -5.688359 -43.989979 
 19597.8  16766.5     10.7     29.4    -10.9     12.4 
    10.8     72.3    -11.4     40.3   8693.1   9070.9 
     -2.3      57.9       6.6      44.2 
     -4.8       8.6       6.4      10.4 
     -5.1       5.9       6.8       7.5 
     -5.3       5.4       6.9       7.0 
37789 -0.000000 -5.770917 -44.628429 
 19746.0  16601.0     10.8     29.3    -13.0     22.0 
    10.9     72.2    -13.1     50.5   8796.1   9120.5 
     -7.1      52.5       0.3      55.9 
     -5.1       8.8       2.5       7.1 
     -5.1       6.0       2.7       4.3 
     -5.4       5.2       3.0       4.2 
37790 -3.833294 -5.749941 -44.466213 
 19788.5  16649.8     10.3     29.3    -13.1     25.9 
    10.6     72.2    -13.2     54.5   8752.1   9260.8 
     -2.0      53.1      -1.9      58.6 
     -4.9       9.1       0.1       8.6 
     -5.2       6.0      -0.1       4.0 
     -5.3       5.2      -0.0       3.2 
37791 -7.584479 -5.688359 -43.989979 
 19941.0  16816.7     10.6     29.2    -14.2     24.9 
    10.8     72.1    -14.1     53.5   9080.2   9430.8 
     -4.3      50.9      -1.4      59.7 
     -4.8       8.8      -1.3       8.0 
     -5.2       6.0      -1.0       2.4 
     -5.6       5.1      -0.8       2.3 
37792 -11.179956 -5.589978 -43.229164 
 20219.7  17003.1     10.4     29.2    -15.8     20.4 
    10.6     72.1    -15.6     48.8   9093.4   9590.7 
     -7.7      54.6      -6.4      52.2 
     -4.8       9.0      -2.4       6.9 
     -5.2       5.8      -2.5       4.6 
     -5.5       5.4      -2.5       4.2 
37793 -14.561182 -5.460443 -42.227428 
 20600.6  17451.3     11.0     29.2    -16.7     15.5 
    11.1     72.2    -16.4     43.7   9140.8   9758.8 
     -5.1      51.2      -7.4      49.7 
     -5.1       8.9      -4.2       9.5 
     -5.1       6.0      -4.2       6.4 
     -5.5       5.3      -4.2       5.5 
37794 -17.688046 -5.306413 -41.036263 
 21025.8  17017.9     10.8     29.4    -17.6     11.0 
    11.0     72.0    -17.0     38.5   9515.8   9921.0 
     -6.6      55.4     -11.6      48.6 
     -5.1       9.2      -6.1      12.1 
     -5.0       6.0      -6.0       8.2 
     -5.3       5.4      -5.6       7.0 
37795 -20.539001 -5.134750 -39.708736 
 21534.1  15563.2     10.9     29.1    -19.0      7.8 
    11.0     71.9    -17.1     32.9   9659.9  10339.8 
     -9.6      53.9     -10.8      44.4 
     -5.2       9.1      -7.1      12.4 
     -5.0       5.9      -6.7       8.6 
     -5.3       5.3      -7.1       7.7 
37796 -23.108727 -4.951870 -38.294460 
 22328.1  14313.4     11.2     29.0    -21.7      7.9 
    11.3     71.6    -17.4     27.5  10014.4  10598.8 
     -9.4      57.6     -14.5      46.7 
     -4.7       9.3      -8.1      13.9 
     -4.7       5.8      -7.6      10.4 
     -5.0       5.2      -8.2      10.4 
37797 -25.404451 -4.763335 -36.836456 
 23098.9  13145.8     11.2     28.6    -27.5      9.0 
    11.4     71.7    -17.3     21.9  10731.3  11208.6 
     -9.6      63.0     -14.8      49.2 
     -4.4       8.6      -9.0      14.8 
     -4.4       5.9      -9.0      11.1 
     -5.0       5.3      -9.2      11.5 
37798 -29.242365 -4.386354 -33.921143 
 24879.5  11233.4     11.8     28.2    -13.1     28.9 
    11.9     71.2    -17.6     12.2  11731.1  12384.2 
     -6.9      60.8     -17.6      45.5 
     -4.3       9.2      -9.7      15.8 
     -4.2       5.7      -9.5      11.7 
     -4.8       5.2     -10.1      11.3 
37799 -32.224594 -4.028074 -31.150444 
 27063.6  10094.6     12.3     27.8    -13.1     28.9 
    12.4     70.7    -21.8     11.0  13195.8  13878.4 
     -8.4      59.1     -17.0      47.0 
     -4.1       9.4     -10.0      17.4 
     -4.0       5.5      -9.9      14.5 
     -4.5       5.1     -10.9      15.2 
37800 -34.533642 -3.700033 -28.613588 
 29408.9   9324.4     12.3     27.4    -13.1     28.9 
    12.4     70.5    -13.1     57.7  14604.0  15318.2 
     -6.6      57.8     -17.2      44.9 
     -3.6      10.1     -10.2      17.8 
     -3.8       5.6     -10.6      14.2 
     -4.2       4.9     -11.3      13.8 
37801 -36.327980 -3.405748 -26.337786 
 31754.4   8754.8     12.8     27.2    -13.1     28.9 
    12.8     70.1    -13.1     57.7  16223.3  17029.2 
     -8.1      61.2     -16.2      43.5 
     -3.5      10.9     -10.6      18.7 
     -3.5       5.4     -10.3      16.6 
     -3.9       4.8     -11.8      17.5 
37802 -37.733234 -3.144436 -24.316975 
 34560.7   8440.1     12.9     26.9    -13.1     28.9 
    13.0     69.8    -13.1     57.7  18126.6  18816.6 
     -9.4      64.9     -19.6      43.8 
     -2.8      10.8     -10.9      18.5 
     -3.3       5.4     -10.9      15.5 
     -3.7       4.7     -12.2      15.4 
37803 -38.844742 -2.913355 -22.529949 
 37367.0   8147.5     12.9     26.6    -13.1     28.9 
    12.9     69.6    -13.1     57.7  19613.4  20509.4 
    -12.1      66.2     -19.1      45.3 
     -2.9      12.0     -11.0      20.1 
     -3.1       5.2     -11.2      17.9 
     -3.6       4.5     -12.3      18.4 
37804 -39.733410 -2.709096 -20.950342 
 40125.6   7996.9     13.0     26.4    -13.1     28.9 
    13.0     69.3    -13.1     57.7  21956.9  22582.1 
     -9.6      63.2     -18.0      41.5 
     -3.4      12.3     -11.7      19.4 
     -3.1       5.3     -11.3      16.2 
     -3.4       4.4     -12.5      16.4 
37805 -40.451710 -2.528232 -19.551659 
 43026.7   7870.2     13.1     26.1    -13.1     28.9 
    13.2     69.1    -13.1     57.7  23723.1  24516.4 
     -7.9      64.6     -18.0      40.5 
     -3.2      14.5     -11.5      20.7 
     -2.9       5.0     -11.5      18.4 
     -3.3       4.3     -12.6      19.2 
37806 -41.038486 -2.367605 -18.309479 
 45973.0   7729.8     12.9     26.1    -13.1     28.9 
    13.0     68.8    -13.1     57.7  25626.1  26461.4 
    -10.1      69.5     -18.0      40.9 
     -2.9      14.4     -11.8      20.2 
     -3.0       4.9     -11.9      16.8 
     -3.1       4.2     -13.2      17.3 
37807 -41.522694 -2.224430 -17.202259 
 48986.1   7663.9     13.2     26.0    -13.1     28.9 
    13.2     68.7    -13.1     57.7  27603.1  28446.9 
    -10.1      70.4     -17.6      39.1 
     -2.3      15.3     -11.7      21.1 
     -2.8       5.2     -12.0      18.9 
     -3.1       4.0     -12.9      19.3 
37808 36.274990 -16.323748 -21.039495 
 39510.5   8455.4    -67.4     52.1    163.6    118.2 
    11.2     24.7    -13.1     57.7  20522.8  21495.5 
    -12.6      57.2      18.6      45.7 
     -9.9      21.3       9.8      20.0 
     -9.9      16.0       9.7      17.3 
    -10.4      15.1      11.1      18.3 
37809 34.871063 -17.435532 -22.472460 
 36927.6   8740.3    -19.4    178.5    -13.1     28.9 
    11.4     25.1    -13.1     57.7  18195.1  19445.9 
    -11.6      58.3      16.4      47.8 
    -10.2      21.5       9.1      20.5 
     -9.9      16.2       9.5      18.0 
    -10.1      15.7      10.7      20.0 
37810 33.156143 -18.650331 -24.038204 
 34564.9   9204.0    -87.8     27.5    -13.1     28.9 
    11.0     25.9    -13.1     57.7  17515.0  18332.2 
    -10.6      53.7      18.8      45.4 
    -10.9      21.1       9.3      19.1 
    -10.3      16.4       9.3      16.0 
    -10.6      15.4      10.7      16.2 
37811 31.054461 -19.963583 -25.730839 
 32350.3   9765.1     12.1     43.3    -13.1     28.9 
    10.7     26.7    -13.1     57.7  16228.6  16893.4 
    -13.2      54.6      17.8      47.3 
    -10.8      22.1       9.4      19.4 
    -10.4      16.7       9.2      16.4 
    -10.9      16.2      10.3      18.1 
37812 28.477907 -21.358431 -27.528643 
 30249.8  10560.4     12.1     43.3    -13.1     28.9 
    10.2     27.5    -13.1     57.7  14670.8  15412.3 
    -16.6      56.0      18.2      50.2 
    -11.2      22.1       8.8      18.5 
    -10.8      16.7       8.8      14.8 
    -11.2      16.5      10.2      14.9 
37813 25.332121 -22.798910 -29.385260 
 28224.6  11503.3     12.1     43.3    -13.1     28.9 
    10.1     28.6     -1.9     15.3  13861.8  14415.0 
    -15.9      52.8      15.5      46.5 
    -11.6      22.1       9.0      17.6 
    -11.2      17.0       9.3      14.4 
    -11.8      16.7      10.4      15.5 
37814 21.531038 -24.222422 -31.220007 
 26786.9  12135.9     12.1     43.3    -13.1     28.9 
     9.9     29.2    -10.4     10.7  12279.4  12953.0 
    -16.9      53.6      16.5      45.5 
    -12.8      22.7       9.2      16.6 
    -11.9      17.3       9.0      13.4 
    -12.0      17.2       9.8      12.7 
37815 17.023268 -25.534906 -32.911655 
 25383.6  13160.1     12.1     43.3    -13.1     28.9 
     9.2     29.8    -11.2     17.8  11831.1  12476.0 
    -15.4      51.1      13.5      45.9 
    -12.7      22.6       9.6      15.1 
    -12.6      17.4       9.4      11.9 
    -12.7      18.0      10.1      12.6 
37816 11.828800 -26.614803 -34.303520 
 24455.0  13321.0      0.0     11.1     -7.0      7.6 
     9.3     30.2    -11.7     28.4  11498.8  12005.9 
    -17.7      50.1      10.6      44.2 
    -13.3      22.4       8.0      14.3 
    -12.9      17.3       7.9      11.2 
    -13.3      17.8       8.4      11.2 
37817 6.073876 -27.332441 -35.228477 
 24074.2  13545.0     12.1     43.3    -12.1     11.3 
     8.8     30.3    -12.5     39.3  11566.1  11960.6 
    -18.1      49.1       9.7      46.5 
    -13.9      23.2       5.8      10.5 
    -13.4      17.3       6.0       7.3 
    -13.5      17.9       6.3       6.7 
37818 -0.000000 -27.584869 -35.553833 
 24089.1  13560.7     12.1     43.3    -13.6     21.2 
     8.4     30.4    -13.7     49.7  11425.1  12033.2 
    -19.0      50.3       4.7      55.3 
    -14.3      22.4       2.0       8.5 
    -13.4      17.3       2.2       4.2 
    -14.4      18.0       2.7       3.9 
37819 -3.057901 -27.521109 -35.471649 
 24118.0  13748.1     12.1     43.3    -13.7     25.5 
     8.0     30.3    -13.7     54.1  11476.5  11986.2 
    -18.2      50.0      -1.2      64.6 
    -14.0      22.2      -0.7      11.7 
    -13.8      16.9      -0.5       4.2 
    -14.6      17.7      -0.1       3.2 
37820 -6.073876 -27.332441 -35.228477 
 24354.8  13830.3     12.1     43.3    -13.7     24.5 
     8.5     30.4    -13.6     53.1  11631.8  12090.0 
    -18.9      49.3      -0.8      62.1 
    -13.8      22.5      -1.0      10.8 
    -13.7      17.4      -0.8       2.4 
    -14.6      17.8      -0.6       2.4 
37821 -9.008813 -27.026440 -34.834076 
 24423.2  13987.9     12.1     43.3    -15.1     19.5 
     8.5     30.3    -14.8     48.0  11578.4  11983.7 
    -17.9      49.7      -1.6      58.8 
    -14.0      22.3      -2.4       7.5 
    -13.4      17.2      -2.2       4.4 
    -14.5      17.9      -2.1       4.2 
37822 -11.828800 -26.614803 -34.303520 
 24773.8  14317.7     12.1     43.3    -15.7     14.4 
     8.7     30.4    -15.3     42.6  11995.6  12348.9 
    -21.2      52.4      -3.2      55.6 
    -13.4      22.6      -3.7       9.7 
    -13.6      17.5      -3.6       6.3 
    -14.1      17.8      -3.5       5.6 
37823 -14.506772 -26.112192 -33.655712 
 25089.2  14360.6     12.1     43.3    -16.4      9.7 
     8.8     30.4    -15.5     37.1  11743.7  12323.7 
    -19.5      50.5      -8.6      50.5 
    -13.3      22.6      -5.3      11.7 
    -13.0      17.6      -5.0       8.0 
    -14.1      17.9      -5.0       7.3 
37824 -17.023268 -25.534906 -32.911655 
 25627.1  14466.7     12.1     43.3    -17.6      6.7 
     8.9     30.2    -16.1     31.4  12193.2  12704.7 
    -19.7      52.5      -9.2      46.4 
    -13.1      22.1      -5.8      11.8 
    -13.4      17.3      -6.0       8.4 
    -13.7      17.5      -6.1       7.5 
37825 -19.366381 -24.899633 -32.092857 
 26307.0  14588.1     -3.1     11.8    -20.3      7.1 
     9.0     29.9    -16.3     25.7  12348.2  12944.2 
    -19.5      50.4      -9.8      47.8 
    -13.3      22.7      -7.4      13.7 
    -13.1      17.1      -7.1      10.1 
    -13.7      17.3      -7.4       9.8 
37826 -21.531038 -24.222422 -31.220007 
 26893.3  14272.9     12.1     43.3    -13.1     28.9 
     8.8     29.5    -16.1     20.2  12483.6  13237.0 
    -20.9      56.6     -12.0      49.5 
    -13.3      22.4      -8.2      14.7 
    -12.7      17.4      -7.9      10.9 
    -13.6      17.6      -8.5      10.7 
37827 -25.332121 -22.798910 -29.385260 
 28357.1  12565.5     12.1     43.3    -13.1     28.9 
     8.9     28.8    -17.1     11.2  13656.6  14233.9 
    -16.8      53.0     -12.5      47.8 
    -11.8      22.3      -8.4      15.4 
    -12.1      17.3      -8.7      11.8 
    -13.3      17.2      -9.5      11.0 
37828 -28.477907 -21.358431 -27.528643 
 30236.2  11037.9     12.1     43.3    -13.1     28.9 
     9.8     27.7    -19.0     11.2  14848.0  15700.3 
    -19.1      50.6     -15.4      47.0 
    -11.9      22.0      -9.4      17.0 
    -11.9      17.2      -9.5      14.1 
    -12.5      16.4      -9.9      14.5 
37829 -31.054461 -19.963583 -25.730839 
 32318.4  10098.8     12.1     43.3    -13.1     28.9 
     9.9     26.9    -13.1     57.7  16092.8  16899.2 
    -18.0      52.5     -12.5      49.2 
    -12.0      21.8      -9.9      17.0 
    -11.3      16.4      -9.8      13.7 
    -11.9      16.3     -10.8      13.4 
37830 -33.156143 -18.650331 -24.038204 
 34508.3   9450.8     12.1     43.3    -13.1     28.9 
    10.6     25.8    -13.1     57.7  17608.4  18361.4 
    -17.7      54.4     -15.1      46.2 
    -11.4      21.9     -10.1      18.7 
    -10.6      16.4      -9.8      16.2 
    -12.0      16.0     -11.0      16.8 
37831 -34.871063 -17.435532 -22.472460 
 37088.9   8967.4     12.1     43.3    -13.1     28.9 
    11.0     25.2    -13.1     57.7  19600.7  20362.6 
    -17.9      51.5     -16.5      46.4 
    -10.8      22.1     -10.2      19.0 
    -10.2      16.4     -10.2      15.1 
    -11.1      15.5     -11.1      15.3 
37832 -36.274990 -16.323748 -21.039495 
 39532.0   8624.4     12.1     43.3    -13.1     28.9 
    11.2     24.2    -13.1     57.7  20794.7  21759.6 
    -17.5      55.9     -16.4      43.7 
    -10.5      21.1     -10.2      19.6 
    -10.3      15.8     -10.4      17.3 
    -10.7      15.1     -11.4      18.3 
37833 -37.430248 -15.312374 -19.735949 
 42103.6   8360.5     12.1     43.3    -13.1     28.9 
    11.5     23.8    -13.1     57.7  22613.4  23486.0 
    -18.5      56.6     -15.5      42.3 
    -10.6      20.9     -11.3      19.1 
    -10.1      15.6     -10.9      16.0 
    -10.6      15.1     -11.8      16.6 
37834 -38.386795 -14.395048 -18.553617 
 44967.3   8211.1     12.1     43.3    -13.1     28.9 
    11.8     22.9    -13.1     57.7  24197.9  25155.5 
    -17.9      54.8     -17.0      42.7 
    -10.2      21.0     -10.9      20.6 
     -9.7      15.7     -11.1      18.3 
    -10.3      14.7     -12.0      19.2 
37835 -39.184162 -13.563748 -17.482164 
 47711.5   8178.9     12.1     43.3    -13.1     28.9 
    11.7     22.3    -13.1     57.7  26357.8  27272.9 
    -18.8      56.1     -17.0      41.8 
    -10.3      20.8     -11.5      19.4 
     -9.6      15.3     -11.4      16.9 
     -9.9      14.4     -12.1      17.4 
37836 -39.853470 -12.810044 -16.510723 
 50588.9   8025.9     12.1     43.3    -13.1     28.9 
    12.1     21.8    -13.1     57.7  28055.5  29082.3 
    -16.4      57.5     -14.3      39.8 
    -10.3      21.3     -11.2      21.4 
     -9.0      15.2     -11.0      19.0 
     -9.6      14.4     -12.4      19.7 
37837 21.035387 -37.863701 -12.200525 
 67955.6  11475.1     12.1     43.3    -13.1     28.9 
    12.1     86.6    -13.1     57.7  38492.7  39797.9 
    -17.7      49.7      19.2      50.9 
    -12.9      24.6       7.8      17.7 
    -12.7      20.3       7.4      13.2 
    -13.9      19.6       8.0      12.4 
37838 19.337526 -38.675053 -12.461962 
 66659.0  11553.9     12.1     43.3    -13.1     28.9 
    12.1     86.6    -13.1     57.7  37758.8  39477.9 
    -19.2      52.4      18.6      53.7 
    -13.4      24.7       8.2      17.9 
    -13.3      20.6       7.9      12.9 
    -13.7      19.9       7.9      12.8 
37839 17.532005 -39.447014 -12.710704 
 65610.7  11562.8     12.1     43.3    -13.1     28.9 
    12.1     86.6    -13.1     57.7  37273.4  38941.9 
    -21.3      52.0      22.6      60.8 
    -13.4      25.3       7.2      17.2 
    -13.5      20.5       7.3      12.2 
    -14.2      19.9       7.8      11.7 
37840 15.620879 -40.167976 -12.943014 
 64624.7  11320.2     12.1     43.3    -13.1     28.9 
    12.1     86.6    -13.1     57.7  37321.6  38569.5 
    -21.1      53.1      20.4      62.5 
    -14.0      25.2       8.3      17.0 
    -13.6      20.5       7.7      11.6 
    -14.1      20.0       8.0      11.3 
37841 13.608622 -40.825867 -13.155002 
 63656.5  11155.8     12.1     43.3    -13.1     28.9 
    12.1     86.6    -13.1     57.7  36451.1  37501.9 
    -21.0      50.6      18.8      63.2 
    -14.6      25.3       7.6      17.4 
    -13.5      20.7       6.8      11.3 
    -14.6      20.0       7.4      10.4 
37842 11.502371 -41.408531 -13.342750 
 62970.3  11119.3     12.1     43.3    -13.1     28.9 
    12.1     86.6    -13.1     57.7  35811.1  37452.0 
    -22.2      51.4      21.7      65.3 
    -14.3      25.4       8.1      16.6 
    -14.4      20.6       7.7      10.3 
    -14.7      20.2       7.8       9.6 
37843 9.312061 -41.904274 -13.502488 
 62382.3  11112.3     12.1     43.3    -13.1     28.9 
    12.1     86.6    -12.1      5.1  35979.8  37010.6 
    -21.5      49.2      17.5      65.8 
    -14.9      25.2       7.7      16.5 
    -14.3      20.7       7.1      10.4 
    -15.2      20.1       7.3       9.3 
37844 7.050401 -42.302410 -13.630775 
 61902.8  10930.9     12.1     43.3    -13.1     28.9 
    12.1     86.6    -13.7     10.6  35379.5  36684.9 
    -23.3      50.2      15.7      63.6 
    -15.0      24.9       7.7      15.9 
    -14.7      20.9       7.0       8.9 
    -15.3      20.5       7.5       8.2 
37845 4.732649 -42.593838 -13.724681 
 61509.1  11126.2     12.1     43.3    -13.1     28.9 
    12.1     86.6    -14.5     23.2  35524.5  36512.6 
    -21.9      48.8      12.6      69.3 
    -14.9      24.9       7.3      17.3 
    -14.8      20.7       6.6      10.7 
    -15.5      19.6       6.7       9.7 
37846 2.376201 -42.771618 -13.781965 
 61585.4  10963.6     12.1     43.3    -14.8      7.4 
    12.1     86.6    -14.8     35.8  35892.3  36735.3 
    -24.0      50.5      12.3      70.0 
    -15.3      24.8       4.0      15.4 
    -15.1      20.8       4.0       6.0 
    -15.8      19.7       4.2       5.0 
37847 -0.000000 -42.831371 -13.801219 
 61382.3  10890.4     12.1     43.3    -15.4     19.4 
    12.1     86.6    -15.5     48.0  35801.0  36796.8 
    -24.3      50.8      10.5      77.4 
    -16.0      25.3       0.8      22.9 
    -15.2      20.1       0.8       6.2 
    -16.0      20.1       1.3       4.5 
37848 -1.189345 -42.816410 -13.796398 
 61350.5  11000.4     12.1     43.3    -14.5     24.1 
    12.1     86.6    -14.6     52.7  34812.5  36208.0 
    -22.8      51.5       5.5      80.4 
    -15.4      24.6      -0.4      28.9 
    -15.1      20.4      -1.6       9.5 
    -15.9      19.9      -0.6       4.7 
37849 -2.376201 -42.771618 -13.781965 
 61479.8  10997.5     12.1     43.3    -13.0     22.9 
    12.1     86.6    -12.6     51.4  35371.6  36348.0 
    -24.4      51.2       4.8      78.1 
    -15.6      25.4       0.2      28.6 
    -15.3      20.9      -0.4       5.5 
    -15.8      20.0      -0.2       2.9 
37850 -3.558106 -42.697277 -13.758010 
 61554.6  10994.0     12.1     43.3    -13.2     16.9 
    12.1     86.6    -12.8     45.3  35800.7  36680.7 
    -21.2      48.5       2.7      72.4 
    -15.0      25.2      -1.2      20.4 
    -14.8      21.1      -1.7       4.6 
    -15.7      20.1      -1.3       3.9 
37851 -4.732649 -42.593838 -13.724681 
 61585.1  11097.4     12.1     43.3    -13.8     10.7 
    12.1     86.6    -13.2     38.9  35126.0  36403.8 
    -24.0      48.6       1.0      72.0 
    -15.2      25.2      -2.8      16.6 
    -14.6      20.8      -2.7       5.4 
    -16.2      20.2      -2.5       4.6 
37852 -5.897493 -42.461952 -13.682184 
 61834.2  11114.1     12.1     43.3    -14.4      5.0 
    12.1     86.6    -13.6     32.6  35991.9  36791.8 
    -24.6      51.8      -1.1      70.0 
    -15.7      25.1      -4.2      15.0 
    -15.1      21.2      -3.9       6.3 
    -15.9      20.5      -3.5       5.7 
37853 -7.050401 -42.302410 -13.630775 
 61827.0  11151.6     12.1     43.3    -13.1     28.9 
    12.1     86.6    -13.8     26.2  35368.8  36559.4 
    -22.7      51.5      -1.5      67.3 
    -14.9      25.3      -4.8      14.9 
    -14.3      21.3      -4.7       7.2 
    -15.7      20.5      -4.8       5.7 
37854 -8.189252 -42.116158 -13.570762 
 61868.3  11335.8     12.1     43.3    -13.1     28.9 
    12.1     86.6    -14.0     19.9  35601.1  36812.9 
    -21.6      50.5       0.8      70.5 
    -15.0      24.9      -5.7      16.5 
    -14.7      21.3      -5.9      10.1 
    -15.8      20.8      -6.1       9.1 
37855 -9.312061 -41.904274 -13.502488 
 62131.5  11383.8     12.1     43.3    -13.1     28.9 
    12.1     86.6    -14.0     13.6  35341.8  36674.4 
    -23.2      49.5      -2.7      69.1 
    -15.0      25.4      -6.3      16.7 
    -14.4      21.0      -6.3       9.6 
    -15.8      20.7      -6.6       8.7 
37856 -11.502371 -41.408531 -13.342750 
 62853.2  11458.0     12.1     43.3    -13.1     28.9 
    12.1     86.6    -15.0      5.2  36102.9  37317.0 
    -22.1      49.4      -0.5      66.2 
    -14.1      25.1      -6.5      16.4 
    -14.4      21.1      -6.6       8.8 
    -15.7      20.4      -7.1       7.6 
37857 -13.608622 -40.825867 -13.155002 
 63607.7  11768.1     12.1     43.3    -13.1     28.9 
    12.1     86.6    -13.1     57.7  36415.5  37713.8 
    -20.5      49.5      -5.4      65.8 
    -13.9      25.3      -7.9      17.3 
    -14.0      21.1      -7.9      10.6 
    -15.4      21.0      -8.1       9.8 
37858 -15.620879 -40.167976 -12.943014 
 64587.1  11871.7     12.1     43.3    -13.1     28.9 
    12.1     86.6    -13.1     57.7  36432.2  37922.8 
    -23.6      53.0      -6.1      63.8 
    -14.1      25.2      -7.6      17.2 
    -13.9      21.6      -7.6      10.6 
    -15.1      20.2      -8.2       9.5 
37859 -17.532005 -39.447014 -12.710704 
 65583.1  12003.2     12.1     43.3    -13.1     28.9 
    12.1     86.6    -13.1     57.7  37492.0  38958.4 
    -22.0      50.7      -7.9      60.1 
    -14.6      25.2      -9.2      17.8 
    -13.8      20.8      -8.6      12.2 
    -15.0      20.4      -8.9      11.4 
37860 -19.337526 -38.675053 -12.461962 
 66503.0  12283.3     12.1     43.3    -13.1     28.9 
    12.1     86.6    -13.1     57.7  38670.7  39576.1 
    -24.3      56.5     -10.7      55.3 
    -13.0      25.0      -8.2      17.2 
    -13.4      20.4      -8.3      11.4 
    -14.4      19.9      -8.9      10.7 
37861 -21.035387 -37.863701 -12.200525 
 67989.5  11811.2     12.1     43.3    -13.1     28.9 
    12.1     86.6    -13.1     57.7  38857.4  40371.5 
    -23.0      50.5     -11.5      55.4 
    -13.7      25.0      -9.0      18.1 
    -13.5      20.5      -9.2      13.3 
    -14.0      19.8      -9.1      13.1 
37862 -22.625631 -37.023762 -11.929878 
 69492.8  11837.3     12.1     43.3    -13.1     28.9 
    12.1     86.6    -13.1     57.7  39806.8  41348.5 
    -22.8      54.3      -9.6      49.7 
    -12.8      24.5      -8.8      17.6 
    -12.7      20.7      -8.8      12.6 
    -14.1      19.7      -9.4      11.5 
37863 -24.110025 -36.165039 -11.653179 
 71003.9  11869.4     12.1     43.3    -13.1     28.9 
    12.1     86.6    -13.1     57.7  40226.0  41596.3 
    -19.6      47.0     -10.9      48.2 
    -13.1      25.3      -9.5      19.3 
    -12.9      20.5      -9.3      14.5 
    -14.1      20.1     -10.3      14.5 
37864 -25.491707 -35.296211 -11.373223 
 72825.2  11615.2     12.1     43.3    -13.1     28.9 
    12.1     86.6    -13.1     57.7  41733.6  43066.9 
    -20.9      50.9     -11.8      46.0 
    -13.4      25.1      -9.5      18.4 
    -12.8      20.2      -9.5      13.7 
    -13.5      19.8     -10.2      13.3 
37865 -26.774837 -34.424789 -11.092432 
 74489.0  11108.3     12.1     43.3    -13.1     28.9 
    12.1     86.6    -13.1     57.7  43243.2  44610.3 
    -21.3      51.5     -11.8      41.7 
    -12.7      24.9      -9.7      19.8 
    -12.3      20.4      -9.8      15.5 
    -14.1      19.2     -10.6      15.6 
