OCR_prd2017clk:dj0120j,R22@-300V,3.8T@20d,263K,rhe=1.02,rhh=0.7,2.0/2.0 
1133 1 3.80 28 3 29 5 300.0000 263.0000 2.0000 1.1460 900.0000 30.1500 -10.9800 150.0000 100.0000 290.0000 650.0000 15.0800 -5.490000 1.5000 1.0000 0.8500 
37876 -4.732649 42.593838 -13.724681 
 63369.8  11653.3     15.1     43.3     -7.3      6.8 
    15.1     86.6     -6.6     35.0  36933.1  37818.5 
     29.8      53.1     -13.5      68.2 
     23.1      26.9      -5.0      14.6 
     22.2      23.1      -4.4       6.0 
     23.8      23.1      -4.4       4.9 
37877 -5.112564 42.178650 -14.826435 
 58686.2  11901.8     15.1     43.3     -7.2      7.2 
    15.1     86.6     -6.9     35.1  33241.8  34532.2 
     31.0      52.4     -12.1      68.0 
     22.5      25.1      -5.1      14.8 
     22.2      20.7      -4.5       5.9 
     22.6      19.3      -4.4       5.1 
37878 -5.553440 41.650799 -16.104975 
 53914.4  12003.4     15.1     43.3     -7.3      7.4 
    15.1     86.6     -6.9     35.5  30292.3  31119.7 
     29.9      54.2     -10.9      62.3 
     22.6      26.2      -4.8      13.3 
     21.3      22.5      -4.4       6.0 
     22.1      22.3      -4.4       5.2 
37879 -6.069317 40.967888 -17.601017 
 49439.3  12174.5     15.1     43.3     -7.4      7.8 
    15.1     86.6     -7.2     35.8  27193.9  28235.4 
     28.8      52.6     -12.8      61.5 
     21.2      24.8      -4.8      12.8 
     21.4      19.7      -4.6       6.1 
     21.7      18.6      -4.5       5.4 
37880 -6.677852 40.067108 -19.365770 
 44748.0  12306.2     15.1     43.3     -7.7      8.3 
    15.1     86.6     -7.3     36.3  24521.1  25216.9 
     27.8      51.1     -10.6      61.5 
     21.2      25.5      -5.0      12.2 
     20.7      21.0      -4.6       6.3 
     21.5      21.2      -4.6       5.7 
37881 -7.400705 38.853703 -21.462046 
 40402.1  12690.4     15.1     43.3     -8.0     11.4 
    15.1     86.6     -7.3     36.7  21347.7  22208.6 
     29.5      55.8     -11.1      57.6 
     19.6      23.8      -5.2      11.4 
     19.8      18.8      -4.9       6.5 
     20.4      17.3      -4.8       5.8 
37882 -8.262795 37.182575 -23.962105 
 36269.7  13289.4     15.1     43.3     -8.2      9.4 
    42.8     13.0     -8.0     37.1  19167.1  19859.2 
     26.8      53.9     -10.8      55.2 
     19.0      23.8      -5.1      10.9 
     19.0      19.0      -5.0       6.9 
     19.8      19.0      -5.0       6.1 
37883 -9.288228 34.830853 -26.935860 
 32400.2  14450.8     15.1     43.3     -8.4     10.0 
    25.7     14.0     -8.1     37.8  16269.6  16923.8 
     25.7      53.5     -12.0      57.1 
     17.5      22.2      -5.5      11.1 
     17.2      16.8      -5.1       7.0 
     17.2      15.0      -5.1       6.4 
37884 -10.487829 31.463486 -30.414705 
 28770.6  16075.8     15.1     43.3     -9.1     10.8 
    23.8     28.8     -8.6     38.6  14463.0  14928.6 
     22.6      54.5     -10.4      53.2 
     16.5      21.7      -6.0      10.8 
     15.4      16.2      -5.3       7.4 
     15.4      15.4      -5.2       6.5 
37885 -11.828800 26.614803 -34.303520 
 25584.0  18250.7     25.4      9.8     -9.6     11.7 
    22.9     46.7     -9.2     39.3  11621.9  12435.5 
     18.1      52.8     -13.2      51.5 
     11.6      18.3      -5.6      11.2 
     11.6      12.7      -5.7       7.5 
     11.6      11.4      -5.3       6.7 
37886 -13.178417 19.767624 -38.217411 
 23046.2  19594.2     21.8     21.2    -10.1     12.4 
    21.5     63.4     -9.7     39.9  10880.3  11249.3 
     11.2      52.0      -9.5      48.1 
      7.9      14.9      -5.9      11.1 
      7.6      10.2      -5.6       7.5 
      7.3       8.9      -5.5       6.7 
37887 -14.249858 10.687392 -41.324585 
 21655.1  18094.6     18.3     36.1    -10.5     12.6 
    18.3     79.0    -10.1     40.4  10005.0  10396.8 
      3.7      66.3      -8.0      48.9 
      2.2       8.0      -5.8      11.1 
      2.2       4.8      -5.7       7.8 
      2.0       4.2      -5.6       6.5 
37888 -14.669581 -0.000000 -42.541786 
 20960.7  17475.2     15.0     35.1    -10.7     12.7 
    15.2     78.0    -10.1     40.5   9622.0  10049.1 
     -5.0      61.9     -10.2      48.1 
     -2.6       8.4      -5.9      11.1 
     -2.8       4.8      -5.8       7.5 
     -3.4       4.1      -5.7       6.2 
37889 -14.561182 -5.460443 -42.227428 
 20836.6  17390.8     13.8     27.8    -10.2     12.8 
    14.2     70.4     -9.9     40.4   9396.3   9995.4 
     -6.1      52.1      -6.2      46.3 
     -5.8      10.2      -5.9      10.9 
     -6.1       6.9      -5.7       7.3 
     -6.4       6.2      -5.7       6.2 
37890 -14.249858 -10.687392 -41.324585 
 21262.7  17870.2     12.4     20.8    -10.3     12.8 
    13.0     62.9     -9.7     40.4   9639.8  10066.7 
    -11.5      50.6      -8.1      49.0 
     -8.8      13.9      -5.9      11.0 
     -8.6       9.8      -5.7       7.4 
     -9.0       8.8      -5.6       6.4 
37891 -13.772597 -15.494173 -39.940533 
 21889.9  17406.8     10.6     14.4    -10.1     12.5 
    12.0     54.9     -9.6     40.3  10037.0  10586.5 
    -15.1      48.5      -8.1      47.0 
    -11.1      17.8      -5.5      10.8 
    -10.8      12.5      -5.6       7.6 
    -11.6      11.1      -5.5       6.4 
37892 -13.178417 -19.767624 -38.217411 
 22736.3  15763.5      7.7     10.5    -10.0     12.0 
    11.4     46.5     -9.4     40.0  10136.1  10908.4 
    -17.5      48.3      -6.0      49.5 
    -12.2      20.0      -5.7      10.8 
    -11.9      15.3      -5.3       7.3 
    -12.9      14.3      -5.4       6.4 
37893 -12.516611 -23.468645 -36.298172 
 23807.7  15588.4     -1.8     12.3     -9.7     11.9 
    11.4     38.3     -9.3     39.8  11232.7  11639.6 
    -18.8      48.4      -4.8      48.5 
    -13.5      22.0      -5.5      10.4 
    -13.7      17.2      -5.2       7.2 
    -14.5      17.5      -5.3       6.5 
37894 -11.828800 -26.614803 -34.303520 
 25197.5  14742.7     15.1     43.3     -9.5     11.5 
    10.6     29.6     -8.9     39.3  11843.1  12356.4 
    -19.7      51.0      -6.4      49.7 
    -15.5      22.5      -5.6      10.6 
    -14.8      17.4      -5.2       7.2 
    -16.2      17.8      -5.2       6.5 
37895 -10.487829 -31.463486 -30.414705 
 28220.0  13621.6     15.1     43.3     -8.9     10.9 
     8.7     15.7     -8.4     38.5  13822.6  14314.6 
    -20.8      49.0      -6.2      54.3 
    -15.6      23.7      -5.2      10.5 
    -15.3      18.7      -4.8       7.1 
    -16.7      17.2      -5.0       6.2 
37896 -9.288228 -34.830853 -26.935860 
 32013.9  12870.2     15.1     43.3     -8.5     10.1 
    -3.5     17.8     -7.9     37.9  16365.7  16875.1 
    -24.0      48.6      -3.9      53.9 
    -16.2      25.1      -5.0      10.9 
    -16.1      20.9      -4.8       6.8 
    -17.9      21.7      -4.7       6.1 
37897 -8.262795 -37.182575 -23.962105 
 35940.6  12320.9     15.1     43.3     -8.2      9.3 
    15.1     86.6     -7.7     37.5  18584.0  19370.5 
    -24.1      48.8      -5.3      53.3 
    -16.6      25.0      -4.8      11.2 
    -15.9      20.1      -4.6       6.5 
    -17.9      19.2      -4.5       5.9 
37898 -7.400705 -38.853703 -21.462046 
 40214.6  11922.7     15.1     43.3     -8.0      8.8 
    15.1     86.6     -7.5     36.9  21286.2  22146.6 
    -24.5      50.9      -0.9      60.7 
    -16.2      26.4      -4.5      11.7 
    -16.5      22.7      -4.4       6.5 
    -17.9      23.3      -4.3       5.7 
37899 -6.677852 -40.067108 -19.365770 
 44549.3  11753.7     15.1     43.3     -7.7      8.3 
    15.1     86.6     -7.3     36.2  24007.9  24976.5 
    -23.3      48.9      -2.1      61.8 
    -17.5      25.7      -4.7      12.1 
    -16.7      20.9      -4.3       6.2 
    -17.7      20.2      -4.2       5.4 
37900 -6.069317 -40.967888 -17.601017 
 49026.3  11546.7     15.1     43.3     -7.6     10.5 
    15.1     86.6     -7.0     35.7  27374.9  28259.2 
    -25.5      50.2      -2.3      64.2 
    -17.1      27.2      -4.3      13.3 
    -16.8      23.2      -4.3       6.1 
    -18.1      24.1      -4.1       5.2 
37901 -5.553440 -41.650799 -16.104975 
 53518.3  11519.6     15.1     43.3     -7.3      7.6 
    15.1     86.6     -6.9     35.7  30157.8  31209.4 
    -24.4      49.1       1.0      66.7 
    -17.2      25.7      -4.3      13.1 
    -17.2      21.6      -4.3       6.0 
    -18.4      20.7      -4.1       5.1 
37902 -5.112564 -42.178650 -14.826435 
 58132.5  11393.1     15.1     43.3     -7.3      7.3 
    15.1     86.6     -6.8     35.4  33201.4  34185.7 
    -25.1      51.0       1.4      68.7 
    -17.7      27.2      -4.5      13.6 
    -17.2      24.1      -4.2       5.9 
    -18.2      24.6      -4.0       5.0 
37903 -4.732649 -42.593838 -13.724681 
 63141.5  11288.4     15.1     43.3     -7.2      7.0 
    15.1     86.6     -6.7     35.0  36209.5  37263.0 
    -25.8      49.9       0.8      70.2 
    -17.6      26.0      -4.2      16.6 
    -17.1      21.8      -4.2       5.7 
    -18.5      21.0      -4.1       4.8 
37904 38.844742 -2.913355 -22.529949 
 38151.7   8204.4     17.2     24.7     -5.5     28.9 
    17.5     67.5     -5.5     57.7  20106.3  20878.9 
     -2.8      64.5      21.0      46.0 
     -3.5      12.4      12.8      20.3 
     -4.0       6.2      12.9      17.7 
     -4.1       5.4      14.2      19.4 
37905 37.733234 -3.144436 -24.316975 
 35160.7   8368.1     16.7     25.1     -5.5     28.9 
    17.0     67.6     -5.5     57.7  17648.3  18620.1 
      1.8      60.7      19.0      45.4 
     -3.8      11.6      12.1      20.9 
     -4.0       6.3      12.3      18.7 
     -4.3       5.5      13.8      19.4 
37906 36.327980 -3.405748 -26.337786 
 32566.8   8720.1     16.5     25.3     -5.5     28.9 
    16.9     68.0     -5.5     57.7  16240.0  17258.2 
     -0.6      57.3      21.2      46.0 
     -3.9      11.3      12.2      19.4 
     -4.1       6.4      12.0      16.6 
     -4.6       5.6      14.0      17.5 
37907 34.533642 -3.700033 -28.613588 
 29984.8   9041.8     16.0     25.6     -5.5     28.9 
    16.3     68.4     -5.5     57.7  14788.3  15418.5 
     -0.3      63.7      19.8      47.9 
     -3.9      10.8      11.6      19.7 
     -4.3       6.6      12.0      17.8 
     -4.8       5.8      13.6      18.2 
37908 32.224594 -4.028074 -31.150444 
 27526.7   9736.8     15.8     26.0     -5.5     28.9 
    16.0     68.9     -5.5     57.7  13393.1  14015.4 
     -1.1      58.3      18.3      44.4 
     -4.5      10.2      11.6      18.0 
     -4.5       6.7      11.7      14.8 
     -5.0       5.9      12.8      15.2 
37909 29.242365 -4.386354 -33.921143 
 25154.6  10537.6     15.4     26.4     -5.5     28.9 
    15.7     69.3      4.6     12.4  11498.7  12329.5 
     -1.6      56.0      17.0      44.5 
     -4.3      10.4      11.1      17.9 
     -4.8       6.6      11.1      15.5 
     -5.4       6.1      12.7      16.4 
37910 25.404451 -4.763335 -36.836456 
 23397.2  11828.6     14.8     27.4     -5.5     28.9 
    15.2     69.8     -1.2     14.0  11003.7  11402.1 
     -2.4      54.0      18.3      44.9 
     -4.9      10.2      11.7      16.5 
     -5.5       6.9      11.5      12.5 
     -5.8       6.1      12.2      12.3 
37911 20.539001 -5.134750 -39.708736 
 21782.0  13375.9     14.2     27.7     10.5     10.3 
    14.6     70.4     -2.0     23.5   9930.4  10338.5 
     -1.4      53.6      16.0      44.2 
     -5.5      10.4      10.8      15.2 
     -5.8       6.9      10.7      12.2 
     -6.1       6.4      11.4      12.8 
37912 14.561182 -5.460443 -42.227428 
 20760.9  15317.3     13.6     27.8     -0.3      8.8 
    14.0     70.3     -2.4     34.1   9406.2   9878.2 
     -6.3      54.7      10.7      43.5 
     -5.9       9.5       8.5      12.7 
     -5.9       6.9       8.8       9.6 
     -6.5       6.1       9.2       8.6 
37913 7.584479 -5.688359 -43.989979 
 20258.4  17201.6     13.6     28.1     -3.3     16.4 
    13.9     70.7     -3.7     44.4   8864.7   9385.3 
     -5.4      55.6      10.3      50.4 
     -5.9       9.5       5.8       8.7 
     -5.9       6.9       5.8       6.0 
     -6.5       6.1       6.1       5.5 
37914 -0.000000 -5.770917 -44.628429 
 20195.5  16964.7     13.7     27.9     -5.8     25.3 
    14.0     70.9     -5.9     53.9   9254.4   9619.7 
     -6.3      54.6       3.2      63.5 
     -6.1      10.1       0.6       7.7 
     -6.3       6.7       1.0       3.5 
     -6.5       6.0       1.4       3.0 
37915 -3.833294 -5.749941 -44.466213 
 20344.1  17017.2     13.7     27.8     -5.5     25.7 
    14.0     70.7     -5.5     54.4   9012.8   9414.7 
     -5.7      53.1       5.9      64.7 
     -6.0       9.8      -0.4       6.5 
     -6.1       6.7      -0.6       1.5 
     -6.5       6.0      -0.7       1.3 
37916 -7.584479 -5.688359 -43.989979 
 20380.1  17235.6     13.7     27.9     -7.8     21.8 
    13.9     70.7     -7.6     50.5   9008.9   9465.5 
     -9.3      51.7      -1.9      53.0 
     -6.4      10.1      -2.3       6.6 
     -6.2       6.9      -2.4       3.6 
     -6.6       6.0      -2.4       3.2 
37917 -11.179956 -5.589978 -43.229164 
 20527.2  17442.7     13.9     27.9     -9.3     17.3 
    14.1     70.6     -9.1     45.5   9117.2   9612.4 
     -8.1      50.8      -5.8      50.2 
     -5.5       9.7      -4.3       8.4 
     -6.1       7.0      -4.1       5.5 
     -6.6       6.1      -3.9       4.7 
37918 -14.561182 -5.460443 -42.227428 
 20902.2  17450.3     13.9     27.8    -10.6     12.6 
    14.1     70.4     -9.9     40.5   9563.1   9891.9 
     -7.3      59.1      -6.2      49.5 
     -5.8       9.6      -5.8      10.7 
     -5.9       6.9      -5.5       7.4 
     -6.5       6.3      -5.7       6.3 
37919 -17.688046 -5.306413 -41.036263 
 21569.6  16535.6     13.9     27.8    -11.5      8.8 
    14.2     70.3    -10.8     35.1   9496.9  10095.6 
     -9.7      56.6     -12.0      47.0 
     -5.7      10.2      -7.4      12.1 
     -5.8       7.0      -7.3       8.1 
     -6.4       6.3      -7.2       6.9 
37920 -20.539001 -5.134750 -39.708736 
 21961.8  14861.5     14.2     27.6    -13.6      6.7 
    14.5     70.3    -11.2     30.0   9964.6  10493.3 
     -7.9      53.3     -11.7      43.3 
     -5.5      10.2      -8.4      13.3 
     -5.9       7.0      -8.4       9.9 
     -6.4       6.2      -8.7       9.4 
37921 -23.108727 -4.951870 -38.294460 
 22572.5  13389.2     14.6     27.4    -18.2      8.1 
    14.7     70.0    -11.4     24.5  10610.5  11104.0 
     -9.9      53.2     -14.9      44.8 
     -5.5       9.9     -10.1      14.6 
     -5.9       7.1      -9.8      11.2 
     -6.4       6.3     -10.1      11.4 
37922 -25.404451 -4.763335 -36.836456 
 23398.0  12403.3     14.7     27.1     -5.5     28.9 
    14.9     69.9    -11.6     19.2  11009.5  11453.9 
     -7.1      54.3     -16.7      45.1 
     -5.5      10.1     -11.1      15.5 
     -5.6       6.7     -10.6      11.4 
     -6.1       6.2     -11.1      11.7 
37923 -29.242365 -4.386354 -33.921143 
 25400.7  10908.6     15.0     26.7     -5.5     28.9 
    15.2     69.3    -13.3     11.0  11946.3  12416.5 
    -10.6      57.1     -17.7      47.4 
     -4.9      10.8     -11.7      16.5 
     -5.1       6.7     -11.6      13.1 
     -5.7       6.1     -12.5      12.1 
37924 -32.224594 -4.028074 -31.150444 
 27538.8   9838.0     15.5     26.1     -5.5     28.9 
    15.7     68.8    -21.8     11.1  13470.5  14072.5 
     -9.5      57.4     -18.6      45.8 
     -4.8      10.6     -13.0      17.4 
     -4.8       6.7     -12.5      14.3 
     -5.5       6.0     -13.5      15.3 
37925 -34.533642 -3.700033 -28.613588 
 29963.0   9157.8     16.0     25.6     -5.5     28.9 
    16.2     68.4     -5.5     57.7  14950.6  15723.5 
    -10.3      60.6     -19.4      46.1 
     -4.4      11.0     -13.4      18.4 
     -4.7       6.8     -13.3      14.9 
     -5.0       5.9     -14.6      14.2 
37926 -36.327980 -3.405748 -26.337786 
 32442.5   8661.0     16.7     25.2     -5.5     28.9 
    16.9     67.9     -5.5     57.7  16479.9  17292.2 
     -7.8      57.7     -21.5      42.7 
     -4.4      11.4     -14.2      19.1 
     -4.2       6.6     -13.8      16.4 
     -4.8       5.8     -15.1      17.7 
37927 -37.733234 -3.144436 -24.316975 
 35200.0   8419.1     16.7     24.7     -5.5     28.9 
    16.8     67.4     -5.5     57.7  18364.3  19048.6 
    -10.6      64.8     -21.5      44.1 
     -4.1      11.3     -14.3      19.0 
     -4.1       6.4     -14.3      16.1 
     -4.6       5.6     -15.6      15.7 
37928 -38.844742 -2.913355 -22.529949 
 37993.9   8156.2     17.1     25.2     -5.5     28.9 
    17.1     67.4     -5.5     57.7  20465.3  21199.9 
     -9.1      58.3     -20.8      42.7 
     -3.9      12.6     -14.4      20.2 
     -3.9       6.2     -14.6      18.0 
     -4.3       5.6     -16.1      18.8 
37929 -39.733410 -2.709096 -20.950342 
 41022.5   8141.4     16.8     24.2     -5.5     28.9 
    17.0     66.9     -5.5     57.7  22160.4  23040.5 
     -8.8      61.4     -21.4      41.2 
     -3.6      12.5     -15.2      19.9 
     -3.8       6.3     -14.9      16.8 
     -4.1       5.5     -16.3      17.0 
37930 -40.451710 -2.528232 -19.551659 
 44053.7   7965.5     17.2     24.0     -5.5     28.9 
    17.5     66.7     -5.5     57.7  24373.8  25172.0 
    -12.6      67.2     -20.6      41.8 
     -3.5      13.6     -15.8      21.1 
     -3.5       6.4     -15.1      19.1 
     -3.9       5.3     -16.8      19.9 
37931 -41.038486 -2.367605 -18.309479 
 47073.8   7965.0     17.2     23.6     -5.5     28.9 
    17.5     66.5     -5.5     57.7  25991.7  26863.9 
    -10.1      66.8     -21.9      41.9 
     -3.9      14.7     -16.1      20.9 
     -3.5       6.4     -15.6      17.4 
     -3.7       5.3     -17.0      17.5 
37932 -41.522694 -2.224430 -17.202259 
 49862.6   7841.5     17.6     23.6     -5.5     28.9 
    17.7     66.2     -5.5     57.7  28035.9  29134.7 
     -9.1      68.4     -21.8      36.9 
     -3.6      15.2     -15.7      21.0 
     -3.3       6.5     -15.6      19.3 
     -3.8       5.2     -17.3      20.5 
37933 36.274990 -16.323748 -21.039495 
 40340.9   8956.7    -73.1     39.5     -5.5     28.9 
    14.6     22.7     -5.5     57.7  21233.7  22191.5 
    -15.9      54.5      21.1      45.5 
    -12.0      21.3      12.0      20.1 
    -11.8      15.6      11.9      17.2 
    -12.5      15.0      13.4      18.6 
37934 34.871063 -17.435532 -22.472460 
 37519.6   9330.5    -58.4     51.5     -5.5     28.9 
    14.5     23.4     -5.5     57.7  18921.1  19831.3 
    -15.8      55.6      20.6      45.5 
    -12.6      21.6      11.2      20.8 
    -12.2      15.6      11.9      18.1 
    -12.4      14.9      13.3      19.4 
37935 33.156143 -18.650331 -24.038204 
 35090.4   9640.2     15.1     43.3     -5.5     28.9 
    14.2     24.5     -5.5     57.7  17757.1  18776.0 
    -14.3      53.5      17.7      44.6 
    -12.6      21.6      11.4      19.2 
    -12.2      16.0      11.5      15.6 
    -13.0      15.4      13.0      16.6 
37936 31.054461 -19.963583 -25.730839 
 32692.0  10246.3     15.1     43.3     -5.5     28.9 
    13.7     25.5     -5.5     57.7  16451.9  17151.0 
    -16.5      54.1      18.9      47.4 
    -13.1      21.6      11.1      19.5 
    -12.6      16.4      11.1      17.1 
    -13.4      15.9      12.5      18.1 
37937 28.477907 -21.358431 -27.528643 
 30736.3  11173.0     15.1     43.3     -5.5     28.9 
    12.8     26.3     -5.5     57.7  15489.2  15930.2 
    -16.2      54.4      18.9      49.1 
    -13.2      22.2      11.1      17.6 
    -13.3      16.6      11.3      14.5 
    -14.0      16.3      12.5      14.7 
37938 25.332121 -22.798910 -29.385260 
 28839.5  12458.3     15.1     43.3     -5.5     28.9 
    12.2     27.5      2.4     13.5  13377.2  14249.9 
    -16.7      52.1      19.4      47.2 
    -14.1      22.1      10.7      17.7 
    -13.7      17.0      10.7      14.8 
    -14.6      16.8      12.1      15.2 
37939 21.531038 -24.222422 -31.220007 
 27295.5  12910.8     15.1     43.3     -5.5     28.9 
    11.7     28.3     -2.1     13.0  13018.1  13640.3 
    -16.9      51.7      16.8      47.5 
    -14.5      22.4      10.8      15.6 
    -14.3      17.3      10.7      12.0 
    -14.8      17.1      11.3      11.6 
37940 17.023268 -25.534906 -32.911655 
 25964.5  14131.7     15.1     43.3     11.1     11.3 
    11.4     28.8     -3.3     21.9  12415.9  12962.0 
    -19.0      53.5      15.1      47.5 
    -15.0      22.5      10.0      15.3 
    -14.7      17.1      10.1      11.8 
    -15.6      17.6      10.7      12.1 
37941 11.828800 -26.614803 -34.303520 
 25087.0  14068.8     15.1     43.3     -1.8      7.8 
    11.1     29.3     -3.8     32.6  11999.6  12443.3 
    -19.6      48.4      11.8      45.6 
    -16.1      22.7       8.2      12.6 
    -15.0      17.2       7.8       9.1 
    -15.7      17.5       8.2       8.5 
37942 6.073876 -27.332441 -35.228477 
 24693.6  13921.1     15.1     43.3     -4.9     15.0 
    10.8     29.4     -5.3     43.3  11701.5  12318.0 
    -21.3      49.2      10.6      49.7 
    -15.9      22.4       5.3       8.8 
    -15.5      17.2       5.1       5.9 
    -16.2      17.7       5.5       5.4 
37943 -0.000000 -27.584869 -35.553833 
 24823.4  13988.2     15.1     43.3     -6.2     24.6 
    11.0     29.5     -6.3     53.2  11824.5  12391.1 
    -20.1      49.2      10.4      65.0 
    -16.4      23.0       0.2      10.0 
    -15.4      17.6       0.2       3.2 
    -16.4      17.5       1.1       2.7 
37944 -3.057901 -27.521109 -35.471649 
 24654.1  14087.2     15.1     43.3     -5.4     25.8 
    10.6     29.4     -5.4     54.4  11563.4  11972.6 
    -19.8      51.6       1.6      62.1 
    -15.8      22.1      -0.3      10.7 
    -15.4      17.2      -0.5       2.5 
    -16.4      17.7      -0.6       1.1 
37945 -6.073876 -27.332441 -35.228477 
 24799.8  14368.4     15.1     43.3     -7.3     21.4 
    10.6     29.7     -7.2     49.9  11147.6  11912.7 
    -20.5      52.3      -0.9      61.1 
    -15.8      22.3      -2.1       7.3 
    -15.0      17.4      -2.1       3.5 
    -16.5      18.0      -2.0       3.3 
37946 -9.008813 -27.026440 -34.834076 
 24884.6  14491.9     15.1     43.3     -8.7     16.4 
    10.6     29.7     -8.2     44.6  11529.9  12207.1 
    -20.2      50.2      -2.1      56.0 
    -15.6      23.0      -3.6       8.6 
    -15.7      17.4      -3.8       5.4 
    -16.2      18.0      -3.6       4.8 
37947 -11.828800 -26.614803 -34.303520 
 25298.6  14763.7     15.1     43.3     -9.5     11.5 
    10.8     29.7     -9.0     39.4  11735.8  12473.0 
    -20.8      50.2      -5.3      50.0 
    -15.6      22.8      -5.4      10.9 
    -15.2      17.3      -5.3       7.2 
    -16.1      17.8      -5.4       6.5 
37948 -14.506772 -26.112192 -33.655712 
 25515.4  14710.2     15.1     43.3    -10.5      7.5 
    11.0     29.7     -9.3     33.6  12153.5  12555.4 
    -17.7      50.6      -7.6      48.5 
    -15.3      22.3      -6.7      11.6 
    -15.2      17.3      -6.5       7.8 
    -16.0      17.6      -6.7       6.7 
37949 -17.023268 -25.534906 -32.911655 
 26127.9  14059.2     -1.5     12.6    -13.0      6.7 
    11.2     29.3    -10.0     28.4  12165.6  12859.4 
    -21.5      52.8     -10.5      48.2 
    -15.3      22.2      -7.8      13.1 
    -14.9      17.6      -7.7       9.8 
    -15.9      17.4      -8.0       9.1 
37950 -19.366381 -24.899633 -32.092857 
 26675.2  13982.5     15.1     43.3    -16.4      8.6 
    11.3     29.1    -10.4     23.0  12545.0  13175.8 
    -22.4      52.1      -9.8      48.2 
    -15.1      22.5      -9.1      14.7 
    -14.8      17.3      -8.9      11.0 
    -15.5      17.5      -9.5      10.7 
37951 -21.531038 -24.222422 -31.220007 
 27177.6  13508.1     15.1     43.3     -5.5     28.9 
    11.5     28.5    -10.5     17.7  13070.7  13541.5 
    -21.2      50.6     -11.8      47.9 
    -14.8      22.1     -10.1      14.7 
    -14.4      17.5      -9.8      11.2 
    -15.3      17.6     -10.2      11.0 
37952 -25.332121 -22.798910 -29.385260 
 28914.9  12031.6     15.1     43.3     -5.5     28.9 
    11.7     27.8    -12.4     10.4  13899.9  14467.8 
    -20.6      51.5     -14.4      47.8 
    -14.5      22.5     -11.0      16.1 
    -14.2      17.2     -10.9      12.6 
    -15.3      16.9     -11.8      12.0 
37953 -28.477907 -21.358431 -27.528643 
 30605.8  10765.6     15.1     43.3     -5.5     28.9 
    12.2     26.8    -21.3     13.1  14707.5  15373.5 
    -20.7      49.5     -17.0      45.0 
    -14.0      22.2     -12.1      17.0 
    -13.6      16.9     -12.1      13.9 
    -14.6      16.1     -13.0      14.3 
37954 -31.054461 -19.963583 -25.730839 
 32939.3  10032.5     15.1     43.3     -5.5     28.9 
    12.8     25.6     -5.5     57.7  16232.9  17059.1 
    -20.5      51.7     -16.0      46.7 
    -13.2      21.8     -12.5      17.8 
    -13.6      16.4     -12.9      14.7 
    -14.3      15.8     -13.9      14.0 
37955 -33.156143 -18.650331 -24.038204 
 35066.7   9405.0     15.1     43.3     -5.5     28.9 
    13.5     24.7     -5.5     57.7  18181.8  18838.8 
    -21.2      55.1     -19.1      46.2 
    -12.8      21.8     -13.2      19.0 
    -12.7      16.5     -13.3      15.9 
    -13.9      16.0     -14.4      17.3 
37956 -34.871063 -17.435532 -22.472460 
 37592.4   8993.5     15.1     43.3     -5.5     28.9 
    13.6     23.6     -5.5     57.7  19707.6  20511.6 
    -19.1      54.2     -19.6      45.7 
    -12.9      20.8     -13.9      18.9 
    -12.4      15.8     -13.7      15.9 
    -13.4      15.1     -14.8      15.5 
37957 -36.274990 -16.323748 -21.039495 
 40204.7   8688.2     15.1     43.3     -5.5     28.9 
    13.9     22.7     -5.5     57.7  21317.8  22233.2 
    -21.8      55.9     -22.2      46.4 
    -12.6      21.0     -13.9      19.8 
    -12.5      15.6     -13.9      17.6 
    -13.2      14.8     -15.6      18.6 
37958 -37.430248 -15.312374 -19.735949 
 42918.2   8370.8     15.1     43.3     -5.5     28.9 
    14.5     21.9     -5.5     57.7  22884.1  23949.6 
    -19.6      53.4     -17.9      42.2 
    -12.7      20.5     -14.6      19.8 
    -12.0      15.4     -15.0      16.9 
    -12.7      14.5     -15.8      16.6 
37959 -38.386795 -14.395048 -18.553617 
 45650.7   8311.2     15.1     43.3     -5.5     28.9 
    15.0     21.3     -5.5     57.7  24914.2  26001.6 
    -22.5      56.1     -21.0      41.1 
    -12.2      20.6     -14.7      20.9 
    -11.6      15.3     -14.7      18.6 
    -12.6      14.4     -16.1      19.6 
37960 -39.184162 -13.563748 -17.482164 
 48484.4   8122.8     15.1     43.3     -5.5     28.9 
    15.2     20.4     -5.5     57.7  26940.9  27880.5 
    -19.0      56.9     -19.0      40.7 
    -11.9      20.6     -14.9      20.5 
    -11.7      14.7     -15.1      17.3 
    -12.1      13.8     -16.4      17.8 
37961 -39.853470 -12.810044 -16.510723 
 51547.2   8070.1     15.1     43.3     -5.5     28.9 
    15.3     20.0     -5.5     57.7  28422.4  29764.1 
    -19.8      57.8     -19.3      38.4 
    -12.1      20.7     -15.2      21.9 
    -11.3      14.6     -15.4      19.4 
    -11.9      13.9     -16.7      20.7 
37962 21.035387 -37.863701 -12.200525 
 69510.8  11877.3     15.1     43.3     -5.5     28.9 
    15.1     86.6     -5.5     57.7  40174.9  41482.1 
    -19.7      52.4      20.1      54.3 
    -15.2      25.4      10.2      17.6 
    -14.9      21.1       9.5      12.8 
    -16.2      20.7       9.4      12.2 
37963 19.337526 -38.675053 -12.461962 
 68132.4  11990.7     15.1     43.3     -5.5     28.9 
    15.1     86.6     -5.5     57.7  39168.4  40144.1 
    -22.5      49.9      25.4      55.4 
    -15.3      25.0       9.6      17.9 
    -15.7      21.1       9.5      13.3 
    -16.4      20.3       9.7      13.2 
37964 17.532005 -39.447014 -12.710704 
 66935.3  11811.8     15.1     43.3     -5.5     28.9 
    15.1     86.6     -5.5     57.7  38097.4  39264.3 
    -21.1      52.5      18.7      53.7 
    -15.8      25.4       9.5      16.7 
    -15.5      21.1       9.0      11.3 
    -17.1      20.6       9.7      10.5 
37965 15.620879 -40.167976 -12.943014 
 65874.4  11667.6     15.1     43.3     -5.5     28.9 
    15.1     86.6     -5.5     57.7  37593.8  38911.1 
    -23.0      49.4      20.0      59.6 
    -16.1      25.8       9.7      17.6 
    -16.3      21.5       9.5      12.2 
    -16.7      20.7       9.7      11.8 
37966 13.608622 -40.825867 -13.155002 
 64978.4  11539.6     15.1     43.3     -5.5     28.9 
    15.1     86.6     -5.5     57.7  37463.9  38481.2 
    -24.2      50.2      20.3      61.2 
    -16.5      25.5       9.1      16.6 
    -16.5      21.6       8.5      10.7 
    -17.3      20.5       8.9       9.6 
37967 11.502371 -41.408531 -13.342750 
 64251.7  11420.3     15.1     43.3     -5.5     28.9 
    15.1     86.6     -5.5     57.7  36791.2  38246.5 
    -24.1      49.6      19.4      59.2 
    -16.8      26.1       9.9      16.6 
    -16.6      21.8       9.3      11.0 
    -17.7      20.8       9.3      10.2 
37968 9.312061 -41.904274 -13.502488 
 63734.8  11185.0     15.1     43.3     -5.5     28.9 
    15.1     86.6     -5.3      5.2  36212.2  37655.2 
    -24.7      50.4      20.1      65.3 
    -17.0      25.9       8.3      15.8 
    -16.9      21.3       7.9       9.0 
    -17.5      20.8       7.8       8.0 
37969 7.050401 -42.302410 -13.630775 
 63433.1  11307.3     15.1     43.3     -5.5     28.9 
    15.1     86.6     -6.5     14.5  36687.2  37874.7 
    -26.1      50.0      21.3      68.0 
    -18.0      25.7       8.8      16.5 
    -17.0      21.4       8.3      10.0 
    -17.7      20.8       8.3       9.2 
37970 4.732649 -42.593838 -13.724681 
 63074.7  11262.8     15.1     43.3     -5.0      2.3 
    15.1     86.6     -7.1     27.0  36678.1  37680.7 
    -24.6      49.9      13.5      65.2 
    -17.8      25.4       7.2      14.6 
    -17.1      21.4       6.5       7.9 
    -17.8      20.7       6.2       6.6 
37971 2.376201 -42.771618 -13.781965 
 63084.4  11187.4     15.1     43.3     -7.8     11.4 
    15.1     86.6     -8.0     39.6  36598.7  37819.1 
    -26.0      50.0      14.7      69.6 
    -17.7      25.6       3.7      15.8 
    -17.5      21.8       3.3       5.3 
    -18.6      20.9       3.6       4.4 
37972 -0.000000 -42.831371 -13.801219 
 62906.4  11092.8     15.1     43.3     -8.4     23.1 
    15.1     86.6     -8.4     51.4  35830.9  36989.6 
    -26.0      50.6       9.8      82.7 
    -17.7      25.5       0.9      26.3 
    -17.7      21.5      -1.1       7.3 
    -18.0      20.6      -0.1       3.7 
37973 -1.189345 -42.816410 -13.796398 
 62939.8  11272.1     15.1     43.3     -4.8     24.4 
    15.1     86.6     -4.8     52.8  35907.5  36861.0 
    -25.6      48.0       7.0      78.1 
    -17.6      25.5       1.4      28.4 
    -17.4      21.5      -0.3       7.2 
    -18.9      20.7      -0.2       2.1 
37974 -2.376201 -42.771618 -13.781965 
 62891.2  11255.1     15.1     43.3     -5.7     18.9 
    15.1     86.6     -5.3     47.4  35688.3  37391.3 
    -23.8      48.1       7.0      77.0 
    -17.4      26.0      -0.3      20.1 
    -17.6      21.7      -1.4       5.0 
    -18.5      21.0      -1.4       2.6 
37975 -3.558106 -42.697277 -13.758010 
 62977.9  11227.6     15.1     43.3     -6.6     13.0 
    15.1     86.6     -6.3     41.4  36664.7  37546.9 
    -26.5      52.4       9.2      75.7 
    -17.5      25.4      -2.3      16.4 
    -17.3      21.8      -2.9       4.8 
    -18.3      21.1      -2.7       3.8 
37976 -4.732649 -42.593838 -13.724681 
 62799.3  11375.9     15.1     43.3     -7.2      6.9 
    15.1     86.6     -6.6     35.2  35858.0  37482.6 
    -24.9      48.5       0.8      70.5 
    -17.2      26.0      -4.0      14.1 
    -16.8      21.8      -4.1       5.8 
    -17.9      21.0      -4.0       4.8 
37977 -5.897493 -42.461952 -13.682184 
 63108.0  11413.6     15.1     43.3     -8.8      2.7 
    15.1     86.6     -7.4     28.8  35924.2  36987.2 
    -25.2      53.1       1.4      69.1 
    -17.3      26.4      -5.2      14.3 
    -17.4      22.0      -5.2       6.0 
    -18.6      20.8      -5.1       4.8 
37978 -7.050401 -42.302410 -13.630775 
 63126.1  11367.8     15.1     43.3     -5.5     28.9 
    15.1     86.6     -7.4     22.5  35891.3  37182.0 
    -27.0      48.9      -2.6      68.4 
    -17.4      26.3      -7.2      16.3 
    -16.8      21.7      -6.8       9.7 
    -18.4      21.4      -7.0       8.5 
37979 -8.189252 -42.116158 -13.570762 
 63207.2  11482.9     15.1     43.3     -5.5     28.9 
    15.1     86.6     -7.7     16.0  36123.8  37475.4 
    -28.0      51.1      -2.9      69.7 
    -16.9      25.6      -7.7      17.2 
    -17.0      21.9      -7.6      10.3 
    -18.6      21.5      -8.0       9.5 
37980 -9.312061 -41.904274 -13.502488 
 63646.5  11687.7     15.1     43.3     -5.5     28.9 
    15.1     86.6     -8.0     10.1  36346.9  37733.1 
    -25.6      49.9      -3.5      64.4 
    -17.4      26.0      -8.0      16.1 
    -16.7      21.9      -8.0       8.8 
    -18.1      21.5      -8.1       7.9 
37981 -11.502371 -41.408531 -13.342750 
 64054.4  11948.0     15.1     43.3     -5.5     28.9 
    15.1     86.6    -10.1      4.9  36693.4  37773.9 
    -24.4      49.4      -4.9      63.2 
    -17.1      26.4      -9.4      17.3 
    -16.9      21.8      -9.3       9.9 
    -17.7      20.7      -9.3       8.8 
37982 -13.608622 -40.825867 -13.155002 
 64811.3  11977.9     15.1     43.3     -5.5     28.9 
    15.1     86.6     -5.5     57.7  37226.1  38536.2 
    -27.3      54.3      -9.0      62.0 
    -16.7      25.7     -10.5      16.6 
    -16.1      22.2     -10.1      10.3 
    -17.4      21.7     -10.6       9.4 
37983 -15.620879 -40.167976 -12.943014 
 65759.6  12230.9     15.1     43.3     -5.5     28.9 
    15.1     86.6     -5.5     57.7  37961.9  38920.2 
    -23.7      49.6      -9.3      58.3 
    -16.6      26.0     -10.5      17.1 
    -16.0      22.2     -10.3      11.3 
    -18.3      21.0     -10.9      10.5 
37984 -17.532005 -39.447014 -12.710704 
 66585.4  12391.7     15.1     43.3     -5.5     28.9 
    15.1     86.6     -5.5     57.7  37475.3  39184.2 
    -22.0      50.2      -9.9      57.6 
    -16.5      26.1     -11.9      18.0 
    -16.1      22.0     -11.5      11.8 
    -17.6      21.4     -11.9      11.1 
37985 -19.337526 -38.675053 -12.461962 
 67922.8  12486.2     15.1     43.3     -5.5     28.9 
    15.1     86.6     -5.5     57.7  38914.8  40169.5 
    -24.8      50.9     -11.4      54.5 
    -16.5      26.0     -11.5      18.0 
    -15.9      22.0     -11.4      12.8 
    -17.4      21.1     -12.1      11.9 
37986 -21.035387 -37.863701 -12.200525 
 69228.3  12098.5     15.1     43.3     -5.5     28.9 
    15.1     86.6     -5.5     57.7  39318.5  41018.4 
    -23.9      50.4     -12.1      57.3 
    -16.1      25.5     -12.5      18.1 
    -16.0      21.4     -12.3      12.9 
    -16.8      20.9     -12.7      12.8 
37987 -22.625631 -37.023762 -11.929878 
 70662.2  12001.8     15.1     43.3     -5.5     28.9 
    15.1     86.6     -5.5     57.7  40612.0  42212.0 
    -25.8      49.0     -12.5      48.4 
    -15.7      25.7     -12.1      18.5 
    -15.7      21.4     -12.1      13.6 
    -17.1      21.1     -12.8      12.9 
37988 -24.110025 -36.165039 -11.653179 
 72218.2  12187.7     15.1     43.3     -5.5     28.9 
    15.1     86.6     -5.5     57.7  41533.1  43169.9 
    -24.7      48.6     -13.7      50.7 
    -15.5      25.1     -12.9      18.7 
    -15.5      21.3     -13.0      14.3 
    -16.8      20.4     -13.9      14.2 
37989 -25.491707 -35.296211 -11.373223 
 73930.4  11569.3     15.1     43.3     -5.5     28.9 
    15.1     86.6     -5.5     57.7  41444.1  43462.2 
    -22.8      47.0     -14.0      44.1 
    -14.8      25.6     -12.7      18.9 
    -15.0      21.1     -13.0      14.6 
    -16.4      20.4     -13.8      14.0 
37990 -26.774837 -34.424789 -11.092432 
 75776.0  11098.8     15.1     43.3     -5.5     28.9 
    15.1     86.6     -5.5     57.7  43751.1  45148.0 
    -25.7      52.2     -13.6      41.6 
    -14.6      24.8     -13.6      18.7 
    -14.7      21.2     -13.3      15.3 
    -16.6      20.2     -14.5      15.6 
