Dot1_150x100_dj0200e@-363V,3.8T@90d,263K,rh=0.98/0.7,3.0/3.0 
1124 1 3.80 60 5 29 0 363.0000 263.0000 3.0000 1.1150 1300.0000 -0.3600 66.8900 150.0000 100.0000 285.0000 950.0000 -0.1800 33.439999 1.5000 1.0000 0.8500 
35101 -0.000000 -0.000000 -45.000000 
 19521.7  16456.8      0.2     42.1     32.5     13.8 
     0.2     85.2     33.8     40.8   6002.4   6643.9 
      2.2      72.0      -1.1      41.0 
      0.4      12.4      -4.2      11.1 
      0.7       6.7      -4.5       8.9 
      0.3       1.7      -5.4       8.2 
35102 -0.000000 -5.870454 -44.615444 
 19574.3  16653.8     -2.2     36.7     32.3     13.9 
    -1.9     79.6     33.6     41.0   5643.3   6414.8 
     -3.9      63.3      -1.3      43.8 
     -2.5       7.4      -3.6      11.2 
     -2.8       3.5      -4.3       9.1 
     -2.9       3.1      -5.1       8.4 
35103 -0.000000 -11.452198 -43.518353 
 19903.4  17094.9     -3.5     30.5     32.5     14.1 
    -3.2     72.7     33.8     40.9   5658.4   6482.6 
     -6.5      50.0      -2.5      41.9 
     -4.9       9.6      -3.6      11.0 
     -4.9       6.5      -4.2       9.2 
     -5.3       6.2      -5.1       8.7 
35104 -0.000000 -16.522495 -41.856983 
 20523.3  17210.7     -4.9     24.3     32.4     14.1 
    -4.2     65.6     33.8     40.8   5608.6   6290.5 
    -11.4      51.4      -0.2      46.3 
     -6.8      13.3      -3.9      11.5 
     -7.1       9.9      -4.2       9.2 
     -7.6       9.2      -4.9       8.9 
35105 -0.000000 -20.958590 -39.821320 
 21385.1  16969.9     -6.4     18.5     33.0     13.9 
    -4.9     57.9     34.4     40.5   6281.4   6923.3 
    -11.3      46.2      -0.7      45.3 
     -9.1      17.3      -3.5      11.4 
     -8.9      12.8      -4.2       9.2 
     -9.3      12.0      -4.7       8.9 
35106 -0.000000 -24.732742 -37.593769 
 22803.5  16544.4     -8.6     15.1     33.3     13.4 
    -5.4     50.2     34.7     40.2   6722.4   7458.5 
    -14.7      48.5      -2.1      45.8 
     -9.4      19.0      -2.9      11.2 
    -10.1      15.3      -3.8       9.1 
    -10.7      14.9      -4.6       8.8 
35107 -0.000000 -27.883995 -35.319725 
 24072.2  15128.3    -14.0     16.2     34.1     12.8 
    -5.5     42.1     35.3     39.6   6365.0   7366.5 
    -15.3      49.2      -2.3      46.9 
    -10.7      21.6      -2.8      11.1 
    -10.8      18.2      -3.3       9.3 
    -11.8      19.9      -4.4       8.7 
35108 -0.000000 -30.486408 -33.099529 
 25657.9  14327.4    -23.6     22.0     34.3     12.3 
    -6.4     33.9     35.7     39.3   7327.9   8511.5 
    -17.9      50.6       0.9      49.1 
    -12.4      22.9      -2.8      11.5 
    -12.1      19.2      -3.2       9.2 
    -13.5      21.5      -4.1       8.8 
35109 -0.000000 -32.624973 -30.993725 
 27500.4  13828.6    -30.5     39.8     35.1     11.7 
    -5.8     25.6     36.1     38.7   8793.2   9603.2 
    -17.8      52.3      -1.8      52.8 
    -13.1      23.4      -2.5      11.8 
    -12.7      18.9      -2.7       9.1 
    -14.0      21.1      -3.7       8.7 
35110 -0.000000 -34.381348 -29.033136 
 29326.9  13081.7     -0.2     43.3     35.6     11.1 
    -6.4     18.9     36.5     38.5   9136.9  10510.7 
    -17.9      51.7      -1.1      52.2 
    -12.8      23.7      -2.3      12.4 
    -13.1      19.1      -2.7       9.1 
    -14.6      20.1      -3.4       8.5 
35111 -0.000000 -35.827297 -27.228748 
 31092.0  12835.4     -0.2     43.3     35.9     10.7 
    -8.3     15.2     36.8     38.1   9869.1  10863.9 
    -18.0      48.1      -1.5      49.8 
    -13.0      25.3      -2.0      12.0 
    -13.1      22.0      -2.4       8.9 
    -14.9      22.4      -3.1       8.4 
35112 -0.000000 -37.022865 -25.579433 
 33191.7  12382.9     -0.2     43.3     36.3     10.1 
   -14.4     20.1     37.0     37.9  10254.2  11905.2 
    -20.2      51.1      -0.2      54.5 
    -14.2      25.8      -2.1      12.6 
    -13.7      23.2      -2.3       8.9 
    -15.1      25.5      -3.0       8.3 
35113 -0.000000 -38.016857 -24.077343 
 35238.4  12248.9     -0.2     43.3     36.4     10.0 
   -19.5     26.4     37.5     37.5  11848.7  13279.8 
    -19.6      51.0      -0.9      54.0 
    -14.6      25.4      -1.7      12.2 
    -14.2      22.0      -2.0       9.2 
    -16.1      24.5      -2.6       8.4 
35114 -0.000000 -38.848354 -22.711344 
 37407.9  11973.6     -0.2     43.3     37.0      9.6 
    -0.2     86.6     37.7     37.4  12834.9  13997.5 
    -21.8      53.0      -0.7      51.1 
    -14.4      24.7      -1.6      12.3 
    -14.6      21.5      -1.8       8.9 
    -15.7      22.6      -2.4       8.2 
35115 -0.000000 -39.548401 -21.469133 
 39732.1  11817.8     -0.2     43.3     37.1      9.4 
    -0.2     86.6     37.7     37.0  13010.9  14863.6 
    -20.8      51.0       0.2      57.6 
    -14.1      27.0      -1.4      13.1 
    -14.2      23.3      -1.9       8.9 
    -16.0      24.2      -2.4       8.1 
35116 -0.000000 -40.141609 -20.338415 
 41768.9  11567.0     -0.2     43.3     37.2      9.2 
    -0.2     86.6     37.8     37.0  14112.9  15923.6 
    -20.9      50.2       0.2      52.9 
    -14.4      27.4      -1.2      12.9 
    -14.8      25.1      -2.0       9.0 
    -16.6      27.0      -2.3       8.2 
35117 -0.000000 -40.647488 -19.307556 
 44033.9  11539.5     -0.2     43.3     37.5      9.0 
    -0.2     86.6     38.1     36.7  15930.6  17992.2 
    -22.4      52.5      -1.6      55.1 
    -14.9      27.0      -1.3      13.9 
    -15.1      24.1      -1.7       8.8 
    -16.6      27.0      -2.1       8.1 
35118 -0.000000 -41.081562 -18.365873 
 46552.7  11456.6     -0.2     43.3     37.7      8.9 
    -0.2     86.6     38.3     36.6  15370.2  18075.3 
    -20.4      51.5      -1.1      58.7 
    -15.0      26.4      -1.0      13.5 
    -15.2      22.7      -1.5       9.1 
    -16.7      24.9      -1.9       8.2 
35119 -0.000000 -41.456230 -17.503742 
 48704.9  11379.7     -0.2     43.3     38.0      8.6 
    -0.2     86.6     38.3     36.5  16757.2  19424.2 
    -19.7      49.7      -0.8      60.0 
    -14.6      26.9      -1.0      13.7 
    -15.1      24.3      -1.4       8.9 
    -17.0      25.2      -2.1       8.6 
35120 -0.000000 -41.781452 -16.712580 
 51034.7  11218.7     -0.2     43.3     38.0      8.4 
    -0.2     86.6     38.4     36.2  19077.7  21040.3 
    -21.7      51.2      -0.8      58.1 
    -14.9      28.9      -1.1      14.4 
    -14.2      26.2      -1.1       9.3 
    -17.0      28.5      -1.7       8.1 
35121 -0.000000 -42.065262 -15.984799 
 53496.4  11181.4     -0.2     43.3     37.9      8.6 
    -0.2     86.6     38.4     36.1  18323.2  21327.0 
    -22.2      49.0      -2.1      59.5 
    -15.5      27.6      -1.1      15.7 
    -15.7      25.3      -1.1       9.4 
    -17.2      28.7      -1.7       7.9 
35122 -0.000000 -42.314190 -15.313706 
 56017.4  11116.7     -0.2     43.3     38.1      8.4 
    -0.2     86.6     38.7     35.9  21124.8  23135.1 
    -20.6      48.8       1.6      59.1 
    -15.6      26.9      -1.0      15.9 
    -15.4      23.5      -1.2       9.4 
    -17.5      26.2      -1.5       8.3 
35123 -0.000000 -42.533558 -14.693412 
 58213.0  11063.9     -0.2     43.3     38.2      8.3 
    -0.2     86.6     38.8     36.0  21212.1  23941.9 
    -18.7      49.3       3.0      62.7 
    -15.4      27.7      -0.6      16.6 
    -15.3      24.8      -0.9       9.7 
    -17.4      26.8      -1.5       8.3 
35124 -0.000000 -42.727760 -14.118738 
 60460.5  11147.0     -0.2     43.3     38.3      8.3 
    -0.2     86.6     38.8     35.9  19799.6  24209.4 
    -22.0      50.6      -2.0      65.7 
    -15.1      29.1      -0.9      16.7 
    -15.5      26.8      -1.1       8.9 
    -17.7      30.4      -1.3       8.2 
35125 -0.000000 -42.900398 -13.585126 
 62948.1  11019.1     -0.2     43.3     38.3      8.0 
    -0.2     86.6     38.8     35.8  22721.6  26413.7 
    -22.0      49.0       0.4      63.8 
    -15.1      27.9      -0.7      17.0 
    -15.2      25.3      -0.7       9.2 
    -17.6      29.6      -1.3       8.3 
35126 -0.000000 -43.054493 -13.088566 
 65451.2  11012.2     -0.2     43.3     38.5      8.9 
    -0.2     86.6     38.9     35.8  22494.0  27127.3 
    -20.6      47.3      -1.4      65.0 
    -15.5      27.5      -0.7      17.5 
    -15.5      24.2      -0.8       9.3 
    -17.8      28.6      -1.4       8.2 
35127 -0.000000 -43.192551 -12.625515 
 67893.7  11155.1     -0.2     43.3     38.6      8.2 
    -0.2     86.6     39.1     35.4  25638.3  28673.1 
    -22.6      51.7      -1.5      66.8 
    -15.1      27.6      -0.5      16.2 
    -15.4      25.1      -0.7       9.1 
    -18.2      28.4      -1.3       8.3 
35128 -0.000000 -43.316673 -12.192842 
 70526.8  11001.7     -0.2     43.3     38.7      8.4 
    -0.2     86.6     39.0     35.7  24175.6  28797.8 
    -20.5      48.5       0.3      65.3 
    -15.1      29.8      -0.4      18.6 
    -15.8      27.4      -1.0      10.0 
    -18.2      31.2      -1.0       8.5 
35129 -0.000000 -43.428661 -11.787779 
 72925.3  10925.7     -0.2     43.3     38.7      8.0 
    -0.2     86.6     39.0     35.6  26753.8  30523.2 
    -20.7      46.2       0.1      66.4 
    -15.7      28.9      -0.8      18.7 
    -15.8      26.0      -0.7      10.0 
    -17.9      31.3      -1.0       8.3 
35130 -0.000000 -43.529995 -11.407862 
 75323.9  10898.3     -0.2     43.3     38.6      7.9 
    -0.2     86.6     39.2     35.5  27130.5  30954.0 
    -22.3      47.8       1.1      72.0 
    -16.0      27.8      -0.4      18.9 
    -15.7      24.2      -0.8       9.6 
    -18.6      29.3      -1.0       8.4 
35131 -0.000000 -43.621986 -11.050903 
 77860.8  10944.8     -0.2     43.3     38.9      7.9 
    -0.2     86.6     39.3     35.4  28567.1  33153.3 
    -21.0      47.7      -0.5      65.7 
    -16.1      28.3      -0.6      19.3 
    -16.0      24.9      -0.5       9.7 
    -18.3      28.5      -1.0       8.3 
35132 -0.000000 -43.705715 -10.714950 
 80059.0  10868.2     -0.2     43.3     38.9      7.9 
    -0.2     86.6     39.3     35.3  27063.8  34572.2 
    -21.2      46.8      -1.0      68.1 
    -16.1      29.4      -0.7      19.4 
    -15.6      27.7      -0.9       9.3 
    -18.0      31.2      -0.8       8.6 
35133 -0.000000 -43.782146 -10.398259 
 82498.7  10888.9     -0.2     43.3     38.9      7.8 
    -0.2     86.6     39.4     35.2  29984.5  33895.0 
    -20.5      49.2       0.7      70.4 
    -16.2      29.1      -0.4      20.2 
    -15.9      27.2      -0.5       9.6 
    -18.4      31.8      -1.0       8.3 
35134 -0.000000 -43.852077 -10.099266 
 85002.6  10912.9     -0.2     43.3     39.0      7.9 
    -0.2     86.6     39.6     35.3  29640.5  36495.8 
    -23.1      46.8      -0.2      70.7 
    -16.1      27.5      -0.5      21.3 
    -16.1      24.9      -0.4      10.2 
    -18.1      30.7      -0.8       8.8 
35135 -0.000000 -43.916229 -9.816568 
 87448.4  10933.2     -0.2     43.3     39.0      8.0 
    -0.2     86.6     39.5     35.2  29692.0  36522.6 
    -21.9      50.0       2.4      70.7 
    -16.2      28.4      -0.7      20.6 
    -16.3      25.7      -0.5      10.5 
    -18.3      29.7      -0.7       8.9 
35136 -0.000000 -43.975204 -9.548901 
 89987.0  10833.6     -0.2     43.3     38.9      8.1 
    -0.2     86.6     39.5     35.2  31832.6  38006.5 
    -22.7      51.1      -0.3      70.2 
    -15.9      30.7      -0.1      21.5 
    -15.3      27.9      -0.4      10.5 
    -18.8      32.5      -0.6       8.7 
35137 -0.000000 -44.029541 -9.295126 
 92555.2  10852.3     -0.2     43.3     39.1      8.0 
    -0.2     86.6     39.4     34.9  31379.8  36572.9 
    -22.5      49.7      -0.9      73.2 
    -16.6      29.5      -0.3      23.1 
    -16.2      26.9      -0.4       9.9 
    -18.5      32.1      -0.8       8.9 
35138 -0.000000 -44.079716 -9.054212 
 95073.2  10855.4     -0.2     43.3     39.0      7.8 
    -0.2     86.6     39.7     35.0  34375.9  40863.5 
    -23.2      50.0       1.3      71.5 
    -16.2      28.1       0.1      22.3 
    -16.3      25.3      -0.2      11.3 
    -19.3      30.5      -0.8       8.7 
35139 -0.000000 -44.126129 -8.825226 
 97209.5  10859.1     -0.2     43.3     39.2      7.5 
    -0.2     86.6     39.6     34.8  35508.2  40754.5 
    -18.6      46.4      -0.8      73.7 
    -16.1      28.5      -0.2      23.0 
    -16.2      25.2      -0.5      10.5 
    -18.1      29.4      -0.6       8.7 
35140 -0.000000 -44.169155 -8.607322 
100026.3  10873.6     -0.2     43.3     39.0      7.8 
    -0.2     86.6     39.6     35.0  34384.7  41921.5 
    -22.2      44.8       1.9      72.5 
    -15.9      30.2      -0.1      23.5 
    -16.0      28.3      -0.1      10.3 
    -18.9      32.6      -0.7       8.5 
35141 -0.000000 -44.209099 -8.399729 
102251.5  10794.7     -0.2     43.3     39.1      8.3 
    -0.2     86.6     39.5     34.8  32506.0  40866.8 
    -23.6      48.1      -4.7      74.8 
    -16.5      29.9      -0.6      23.1 
    -15.9      26.9      -0.4      11.9 
    -18.7      33.2      -0.7       8.9 
35142 -0.000000 -44.246258 -8.201745 
104928.5  10847.6     -0.2     43.3     39.2      7.7 
    -0.2     86.6     39.7     34.7  40479.6  46060.4 
    -20.0      46.1       2.4      72.6 
    -17.0      27.9      -0.2      24.2 
    -16.3      25.6      -0.2      11.4 
    -18.9      30.7      -0.8       8.8 
35143 -0.000000 -44.280880 -8.012731 
107330.3  10859.9     -0.2     43.3     39.2      7.8 
    -0.2     86.6     39.7     34.8  38351.9  45735.6 
    -24.2      50.2       1.6      75.1 
    -16.1      28.5      -0.2      23.6 
    -15.8      25.2      -0.3      11.2 
    -19.3      31.7      -0.7       8.9 
35144 -0.000000 -44.313187 -7.832098 
110059.9  10814.7     -0.2     43.3     39.2      7.9 
    -0.2     86.6     39.6     34.7  34956.9  46484.8 
    -24.3      49.2       3.7      74.6 
    -16.7      30.8      -0.2      24.1 
    -16.5      28.3      -0.4      11.9 
    -19.4      33.1      -0.5       9.4 
35145 -0.000000 -44.343372 -7.659310 
112651.7  10851.1     -0.2     43.3     39.2      7.4 
    -0.2     86.6     39.7     34.9  44406.7  49939.5 
    -24.2      49.0       0.3      76.2 
    -16.7      29.6      -0.4      23.9 
    -17.1      27.4      -0.3      10.6 
    -18.5      32.9      -0.4       9.4 
35146 -0.000000 -44.371635 -7.493876 
114705.7  10823.6     -0.2     43.3     39.3      7.9 
    -0.2     86.6     39.6     34.7  37158.2  47449.5 
    -24.0      49.0      -0.3      73.6 
    -17.3      28.2      -0.6      26.6 
    -16.3      25.3      -0.4      11.5 
    -18.8      31.5      -0.6       9.0 
35147 -0.000000 -44.398117 -7.335341 
117490.9  10862.9     -0.2     43.3     39.2      7.9 
    -0.2     86.6     39.7     34.7  39978.7  48505.0 
    -24.5      46.9      -3.6      70.5 
    -17.0      29.0      -0.5      26.2 
    -16.4      25.8      -0.1      12.2 
    -19.4      31.3      -0.4       9.0 
35148 -0.000000 -44.446323 -7.037334 
122426.4  10962.6     -0.2     43.3     39.4      7.5 
    -0.2     86.6     39.7     34.5  44470.8  53117.3 
    -20.1      46.4       3.7      77.1 
    -16.8      30.0      -0.4      27.4 
    -17.2      27.3      -0.2      11.7 
    -19.1      32.2      -0.5       9.4 
35149 -0.000000 -44.488998 -6.762328 
127471.5  10825.2     -0.2     43.3     39.0      8.1 
    -0.2     86.6     40.0     34.3  43498.2  54084.5 
    -20.7      47.8       0.3      76.9 
    -16.1      28.3      -0.1      27.1 
    -16.2      26.2      -0.1      11.3 
    -19.5      32.3      -0.4       9.2 
35150 -0.000000 -44.526943 -6.507784 
132538.8  10823.5     -0.2     43.3     39.1      7.9 
    -0.2     86.6     39.6     34.3  47347.5  57490.0 
    -24.8      47.4      -1.4      76.9 
    -17.2      30.3      -0.1      27.6 
    -16.9      27.6      -0.3      13.0 
    -19.5      34.0      -0.3       9.8 
35151 -0.000000 -44.560837 -6.271525 
137150.6  10908.2     -0.2     43.3     39.4      7.8 
    -0.2     86.6     39.8     34.4  47222.5  56810.0 
    -22.2      42.2       3.0      82.8 
    -16.6      28.6      -0.2      28.1 
    -16.9      25.6      -0.3      12.6 
    -19.6      32.4      -0.6      10.4 
35152 -0.000000 -44.591225 -6.051666 
142703.6  10916.2     -0.2     43.3     39.4      7.6 
    -0.2     86.6     39.8     34.3  52970.4  60436.1 
    -23.6      43.1       6.8      80.1 
    -17.4      30.4       0.0      28.9 
    -16.7      28.2      -0.1      13.1 
    -20.7      35.2      -0.5      10.4 
35153 -0.000000 -44.618580 -5.846572 
147628.8  10937.5     -0.2     43.3     39.4      7.8 
    -0.2     86.6     39.9     34.1  52063.6  62336.5 
    -21.3      44.4      -3.0      78.8 
    -17.0      29.0      -0.2      29.9 
    -16.7      26.5      -0.1      14.2 
    -19.8      32.4      -0.3      11.2 
35154 -0.000000 -44.643284 -5.654816 
152714.1  10940.3     -0.2     43.3     39.5      8.5 
    -0.2     86.6     39.9     34.1  48259.3  61232.6 
    -19.3      45.0      -1.1      78.8 
    -17.1      29.9       0.0      30.0 
    -17.2      28.1       0.3      13.1 
    -19.5      34.7      -0.0      10.4 
35155 -0.000000 -44.665680 -5.475147 
157813.4  10927.2     -0.2     43.3     39.5      7.9 
    -0.2     86.6     39.9     34.2  54200.4  69445.1 
    -22.2      38.9      -0.5      78.0 
    -16.4      28.0      -0.0      29.1 
    -16.6      25.8       0.3      14.2 
    -19.7      31.8      -0.5      11.4 
35156 -0.000000 -44.686035 -5.306466 
162830.7  10928.1     -0.2     43.3     39.4      8.6 
    -0.2     86.6     39.9     34.2  53446.6  70140.8 
    -18.4      40.0       2.7      86.1 
    -17.3      29.8      -0.4      30.6 
    -17.3      27.7       0.2      13.8 
    -20.0      35.0      -0.3      11.4 
35157 -0.000000 -44.704586 -5.147801 
167545.4  11050.3     -0.2     43.3     39.3      8.0 
    -0.2     86.6     40.0     34.3  57555.7  70564.8 
    -17.6      35.2       2.8      80.0 
    -17.2      28.1       0.2      31.4 
    -16.7      25.9       0.1      15.1 
    -20.8      33.2      -0.3      12.5 
35158 -0.000000 -44.721550 -4.998291 
172845.3  10933.7     -0.2     43.3     39.5      8.5 
    -0.2     86.6     40.1     34.0  55042.5  71582.9 
    -17.2      33.2       1.2      81.9 
    -17.0      29.0       0.2      30.9 
    -17.4      28.2      -0.5      16.6 
    -20.0      34.7      -0.0      11.7 
35159 -0.000000 -44.737095 -4.857171 
177735.3  10990.0     -0.2     43.3     39.6     11.6 
    -0.2     86.6     40.0     34.1  48365.8  67135.3 
    -16.9      32.7      -4.4      83.2 
    -16.9      27.2       0.7      32.5 
    -17.0      26.2      -0.1      15.1 
    -19.5      32.0      -0.0      12.1 
35160 -0.000000 -44.751385 -4.723757 
182812.5  10991.5     -0.2     43.3     39.6      8.0 
    -0.2     86.6     40.1     34.0  60180.4  76487.2 
    -15.3      32.2       0.9      79.9 
    -16.7      28.1       0.9      31.9 
    -17.4      28.3       0.2      16.1 
    -20.5      36.2      -0.4      12.8 
35161 40.647488 -0.000000 -19.307556 
 43833.6   8541.6     -0.1     41.7    115.7    139.0 
    -0.2     84.4     33.4     57.7  11564.4  16305.8 
      0.4      84.2      21.6      47.1 
     -0.1      35.1      14.9      21.7 
      1.3      16.1      14.7      19.4 
      0.4       8.0      16.6      23.2 
35162 39.954453 -0.000000 -20.703671 
 40990.9   8849.1      0.3     41.6     33.4     28.9 
     0.2     84.4     33.4     57.7  13011.1  15514.3 
      4.2      81.4      21.6      47.1 
      2.2      34.5      14.2      22.1 
     -0.2      15.4      14.2      19.1 
     -0.1       6.6      16.3      20.3 
35163 39.094978 -0.000000 -22.284138 
 37827.8   9201.2      0.1     41.6    161.2     95.2 
     0.1     84.4     33.4     57.7  12375.2  14070.1 
     -1.3      77.9      21.5      46.5 
      0.4      29.9      13.4      20.3 
     -0.2       9.5      13.9      18.0 
      0.5       9.7      15.4      20.0 
35164 38.016857 -0.000000 -24.077343 
 35304.0   9699.5      0.0     42.1     33.4     28.9 
     0.0     84.6     33.4     57.7  12237.1  13590.7 
      0.6      83.2      22.4      48.7 
      0.9      28.6      13.4      20.2 
      0.3       7.5      13.4      17.9 
     -0.0       5.2      14.4      17.8 
35165 36.648933 -0.000000 -26.112364 
 32402.8  10334.1     -0.1     41.9     33.4     28.9 
    -0.1     84.7     33.4     57.7  11229.0  12557.6 
      0.7      78.5      19.7      46.2 
      0.1      25.9      12.8      18.4 
     -1.3      10.5      12.9      15.5 
      0.4       4.4      13.8      17.1 
35166 34.894611 -0.000000 -28.414185 
 30054.5  11195.1      0.0     41.9     33.4     28.9 
     0.1     84.8     42.8      9.8   9597.4  10664.2 
      0.3      80.1      20.0      48.7 
      1.0      24.7      11.7      17.9 
      0.3       4.5      11.3      15.6 
      0.6       6.7      12.5      16.0 
35167 32.624973 -0.000000 -30.993725 
 27693.8  12589.7      0.3     41.8     47.9     13.2 
     0.3     84.7     41.0     15.3   9253.8  10486.4 
      2.2      73.8      17.3      46.4 
      1.3      22.6      11.0      16.0 
      0.1       5.2      10.6      12.4 
      0.3       2.1      10.8      13.1 
35168 29.674702 -0.000000 -33.829159 
 25525.6  14751.1      0.3     41.9     45.9      8.6 
     0.3     84.8     40.8     25.5   8284.7   9123.4 
     -1.6      79.2      15.6      45.8 
     -0.8      15.8       9.2      14.6 
     -0.2       3.4       8.9      11.6 
      0.1       1.7       9.4      12.7 
35169 25.849159 -0.000000 -36.835049 
 23924.1  18001.8      0.2     41.8     41.2     10.1 
     0.2     84.8     40.7     36.1   7942.1   8894.7 
      1.7      78.3      13.9      47.7 
      0.4      18.0       7.3      11.8 
      0.0       2.8       6.8       8.4 
      0.3       2.6       7.0       7.3 
35170 20.958590 -0.000000 -39.821320 
 22417.1  18960.7      0.2     41.8     39.9     18.2 
     0.2     84.9     39.7     46.0   7477.1   8193.5 
     -4.5      70.5      11.2      52.0 
     -0.5      12.6       3.7      11.8 
      0.6       3.5       3.1       8.8 
      0.1       1.8       3.0       7.5 
35171 14.898947 -0.000000 -42.462002 
 21308.3  17736.9     -0.0     41.9     36.2     25.7 
    -0.0     84.9     36.3     54.3   7423.6   7849.2 
      2.2      74.7      12.1      60.3 
     -0.7      14.6       1.8      11.1 
      1.0       9.0       1.2       4.2 
      0.2       1.5       1.1       3.6 
35172 11.452198 -0.000000 -43.518353 
 20819.4  17291.4      0.0     42.0     35.0     25.1 
     0.1     85.0     35.2     53.7   7311.4   7861.3 
     -0.4      73.3       9.8      65.6 
      0.9      15.1       1.5       8.7 
      0.2       2.0       0.9       3.9 
      0.3       1.0       1.0       2.4 
35173 7.775977 -0.000000 -44.323067 
 20394.6  16976.0     -0.0     41.8     35.0     21.7 
    -0.0     85.0     35.4     50.1   6620.7   7374.2 
      0.0      75.0       7.6      56.2 
     -0.2      12.8       0.7       8.9 
      0.6       3.3       0.2       6.2 
      0.2       1.0      -0.3       5.7 
35174 3.932269 -0.000000 -44.827866 
 19886.1  16713.4      0.1     42.1     33.6     17.6 
     0.0     85.2     34.6     45.5   6253.6   7105.1 
     -1.3      77.1       3.1      52.3 
      0.7      13.0      -1.7       9.4 
      0.1       2.5      -2.5       7.6 
      0.3       1.7      -3.2       6.9 
35175 -0.000000 -0.000000 -45.000000 
 19522.7  16481.4     -0.1     42.2     32.2     13.9 
    -0.1     85.3     33.6     40.9   6054.3   6703.1 
      3.1      76.6      -1.3      44.7 
      1.2      13.5      -4.1      11.4 
     -0.4       6.3      -4.6       9.0 
      0.2       1.0      -5.2       8.2 
35176 -3.932269 -0.000000 -44.827866 
 19508.9  14680.2      0.1     42.3     30.8     11.1 
     0.1     85.3     32.9     36.4   5634.7   6321.6 
      0.6      76.5      -4.1      44.6 
      0.2      16.9      -5.3      13.3 
      0.2       2.6      -6.0      10.7 
      0.2       0.9      -6.9       9.7 
35177 -7.775977 -0.000000 -44.323067 
 19344.4  12815.2     -0.1     42.5     27.9      9.8 
    -0.1     85.5     31.9     32.2   5376.7   6052.0 
     -0.5      80.0      -6.8      41.6 
     -0.5      13.8      -6.3      15.8 
      0.8       6.5      -6.8      13.7 
      0.4       3.9      -8.6      12.9 
35178 -11.452198 -0.000000 -43.518353 
 19558.6  12064.5     -0.4     42.2     22.8     10.7 
    -0.5     85.3     32.1     27.4   5097.6   5799.9 
     -0.6      75.3      -8.5      40.9 
      0.2      18.2      -6.9      16.6 
      0.5       4.1      -7.4      15.1 
      0.2       1.0      -9.6      16.9 
35179 -14.898947 -0.000000 -42.462002 
 20000.6  10679.5      0.1     42.3     17.3     15.0 
     0.1     85.4     31.9     22.9   4698.9   5657.6 
      3.1      77.1      -8.0      42.1 
     -0.2      10.1      -7.6      16.8 
      0.6       4.2      -8.0      15.1 
      0.2       2.3     -10.3      18.0 
35180 -20.958590 -0.000000 -39.821320 
 21233.7   9753.4     -0.1     42.4    -16.5     26.8 
    -0.1     85.4     30.8     15.0   5721.4   6885.3 
      2.0      75.9     -11.8      44.0 
      0.1      21.4      -7.8      18.5 
     -0.7       8.1      -8.3      15.7 
     -0.1       4.8     -10.9      16.9 
35181 -25.849159 -0.000000 -36.835049 
 22784.4   9019.6      0.0     42.4    -21.8     45.0 
    -0.0     85.4     26.4     12.5   4191.3   5733.3 
     -0.7      80.9     -11.8      43.3 
     -1.0      17.2      -7.0      21.2 
      0.5       7.5      -8.2      19.7 
      0.3       1.0     -11.5      22.1 
35182 -29.674702 -0.000000 -33.829159 
 24853.5   8406.7     -0.0     42.4    -33.2     67.3 
    -0.1     85.3     14.8     13.0   4087.9   5703.0 
     -3.4      74.8     -10.6      44.9 
     -1.7      20.1      -7.5      20.7 
      1.2       5.2      -7.8      18.6 
     -0.4      12.4     -11.8      22.9 
35183 -32.624973 -0.000000 -30.993725 
 27096.6   7991.8      0.1     42.3    -20.9    100.0 
     0.1     85.2     33.4     57.7   3787.3   4963.7 
     -1.9      76.5     -11.4      43.3 
      2.2      24.7      -7.2      22.9 
      1.7      10.6      -7.7      20.8 
      0.2       2.0     -13.2      25.4 
35184 -34.894611 -0.000000 -28.414185 
 29579.9   7735.8      0.0     42.2    -35.6    121.1 
     0.0     85.1     33.4     57.7   4290.7   5615.6 
      1.3      78.3     -12.3      44.5 
     -0.9      24.6      -7.5      22.5 
      0.4       6.6      -8.3      20.5 
     -0.2       6.5     -14.1      29.5 
35185 -36.648933 -0.000000 -26.112364 
 32125.9   7571.2      0.1     42.2    -43.5    143.5 
     0.1     85.1     33.4     57.7   4267.2   5621.0 
      1.3      84.7     -12.2      43.7 
      0.4      31.0      -7.0      24.1 
      1.6       7.9      -8.1      22.6 
      0.2       5.6     -15.9      33.3 
35186 -38.016857 -0.000000 -24.077343 
 34873.4   7442.4      0.3     42.4    -38.4    170.0 
     0.3     85.1     33.4     57.7   4455.1   5928.0 
      4.9      79.6     -12.7      43.4 
      1.1      33.9      -7.2      24.1 
     -2.1      15.3      -8.4      22.8 
     -0.3      12.4     -17.7      39.0 
35187 -39.094978 -0.000000 -22.284138 
 37499.6   7348.7     -0.1     42.3    -34.7    194.6 
    -0.1     85.0     33.4     57.7   4185.6   6009.2 
      1.4      80.8     -12.6      43.6 
     -0.6      33.0      -7.8      25.5 
     -0.6      18.6      -8.8      24.1 
     -0.2       9.0     -19.7      43.2 
35188 -39.954453 -0.000000 -20.703671 
 40474.6   7214.7     -0.2     42.2    -40.3    220.3 
    -0.2     84.8     33.4     57.7   4178.1   6000.0 
     -0.2      79.9     -12.6      41.9 
      1.0      38.9      -8.0      25.4 
      4.3      19.2      -9.0      25.0 
      0.6      13.7     -19.9      49.1 
35189 -40.647488 -0.000000 -19.307556 
 43439.6   7102.1     -0.2     41.8    -55.7    226.5 
    -0.3     84.6     33.4     57.7   4504.8   6011.3 
     -5.7      82.3     -11.3      41.8 
     -0.4      38.3      -7.7      25.5 
     -0.3      21.4      -8.4      25.3 
      0.7      13.9     -23.7      55.4 
35190 37.802700 -16.538681 -17.956282 
 45966.8   9235.9    -41.5     70.1    164.6    151.4 
    -2.8     25.0     33.4     57.7   9747.5  12211.9 
    -14.7      52.9      22.9      48.7 
     -9.2      21.6      14.1      22.5 
     -8.9      16.6      14.2      19.7 
     -9.4      17.5      15.6      25.1 
35191 36.787724 -17.557777 -19.062731 
 43418.7   9653.5    -49.0     77.0    197.0    115.5 
    -2.6     25.7     33.4     57.7  10949.7  14051.4 
    -15.0      54.6      21.4      48.1 
     -8.8      21.5      13.0      21.7 
     -8.7      16.8      13.4      19.5 
     -9.4      17.0      14.7      22.4 
35192 35.569786 -18.674139 -20.274778 
 40821.4  10167.4    -55.3     58.4    160.9     99.1 
    -2.9     26.8     33.4     57.7  11516.5  14298.0 
    -14.5      55.4      21.7      48.5 
     -9.2      21.7      13.3      20.6 
     -8.8      17.3      13.0      17.6 
     -9.9      17.2      13.9      20.5 
35193 34.100807 -19.892136 -21.597176 
 38167.6  10806.0    -23.1     45.5     93.1     99.7 
    -3.0     27.6     33.4     57.7  11511.7  13036.6 
    -13.2      50.2      19.1      48.6 
     -9.6      21.6      12.6      20.2 
     -9.6      17.5      12.5      18.1 
    -10.2      17.5      13.6      19.0 
35194 32.322113 -21.211386 -23.029505 
 35987.1  11762.6    -32.9     40.0     93.4     62.3 
    -2.9     28.7     33.4     57.7  10765.9  12621.1 
    -12.7      52.2      18.6      49.5 
     -9.8      21.7      12.2      18.6 
     -9.7      17.8      11.9      15.5 
    -10.1      18.5      12.4      17.0 
35195 30.164263 -22.623199 -24.562328 
 33650.0  12907.1     -6.0     23.8     33.4     28.9 
    -3.9     29.7     41.1     12.8   9847.6  11527.4 
    -14.4      51.4      17.7      50.8 
    -10.1      22.2      10.7      17.5 
    -10.3      17.5      11.2      15.2 
    -11.2      18.4      11.6      16.0 
35196 27.549229 -24.105576 -26.171766 
 32073.6  14112.0    -16.8     17.5     62.7     42.2 
    -3.8     30.8     40.3     14.9   9285.9  10819.2 
    -16.5      51.7      17.1      50.0 
    -10.6      22.5      10.0      16.0 
    -10.2      18.4       9.9      12.2 
    -11.1      19.5      10.1      13.2 
35197 24.397142 -25.617001 -27.812742 
 30093.3  15531.2    -15.4     23.3     41.7     12.7 
    -4.4     31.4     40.0     24.0   9130.1  10418.4 
    -15.8      51.5      14.6      49.2 
    -11.3      22.5       8.5      14.7 
    -10.9      18.3       8.5      11.6 
    -11.3      19.8       8.6      12.1 
35198 20.640287 -27.090378 -29.412409 
 28801.8  15995.6     -9.6     24.5     40.3      9.4 
    -5.0     32.1     39.6     34.5   8854.2  10091.1 
    -15.7      50.0      11.5      47.6 
    -11.4      22.2       6.7      12.0 
    -10.8      18.8       6.2       8.2 
    -11.8      19.9       6.3       7.9 
35199 16.245913 -28.430346 -30.867231 
 27799.1  15379.8    -14.2     20.9     39.3     17.2 
    -4.7     32.6     39.1     45.0   8903.3   9861.0 
    -14.8      51.2       9.5      54.9 
    -11.3      22.2       3.4      12.4 
    -11.3      18.6       3.2       9.4 
    -12.1      20.3       3.0       8.6 
35200 11.245388 -29.519146 -32.049355 
 26994.0  14945.1     -2.8     70.4     36.4     25.9 
    -5.0     32.8     36.4     54.2   8463.7   9956.4 
    -18.2      51.8      13.8      68.7 
    -12.0      22.4       1.9      12.5 
    -11.9      18.5       0.4       5.5 
    -12.6      20.4       0.6       4.9 
35201 8.551672 -29.930853 -32.496353 
 26655.6  14737.0    -17.0     17.0     35.8     24.7 
    -5.5     32.6     36.0     53.2   8281.1   9580.9 
    -16.5      49.2       7.5      64.4 
    -12.1      22.6       2.5      13.7 
    -12.5      18.6       1.7       4.6 
    -13.2      20.5       1.1       3.1 
35202 5.759181 -30.235706 -32.827335 
 26220.2  14484.0    -20.8     22.7     36.4     20.7 
    -5.4     32.7     36.8     49.2   7898.9   9143.1 
    -18.2      47.4       6.6      58.1 
    -12.3      22.4       1.5      11.2 
    -12.2      18.6       1.1       6.8 
    -13.2      20.8       0.7       6.1 
35203 2.897443 -30.423149 -33.030846 
 25919.0  14421.6    -22.5     19.9     35.6     16.3 
    -6.1     33.3     36.2     44.3   8348.8   9168.8 
    -17.0      48.3       1.7      53.6 
    -12.4      22.4      -1.1      10.3 
    -12.5      19.2      -1.3       8.0 
    -13.3      21.3      -2.1       7.4 
35204 -0.000000 -30.486408 -33.099529 
 25647.9  14422.3    -22.4     19.2     34.4     12.2 
    -5.7     33.5     35.6     39.0   7805.2   8765.7 
    -17.2      48.9      -0.4      50.4 
    -12.4      23.1      -2.8      11.6 
    -12.4      19.5      -3.4       9.3 
    -13.0      21.5      -3.9       8.6 
35205 -2.897443 -30.423149 -33.030846 
 25549.3  14347.2    -21.2     20.5     33.0      9.7 
    -5.6     34.0     35.2     34.4   7334.5   8572.1 
    -15.8      48.0      -4.0      42.4 
    -11.9      22.9      -4.2      13.3 
    -11.9      19.2      -4.5      10.8 
    -13.1      22.0      -5.8      10.2 
35206 -5.759181 -30.235706 -32.827335 
 25373.4  14507.1    -17.1     19.0     27.4     10.7 
    -6.0     34.4     34.6     29.5   6786.3   8048.5 
    -16.7      50.0      -5.5      44.6 
    -11.8      23.3      -5.3      15.4 
    -12.4      19.3      -5.8      13.0 
    -13.4      22.1      -6.5      13.3 
35207 -8.551672 -29.930853 -32.496353 
 25611.7  13884.4    -18.0     24.0     20.9     13.3 
    -5.6     34.7     34.3     24.8   6307.5   7527.3 
    -17.0      50.2      -5.5      46.1 
    -11.4      23.2      -5.9      16.0 
    -11.9      19.7      -6.7      14.0 
    -13.1      22.5      -7.8      15.6 
35208 -11.245388 -29.519146 -32.049355 
 25823.8  13505.5    -19.6     23.4     11.4     19.3 
    -5.5     34.4     33.8     20.4   6863.4   7726.5 
    -17.1      51.6      -7.4      43.1 
    -11.3      22.8      -6.6      15.9 
    -11.4      19.7      -7.0      13.8 
    -12.8      22.8      -8.6      16.4 
35209 -16.245913 -28.430346 -30.867231 
 26549.3  12398.8    -17.5     25.7    -12.3     45.1 
    -5.0     34.3     32.7     14.2   6438.6   7561.2 
    -15.7      50.7      -8.2      43.9 
    -10.1      23.2      -5.9      17.7 
    -10.9      19.9      -6.6      15.4 
    -12.2      21.9      -9.0      15.9 
35210 -20.640287 -27.090378 -29.412409 
 27569.1  11251.3    -25.6     35.7    -15.4     56.1 
    -5.0     33.4     28.6     15.9   5680.0   7168.9 
    -14.9      50.0      -8.7      43.2 
    -10.3      23.4      -6.4      19.9 
    -10.3      20.0      -6.8      18.7 
    -11.8      22.1      -9.3      21.1 
35211 -24.397142 -25.617001 -27.812742 
 29150.5  10318.7    -34.4     43.7    -25.9     73.8 
    -4.4     32.8     33.4     57.7   5120.3   6260.8 
    -14.2      52.4      -8.3      45.6 
     -9.9      23.1      -6.2      20.6 
    -10.5      19.6      -7.3      18.2 
    -11.2      21.9      -9.9      22.3 
35212 -27.549229 -24.105576 -26.171766 
 30783.2   9553.8    -32.8     50.9    -30.8    104.6 
    -3.8     31.5     33.4     57.7   5141.3   6257.7 
    -13.8      52.6      -9.9      44.7 
     -9.3      22.7      -6.4      22.8 
     -9.5      18.9      -6.7      21.0 
    -10.9      20.0     -11.6      27.7 
35213 -30.164263 -22.623199 -24.562328 
 32894.1   8898.1    -42.3     59.0    -61.9    118.9 
    -3.9     30.4     33.4     57.7   5125.5   6017.5 
    -14.4      51.7     -11.6      46.3 
     -9.0      22.6      -6.4      23.1 
     -9.2      18.7      -7.4      21.5 
    -11.2      21.1     -13.5      33.1 
35214 -32.322113 -21.211386 -23.029505 
 34870.7   8586.8    -42.1     63.9    -74.0    139.8 
    -3.9     29.6     33.4     57.7   4515.4   5768.5 
    -14.3      52.2     -10.8      43.4 
     -8.9      21.7      -6.7      24.9 
     -9.2      18.4      -7.5      24.0 
    -11.0      21.2     -15.7      40.1 
35215 -34.100807 -19.892136 -21.597176 
 37159.2   8346.5    -35.0     67.8    -67.2    174.1 
    -3.6     28.4     33.4     57.7   4863.1   6095.0 
    -12.6      54.6     -10.6      44.4 
     -8.6      21.8      -6.7      25.0 
     -8.8      18.1      -7.5      25.4 
    -10.8      20.7     -16.8      47.6 
35216 -35.569786 -18.674139 -20.274778 
 39656.7   8034.4    -37.7     70.8    -75.0    189.9 
    -3.2     27.6     33.4     57.7   4767.8   5851.4 
    -11.8      54.8     -11.5      44.7 
     -8.3      21.8      -7.2      27.5 
     -9.0      17.4      -8.7      26.4 
    -10.6      20.9     -19.7      56.9 
35217 -36.787724 -17.557777 -19.062731 
 42106.0   7897.6    -37.2     75.8    -93.5    209.7 
    -3.3     26.3     33.4     57.7   5386.1   6564.7 
    -13.2      52.3     -12.8      42.7 
     -8.4      21.4      -7.5      28.5 
     -8.2      18.0      -8.3      28.0 
    -11.3      22.3     -22.6      66.7 
35218 -37.802700 -16.538681 -17.956282 
 44613.5   7645.6    -38.4     76.2   -108.7    224.1 
    -3.0     25.7     33.4     57.7   5162.3   6226.5 
    -12.2      55.3     -13.4      46.1 
     -8.3      21.4      -7.9      29.9 
     -8.0      17.7      -8.8      30.4 
    -11.7      21.7     -26.8      73.6 
35219 31.889639 -27.903433 -15.147578 
 54207.0  11000.1     -0.2     43.3     33.4     28.9 
    -0.2     86.6     33.4     57.7  15579.6  18661.5 
    -17.9      52.3      19.4      47.6 
    -10.8      25.3      13.0      20.7 
    -10.8      22.1      13.2      17.7 
    -12.1      24.1      14.1      20.9 
35220 30.480156 -29.094694 -15.794263 
 51959.8  11559.3     -0.2     43.3     33.4     28.9 
    -0.2     86.6     33.4     57.7  16169.7  18830.2 
    -17.0      52.3      20.6      51.2 
    -11.2      25.1      12.6      20.7 
    -10.7      22.1      12.3      18.1 
    -12.5      22.9      13.9      19.6 
35221 28.882971 -30.327118 -16.463293 
 49957.1  12043.2     -0.2     43.3     33.4     28.9 
    -0.2     86.6     33.4     57.7  16883.2  19150.3 
    -15.9      53.0      17.3      49.2 
    -11.0      25.8      12.3      19.2 
    -10.9      22.8      12.3      16.0 
    -12.6      23.6      13.1      16.9 
35222 27.075920 -31.588573 -17.148083 
 48025.4  12345.7     -0.2     43.3     33.4     28.9 
    -0.2     86.6     33.4     57.7  15243.4  17291.8 
    -17.0      51.8      20.4      52.6 
    -10.8      25.8      11.6      19.1 
    -11.3      22.9      11.2      16.2 
    -13.3      23.9      12.7      17.3 
35223 25.037458 -32.861668 -17.839190 
 46289.1  12997.6     -0.2     43.3     33.4     28.9 
    -0.2     86.6     33.4     57.7  15075.7  17082.3 
    -17.8      52.4      18.3      51.3 
    -11.3      26.6      11.0      17.6 
    -11.8      23.3      11.1      13.7 
    -12.7      24.1      11.5      14.3 
35224 22.748573 -34.122864 -18.523840 
 44855.4  13103.8     -0.2     43.3     33.4     28.9 
    -0.2     86.6     37.6      9.0  14600.6  16307.6 
    -18.9      49.5      17.9      52.8 
    -11.9      26.3      10.6      17.4 
    -12.1      23.1      10.5      13.1 
    -13.8      24.1      10.6      13.6 
35225 20.195421 -35.341984 -19.185650 
 43438.9  13238.9     -0.2     43.3     33.4     28.9 
    -0.2     86.6     39.3     10.9  14402.1  16792.8 
    -19.3      52.0      15.3      52.4 
    -12.2      26.5       9.3      15.0 
    -12.6      23.4       9.1      10.6 
    -13.6      24.4       9.1      10.5 
35226 17.372576 -36.482407 -19.804735 
 42474.4  12826.0     -0.2     43.3     47.1     19.4 
    -0.2     86.6     39.0     20.1  14236.7  16379.3 
    -19.7      52.9      12.5      54.4 
    -12.7      26.7       8.1      15.1 
    -12.6      23.7       7.5      10.7 
    -13.7      24.3       7.7      10.1 
35227 14.286614 -37.502361 -20.358425 
 41387.8  12473.3     -0.2     43.3     39.4     14.3 
    -0.2     86.6     39.1     31.5  14589.3  15955.4 
    -19.7      52.5      11.8      53.6 
    -12.8      26.8       5.9      12.7 
    -12.4      23.3       5.6       7.7 
    -14.0      24.0       5.6       7.0 
35228 10.959324 -38.357632 -20.822714 
 40902.2  12266.9     -0.2     43.3     39.7     15.0 
    -0.2     86.6     39.0     42.9  14398.6  15905.4 
    -19.5      52.2       8.2      62.1 
    -12.9      26.6       3.3      14.4 
    -13.3      23.4       2.5       9.9 
    -14.5      23.8       2.4       9.5 
35229 7.429648 -39.005653 -21.174498 
 40522.9  12138.7     -0.2     43.3     36.8     25.1 
    -0.2     86.6     36.9     53.4  14812.0  16093.0 
    -20.7      51.3       7.9      68.2 
    -13.7      26.7       1.8      22.7 
    -13.1      23.0       0.2       7.5 
    -15.3      23.2      -0.2       6.1 
35230 5.605763 -39.240341 -21.301901 
 40255.5  12007.9     -0.2     43.3     36.1     23.9 
    -0.2     86.6     36.3     52.3  14500.4  15592.4 
    -20.4      51.4       9.0      73.3 
    -13.9      26.0       3.1      22.5 
    -14.8      23.2       2.1       9.1 
    -15.9      23.3       1.7       4.8 
35231 3.753390 -39.410595 -21.394323 
 40020.6  11935.3     -0.2     43.3     37.6     20.3 
    -0.2     86.6     38.1     48.2  13917.3  15544.0 
    -19.8      48.3       3.2      63.9 
    -14.4      26.2       2.5      15.0 
    -14.9      23.3       2.2       7.8 
    -16.5      23.4       1.5       6.7 
35232 1.881610 -39.513817 -21.450357 
 39854.5  11874.4     -0.2     43.3     37.7     14.5 
    -0.2     86.6     38.1     42.8  13803.8  15810.3 
    -19.1      50.7       0.9      60.3 
    -13.9      26.0       0.5      14.5 
    -14.0      22.9      -0.3       7.9 
    -16.6      23.5      -0.7       7.4 
35233 -0.000000 -39.548401 -21.469133 
 39767.1  11841.3     -0.2     43.3     37.1      9.4 
    -0.2     86.6     37.7     37.1  13537.1  15099.3 
    -19.4      50.8      -3.0      54.6 
    -13.6      27.3      -1.4      13.1 
    -14.4      23.6      -1.5       9.0 
    -15.9      23.8      -2.3       8.3 
35234 -1.881610 -39.513817 -21.450357 
 39344.4  11884.4     -0.2     43.3     35.8      6.5 
    -0.2     86.6     37.5     31.5  13199.2  14696.1 
    -19.3      49.2      -3.9      47.9 
    -13.8      26.7      -2.8      13.7 
    -14.4      23.6      -3.2       9.8 
    -16.2      24.2      -3.9       9.2 
35235 -3.753390 -39.410595 -21.394323 
 39372.4  11852.3     -0.2     43.3     31.4     12.2 
    -0.2     86.6     37.2     25.7  13092.2  14217.7 
    -20.5      52.2      -3.0      53.6 
    -13.2      27.3      -4.2      14.8 
    -13.9      23.8      -4.5      11.6 
    -16.1      24.5      -5.0      11.1 
35236 -5.605763 -39.240341 -21.301901 
 39245.6  11861.8     -0.2     43.3     23.5     27.4 
    -0.2     86.6     37.0     20.3  12452.2  14422.0 
    -18.5      50.5      -3.3      51.2 
    -13.1      26.9      -4.8      15.5 
    -14.2      23.9      -5.3      12.2 
    -16.1      24.9      -5.9      12.3 
35237 -7.429648 -39.005653 -21.174498 
 39522.8  11935.2     -0.2     43.3      9.1     39.3 
    -0.2     86.6     36.7     15.0  12004.7  13446.4 
    -19.3      50.4      -5.6      52.5 
    -13.5      27.2      -5.2      15.1 
    -13.6      24.5      -5.1      11.5 
    -15.7      25.3      -6.2      11.9 
35238 -10.959324 -38.357632 -20.822714 
 39765.1  12058.3     -0.2     43.3     33.4     28.9 
    -0.2     86.6     34.3      9.2  11876.8  13587.9 
    -20.1      50.8      -6.4      50.6 
    -12.9      27.4      -4.5      16.3 
    -13.6      24.4      -4.8      13.3 
    -15.9      25.4      -6.3      13.1 
35239 -14.286614 -37.502361 -20.358425 
 40335.4  12244.9   -140.5    124.7    -22.1     49.6 
    -0.2     86.6     31.6      8.4  11145.2  13267.3 
    -18.7      52.7      -6.8      47.9 
    -12.8      27.4      -5.1      17.4 
    -12.8      24.4      -5.0      14.8 
    -15.4      25.6      -7.1      15.9 
35240 -17.372576 -36.482407 -19.804735 
 41327.5  11759.2     -0.2     43.3    -18.4     76.1 
    -0.2     86.6     33.4     57.7  11875.4  13667.7 
    -18.6      53.6      -6.0      46.6 
    -12.1      27.4      -4.3      17.7 
    -12.8      24.6      -5.1      15.0 
    -15.0      26.4      -6.8      16.3 
35241 -20.195421 -35.341984 -19.185650 
 42293.4  12020.2     27.2    294.6    -44.6    188.4 
    -0.2     86.6     33.4     57.7  11199.5  13801.2 
    -16.3      53.3      -6.7      47.5 
    -11.7      27.2      -4.7      19.1 
    -12.5      24.4      -4.9      17.2 
    -14.9      25.9      -7.3      20.0 
35242 -22.748573 -34.122864 -18.523840 
 43669.5  11418.1    -41.5    164.3     33.4     28.9 
    -0.2     86.6     33.4     57.7  10458.0  12547.9 
    -16.5      49.5      -6.8      42.1 
    -11.3      26.8      -4.7      19.4 
    -12.6      23.4      -5.6      16.9 
    -14.4      26.7      -7.7      21.5 
35243 -25.037458 -32.861668 -17.839190 
 45431.5  10609.4    -84.1    139.0    -88.8    139.9 
    -0.2     86.6     33.4     57.7   9200.7  10919.5 
    -18.7      53.4      -9.0      45.0 
    -11.7      26.9      -4.7      21.6 
    -12.3      23.8      -5.5      20.0 
    -14.8      29.4      -8.8      26.7 
35244 -27.075920 -31.588573 -17.148083 
 46823.1  10258.6    -49.0    180.6    -43.7    197.6 
    -0.2     86.6     33.4     57.7   7342.4   9321.3 
    -17.2      53.7      -9.0      41.6 
    -11.9      26.8      -5.8      21.3 
    -11.7      23.7      -5.8      19.0 
    -15.9      31.4     -10.2      29.8 
35245 -28.882971 -30.327118 -16.463293 
 48739.3   9893.9    -55.9    169.7    -36.2    203.2 
    -0.2     86.6     33.4     57.7   7358.3   8940.1 
    -14.4      52.3      -8.5      40.0 
    -11.4      26.4      -5.5      23.3 
    -11.4      23.5      -5.5      22.8 
    -17.0      36.0     -12.5      39.5 
35246 -30.480156 -29.094694 -15.794263 
 50602.6   9607.8    -77.5    159.6    -73.0    195.7 
    -0.2     86.6     33.4     57.7   6151.9   8069.7 
    -17.3      52.3     -11.0      42.2 
    -11.3      27.0      -6.0      24.0 
    -11.7      23.5      -6.4      21.8 
    -18.4      40.0     -15.4      46.6 
35247 -31.889639 -27.903433 -15.147578 
 52874.3   9195.5    -79.0    159.1    -82.4    211.5 
    -0.2     86.6     33.4     57.7   5198.3   6692.0 
    -16.4      54.0      -9.6      41.8 
    -11.3      26.9      -6.0      25.7 
    -11.4      23.5      -7.0      25.0 
    -17.8      40.9     -16.2      53.8 
35248 21.730955 -38.029171 -10.322203 
 80053.2  12228.4     -0.2     43.3     33.4     28.9 
    -0.2     86.6     33.4     57.7  24559.3  31022.8 
    -20.0      50.8      19.0      52.1 
    -13.4      28.4      12.5      20.4 
    -13.4      26.0      12.1      14.1 
    -14.9      31.3      13.2      16.6 
35249 20.301725 -38.757835 -10.519984 
 78714.1  12201.9     -0.2     43.3     33.4     28.9 
    -0.2     86.6     33.4     57.7  25535.1  30392.5 
    -18.5      48.4      17.0      49.5 
    -13.5      28.9      12.3      20.2 
    -13.7      26.4      12.1      15.4 
    -15.3      31.8      12.9      17.2 
35250 18.790987 -39.461071 -10.710862 
 77909.3  12125.5     -0.2     43.3     33.4     28.9 
    -0.2     86.6     33.4     57.7  26083.2  31188.4 
    -18.9      49.9      15.9      55.7 
    -14.1      28.9      12.0      19.6 
    -13.2      25.9      11.5      13.0 
    -15.7      31.7      12.4      14.5 
35251 17.199198 -40.131458 -10.892824 
 76716.8  11943.2     -0.2     43.3     33.4     28.9 
    -0.2     86.6     33.4     57.7  24895.5  29350.9 
    -19.1      46.5      13.5      56.6 
    -13.5      29.3      11.3      19.5 
    -13.8      26.5      11.2      13.4 
    -16.5      31.6      12.0      14.8 
35252 15.528065 -40.761169 -11.063745 
 75678.7  11641.1     -0.2     43.3     62.2    102.5 
    -0.2     86.6     33.4     57.7  20770.1  27402.5 
    -22.6      48.5      16.5      58.0 
    -14.3      29.0      10.6      18.3 
    -14.4      26.0      10.7      11.7 
    -15.7      32.2      10.8      11.6 
35253 13.780708 -41.342125 -11.221435 
 74798.7  11466.7     -0.2     43.3     15.1    178.9 
    -0.2     86.6     33.4     57.7  23454.8  29679.8 
    -20.7      49.4      14.2      61.3 
    -14.5      29.0      10.1      19.1 
    -13.8      26.8      10.1      11.7 
    -15.9      32.8      10.2      11.8 
35254 11.961784 -41.866245 -11.363695 
 74435.7  11428.2     -0.2     43.3     80.3     64.5 
    -0.2     86.6     39.2      6.0  22703.4  28882.8 
    -18.8      47.6       9.2      60.4 
    -14.6      29.0       8.8      17.7 
    -14.4      26.1       8.8      10.2 
    -16.7      31.6       8.7       8.5 
35255 10.077535 -42.325645 -11.488389 
 73700.7  11184.6     -0.2     43.3     54.0     46.5 
    -0.2     86.6     39.3     15.5  23371.9  29819.2 
    -21.6      46.9       9.3      64.7 
    -14.6      28.9       7.5      18.3 
    -14.3      26.3       7.2      11.6 
    -16.5      32.2       7.5       9.8 
35256 8.135806 -42.712982 -11.593524 
 73640.4  11206.2     -0.2     43.3     42.3     14.1 
    -0.2     86.6     39.2     28.0  25973.7  30117.1 
    -23.9      49.1       8.8      64.5 
    -15.6      28.6       5.9      17.6 
    -15.3      26.5       5.5       7.5 
    -16.7      31.2       5.5       6.1 
35257 6.145958 -43.021706 -11.677320 
 73244.3  11003.3     -0.2     43.3     40.0     13.7 
    -0.2     86.6     39.1     40.7  26271.2  29731.9 
    -23.4      51.5       9.5      70.9 
    -15.5      28.9       3.4      20.7 
    -15.2      26.7       2.7      10.6 
    -17.0      30.5       2.7       9.5 
35258 4.118702 -43.246368 -11.738300 
 73136.5  10976.4     -0.2     43.3     37.6     24.0 
    -0.2     86.6     37.5     52.3  29125.8  31591.4 
    -20.8      47.0       6.9      80.3 
    -15.8      28.7       1.1      34.3 
    -15.5      26.4       0.8      13.8 
    -17.3      29.5       0.1       9.1 
35259 3.094703 -43.325836 -11.759871 
 73149.4  11009.2     -0.2     43.3     36.7     23.3 
    -0.2     86.6     36.8     51.6  28570.6  32002.4 
    -22.0      50.1       0.9      78.1 
    -15.4      29.1       2.4      34.0 
    -15.9      26.0       1.9      13.3 
    -18.1      30.3       2.3       8.7 
35260 2.065851 -43.382874 -11.775351 
 73158.7  11070.4     -0.2     43.3     38.8     19.0 
    -0.2     86.6     38.9     47.5  28298.8  31349.8 
    -20.1      47.0       3.7      80.2 
    -16.3      28.7       3.5      27.5 
    -16.0      26.1       2.6      11.7 
    -18.1      29.9       2.7       8.6 
35261 1.033743 -43.417198 -11.784668 
 72712.5  10981.1     -0.2     43.3     38.9     13.3 
    -0.2     86.6     39.2     41.7  28022.3  30925.2 
    -21.3      46.7       1.3      70.5 
    -16.1      28.3       1.3      22.1 
    -15.8      26.1       0.7      11.3 
    -18.1      30.0       0.4       8.3 
35262 -0.000000 -43.428661 -11.787779 
 72856.7  10987.7     -0.2     43.3     38.7      8.2 
    -0.2     86.6     39.2     35.5  25368.2  29072.2 
    -20.5      47.9       0.1      62.1 
    -15.7      28.3      -0.4      18.6 
    -15.8      26.1      -0.7      10.0 
    -18.1      32.0      -1.0       8.3 
35263 -1.033743 -43.417198 -11.784668 
 72601.7  10993.7     -0.2     43.3     35.9     13.1 
    -0.2     86.6     38.8     29.2  24555.8  28970.4 
    -18.9      46.4      -3.1      68.1 
    -16.0      28.5      -2.2      16.7 
    -15.3      26.3      -2.1      10.1 
    -18.1      32.0      -2.4       8.8 
35264 -2.065851 -43.382874 -11.775351 
 72500.3  10936.0     -0.2     43.3     16.5     36.0 
    -0.2     86.6     38.9     22.8  21755.9  28244.0 
    -20.9      45.6      -5.1      63.5 
    -15.9      29.4      -4.2      19.2 
    -15.1      27.0      -3.8      12.3 
    -18.3      33.2      -4.5      10.9 
35265 -3.094703 -43.325836 -11.759871 
 72333.0  10942.2     -0.2     43.3     -8.9     35.6 
    -0.2     86.6     38.6     16.8  25617.4  29634.0 
    -21.7      48.8      -3.5      63.2 
    -15.3      28.7      -4.5      18.2 
    -15.8      26.7      -4.1      11.4 
    -17.8      32.5      -4.7      11.0 
35266 -4.118702 -43.246368 -11.738300 
 72331.3  11007.6     -0.2     43.3      3.2     61.9 
    -0.2     86.6     38.5     10.6  23539.5  28851.3 
    -22.3      48.9      -4.4      60.5 
    -15.2      29.3      -3.7      16.8 
    -15.4      26.5      -3.8       9.5 
    -17.9      33.1      -4.3       9.7 
35267 -6.145958 -43.021706 -11.677320 
 72228.7  11087.4     -0.2     43.3    -48.0     46.6 
    -0.2     86.6     32.2      3.9  18378.2  25762.0 
    -21.0      49.8      -5.5      60.9 
    -15.4      29.4      -3.8      18.0 
    -15.3      27.4      -3.6      11.6 
    -17.1      33.8      -3.8      11.5 
35268 -8.135806 -42.712982 -11.593524 
 72270.0  11097.8     -0.2     43.3    -12.7     95.0 
    -0.2     86.6     33.4     57.7  19966.4  24325.8 
    -22.2      48.1      -5.8      55.2 
    -14.5      29.5      -3.7      17.4 
    -14.6      27.2      -3.5      11.4 
    -17.4      34.3      -4.6      12.4 
35269 -10.077535 -42.325645 -11.488389 
 72832.3  11170.7     -0.2     43.3    -75.7     34.9 
    -0.2     86.6     33.4     57.7  15735.6  24756.5 
    -23.3      51.9      -9.4      54.0 
    -15.0      29.7      -2.7      17.6 
    -15.0      27.7      -3.0      12.6 
    -17.3      34.7      -4.2      13.5 
35270 -11.961784 -41.866245 -11.363695 
 73072.8  11345.3     -0.2     43.3    -34.5    124.5 
    -0.2     86.6     33.4     57.7  19622.5  24925.7 
    -23.0      49.8      -9.3      47.9 
    -14.3      29.7      -3.4      18.1 
    -14.8      27.8      -3.6      13.1 
    -17.6      36.1      -4.9      15.9 
35271 -13.780708 -41.342125 -11.221435 
 73944.0  11489.0   -226.7    406.1    -58.5    154.7 
    -0.2     86.6     33.4     57.7  15028.4  23538.2 
    -17.8      49.7      -4.8      48.6 
    -14.9      28.9      -3.2      17.7 
    -14.5      26.9      -3.0      13.4 
    -17.1      33.6      -4.6      16.8 
35272 -15.528065 -40.761169 -11.063745 
 74789.4  11612.2     -0.2     43.3     33.4     28.9 
    -0.2     86.6     33.4     57.7  16889.9  25933.5 
    -20.5      50.9      -7.1      48.8 
    -14.5      30.1      -3.6      18.6 
    -14.7      27.3      -3.8      15.0 
    -17.1      34.6      -5.0      18.5 
35273 -17.199198 -40.131458 -10.892824 
 75581.0  11743.1   -238.5    380.4     33.4     28.9 
    -0.2     86.6     33.4     57.7  19228.6  26544.3 
    -20.8      51.4      -6.1      46.3 
    -14.5      29.6      -3.4      19.0 
    -14.4      26.5      -3.4      14.9 
    -17.2      34.4      -5.1      18.8 
35274 -18.790987 -39.461071 -10.710862 
 76552.6  11765.2     -0.2     43.3     33.4     28.9 
    -0.2     86.6     33.4     57.7  20218.1  26880.8 
    -19.9      50.6      -5.5      44.3 
    -14.1      30.0      -3.8      20.1 
    -14.4      27.6      -4.0      16.6 
    -17.3      33.1      -5.0      21.3 
35275 -20.301725 -38.757835 -10.519984 
 77696.6  11810.1     -0.2     43.3     33.4     28.9 
    -0.2     86.6     33.4     57.7  18611.0  26550.1 
    -21.6      50.9      -6.7      41.1 
    -13.7      29.2      -3.4      19.2 
    -13.8      26.5      -3.5      15.9 
    -16.5      32.8      -5.3      20.4 
35276 -21.730955 -38.029171 -10.322203 
 79130.9  11704.2     -0.2     43.3     33.4     28.9 
    -0.2     86.6     33.4     57.7  22576.4  28563.2 
    -18.4      48.6      -5.6      37.6 
    -13.0      29.0      -3.3      20.4 
    -14.4      27.5      -4.0      18.3 
    -16.3      33.1      -6.2      23.7 
35277 15.179742 -41.744289 -7.210377 
115934.5  11522.9   -456.4    480.1    159.8    163.1 
    -0.2     86.6     33.4     57.7  24806.1  34721.5 
    -20.6      45.6      15.7      54.3 
    -14.6      29.7      12.4      21.2 
    -14.9      28.4      11.9      12.6 
    -16.0      37.9      12.9      17.9 
35278 14.042964 -42.128887 -7.276808 
115365.4  11492.5   -373.7    554.7    151.5    150.1 
    -0.2     86.6     33.4     57.7  24327.9  36293.7 
    -19.9      47.8      16.8      57.0 
    -15.2      30.2      12.5      22.7 
    -14.9      28.3      11.9      13.6 
    -16.6      38.0      13.0      17.3 
35279 12.875603 -42.489483 -7.339093 
114755.5  11311.8     -0.2     43.3     33.4     28.9 
    -0.2     86.6     33.4     57.7  28621.7  36651.2 
    -19.0      45.8      16.0      55.8 
    -14.9      29.8      11.7      21.1 
    -15.3      27.9      11.1      12.2 
    -17.0      36.5      12.1      15.4 
35280 11.679233 -42.823853 -7.396847 
114144.6  11292.4     -0.2     43.3    137.3    122.2 
    -0.2     86.6     33.4     57.7  28343.0  38893.7 
    -21.7      51.7      16.2      64.4 
    -15.2      30.2      11.7      22.1 
    -15.3      28.6      11.5      13.6 
    -17.1      37.7      11.7      15.0 
35281 10.455710 -43.129807 -7.449694 
113905.8  11213.5     -0.2     43.3     95.8     97.4 
    -0.2     86.6     33.4     57.7  28418.3  41756.7 
    -19.6      48.6      10.6      64.4 
    -15.1      30.2      10.4      21.7 
    -15.1      27.7      10.3      10.9 
    -17.9      36.5      10.9      11.8 
35282 9.207181 -43.405285 -7.497276 
113281.3  11146.2     -0.2     43.3    117.9     74.3 
    -0.2     86.6     33.4     57.7  33989.9  45082.0 
    -19.5      48.3      12.1      67.4 
    -15.7      30.9       9.9      23.0 
    -14.5      27.9       9.7      12.3 
    -17.8      37.3      10.3      12.2 
35283 7.936064 -43.648350 -7.539260 
113114.4  11037.9     -0.2     43.3     95.0    104.5 
    -0.2     86.6     38.7      4.5  30156.9  42686.8 
    -20.4      48.1       9.8      72.2 
    -15.8      30.4       8.6      22.3 
    -15.9      27.8       8.6      10.0 
    -17.7      36.2       8.8       8.6 
35284 6.645037 -43.857243 -7.575342 
113063.8  10985.9     -0.2     43.3     63.1     45.5 
    -0.2     86.6     39.8     13.3  38553.6  46203.5 
    -20.0      44.9       9.6      75.1 
    -15.7      30.3       7.7      24.0 
    -15.7      28.0       7.4      12.9 
    -17.6      35.0       7.4      11.1 
35285 5.337018 -44.030403 -7.605251 
112656.0  10893.3     -0.2     43.3     49.4     29.2 
    -0.2     86.6     39.6     26.3  39522.9  47436.7 
    -22.4      48.1       8.2      72.9 
    -16.1      29.8       5.9      24.4 
    -15.8      27.9       5.8      10.8 
    -18.1      34.2       5.6       7.5 
35286 4.015138 -44.166508 -7.628761 
112828.3  10989.8     -0.2     43.3     40.0     11.7 
    -0.2     86.6     39.1     39.3  40876.8  49475.7 
    -23.0      49.5       2.2      77.9 
    -16.4      29.5       4.6      28.0 
    -16.0      27.6       3.1      12.7 
    -18.9      34.1       2.8      10.5 
35287 2.682698 -44.264507 -7.645688 
112893.4  10967.8     -0.2     43.3     38.0     23.5 
    -0.2     86.6     37.7     51.5  41509.4  48956.0 
    -19.9      45.5       6.1      89.3 
    -16.3      29.6       1.9      43.1 
    -16.6      27.5       0.8      19.7 
    -18.6      32.2       1.1      14.1 
35288 2.013589 -44.298962 -7.651639 
112405.8  10896.3     -0.2     43.3     37.0     22.9 
    -0.2     86.6     37.0     51.0  42843.2  49127.1 
    -21.4      45.9       2.8      88.6 
    -16.9      29.6       2.4      42.5 
    -16.4      27.3       2.8      19.1 
    -19.6      33.0       2.7      13.3 
35289 1.343140 -44.323616 -7.655898 
112884.0  10900.0     -0.2     43.3     38.9     18.5 
    -0.2     86.6     39.2     46.8  41001.5  48261.6 
    -23.8      46.8       1.9      85.0 
    -16.5      29.7       3.5      37.7 
    -16.6      27.6       2.9      17.2 
    -18.8      33.6       3.0      11.0 
35290 0.671794 -44.338436 -7.658457 
112449.0  10848.2     -0.2     43.3     39.6     13.0 
    -0.2     86.6     39.9     41.2  41447.0  50153.2 
    -22.3      48.1       0.9      82.8 
    -16.6      30.0       1.7      28.4 
    -16.6      27.7       1.3      13.2 
    -19.2      31.8       0.9      10.2 
35291 -0.000000 -44.343372 -7.659310 
112153.1  10828.5     -0.2     43.3     39.2      7.7 
    -0.2     86.6     39.7     34.7  37773.3  46369.5 
    -22.8      48.1      -1.0      73.6 
    -16.3      29.7      -0.1      24.8 
    -16.6      27.0      -0.3      11.7 
    -18.9      33.5      -0.6       9.2 
35292 -0.671794 -44.338436 -7.658457 
112673.0  10865.8     -0.2     43.3     28.4     21.0 
    -0.2     86.6     39.6     28.2  39946.3  46686.8 
    -22.0      46.6      -2.1      72.8 
    -17.3      30.2      -2.0      22.5 
    -16.7      27.6      -1.9      10.9 
    -19.0      33.5      -1.9       9.0 
35293 -1.343140 -44.323616 -7.655898 
112248.3  10886.3     -0.2     43.3     12.8     40.0 
    -0.2     86.6     39.8     21.7  39174.9  49743.8 
    -22.9      48.9      -1.6      71.0 
    -16.9      30.1      -3.6      23.7 
    -16.1      27.9      -3.8      14.2 
    -18.8      33.7      -3.9      11.9 
35294 -2.013589 -44.298962 -7.651639 
111893.6  10794.5     -0.2     43.3     18.4     51.1 
    -0.2     86.6     39.3     15.0  35579.8  43293.8 
    -21.4      45.3      -3.7      65.6 
    -16.4      29.9      -3.6      23.7 
    -15.8      27.8      -3.5      12.5 
    -19.2      35.7      -4.2      11.4 
35295 -2.682698 -44.264507 -7.645688 
112064.9  10884.4     -0.2     43.3     -1.7     61.2 
    -0.2     86.6     39.0      8.5  30269.1  41737.7 
    -19.9      48.1      -4.9      69.7 
    -16.7      29.4      -3.3      21.2 
    -16.1      27.6      -3.2      10.7 
    -18.4      35.5      -3.7       9.1 
35296 -4.015138 -44.166508 -7.628761 
111820.6  10883.1     -0.2     43.3    -36.2     67.8 
    -0.2     86.6     33.4     57.7  28730.0  40320.9 
    -18.9      46.2      -0.5      61.9 
    -16.5      30.5      -3.7      21.9 
    -15.8      28.3      -3.4      12.1 
    -18.8      36.7      -3.8      11.9 
35297 -5.337018 -44.030403 -7.605251 
111856.3  10984.5     -0.2     43.3    -24.9     92.1 
    -0.2     86.6     33.4     57.7  29957.7  38400.0 
    -21.5      45.7      -3.8      59.7 
    -15.7      30.4      -2.6      21.6 
    -16.5      28.7      -3.1      11.8 
    -18.6      37.2      -3.9      12.1 
35298 -6.645037 -43.857243 -7.575342 
111824.6  11044.8     -0.2     43.3    -35.7    184.8 
    -0.2     86.6     33.4     57.7  27717.6  35089.2 
    -19.9      46.0      -3.7      58.9 
    -16.2      30.5      -2.6      21.2 
    -15.8      28.6      -2.6      11.5 
    -18.0      37.5      -3.3      14.1 
35299 -7.936064 -43.648350 -7.539260 
111879.9  11094.5   -778.4    110.0    -99.9    124.7 
    -0.2     86.6     33.4     57.7  19996.6  31702.3 
    -20.9      46.5      -5.0      53.3 
    -16.1      31.2      -3.1      19.7 
    -15.4      28.6      -2.9      12.4 
    -18.8      39.5      -4.1      15.6 
35300 -9.207181 -43.405285 -7.497276 
112230.8  11098.3     -0.2     43.3    -39.8    149.7 
    -0.2     86.6     33.4     57.7  27710.3  35002.4 
    -20.9      49.2      -5.2      53.5 
    -15.6      30.3      -2.4      19.3 
    -16.3      28.6      -2.3      12.2 
    -18.5      38.7      -3.7      16.5 
35301 -10.455710 -43.129807 -7.449694 
112776.3  11198.8   -448.8    515.8    -99.3    155.8 
    -0.2     86.6     33.4     57.7  24167.2  33950.1 
    -21.3      49.1      -5.7      50.3 
    -15.1      31.1      -2.9      19.5 
    -15.5      29.2      -3.0      12.6 
    -19.3      39.4      -4.6      19.1 
35302 -11.679233 -42.823853 -7.396847 
112694.8  11246.4     -0.2     43.3   -124.8    151.6 
    -0.2     86.6     33.4     57.7  24192.8  32152.0 
    -18.3      45.7      -2.8      44.5 
    -14.6      30.2      -1.8      19.1 
    -15.4      28.3      -2.1      13.5 
    -18.6      40.3      -4.6      20.7 
35303 -12.875603 -42.489483 -7.339093 
113632.5  11419.6     -0.2     43.3     20.7    234.8 
    -0.2     86.6     33.4     57.7  23731.1  31432.6 
    -20.2      47.8      -2.7      45.7 
    -15.1      30.3      -3.2      18.9 
    -15.3      29.2      -2.9      13.9 
    -18.3      39.1      -5.3      23.1 
35304 -14.042964 -42.128887 -7.276808 
114214.3  11409.7   -343.8    615.5   -122.8    208.9 
    -0.2     86.6     33.4     57.7  21026.7  28849.6 
    -21.5      49.9      -5.2      44.3 
    -15.0      30.0      -2.3      18.8 
    -16.0      28.4      -2.7      13.7 
    -17.7      38.0      -4.7      25.2 
35305 -15.179742 -41.744289 -7.210377 
115035.7  11503.5   -128.7    727.0     33.4     28.9 
    -0.2     86.6     33.4     57.7  21801.9  30308.8 
    -19.6      47.5      -4.2      40.9 
    -15.1      30.9      -2.8      19.2 
    -15.3      28.8      -3.1      15.0 
    -18.5      39.5      -5.2      28.1 
