Dot1_150x100_dj0119e@-375V,3.8T@90d,263K,rh=0.98/0.7,2.0/2.0 
1129 1 3.80 60 5 29 0 375.0000 263.0000 2.0000 1.1340 1300.0000 -0.2200 68.4700 150.0000 100.0000 285.0000 950.0000 -0.1100 34.240002 1.5000 1.0000 0.8500 
36601 -0.000000 -0.000000 -45.000000 
 21593.3  18099.2     -0.0     42.0     33.1     13.1 
     0.0     85.1     34.1     40.3   6984.7   7607.1 
     -1.3      71.9      -2.6      43.9 
     -1.4      13.5      -5.0      11.1 
     -0.2       1.8      -4.8       8.9 
      0.1       1.2      -5.9       8.0 
36602 -0.000000 -5.870454 -44.615444 
 21655.1  18289.4     -1.1     36.3     33.0     13.0 
    -1.0     79.1     34.3     40.4   6709.6   7642.8 
     -2.4      58.6      -2.4      44.0 
     -1.9       6.8      -4.5      10.9 
     -1.9       3.2      -4.5       9.0 
     -2.2       2.9      -5.6       8.3 
36603 -0.000000 -11.452198 -43.518353 
 22046.1  18696.5     -2.6     29.4     33.1     13.2 
    -2.2     71.7     34.4     40.0   6582.7   7333.5 
     -9.1      54.4      -2.7      46.5 
     -3.6       9.0      -4.5      10.8 
     -3.4       6.5      -4.7       9.2 
     -3.8       5.9      -5.5       8.4 
36604 -0.000000 -16.522495 -41.856983 
 22879.2  18816.2     -3.3     22.8     33.4     13.0 
    -2.7     64.3     34.6     40.1   6634.4   7505.1 
     -8.6      51.0      -3.1      46.3 
     -4.9      13.6      -4.3      10.9 
     -5.1       9.6      -4.5       8.9 
     -5.3       8.9      -5.4       8.6 
36605 -0.000000 -20.958590 -39.821320 
 23894.8  18578.4     -4.2     16.7     33.7     12.7 
    -3.3     56.5     35.0     39.8   7317.7   8125.1 
     -8.1      49.1      -3.0      46.8 
     -6.6      17.5      -4.0      11.4 
     -6.4      12.5      -4.7       9.0 
     -6.6      11.4      -5.4       8.5 
36606 -0.000000 -24.732742 -37.593769 
 25276.7  17838.8     -5.7     13.7     34.2     12.4 
    -3.5     48.2     35.3     39.4   7584.8   8488.6 
     -9.5      47.9      -3.4      48.7 
     -6.8      18.7      -4.1      11.3 
     -6.5      14.7      -4.4       8.7 
     -7.5      14.5      -5.2       8.5 
36607 -0.000000 -27.883995 -35.319725 
 26701.5  16422.0    -11.7     16.1     34.6     12.0 
    -3.7     39.7     35.7     39.0   8147.7   9287.8 
    -12.4      49.7      -3.0      45.9 
     -7.4      21.7      -3.8      11.1 
     -7.5      18.1      -4.1       9.1 
     -8.3      19.0      -4.9       8.4 
36608 -0.000000 -30.486408 -33.099529 
 28462.2  15183.1    -21.5     18.6     35.3     11.3 
    -3.4     31.4     36.3     38.7   9391.5  10362.4 
    -12.9      48.2      -1.2      45.4 
     -8.3      22.5      -3.5      11.3 
     -8.5      18.5      -3.9       9.0 
     -9.3      19.9      -4.7       8.5 
36609 -0.000000 -32.624973 -30.993725 
 30449.2  14685.8     -0.1     43.3     35.7     10.9 
    -4.3     23.0     36.5     38.4   9733.2  10857.7 
    -12.1      48.9      -1.2      50.8 
     -9.2      22.8      -3.5      11.6 
     -9.0      17.9      -3.8       8.8 
     -9.9      19.2      -4.5       8.5 
36610 -0.000000 -34.381348 -29.033136 
 32477.9  13921.7     -0.1     43.3     36.0     10.3 
    -4.4     16.3     36.8     37.8  11470.9  12516.9 
    -15.0      50.1      -1.1      48.2 
     -8.9      22.4      -3.5      11.3 
     -9.2      18.5      -3.7       8.9 
     -9.8      18.8      -4.1       8.4 
36611 -0.000000 -35.827297 -27.228748 
 34679.7  13569.8     -0.1     43.3     36.4     10.1 
    -6.1     13.2     37.2     37.7  11804.7  12639.0 
    -16.5      51.0      -2.8      54.5 
     -8.7      24.1      -3.1      12.0 
     -8.9      21.5      -3.3       9.0 
    -10.3      21.9      -4.1       8.2 
36612 -0.000000 -37.022865 -25.579433 
 36689.7  13100.0     -0.1     43.3     36.8      9.6 
   -14.4     21.7     37.4     37.3  11856.9  13929.7 
    -14.7      48.9       0.1      49.9 
     -8.8      25.0      -2.8      11.9 
     -9.6      21.8      -3.2       8.8 
    -10.5      23.6      -4.0       8.3 
36613 -0.000000 -38.016857 -24.077343 
 39218.4  12907.4     -0.1     43.3     37.1      9.4 
    -0.1     86.6     37.7     37.0  13928.4  15328.7 
    -13.9      49.1      -2.7      52.9 
     -9.6      24.7      -2.8      12.1 
     -9.4      20.4      -3.0       9.0 
    -10.6      22.3      -3.6       8.2 
36614 -0.000000 -38.848354 -22.711344 
 41505.0  12558.5     -0.1     43.3     37.2      9.0 
    -0.1     86.6     38.0     36.9  14767.9  16690.0 
    -15.7      49.5      -0.6      54.2 
     -9.5      24.2      -2.8      12.5 
     -9.7      20.3      -2.8       8.9 
    -11.0      20.8      -3.3       8.2 
36615 -0.000000 -39.548401 -21.469133 
 43776.8  12477.9     -0.1     43.3     37.7      8.7 
    -0.1     86.6     38.1     36.8  15231.3  17187.0 
    -14.0      47.8      -1.4      53.4 
     -9.1      25.5      -2.4      12.7 
     -9.4      22.5      -3.0       8.7 
    -11.2      22.9      -3.4       8.0 
36616 -0.000000 -40.141609 -20.338415 
 46334.1  12209.0     -0.1     43.3     37.9     10.8 
    -0.1     86.6     38.3     36.6  17123.0  18547.8 
    -17.4      49.0      -3.6      56.4 
    -10.1      26.6      -2.7      13.2 
     -9.9      23.6      -2.6       8.6 
    -11.1      25.2      -3.3       8.1 
36617 -0.000000 -40.647488 -19.307556 
 48993.9  12166.1     -0.1     43.3     37.9      8.4 
    -0.1     86.6     38.4     36.4  18918.9  20230.6 
    -18.9      50.6      -4.1      56.7 
    -10.1      25.3      -2.4      12.7 
     -9.9      21.7      -2.5       8.9 
    -10.9      23.9      -3.1       8.1 
36618 -0.000000 -41.081562 -18.365873 
 51390.7  11990.6     -0.1     43.3     38.2      8.3 
    -0.1     86.6     38.3     36.1  19705.5  21404.6 
    -17.1      49.3      -0.3      57.6 
    -10.0      24.7      -2.3      13.3 
    -10.0      21.0      -2.5       8.7 
    -11.4      22.1      -3.2       8.0 
36619 -0.000000 -41.456230 -17.503742 
 53965.5  11932.2     -0.1     43.3     38.3      8.0 
    -0.1     86.6     38.6     36.0  20001.6  22094.4 
    -14.8      47.5       0.5      56.5 
     -9.8      26.3      -2.2      14.2 
     -9.9      23.5      -2.3       8.9 
    -11.0      23.7      -3.0       8.1 
36620 -0.000000 -41.781452 -16.712580 
 56613.3  11908.3     -0.1     43.3     38.5      8.1 
    -0.1     86.6     38.7     35.9  22026.2  23873.7 
    -16.9      49.4       0.6      62.1 
    -10.3      27.9      -2.5      14.4 
    -10.4      24.4      -2.5       8.8 
    -11.3      26.3      -2.8       8.2 
36621 -0.000000 -42.065262 -15.984799 
 59481.5  11811.0     -0.1     43.3     38.6      7.9 
    -0.1     86.6     38.8     35.9  22395.0  25135.8 
    -16.4      49.3       0.3      61.6 
    -10.4      26.6      -2.2      15.2 
    -10.4      23.1      -2.5       8.9 
    -11.6      25.2      -2.6       8.0 
36622 -0.000000 -42.314190 -15.313706 
 61763.2  11790.1     -0.1     43.3     38.6     10.3 
    -0.1     86.6     39.0     35.7  23020.9  25524.2 
    -18.8      50.9      -0.6      59.4 
    -10.5      26.0      -1.6      14.9 
    -10.5      21.7      -2.2       8.8 
    -11.6      23.5      -2.6       8.1 
36623 -0.000000 -42.533558 -14.693412 
 64499.5  11725.2     -0.1     43.3     38.7      7.5 
    -0.1     86.6     39.1     35.5  25310.0  27451.5 
    -17.8      50.1       1.5      63.6 
    -10.3      27.0      -2.1      15.6 
    -10.9      23.4      -2.3       9.2 
    -11.2      24.4      -2.3       8.3 
36624 -0.000000 -42.727760 -14.118738 
 66907.9  11692.7     -0.1     43.3     39.0      7.5 
    -0.1     86.6     39.2     35.3  25492.9  28482.6 
    -17.2      48.4      -1.1      66.1 
    -10.2      27.9      -1.7      16.8 
    -10.6      25.3      -2.2       9.1 
    -11.1      27.4      -2.4       8.2 
36625 -0.000000 -42.900398 -13.585126 
 69687.1  11649.4     -0.1     43.3     38.8      7.6 
    -0.1     86.6     39.1     35.4  28175.8  30348.6 
    -17.4      48.8      -0.2      63.7 
    -10.4      26.9      -1.8      16.8 
    -11.0      23.4      -2.1       9.4 
    -11.4      26.5      -2.4       8.1 
36626 -0.000000 -43.054493 -13.088566 
 72669.1  11609.1     -0.1     43.3     39.0      7.4 
    -0.1     86.6     39.5     35.3  27407.7  30765.0 
    -17.3      50.5      -2.0      64.0 
    -10.8      25.6      -1.4      17.6 
    -10.3      22.0      -1.9       9.4 
    -11.5      24.5      -2.2       8.1 
36627 -0.000000 -43.192551 -12.625515 
 75252.5  11618.9     -0.1     43.3     39.0      7.3 
    -0.1     86.6     39.4     35.2  29803.5  32549.1 
    -18.5      50.3      -1.5      62.8 
    -10.2      26.8      -2.0      17.0 
    -10.0      23.8      -1.9       9.1 
    -11.6      25.3      -2.2       8.1 
36628 -0.000000 -43.316673 -12.192842 
 77858.7  11495.3     -0.1     43.3     39.2      7.4 
    -0.1     86.6     39.4     35.3  31207.2  34370.3 
    -15.6      46.7      -1.3      66.8 
    -10.4      27.9      -2.0      18.7 
    -10.2      25.5      -1.9       9.7 
    -12.2      28.1      -2.0       8.1 
36629 -0.000000 -43.428661 -11.787779 
 80539.9  11563.8     -0.1     43.3     39.2      7.2 
    -0.1     86.6     39.6     35.1  32572.5  35181.4 
    -17.0      47.7      -0.8      68.0 
    -10.9      27.3      -2.0      18.5 
    -10.5      24.1      -1.7      10.5 
    -12.1      26.8      -2.1       8.2 
36630 -0.000000 -43.529995 -11.407862 
 83399.2  11560.2     -0.1     43.3     39.2      7.3 
    -0.1     86.6     39.6     35.2  32035.9  36624.6 
    -17.7      47.4       1.6      70.9 
    -11.5      26.5      -2.2      19.4 
    -10.9      22.3      -1.9       9.8 
    -12.3      25.7      -2.1       8.3 
36631 -0.000000 -43.621986 -11.050903 
 86158.8  11523.7     -0.1     43.3     39.1      7.3 
    -0.1     86.6     39.6     34.9  32958.3  36631.7 
    -17.6      47.3      -1.0      72.6 
    -11.2      27.7      -1.7      19.3 
    -10.5      24.6      -1.6       9.4 
    -12.1      25.1      -2.3       8.1 
36632 -0.000000 -43.705715 -10.714950 
 88917.8  11546.1     -0.1     43.3     39.4      7.3 
    -0.1     86.6     39.7     34.9  35396.4  38488.6 
    -20.4      52.4       0.3      69.7 
    -10.7      29.0      -1.6      19.9 
    -10.4      26.4      -1.8       9.5 
    -11.9      28.3      -2.0       8.4 
36633 -0.000000 -43.782146 -10.398259 
 91296.4  11578.6     -0.1     43.3     39.5      7.1 
    -0.1     86.6     39.6     35.0  35000.4  39086.2 
    -18.7      49.4       1.4      70.8 
    -10.7      27.2      -1.9      18.8 
    -10.6      24.5      -1.8       9.7 
    -11.7      27.5      -1.8       8.7 
36634 -0.000000 -43.852077 -10.099266 
 93922.2  11532.2     -0.1     43.3     39.4      7.0 
    -0.1     86.6     39.9     34.9  37257.2  41619.3 
    -19.6      48.8      -0.9      71.8 
    -10.9      26.5      -1.1      20.5 
    -10.7      22.5      -1.7      10.1 
    -12.2      26.2      -1.9       8.3 
36635 -0.000000 -43.916229 -9.816568 
 96941.2  11572.9     -0.1     43.3     39.5      6.8 
    -0.1     86.6     39.7     34.6  38651.7  42338.1 
    -17.2      47.3      -2.2      74.8 
    -10.6      28.0      -1.8      21.4 
    -10.9      24.6      -2.0      10.5 
    -12.4      26.5      -2.0       8.4 
36636 -0.000000 -43.975204 -9.548901 
 99542.8  11446.9     -0.1     43.3     39.6      7.2 
    -0.1     86.6     39.8     34.7  39966.0  44144.0 
    -17.6      47.4      -0.8      68.2 
    -11.2      28.5      -1.6      22.3 
    -10.9      26.4      -1.9      10.3 
    -11.9      28.8      -1.9       8.5 
36637 -0.000000 -44.029541 -9.295126 
102441.9  11480.3     -0.1     43.3     39.5      7.0 
    -0.1     86.6     39.8     34.6  40546.4  45871.0 
    -15.1      46.8       0.5      73.8 
    -10.8      27.5      -1.9      22.6 
    -10.8      24.8      -1.7      10.2 
    -12.2      28.1      -1.8       8.4 
36638 -0.000000 -44.079716 -9.054212 
105132.5  11498.7     -0.1     43.3     39.7      6.9 
    -0.1     86.6     39.8     34.7  41625.3  47211.3 
    -16.1      45.6      -2.9      69.4 
    -11.4      27.1      -1.4      22.5 
    -11.0      22.8      -2.0      10.8 
    -11.7      24.9      -1.7       8.5 
36639 -0.000000 -44.126129 -8.825226 
107768.4  11453.9     -0.1     43.3     39.7      6.7 
    -0.1     86.6     40.0     34.4  43317.0  47255.8 
    -18.6      48.0       2.3      74.3 
    -11.0      28.2      -1.5      22.8 
    -10.7      24.2      -1.5      11.3 
    -12.0      26.4      -1.7       8.5 
36640 -0.000000 -44.169155 -8.607322 
110589.5  11506.1     -0.1     43.3     39.8      6.8 
    -0.1     86.6     40.0     34.5  45169.9  49535.0 
    -15.4      46.6       0.9      73.3 
    -10.8      28.2      -1.7      22.6 
    -11.2      26.1      -1.7      10.3 
    -12.1      28.2      -1.6       9.6 
36641 -0.000000 -44.209099 -8.399729 
113323.1  11436.6     -0.1     43.3     39.7      6.8 
    -0.1     86.6     39.8     34.5  44910.5  50511.7 
    -17.5      47.1      -0.9      75.4 
    -11.2      27.8      -1.2      22.3 
    -10.7      24.6      -1.6      11.2 
    -12.3      28.7      -1.7       9.3 
36642 -0.000000 -44.246258 -8.201745 
116086.4  11445.9     -0.1     43.3     39.8     10.0 
    -0.1     86.6     39.8     34.2  47260.1  51651.4 
    -15.9      44.4      -1.0      77.2 
    -11.5      27.2      -1.2      23.4 
    -10.9      23.1      -1.5      10.9 
    -12.7      26.5      -2.0       9.4 
36643 -0.000000 -44.280880 -8.012731 
118739.2  11545.3     -0.1     43.3     39.8      7.1 
    -0.1     86.6     40.1     34.2  45212.1  52181.7 
    -17.1      45.7       3.3      75.5 
    -11.0      27.4      -1.3      23.1 
    -11.1      24.6      -1.4      12.0 
    -12.4      27.2      -1.5       8.7 
36644 -0.000000 -44.313187 -7.832098 
121926.7  11437.7     -0.1     43.3     39.9      6.7 
    -0.1     86.6     40.0     34.3  48819.1  55295.3 
    -16.8      47.6       0.7      75.8 
    -11.5      28.5      -1.4      25.6 
    -10.5      26.4      -1.4      11.5 
    -12.2      29.6      -1.6       9.2 
36645 -0.000000 -44.343372 -7.659310 
124438.6  11488.3     -0.1     43.3     40.0      9.8 
    -0.1     86.6     39.9     34.3  50571.4  56701.5 
    -17.8      49.9      -4.5      73.6 
    -11.6      27.8      -1.2      24.8 
    -10.8      25.3      -1.7      11.8 
    -12.6      28.1      -1.7       8.9 
36646 -0.000000 -44.371635 -7.493876 
127038.3  11484.7     -0.1     43.3     40.1      6.6 
    -0.1     86.6     40.3     34.3  52703.4  58240.7 
    -15.8      45.2       1.8      77.1 
    -11.1      26.4      -1.2      24.1 
    -11.3      23.6      -1.4      11.6 
    -12.5      26.5      -1.6      10.0 
36647 -0.000000 -44.398117 -7.335341 
130220.8  11463.0     -0.1     43.3     40.0      6.8 
    -0.1     86.6     40.2     34.4  53309.1  58983.4 
    -19.0      49.8      -1.9      76.3 
    -11.3      27.8      -1.2      25.7 
    -10.5      24.6      -1.3      11.5 
    -12.2      26.4      -1.6       9.2 
36648 -0.000000 -44.446323 -7.037334 
135444.9  11476.3     -0.1     43.3     40.0      6.7 
    -0.1     86.6     40.2     34.2  57186.1  62541.3 
    -17.5      50.0      -0.8      73.4 
    -11.4      28.0      -1.1      26.4 
    -11.3      25.5      -1.5      11.7 
    -12.4      28.3      -1.6       9.2 
36649 -0.000000 -44.488998 -6.762328 
140846.9  11572.7     -0.1     43.3     40.0      6.6 
    -0.1     86.6     40.3     34.1  57161.7  65293.5 
    -20.0      48.0      -2.6      77.4 
    -11.1      27.7      -1.1      26.7 
    -11.5      24.8      -1.5      13.5 
    -12.8      26.7      -1.3       9.5 
36650 -0.000000 -44.526943 -6.507784 
146772.7  11591.2     -0.1     43.3     40.2      6.8 
    -0.1     86.6     40.2     34.0  61037.6  68771.8 
    -17.3      46.5      -2.0      77.8 
    -11.8      27.9      -1.5      28.3 
    -11.3      25.6      -1.4      12.9 
    -12.9      28.9      -1.3      10.7 
36651 -0.000000 -44.560837 -6.271525 
151952.9  11517.7     -0.1     43.3     40.0      6.5 
    -0.1     86.6     40.1     34.1  63039.9  70244.4 
    -17.1      45.8      -3.2      82.9 
    -11.7      28.3      -1.2      29.2 
    -11.4      24.8      -1.1      13.7 
    -12.5      26.4      -1.4      10.1 
36652 -0.000000 -44.591225 -6.051666 
158015.1  11519.2     -0.1     43.3     40.1      6.9 
    -0.1     86.6     40.3     34.1  65614.8  71363.4 
    -18.9      45.3      -2.0      78.3 
    -11.6      27.8      -1.4      29.5 
    -11.2      25.6      -1.3      12.4 
    -12.7      29.4      -1.4      11.3 
36653 -0.000000 -44.618580 -5.846572 
163044.2  11550.0     -0.1     43.3     40.3      6.8 
    -0.1     86.6     40.3     34.1  64106.2  74886.5 
    -15.1      40.6      -1.8      78.6 
    -11.0      27.6      -1.2      29.3 
    -11.3      24.8      -1.1      13.4 
    -12.7      27.3      -1.1      11.0 
36654 -0.000000 -44.643284 -5.654816 
169028.3  11578.5     -0.1     43.3     40.2      6.7 
    -0.1     86.6     40.5     33.9  66376.6  77493.0 
    -15.8      40.4      -2.9      82.2 
    -11.6      27.8      -0.8      29.1 
    -11.4      25.9      -1.2      13.2 
    -12.7      29.1      -1.5       9.7 
36655 -0.000000 -44.665680 -5.475147 
174729.7  11696.9     -0.1     43.3     40.2      6.9 
    -0.1     86.6     40.4     33.8  68562.1  80148.9 
    -13.4      40.2      -4.5      79.5 
    -11.5      27.6      -0.8      30.5 
    -11.1      24.6      -1.1      14.3 
    -12.7      27.5      -1.1      10.9 
36656 -0.000000 -44.686035 -5.306466 
180146.7  11596.7     -0.1     43.3     40.3      6.6 
    -0.1     86.6     40.4     33.8  75491.7  84465.2 
    -15.0      36.8      -2.8      80.4 
    -11.3      27.4      -0.6      31.7 
    -11.8      25.1      -1.0      14.5 
    -13.0      29.6      -1.4      11.3 
36657 -0.000000 -44.704586 -5.147801 
185358.5  11617.3     -0.1     43.3     40.2      6.4 
    -0.1     86.6     40.2     33.7  77966.5  85701.4 
    -13.9      33.8      -4.1      73.4 
    -11.6      26.5      -1.2      31.7 
    -11.3      24.7      -1.1      15.1 
    -12.5      27.5      -1.3      11.3 
36658 -0.000000 -44.721550 -4.998291 
191120.0  11621.1     -0.1     43.3     40.4      6.8 
    -0.1     86.6     40.5     33.7  76557.0  86521.1 
    -14.6      33.5       5.1      84.9 
    -11.7      27.4      -1.5      31.5 
    -11.4      25.2      -1.3      15.4 
    -12.5      29.2      -1.1      11.0 
36659 -0.000000 -44.737095 -4.857171 
196536.0  11747.8     -0.1     43.3     40.2      6.6 
    -0.1     86.6     40.4     33.6  74416.8  88825.3 
    -11.6      31.9       0.6      85.7 
    -11.4      26.0      -0.6      31.6 
    -11.2      24.6      -1.3      15.3 
    -12.9      28.2      -1.3      12.1 
36660 -0.000000 -44.751385 -4.723757 
202116.8  11618.9     -0.1     43.3     40.3      6.7 
    -0.1     86.6     40.4     33.7  84200.1  91129.1 
    -12.7      30.0       3.1      76.2 
    -11.5      26.1      -1.1      33.3 
    -11.9      25.3      -1.1      15.4 
    -13.4      29.4      -1.4      11.7 
36661 40.647488 -0.000000 -19.307556 
 48493.6   9230.8      0.0     41.6     34.2     28.9 
    -0.0     84.3     34.2     57.7  16754.5  19489.4 
      0.5      77.2      18.0      43.6 
     -0.5      36.0      10.4      20.2 
      0.7      20.6       9.9      17.6 
     -0.5      11.0      11.1      20.3 
36662 39.954453 -0.000000 -20.703671 
 45449.4   9508.1      0.0     41.3     34.2     28.9 
     0.0     84.2     34.2     57.7  16284.2  17844.7 
      1.8      80.7      16.0      44.3 
     -1.0      32.5       9.6      20.4 
     -0.4       9.0       9.4      17.9 
     -0.1       4.4      10.6      18.7 
36663 39.094978 -0.000000 -22.284138 
 42329.7   9930.4      0.2     41.6     34.2     28.9 
     0.2     84.3     34.2     57.7  14429.8  16627.6 
      0.7      82.1      16.6      46.4 
     -1.6      30.2       9.5      19.3 
      0.9      12.3       8.9      16.3 
     -0.2       2.5       9.5      17.6 
36664 38.016857 -0.000000 -24.077343 
 39119.1  10462.2      0.6     41.3     34.2     28.9 
     0.5     84.3     34.2     57.7  13874.4  15337.9 
     -1.4      81.4      18.4      50.2 
      1.4      29.5       8.3      19.8 
      1.6      14.0       8.4      16.8 
     -0.0       5.1       8.7      17.4 
36665 36.648933 -0.000000 -26.112364 
 36041.8  11096.4     -0.1     41.5     34.2     28.9 
    -0.0     84.4     34.2     57.7  13119.2  14490.8 
     -1.3      80.8      16.6      48.6 
     -0.1      28.6       8.0      17.7 
     -0.3       7.0       7.9      14.4 
      0.4       3.5       8.0      15.2 
36666 34.894611 -0.000000 -28.414185 
 33272.3  12159.2     -0.0     41.8     34.2     28.9 
    -0.0     84.7     40.8      9.3  10802.3  12407.8 
      1.3      81.1      15.8      47.6 
      1.0      25.1       6.7      17.1 
      0.3       6.0       6.9      14.6 
      0.1       2.3       7.0      15.6 
36667 32.624973 -0.000000 -30.993725 
 30718.3  13506.4     -0.7     41.6     34.2     28.9 
    -0.6     84.6     39.7     13.2  10881.9  11725.5 
      4.3      77.5      12.8      47.9 
      0.5      21.7       5.9      15.0 
      0.6       7.8       5.7      11.8 
      0.0       1.5       5.5      12.1 
36668 29.674702 -0.000000 -33.829159 
 28525.9  15954.0      0.2     41.8     39.4      8.9 
     0.2     84.7     39.4     23.7   8821.6   9962.9 
     -1.4      76.7      10.4      46.4 
      1.0      21.8       4.3      14.5 
     -0.2       4.3       4.2      11.4 
      0.1       2.5       4.3      12.3 
36669 25.849159 -0.000000 -36.835049 
 26299.8  19708.9      0.2     41.7     39.3      8.7 
     0.1     84.7     39.3     34.8   9220.0  10074.1 
     -2.8      73.0       8.9      45.2 
     -0.6      17.2       2.8      11.5 
      0.2       3.3       2.9       8.2 
     -0.0       3.6       2.5       7.3 
36670 20.958590 -0.000000 -39.821320 
 24972.7  20766.2     -0.0     41.9     38.4     17.2 
    -0.0     84.8     38.4     45.3   8465.5   9433.9 
     -1.3      72.3       8.0      51.3 
     -0.4      18.1      -0.2      11.1 
      0.6       6.4      -0.6       8.3 
      0.1       1.9      -1.1       7.1 
36671 14.898947 -0.000000 -42.462002 
 23596.9  19478.2     -0.5     41.8     34.9     25.1 
    -0.6     84.8     35.0     53.6   8410.0   9095.0 
     -2.5      73.5      10.2      63.0 
     -1.0      15.3      -1.1      11.1 
      0.5       4.6      -1.4       4.4 
      0.1       1.2      -1.4       3.2 
36672 11.452198 -0.000000 -43.518353 
 22990.0  18968.0      0.5     42.0     34.6     24.9 
     0.5     85.0     34.7     53.4   8191.8   8623.9 
     -0.6      72.5       7.6      62.6 
     -0.5      16.4      -0.5      10.0 
      0.0       2.1      -0.5       4.4 
      0.1       1.6      -0.9       2.9 
36673 7.775977 -0.000000 -44.323067 
 22487.3  18703.6     -0.2     42.1     35.1     21.4 
    -0.1     85.1     35.5     49.7   7541.0   8384.0 
      3.4      70.3       5.5      59.5 
      0.5      12.0      -0.8       8.5 
      0.1       2.0      -1.1       6.5 
      0.1       1.2      -2.0       5.5 
36674 3.932269 -0.000000 -44.827866 
 22083.7  18442.8     -0.0     41.9     34.3     17.0 
    -0.0     85.1     34.9     45.1   7674.6   8134.6 
     -4.0      73.4       0.2      45.2 
      0.8      12.0      -3.1       9.7 
     -0.1       2.1      -3.6       7.4 
      0.1       0.9      -4.2       6.8 
36675 -0.000000 -0.000000 -45.000000 
 21731.5  18099.1      0.1     42.1     33.4     12.8 
     0.1     85.1     34.2     40.3   6999.8   7571.8 
      5.0      70.1      -2.7      44.3 
      1.0      14.5      -4.6      11.2 
     -0.1       2.5      -4.9       9.0 
     -0.2       3.5      -5.8       8.1 
36676 -3.932269 -0.000000 -44.827866 
 21520.2  16186.7      0.7     42.0     31.8      9.8 
     0.7     85.1     33.9     35.6   6575.3   7394.0 
     -4.1      65.2      -5.7      40.2 
      1.3      13.2      -6.0      12.9 
     -0.2       7.1      -6.2      10.3 
      0.1       1.0      -6.8       9.5 
36677 -7.775977 -0.000000 -44.323067 
 21444.7  13890.3      0.2     42.1     28.8      8.9 
     0.2     85.2     33.4     30.8   6337.4   7122.8 
     -2.6      69.7      -5.1      41.7 
      0.3      18.1      -6.3      15.3 
     -0.2       3.4      -6.6      13.2 
      0.1       1.0      -7.8      12.8 
36678 -11.452198 -0.000000 -43.518353 
 21804.0  13132.4     -0.2     42.2     24.3      9.4 
    -0.1     85.2     33.6     25.7   6099.1   6874.9 
      2.2      74.5      -8.7      41.5 
     -1.4      17.0      -6.6      16.4 
     -0.2       5.9      -6.8      14.1 
      0.1       1.5      -8.5      15.7 
36679 -14.898947 -0.000000 -42.462002 
 22271.8  11627.4     -0.1     42.2     17.8     13.0 
    -0.1     85.2     33.4     21.1   5809.3   7167.8 
     -0.6      72.0      -6.1      41.8 
     -0.9      17.6      -7.2      16.9 
      0.4       1.8      -7.0      14.5 
     -0.1       2.0      -9.0      16.3 
36680 -20.958590 -0.000000 -39.821320 
 23611.4  10532.6      0.0     42.2    -18.0     23.7 
     0.0     85.3     32.5     13.3   6924.1   7931.2 
     -0.6      74.0      -8.5      45.6 
     -1.2      18.5      -6.3      18.5 
      0.2       5.4      -6.7      15.0 
     -0.1       2.8      -9.1      15.7 
36681 -25.849159 -0.000000 -36.835049 
 25226.5   9596.1     -0.5     42.4    -27.7     34.2 
    -0.5     85.3     26.5     12.1   5959.6   7539.3 
      1.2      73.4     -10.3      43.1 
     -0.7      21.3      -6.0      20.4 
      0.3       3.9      -6.1      18.4 
      0.1       2.4      -9.0      20.9 
36682 -29.674702 -0.000000 -33.829159 
 27326.3   9009.0     -0.2     42.1     -1.3     90.1 
    -0.1     85.2     34.2     57.7   5578.6   7348.2 
      3.4      76.9      -9.9      41.3 
      0.8      24.9      -5.9      19.9 
     -0.1       5.3      -6.5      17.2 
     -0.0       2.1      -9.0      20.7 
36683 -32.624973 -0.000000 -30.993725 
 30031.9   8503.4     -0.2     42.1    -40.5     98.2 
    -0.1     85.1     34.2     57.7   5521.9   7085.1 
      1.9      78.6      -8.1      41.7 
     -1.1      26.0      -5.3      21.9 
     -1.2      14.0      -5.3      20.3 
     -0.0       5.6      -8.9      23.6 
36684 -34.894611 -0.000000 -28.414185 
 32719.9   8190.2      0.3     42.1     -0.8    136.0 
     0.2     85.0     34.2     57.7   5626.3   7393.9 
      0.6      78.3      -9.6      42.0 
      1.2      26.6      -5.1      20.9 
     -0.1       7.6      -5.7      18.8 
      0.4       3.8      -9.4      25.7 
36685 -36.648933 -0.000000 -26.112364 
 35690.0   8004.7      0.0     42.1      0.3    151.9 
     0.0     85.0     34.2     57.7   4896.4   7507.6 
      2.7      77.6     -10.9      42.4 
     -2.6      30.4      -4.8      23.3 
      0.9      10.7      -5.2      22.1 
      0.4       7.2     -10.1      28.6 
36686 -38.016857 -0.000000 -24.077343 
 38651.2   7836.6      0.6     42.1    -15.5    207.9 
     0.6     84.9     34.2     57.7   6315.5   7870.8 
      3.4      81.2     -10.3      41.5 
     -1.9      32.2      -4.8      22.8 
      0.4      12.0      -5.4      20.6 
      0.1       3.2     -10.7      31.7 
36687 -39.094978 -0.000000 -22.284138 
 41835.4   7780.8     -0.5     42.1     38.8    198.6 
    -0.5     84.8     34.2     57.7   5858.8   7619.9 
     -2.3      80.9      -9.6      40.2 
     -0.5      31.8      -4.6      24.4 
     -0.9      11.3      -4.6      22.2 
      0.2       3.1     -11.3      35.3 
36688 -39.954453 -0.000000 -20.703671 
 44970.9   7583.7     -0.0     41.9    -13.1    221.2 
    -0.0     84.7     34.2     57.7   6446.8   8656.4 
      2.2      74.3     -10.3      41.5 
      0.0      38.2      -4.6      23.0 
      0.6      13.5      -4.9      21.7 
      0.4      11.4     -11.8      38.6 
36689 -40.647488 -0.000000 -19.307556 
 48464.7   7643.6     -0.1     42.0    -96.7    195.4 
    -0.0     84.7     34.2     57.7   6005.4   9007.5 
      1.2      79.8      -9.1      38.9 
      0.2      39.2      -4.1      24.4 
     -2.0      20.5      -4.8      23.0 
     -0.3      11.5     -12.7      41.6 
36690 37.802700 -16.538681 -17.956282 
 51296.8   9891.8    -32.9     77.7    216.0    110.7 
    -1.2     23.2     34.2     57.7  13144.3  16718.9 
     -9.5      55.3      17.7      46.6 
     -5.7      21.3       9.7      20.0 
     -5.9      16.4       9.6      17.8 
     -5.7      16.3       9.6      21.7 
36691 36.787724 -17.557777 -19.062731 
 48158.9  10299.5    -59.7    130.9     34.2     28.9 
    -1.5     23.9     34.2     57.7  13749.7  16431.6 
     -9.9      53.5      16.3      47.4 
     -6.1      20.8       9.1      20.7 
     -5.5      16.3       8.3      18.7 
     -6.1      16.1       9.4      20.4 
36692 35.569786 -18.674139 -20.274778 
 45412.0  10891.5    -56.7     73.2    159.6    111.7 
    -1.5     24.8     34.2     57.7  15089.2  16678.7 
    -10.5      52.8      16.3      47.0 
     -6.0      21.0       8.5      19.2 
     -6.1      16.6       8.7      16.0 
     -6.3      16.4       8.7      18.2 
36693 34.100807 -19.892136 -21.597176 
 42713.5  11578.3    -28.0     68.3     34.2     28.9 
    -1.2     25.6     34.2     57.7  13692.2  15836.5 
    -10.3      51.4      15.9      49.6 
     -6.3      21.2       8.0      19.3 
     -6.1      16.8       8.0      16.8 
     -6.4      16.6       8.1      17.8 
36694 32.322113 -21.211386 -23.029505 
 40015.7  12655.1     -0.1     43.3     34.2     28.9 
    -1.4     26.6     34.2     57.7  13033.7  14539.3 
    -10.9      50.6      14.8      49.2 
     -6.4      21.6       7.4      17.6 
     -6.2      17.2       7.2      14.5 
     -6.4      17.4       7.1      15.5 
36695 30.164263 -22.623199 -24.562328 
 37593.0  14127.0    -11.0     14.8     34.2     28.9 
    -2.0     27.5     36.6     13.1  11992.3  13159.2 
    -10.6      53.2      14.2      50.6 
     -6.6      21.4       6.3      16.9 
     -6.4      17.0       6.2      14.3 
     -6.8      17.6       6.2      15.2 
36696 27.549229 -24.105576 -26.171766 
 35522.1  15339.3    -26.7     18.3     34.2     28.9 
    -2.3     28.2     39.0     12.6  11744.6  13289.4 
    -12.3      50.9      11.4      48.9 
     -7.3      21.8       5.6      15.4 
     -6.7      17.4       5.2      11.5 
     -7.2      17.9       4.9      12.0 
36697 24.397142 -25.617001 -27.812742 
 33548.6  16635.3     -1.6     19.1     37.2     12.4 
    -2.3     29.2     38.8     22.3  10857.3  12117.4 
    -13.1      52.4      11.6      49.9 
     -7.1      21.8       3.7      15.1 
     -7.5      17.8       3.8      11.6 
     -7.0      18.8       3.8      11.8 
36698 20.640287 -27.090378 -29.412409 
 32023.7  16972.8     -7.8     15.9     38.4      8.1 
    -2.1     30.0     38.5     33.3  10180.6  11655.7 
    -13.4      51.3       9.0      51.6 
     -7.4      21.3       2.5      11.7 
     -7.3      17.4       2.4       8.4 
     -7.7      18.6       2.1       7.8 
36699 16.245913 -28.430346 -30.867231 
 30850.6  16452.0     -2.1     27.5     38.1     16.2 
    -2.7     30.0     38.2     44.1  10422.6  11179.9 
    -13.0      50.1       8.7      58.0 
     -7.6      22.0      -0.6      12.0 
     -7.4      17.9      -1.2       8.9 
     -7.5      18.8      -1.3       8.1 
36700 11.245388 -29.519146 -32.049355 
 29756.9  15653.0     -8.0     20.7     34.8     24.9 
    -3.4     30.5     34.9     53.4  10377.5  11459.9 
    -12.4      50.2      10.8      66.9 
     -8.3      21.7      -1.7      11.3 
     -7.8      17.7      -1.9       5.3 
     -8.3      19.0      -1.8       4.5 
36701 8.551672 -29.930853 -32.496353 
 29489.4  15515.7    -17.0     21.8     34.6     24.3 
    -3.0     30.5     34.8     52.8   9867.4  10851.8 
    -12.0      50.4       7.8      66.5 
     -8.5      22.1      -0.3      13.9 
     -8.5      17.8      -0.0       4.5 
     -8.7      19.1      -0.6       3.2 
36702 5.759181 -30.235706 -32.827335 
 29098.8  15284.2    -19.1     17.4     36.3     20.6 
    -3.5     30.7     36.6     49.0   9797.9  10712.3 
    -14.5      50.4       2.4      59.2 
     -8.6      22.0       0.1      10.4 
     -8.5      18.1      -0.3       6.8 
     -9.0      19.4      -1.0       6.1 
36703 2.897443 -30.423149 -33.030846 
 28796.6  15287.8    -19.8     18.0     36.0     16.5 
    -3.5     30.9     36.6     43.9  10003.7  10723.3 
    -12.1      49.6      -0.1      51.2 
     -8.4      22.5      -2.0      10.6 
     -8.3      18.3      -2.3       7.9 
     -9.3      19.6      -3.2       7.3 
36704 -0.000000 -30.486408 -33.099529 
 28517.4  15211.7    -23.8     24.8     35.4     11.3 
    -3.6     31.1     36.3     38.7   9005.3   9872.0 
    -12.2      51.1      -2.4      50.3 
     -8.3      22.3      -3.7      11.0 
     -8.2      18.1      -3.8       9.1 
     -9.3      20.2      -4.7       8.6 
36705 -2.897443 -30.423149 -33.030846 
 28280.1  15055.3    -11.8     24.6     33.8      8.6 
    -3.4     31.4     35.8     33.4   8788.2   9866.3 
    -13.2      48.2      -4.1      46.0 
     -8.4      22.5      -4.8      13.2 
     -8.5      19.0      -5.4      10.6 
     -8.8      20.3      -5.7       9.8 
36706 -5.759181 -30.235706 -32.827335 
 28327.9  15312.2    -12.3     21.1     29.0      9.4 
    -3.7     31.8     35.6     28.5   8414.4   9863.3 
    -14.5      49.5      -5.4      43.5 
     -8.5      22.6      -5.3      15.1 
     -8.2      18.5      -5.8      12.4 
     -9.1      20.1      -6.6      12.6 
36707 -8.551672 -29.930853 -32.496353 
 28400.4  14706.1    -15.1     25.5     22.5     13.2 
    -3.4     32.0     35.6     23.3   7991.8   9454.7 
    -13.2      50.3      -5.6      47.4 
     -8.1      22.7      -5.8      15.5 
     -8.0      19.4      -6.2      13.5 
     -9.1      20.8      -7.1      14.6 
36708 -11.245388 -29.519146 -32.049355 
 28665.2  14581.2    -14.2     25.5     15.7     14.7 
    -3.5     31.8     35.4     18.7   8105.5   9240.2 
    -12.2      50.0      -6.7      44.6 
     -8.4      23.1      -6.0      15.8 
     -8.3      19.1      -6.4      13.0 
     -8.8      21.0      -7.5      14.9 
36709 -16.245913 -28.430346 -30.867231 
 29633.1  13343.3    -10.9     22.3    -12.6     34.2 
    -2.9     31.4     33.7     12.6   8464.3   9603.9 
    -12.0      51.6      -7.4      44.0 
     -7.4      22.6      -5.3      17.1 
     -7.2      18.6      -5.7      14.6 
     -8.0      20.2      -7.1      15.0 
36710 -20.640287 -27.090378 -29.412409 
 30754.0  11987.3    -15.3     38.2     -2.6     63.9 
    -2.9     31.0     25.0     17.0   7573.3   8850.5 
    -12.6      52.8      -7.6      45.7 
     -7.3      22.5      -4.9      18.6 
     -7.2      19.0      -5.2      17.1 
     -7.9      20.4      -7.1      19.6 
36711 -24.397142 -25.617001 -27.812742 
 32641.1  10925.2    -26.4     50.2    -12.9     85.9 
    -2.6     29.9     34.2     57.7   7530.1   9317.8 
    -11.6      52.3      -7.1      47.2 
     -7.1      22.4      -4.9      19.3 
     -6.6      18.5      -4.9      16.8 
     -7.6      19.9      -7.0      19.3 
36712 -27.549229 -24.105576 -26.171766 
 34539.2  10234.7    -25.7     62.2     -0.1    131.0 
    -2.4     29.1     34.2     57.7   6820.9   8613.2 
    -11.2      52.2      -8.2      46.8 
     -6.4      22.7      -4.1      21.4 
     -6.8      18.5      -4.8      19.7 
     -7.4      19.0      -7.2      24.2 
36713 -30.164263 -22.623199 -24.562328 
 36747.6   9628.8    -43.9     58.9    -61.7    119.9 
    -2.3     28.2     34.2     57.7   6009.8   7817.0 
    -13.4      52.3      -9.3      43.7 
     -6.2      22.0      -4.0      21.6 
     -6.1      17.7      -4.7      19.0 
     -7.4      19.0      -8.4      27.5 
36714 -32.322113 -21.211386 -23.029505 
 39130.1   9137.5    -33.9     70.9    -38.3    165.5 
    -2.3     27.0     34.2     57.7   6310.2   7797.4 
    -12.1      52.8     -10.1      42.9 
     -6.4      21.6      -4.0      23.5 
     -6.3      17.5      -4.5      21.6 
     -7.3      19.2      -9.8      32.6 
36715 -34.100807 -19.892136 -21.597176 
 41657.9   8717.1    -34.6     72.3    -47.8    185.6 
    -1.8     26.3     34.2     57.7   5672.0   7121.4 
    -10.5      54.3      -9.8      43.3 
     -5.7      21.3      -4.1      22.9 
     -6.2      17.5      -5.1      21.5 
     -7.2      19.0     -10.8      38.3 
36716 -35.569786 -18.674139 -20.274778 
 44399.7   8443.0    -32.9     77.3    -74.0    196.8 
    -2.5     25.3     34.2     57.7   5153.3   7006.5 
    -10.7      54.8      -8.0      43.2 
     -5.8      21.3      -4.2      25.1 
     -5.7      17.3      -4.7      23.6 
     -7.2      18.2     -11.2      44.5 
36717 -36.787724 -17.557777 -19.062731 
 47212.4   8233.2    -26.0     80.4    -66.9    229.4 
    -1.9     24.4     34.2     57.7   6431.1   8518.5 
     -8.7      52.4      -9.6      41.9 
     -6.1      21.1      -4.7      24.8 
     -5.7      17.4      -4.4      24.3 
     -7.3      19.5     -12.1      52.1 
36718 -37.802700 -16.538681 -17.956282 
 50157.1   8060.0    -23.7     81.9    -62.1    250.7 
    -1.8     23.8     34.2     57.7   6041.1   7581.4 
    -10.6      55.8      -9.3      41.6 
     -5.8      21.0      -4.0      26.3 
     -5.3      17.1      -4.0      26.0 
     -7.3      19.9     -13.0      57.6 
36719 31.889639 -27.903433 -15.147578 
 60366.8  11830.3     -0.1     43.3     34.2     28.9 
    -0.1     86.6     34.2     57.7  17880.5  21826.3 
    -12.0      48.9      15.8      44.5 
     -7.4      24.3       9.6      20.0 
     -7.1      20.5       9.0      15.9 
     -7.6      22.2       9.3      18.2 
36720 30.480156 -29.094694 -15.794263 
 57978.3  12340.6     -0.1     43.3     34.2     28.9 
    -0.1     86.6     34.2     57.7  19906.8  23082.1 
    -13.7      54.1      16.2      48.3 
     -7.4      24.6       9.0      20.3 
     -6.9      20.8       8.7      16.8 
     -7.4      21.5       8.7      18.1 
36721 28.882971 -30.327118 -16.463293 
 55776.8  12950.6     -0.1     43.3     34.2     28.9 
    -0.1     86.6     34.2     57.7  19936.2  21633.6 
    -14.4      52.5      13.9      47.4 
     -7.0      24.5       8.4      18.3 
     -7.2      22.0       8.4      15.0 
     -8.0      22.2       8.5      15.1 
36722 27.075920 -31.588573 -17.148083 
 53548.8  13399.8     -0.1     43.3     34.2     28.9 
    -0.1     86.6     34.2     57.7  17775.6  20147.9 
    -13.1      50.9      15.1      51.2 
     -7.3      25.1       7.8      18.3 
     -7.5      21.9       7.7      15.2 
     -8.5      22.4       7.9      15.9 
36723 25.037458 -32.861668 -17.839190 
 51644.4  13915.2     -0.1     43.3     34.2     28.9 
    -0.1     86.6     34.2     57.7  18042.6  19791.2 
    -13.9      49.6      15.3      50.6 
     -7.9      25.2       7.2      16.8 
     -7.3      21.8       6.9      12.6 
     -8.2      22.5       7.0      12.9 
36724 22.748573 -34.122864 -18.523840 
 50068.3  13778.5     -0.1     43.3     34.2     28.9 
    -0.1     86.6     35.0      8.5  17032.7  18581.9 
    -15.1      52.5      13.8      53.0 
     -7.8      25.1       6.4      16.6 
     -7.8      22.3       6.0      12.7 
     -8.4      22.8       6.0      12.6 
36725 20.195421 -35.341984 -19.185650 
 48183.9  13803.4     -0.1     43.3     34.2     28.9 
    -0.1     86.6     38.4      9.5  17170.8  19296.5 
    -14.6      51.1      11.7      52.4 
     -8.6      25.7       5.3      14.9 
     -7.4      22.4       4.8      10.0 
     -8.6      23.0       4.7      10.0 
36726 17.372576 -36.482407 -19.804735 
 47232.0  13557.1     -0.1     43.3     34.2     28.9 
    -0.1     86.6     38.8     19.0  16615.6  17977.2 
    -14.8      51.4       9.0      51.3 
     -8.0      25.6       3.5      15.3 
     -8.2      22.2       3.4      10.8 
     -8.6      23.1       3.4      10.4 
36727 14.286614 -37.502361 -20.358425 
 45947.5  13143.2     -0.1     43.3     38.5      6.0 
    -0.1     86.6     38.6     30.4  16745.8  17876.5 
    -15.1      49.9       5.9      50.9 
     -8.9      25.8       2.2      12.8 
     -8.1      22.4       2.0       7.8 
     -9.1      22.5       1.8       7.0 
36728 10.959324 -38.357632 -20.822714 
 45259.4  12823.5     -0.1     43.3     38.9     14.4 
    -0.1     86.6     38.7     42.4  16371.6  18063.3 
    -14.8      51.0       6.2      60.4 
     -8.4      25.8      -0.4      13.9 
     -8.8      22.7      -0.7       9.1 
     -9.7      22.8      -1.3       8.4 
36729 7.429648 -39.005653 -21.174498 
 44660.5  12629.0     -0.1     43.3     35.6     24.0 
    -0.1     86.6     35.7     52.6  16913.4  18366.3 
    -16.8      49.4       4.8      70.2 
     -8.9      26.0      -1.3      20.9 
     -9.1      22.5      -2.0       6.4 
    -10.1      22.2      -2.1       5.3 
36730 5.605763 -39.240341 -21.301901 
 44573.7  12564.8     -0.1     43.3     35.4     23.7 
    -0.1     86.6     35.4     52.0  16250.3  17894.7 
    -15.2      49.2       1.6      67.7 
     -9.4      25.6       0.9      21.3 
     -9.5      22.6       0.3       7.0 
    -10.4      22.6      -0.2       4.7 
36731 3.753390 -39.410595 -21.394323 
 44515.6  12594.8     -0.1     43.3     37.3     19.6 
    -0.1     86.6     37.6     47.9  15900.2  17268.7 
    -15.9      49.9       1.4      64.2 
     -9.4      26.0       0.7      16.2 
     -9.5      22.4       0.6       8.4 
    -10.8      22.3       0.2       6.8 
36732 1.881610 -39.513817 -21.450357 
 44076.1  12490.2     -0.1     43.3     37.8     14.2 
    -0.1     86.6     38.2     42.5  15889.6  17408.2 
    -16.0      50.3       0.4      57.1 
     -9.9      25.4      -1.0      14.1 
     -9.4      22.7      -1.5       8.4 
    -11.0      22.6      -2.1       7.3 
36733 -0.000000 -39.548401 -21.469133 
 44034.3  12421.4     -0.1     43.3     37.8     12.4 
    -0.1     86.6     37.9     36.4  15502.4  16886.8 
    -18.1      52.1      -0.3      55.8 
     -9.2      26.0      -2.6      12.4 
     -9.5      22.7      -2.9       8.7 
    -10.9      22.7      -3.4       8.0 
36734 -1.881610 -39.513817 -21.450357 
 43773.9  12451.0     -0.1     43.3     36.4      5.5 
    -0.1     86.6     37.7     30.8  15414.2  16697.1 
    -14.7      50.7      -3.7      52.8 
     -9.5      25.6      -3.9      13.3 
     -9.2      22.9      -3.8       9.6 
    -10.7      23.0      -4.6       8.8 
36735 -3.753390 -39.410595 -21.394323 
 43588.5  12452.1     -0.1     43.3     30.7     10.8 
    -0.1     86.6     37.7     25.0  14323.3  16697.6 
    -14.9      50.0      -7.9      50.1 
     -8.6      25.7      -4.6      14.8 
     -9.6      22.9      -4.9      11.6 
    -10.9      23.6      -5.4      11.0 
36736 -5.605763 -39.240341 -21.301901 
 43570.0  12412.9     -0.1     43.3     22.0     25.9 
    -0.1     86.6     37.6     19.4  14373.8  16123.1 
    -13.0      51.2      -5.4      51.6 
     -8.7      25.6      -4.6      15.2 
     -9.1      23.2      -5.2      12.1 
    -11.1      24.0      -5.9      12.0 
36737 -7.429648 -39.005653 -21.174498 
 43980.5  12609.4     -0.1     43.3      7.9     13.7 
    -0.1     86.6     37.6     14.0  14630.7  16226.5 
    -15.7      51.7      -7.3      47.8 
     -9.6      26.3      -5.2      14.6 
     -9.2      23.0      -4.8      10.9 
    -10.4      24.2      -5.6      11.0 
36738 -10.959324 -38.357632 -20.822714 
 44187.7  12731.1     -0.1     43.3     34.2     28.9 
    -0.1     86.6     35.3      8.4  14244.9  15971.5 
    -13.7      50.7      -5.5      48.6 
     -9.0      26.2      -4.2      16.5 
     -8.9      23.3      -3.9      12.9 
     -9.8      23.7      -4.9      12.5 
36739 -14.286614 -37.502361 -20.358425 
 44966.8  12982.5     -0.1     43.3     34.2     28.9 
    -0.1     86.6     29.6      6.4  14334.6  16207.0 
    -14.2      49.8      -4.6      48.3 
     -8.3      26.1      -3.7      16.5 
     -9.0      23.3      -4.3      13.7 
    -10.0      24.2      -5.4      14.8 
36740 -17.372576 -36.482407 -19.804735 
 46074.6  12608.2     -0.1     43.3     34.2     28.9 
    -0.1     86.6     34.2     57.7  13519.9  15825.8 
    -15.7      52.4      -6.7      48.4 
     -7.6      25.8      -2.6      17.2 
     -8.3      23.3      -3.4      14.4 
     -9.8      24.6      -5.0      15.2 
36741 -20.195421 -35.341984 -19.185650 
 47297.0  12751.0     -0.1     43.3     34.2     28.9 
    -0.1     86.6     34.2     57.7  13615.9  16340.3 
    -14.3      51.8      -6.7      47.0 
     -7.8      26.2      -3.1      18.6 
     -8.1      23.0      -3.4      15.7 
     -9.4      24.3      -4.7      18.1 
36742 -22.748573 -34.122864 -18.523840 
 48854.3  12208.3     -0.1     43.3     34.2     28.9 
    -0.1     86.6     34.2     57.7  13985.9  16619.7 
    -14.8      51.8      -8.0      45.8 
     -7.5      25.8      -2.9      19.0 
     -8.1      23.2      -3.1      16.6 
     -8.8      24.3      -4.5      18.1 
36743 -25.037458 -32.861668 -17.839190 
 50591.4  11354.2    -22.9    169.2      0.3    184.6 
    -0.1     86.6     34.2     57.7  12504.0  16068.8 
    -14.2      52.5      -6.3      43.7 
     -7.4      25.7      -2.6      20.3 
     -7.5      22.6      -2.7      18.4 
     -9.9      25.6      -5.4      22.6 
36744 -27.075920 -31.588573 -17.148083 
 52515.5  10932.1    -17.2    175.3     11.6    205.7 
    -0.1     86.6     34.2     57.7  10039.9  12823.4 
    -15.3      51.1      -8.1      42.1 
     -7.8      25.4      -3.2      19.8 
     -8.0      22.1      -3.2      17.2 
    -10.1      27.1      -5.7      24.5 
36745 -28.882971 -30.327118 -16.463293 
 54615.8  10519.9    -58.9    158.2    -48.1    190.0 
    -0.1     86.6     34.2     57.7   8837.2  12475.7 
    -13.3      50.3      -6.5      39.9 
     -7.5      25.2      -2.9      21.6 
     -7.6      22.2      -3.1      20.5 
     -9.9      29.3      -6.4      31.0 
36746 -30.480156 -29.094694 -15.794263 
 56925.6  10129.1    -31.8    177.8    -33.2    226.7 
    -0.1     86.6     34.2     57.7   8212.9  11196.1 
    -12.6      51.0      -7.4      38.8 
     -7.6      24.8      -2.8      20.8 
     -7.6      21.0      -3.3      18.7 
    -10.4      31.6      -6.8      35.0 
36747 -31.889639 -27.903433 -15.147578 
 59139.1   9748.4    -25.3    178.4    -32.3    235.4 
    -0.1     86.6     34.2     57.7   7324.0   9732.0 
    -11.4      53.3      -6.6      40.0 
     -7.2      25.1      -2.9      23.7 
     -7.5      21.9      -3.0      22.3 
    -10.5      33.5      -8.4      42.9 
36748 21.730955 -38.029171 -10.322203 
 89098.8  12995.0     -0.1     43.3     34.2     28.9 
    -0.1     86.6     34.2     57.7  32106.9  36599.1 
    -13.2      48.2      12.7      48.2 
     -8.9      26.7       9.1      18.6 
     -8.8      23.9       8.6      13.8 
     -9.7      27.4       9.0      14.4 
36749 20.301725 -38.757835 -10.519984 
 87872.6  12841.6     -0.1     43.3     34.2     28.9 
    -0.1     86.6     34.2     57.7  31436.4  35816.4 
    -14.1      47.6      14.6      52.6 
     -8.4      26.7       8.6      19.8 
     -8.8      23.8       8.5      14.1 
     -9.5      27.3       8.6      14.9 
36750 18.790987 -39.461071 -10.710862 
 86761.2  12703.4     -0.1     43.3     34.2     28.9 
    -0.1     86.6     34.2     57.7  31961.5  35562.5 
    -13.5      47.2      11.9      56.6 
     -9.4      27.3       8.5      19.3 
     -9.2      24.8       8.1      12.5 
     -9.4      27.3       8.1      12.8 
36751 17.199198 -40.131458 -10.892824 
 85421.3  12697.9     -0.1     43.3     34.2     28.9 
    -0.1     86.6     34.2     57.7  31507.3  35075.3 
    -17.0      49.6      14.6      59.0 
     -8.8      27.1       7.8      19.7 
     -8.2      23.8       7.3      13.0 
    -10.1      27.6       7.8      13.2 
36752 15.528065 -40.761169 -11.063745 
 84200.7  12356.2     -0.1     43.3     34.2     28.9 
    -0.1     86.6     34.2     57.7  29113.4  34697.0 
    -14.2      46.0      12.5      61.9 
     -9.6      27.5       7.1      17.6 
     -9.0      24.4       6.8      10.7 
     -9.7      28.6       6.8      10.3 
36753 13.780708 -41.342125 -11.221435 
 83355.9  12186.3     -0.1     43.3     34.2     28.9 
    -0.1     86.6     34.2     57.7  30606.0  34467.3 
    -15.9      44.8       8.3      59.0 
     -9.8      28.0       6.4      19.9 
     -9.1      24.8       6.1      11.7 
    -10.4      28.3       6.4      11.3 
36754 11.961784 -41.866245 -11.363695 
 82582.2  12076.7     -0.1     43.3     95.7     58.4 
    -0.1     86.6     39.0      5.4  28645.6  34676.1 
    -16.8      48.4       9.4      64.5 
     -9.5      27.0       5.3      18.5 
     -9.5      24.0       5.1       8.9 
    -10.3      26.8       4.9       8.0 
36755 10.077535 -42.325645 -11.488389 
 81908.9  11765.6     -0.1     43.3     34.2     28.9 
    -0.1     86.6     39.6     15.0  31778.8  34954.5 
    -18.1      50.6       7.1      70.9 
     -9.8      26.7       3.9      20.1 
     -9.9      24.3       3.3      11.1 
    -10.4      27.2       3.5      10.2 
36756 8.135806 -42.712982 -11.593524 
 81430.5  11700.2     -0.1     43.3     39.4     11.2 
    -0.1     86.6     39.5     27.7  32482.8  35391.8 
    -17.9      48.9       7.6      66.9 
    -10.5      26.9       2.5      18.6 
     -9.8      23.7       2.1       8.3 
    -10.5      27.0       2.2       7.2 
36757 6.145958 -43.021706 -11.677320 
 81288.1  11744.4     -0.1     43.3     39.5     12.2 
    -0.1     86.6     39.2     40.3  32342.2  35303.1 
    -16.2      48.8       2.8      71.7 
    -10.6      28.0       0.4      21.4 
    -10.2      24.2      -0.5      10.4 
    -11.1      26.8      -0.8       9.1 
36758 4.118702 -43.246368 -11.738300 
 81086.3  11629.5     -0.1     43.3     36.3     23.2 
    -0.1     86.6     36.3     51.5  33121.3  35569.8 
    -17.3      47.6       5.4      83.0 
    -10.6      27.2      -0.1      32.9 
    -10.3      24.0      -1.1      10.6 
    -10.9      26.3      -1.9       6.9 
36759 3.094703 -43.325836 -11.759871 
 80986.9  11695.2     -0.1     43.3     36.1     22.7 
    -0.1     86.6     36.2     51.1  33791.7  36560.5 
    -16.6      49.5       1.3      84.5 
    -11.1      26.7       1.6      34.1 
    -10.7      24.0       1.3      13.6 
    -11.6      26.5       0.6       8.4 
36760 2.065851 -43.382874 -11.775351 
 81101.9  11623.3     -0.1     43.3     38.6     18.5 
    -0.1     86.6     38.7     46.9  33595.2  36456.2 
    -17.7      49.3       6.7      75.8 
    -11.0      27.5       1.7      27.0 
    -10.8      24.2       1.3      11.4 
    -11.6      26.1       1.0       8.6 
36761 1.033743 -43.417198 -11.784668 
 80815.0  11559.1     -0.1     43.3     39.4     13.1 
    -0.1     86.6     39.6     41.4  33448.4  35849.8 
    -18.7      48.2       2.1      72.3 
    -11.1      26.7      -0.2      21.7 
    -10.7      23.9      -0.7      10.5 
    -11.9      26.8      -1.0       8.2 
36762 -0.000000 -43.428661 -11.787779 
 80674.1  11658.4     -0.1     43.3     39.1      7.5 
    -0.1     86.6     39.4     35.0  29865.8  34175.9 
    -16.8      48.3      -2.2      67.7 
    -11.1      27.3      -1.7      18.4 
    -10.3      24.2      -1.7       9.4 
    -12.0      27.3      -2.2       8.3 
36763 -1.033743 -43.417198 -11.784668 
 80449.9  11529.4     -0.1     43.3     37.0     10.0 
    -0.1     86.6     39.3     28.7  32894.1  35798.8 
    -16.6      46.5      -4.9      60.8 
    -10.8      27.3      -3.2      17.4 
    -10.1      24.2      -3.1      10.4 
    -11.3      26.9      -3.2       8.7 
36764 -2.065851 -43.382874 -11.775351 
 80556.3  11658.4     -0.1     43.3     13.7     37.8 
    -0.1     86.6     39.3     22.4  30252.6  34220.8 
    -18.9      50.2      -1.9      64.6 
    -10.8      26.8      -4.7      18.7 
    -10.6      24.2      -4.9      11.9 
    -11.5      27.5      -4.9      10.9 
36765 -3.094703 -43.325836 -11.759871 
 80327.0  11564.4     -0.1     43.3     28.2    134.0 
    -0.1     86.6     39.1     16.0  29778.7  33495.3 
    -19.5      50.6      -4.6      67.1 
    -10.5      27.0      -4.4      19.1 
    -10.4      24.7      -4.5      11.7 
    -11.7      27.9      -4.9      10.9 
36766 -4.118702 -43.246368 -11.738300 
 80295.5  11590.6     -0.1     43.3     16.4     66.4 
    -0.1     86.6     39.0      9.8  28844.4  33075.7 
    -16.3      48.7      -5.0      61.0 
    -10.8      27.8      -3.7      17.0 
    -10.5      24.3      -4.0       9.6 
    -11.3      28.6      -4.1       8.8 
36767 -6.145958 -43.021706 -11.677320 
 80156.0  11675.4     -0.1     43.3     12.3     81.5 
    -0.1     86.6     34.2     57.7  27111.9  33234.8 
    -15.7      48.1      -3.5      60.3 
    -10.2      27.3      -3.4      17.3 
     -9.9      24.6      -3.1      11.4 
    -11.3      28.9      -3.5      10.8 
36768 -8.135806 -42.712982 -11.593524 
 80468.2  11748.5     -0.1     43.3    -21.4     90.8 
    -0.1     86.6     34.2     57.7  26904.2  32138.8 
    -16.1      48.3      -5.4      54.8 
    -10.0      27.5      -3.1      16.6 
    -10.1      25.0      -2.9      11.1 
    -10.9      30.3      -3.3      11.4 
36769 -10.077535 -42.325645 -11.488389 
 80990.8  11856.6     -0.1     43.3     34.2     28.9 
    -0.1     86.6     34.2     57.7  25399.4  31680.5 
    -15.6      50.3      -4.5      53.9 
    -10.1      27.8      -2.1      18.5 
     -9.6      24.9      -1.8      12.1 
    -11.5      29.5      -2.7      12.5 
36770 -11.961784 -41.866245 -11.363695 
 81437.6  12029.6     -0.1     43.3     34.2     28.9 
    -0.1     86.6     34.2     57.7  25170.8  30488.1 
    -17.1      50.2      -4.8      51.7 
     -9.9      27.9      -2.1      17.3 
     -9.5      25.4      -2.2      12.6 
    -11.3      29.6      -3.2      13.5 
36771 -13.780708 -41.342125 -11.221435 
 82202.8  12124.5     -0.1     43.3     34.2     28.9 
    -0.1     86.6     34.2     57.7  25888.1  31721.9 
    -17.0      51.9      -3.9      51.2 
     -9.4      27.5      -1.5      17.8 
     -9.7      24.8      -1.6      12.8 
    -11.0      29.4      -2.5      14.2 
36772 -15.528065 -40.761169 -11.063745 
 83032.1  12352.5     -0.1     43.3     34.2     28.9 
    -0.1     86.6     34.2     57.7  25569.4  32606.1 
    -16.9      50.4      -5.7      44.8 
     -9.5      28.8      -1.8      18.6 
     -9.7      25.2      -2.0      14.4 
    -11.3      29.7      -2.7      15.9 
36773 -17.199198 -40.131458 -10.892824 
 84260.2  12466.5     -0.1     43.3     34.2     28.9 
    -0.1     86.6     34.2     57.7  27481.2  33289.5 
    -15.8      49.7      -5.9      45.5 
     -9.5      27.1      -1.1      17.6 
     -9.2      24.4      -1.3      14.1 
    -10.7      28.5      -2.3      15.9 
36774 -18.790987 -39.461071 -10.710862 
 85250.2  12579.2     -0.1     43.3     34.2     28.9 
    -0.1     86.6     34.2     57.7  29066.9  33687.8 
    -15.6      46.8      -4.0      41.1 
     -9.7      27.8      -2.3      19.3 
     -9.1      25.1      -1.5      15.3 
    -10.6      29.3      -2.6      18.1 
36775 -20.301725 -38.757835 -10.519984 
 86821.5  12457.2     -0.1     43.3     34.2     28.9 
    -0.1     86.6     34.2     57.7  28616.8  32374.1 
    -14.3      49.5      -4.6      40.9 
     -9.5      27.6      -1.5      18.2 
     -9.6      24.5      -1.7      15.3 
    -10.9      28.2      -3.0      18.1 
36776 -21.730955 -38.029171 -10.322203 
 88227.4  12385.9     -0.1     43.3     34.2     28.9 
    -0.1     86.6     34.2     57.7  29727.3  33987.9 
    -13.2      48.7      -3.1      38.4 
     -8.9      27.7      -1.5      19.5 
     -9.0      24.6      -1.5      16.8 
    -10.4      28.7      -2.7      20.0 
36777 15.179742 -41.744289 -7.210377 
129135.2  12204.2     -0.1     43.3     34.2     28.9 
    -0.1     86.6     34.2     57.7  38253.4  50628.5 
    -15.5      44.8      15.1      50.8 
    -10.0      28.3       9.0      21.0 
     -9.5      25.2       8.8      12.1 
     -9.9      30.2       8.9      14.8 
36778 14.042964 -42.128887 -7.276808 
128264.8  12107.9     -0.1     43.3     34.2     28.9 
    -0.1     86.6     34.2     57.7  35838.1  53534.2 
    -15.2      46.4      13.5      50.6 
     -9.6      27.5       9.0      22.4 
     -9.8      25.9       8.8      13.2 
    -10.4      31.3       9.0      15.0 
36779 12.875603 -42.489483 -7.339093 
127799.4  12002.6     -0.1     43.3     34.2     28.9 
    -0.1     86.6     34.2     57.7  43784.8  52772.4 
    -15.9      48.8      12.3      61.2 
    -10.2      28.2       8.6      21.6 
     -9.8      25.6       8.1      11.8 
    -10.5      30.6       8.3      11.8 
36780 11.679233 -42.823853 -7.396847 
126540.3  11942.2     -0.1     43.3     34.2     28.9 
    -0.1     86.6     34.2     57.7  43486.4  52462.6 
    -18.7      48.0      14.0      61.7 
    -10.3      28.7       7.7      21.8 
     -9.9      25.5       7.9      12.7 
    -10.5      30.5       8.0      12.6 
36781 10.455710 -43.129807 -7.449694 
126333.4  11887.2     -0.1     43.3     67.5    127.5 
    -0.1     86.6     34.2     57.7  38146.5  52723.1 
    -15.3      42.2      13.7      63.4 
    -10.0      27.9       7.3      21.7 
    -10.1      24.5       6.9      10.8 
    -11.3      30.6       7.2      10.4 
36782 9.207181 -43.405285 -7.497276 
125850.0  11757.0     -0.1     43.3     34.2     28.9 
    -0.1     86.6     34.2     57.7  47637.7  54920.3 
    -16.1      48.2       9.3      71.1 
    -10.5      27.7       6.7      23.4 
    -10.0      25.3       6.3      13.1 
    -11.1      29.7       6.3      11.4 
36783 7.936064 -43.648350 -7.539260 
125327.2  11781.4     -0.1     43.3     34.2     28.9 
    -0.1     86.6     38.4      3.6  47930.1  54953.9 
    -18.7      47.6      10.2      66.6 
    -10.7      28.4       5.7      23.1 
    -10.0      24.9       5.2      10.0 
    -11.0      30.0       5.3       8.2 
36784 6.645037 -43.857243 -7.575342 
125374.4  11671.2     -0.1     43.3     67.1     41.1 
    -0.1     86.6     39.9     12.9  53020.1  58449.4 
    -17.5      47.6       7.2      69.4 
    -11.0      28.3       3.9      25.0 
    -10.1      25.3       3.5      12.9 
    -11.2      28.8       3.4      10.9 
36785 5.337018 -44.030403 -7.605251 
124814.1  11479.8     -0.1     43.3     39.6     35.1 
    -0.1     86.6     39.6     26.1  49599.8  57520.7 
    -17.7      45.6       4.4      76.8 
    -11.0      28.0       3.0      23.7 
    -11.0      24.8       2.1      10.4 
    -11.9      29.0       2.1       7.9 
36786 4.015138 -44.166508 -7.628761 
124768.2  11477.7     -0.1     43.3     39.6     11.2 
    -0.1     86.6     39.1     39.3  51830.3  57167.6 
    -17.3      47.2       6.2      80.6 
    -10.8      27.7       0.4      26.8 
    -11.2      25.0      -0.0      12.7 
    -12.0      28.0      -0.2      10.0 
36787 2.682698 -44.264507 -7.645688 
124759.2  11543.5     -0.1     43.3     37.0     22.6 
    -0.1     86.6     36.7     50.8  49633.4  55938.0 
    -15.9      48.9      -1.7      87.9 
    -11.6      28.4      -0.2      43.0 
    -11.0      25.1      -0.6      18.9 
    -12.9      28.8      -1.7      11.7 
36788 2.013589 -44.298962 -7.651639 
124774.8  11493.9     -0.1     43.3     36.2     22.5 
    -0.1     86.6     36.3     50.6  52049.1  56765.6 
    -18.2      48.4       2.3      86.0 
    -11.0      28.4       1.2      44.0 
    -11.1      25.6       1.3      22.4 
    -12.4      29.0       0.2      14.1 
36789 1.343140 -44.323616 -7.655898 
124911.7  11531.5     -0.1     43.3     38.6     18.2 
    -0.1     86.6     38.6     46.3  50747.6  55519.7 
    -19.9      50.8       4.3      85.4 
    -11.7      27.7      -0.3      37.0 
    -11.4      25.0       1.7      16.7 
    -12.4      28.4       1.0      11.1 
36790 0.671794 -44.338436 -7.658457 
124540.9  11621.0     -0.1     43.3     40.2     12.6 
    -0.1     86.6     40.3     40.8  51141.2  57979.2 
    -16.7      47.0      -2.3      80.4 
    -10.9      27.7       0.1      30.2 
    -10.5      25.1      -0.1      13.6 
    -12.4      28.2      -0.4       9.5 
36791 -0.000000 -44.343372 -7.659310 
124372.0  11515.3     -0.1     43.3     40.0      6.8 
    -0.1     86.6     39.9     34.4  51918.6  56336.8 
    -19.5      48.5      -2.8      73.2 
    -11.3      27.5      -1.2      24.4 
    -10.7      24.9      -1.4      11.5 
    -11.8      28.1      -1.5       8.9 
36792 -0.671794 -44.338436 -7.658457 
124523.7  11443.4     -0.1     43.3     28.6     22.4 
    -0.1     86.6     40.1     27.9  48309.5  53760.9 
    -18.4      48.0      -5.0      73.3 
    -11.2      27.7      -2.7      22.9 
    -11.2      25.2      -3.0      11.1 
    -12.3      29.1      -2.9       9.1 
36793 -1.343140 -44.323616 -7.655898 
124322.0  11545.2     -0.1     43.3     31.5     44.5 
    -0.1     86.6     40.0     21.2  50913.9  55518.5 
    -18.3      49.3      -3.7      74.8 
    -11.3      27.9      -4.9      23.3 
    -10.2      25.0      -4.4      13.0 
    -12.2      29.1      -4.8      11.9 
36794 -2.013589 -44.298962 -7.651639 
124105.6  11674.2     -0.1     43.3     -4.0     42.2 
    -0.1     86.6     40.2     14.6  46560.1  55512.9 
    -17.4      50.5      -5.7      70.2 
    -11.2      28.2      -3.8      23.3 
    -10.8      25.3      -3.8      11.8 
    -12.6      28.9      -4.4      10.8 
36795 -2.682698 -44.264507 -7.645688 
124145.6  11522.3     -0.1     43.3      8.0     57.3 
    -0.1     86.6     39.7      8.0  46905.7  53363.2 
    -18.0      46.7      -0.5      70.2 
    -10.9      27.8      -3.1      21.3 
    -10.5      25.4      -3.3      10.1 
    -12.1      28.9      -3.8       8.4 
36796 -4.015138 -44.166508 -7.628761 
124037.0  11475.9     -0.1     43.3      6.9     69.0 
    -0.1     86.6     34.2     57.7  43731.9  53521.2 
    -16.0      48.0      -3.5      67.0 
    -11.0      28.6      -3.2      22.8 
    -11.2      26.3      -3.3      12.9 
    -11.9      29.9      -3.4      10.9 
36797 -5.337018 -44.030403 -7.605251 
123954.2  11508.5     -0.1     43.3     -1.4     98.9 
    -0.1     86.6     34.2     57.7  43007.3  51319.8 
    -16.7      48.5      -2.5      64.3 
    -11.1      28.5      -2.4      19.6 
    -10.4      25.7      -2.5      11.0 
    -11.5      31.7      -2.7      11.0 
36798 -6.645037 -43.857243 -7.575342 
124223.9  11633.3     -0.1     43.3     34.2     28.9 
    -0.1     86.6     34.2     57.7  41538.7  50400.0 
    -17.1      49.1      -4.4      58.9 
    -10.8      28.4      -2.0      20.0 
    -10.2      25.4      -1.7      11.7 
    -12.5      31.7      -2.3      12.1 
36799 -7.936064 -43.648350 -7.539260 
124300.9  11640.1     -0.1     43.3    -84.6     76.9 
    -0.1     86.6     34.2     57.7  35898.0  47037.0 
    -18.2      52.1      -4.5      55.8 
    -10.4      27.9      -2.0      18.5 
    -10.2      25.7      -1.8      12.3 
    -11.6      31.2      -2.3      12.9 
36800 -9.207181 -43.405285 -7.497276 
124711.0  11673.1     -0.1     43.3     34.2     28.9 
    -0.1     86.6     34.2     57.7  36255.6  49995.5 
    -16.1      48.4      -1.5      55.1 
    -10.3      28.8      -1.2      18.9 
    -10.1      25.7      -1.0      12.0 
    -11.2      30.7      -1.6      14.6 
36801 -10.455710 -43.129807 -7.449694 
125503.8  11850.9     -0.1     43.3     34.2     28.9 
    -0.1     86.6     34.2     57.7  38701.9  49949.5 
    -18.4      47.3      -4.4      51.9 
    -11.0      28.8      -1.9      18.8 
    -10.5      26.5      -1.4      12.8 
    -11.6      31.5      -1.9      14.2 
36802 -11.679233 -42.823853 -7.396847 
125552.7  11889.8     -0.1     43.3     34.2     28.9 
    -0.1     86.6     34.2     57.7  33974.1  46810.1 
    -16.8      47.7      -1.8      48.1 
    -10.4      28.2      -0.6      18.9 
    -10.1      25.8      -1.0      13.2 
    -11.3      32.3      -2.1      16.8 
36803 -12.875603 -42.489483 -7.339093 
126566.6  12059.0     -0.1     43.3     34.2     28.9 
    -0.1     86.6     34.2     57.7  31722.5  47707.5 
    -16.5      46.8      -4.2      46.6 
    -10.4      29.6      -1.3      18.1 
    -10.2      26.4      -1.1      13.2 
    -10.6      31.7      -1.6      17.7 
36804 -14.042964 -42.128887 -7.276808 
127210.8  12133.9     -0.1     43.3     34.2     28.9 
    -0.1     86.6     34.2     57.7  35375.1  45177.8 
    -18.6      52.5      -3.4      44.4 
     -9.9      27.9      -1.0      18.4 
     -9.7      25.1      -0.5      13.4 
    -10.8      31.6      -1.4      18.1 
36805 -15.179742 -41.744289 -7.210377 
128397.5  12250.0     -0.1     43.3     34.2     28.9 
    -0.1     86.6     34.2     57.7  34162.5  48188.0 
    -15.2      45.7      -2.5      40.6 
     -9.9      28.6      -1.2      18.4 
    -10.1      25.7      -0.9      14.1 
    -10.6      30.5      -1.6      20.1 
