OCR_prd2017clk:dj0200e,R11@-400V,3.8T@20d,263K,rhe=1.02,rhh=0.7,3.0/3.0 
1131 1 3.80 28 3 29 3 400.0000 263.0000 4.0000 1.1480 900.0000 19.5000 -30.6400 150.0000 100.0000 290.0000 650.0000 9.7500 -15.320000 1.5000 1.0000 0.8500 
37626 -4.732649 42.593838 -13.724681 
 61935.8  11507.8      9.8     43.3    -15.9     11.7 
     9.8     86.6    -15.3     40.0  35535.2  36960.0 
     25.7      55.2     -15.5      72.7 
     16.9      25.4      -2.5      16.9 
     16.5      21.9      -2.3       5.3 
     17.0      22.2      -2.2       4.6 
37627 -5.112564 42.178650 -14.826435 
 57135.4  11321.4      9.8     43.3    -16.2     11.9 
     9.8     86.6    -15.7     40.3  32345.5  33332.3 
     23.7      53.4     -12.8      69.6 
     16.4      25.6      -3.2      15.3 
     15.9      21.0      -2.3       5.3 
     17.0      20.3      -2.1       4.7 
37628 -5.553440 41.650799 -16.104975 
 52568.0  11586.6      9.8     43.3    -16.0     12.2 
     9.8     86.6    -15.6     40.5  29646.6  30522.7 
     23.0      49.8     -10.5      65.0 
     16.1      25.2      -2.6      14.0 
     16.5      21.1      -2.3       5.2 
     16.6      21.3      -2.3       4.8 
37629 -6.069317 40.967888 -17.601017 
 48278.1  11639.2      9.8     43.3    -16.1     12.5 
     9.8     86.6    -15.9     40.8  26654.8  27534.7 
     23.0      50.2     -12.2      68.2 
     15.5      25.6      -2.5      13.9 
     15.3      20.9      -2.5       5.2 
     16.4      19.9      -2.3       4.9 
37630 -6.677852 40.067108 -19.365770 
 43813.5  12003.0      9.8     43.3    -16.2     12.8 
     9.8     86.6    -15.8     41.0  23998.0  24813.0 
     24.7      55.1      -9.5      64.1 
     16.1      25.0      -2.8      12.5 
     15.9      20.5      -2.6       5.5 
     16.0      20.2      -2.3       5.0 
37631 -7.400705 38.853703 -21.462046 
 39494.0  12363.9      9.8     43.3    -16.4     13.3 
     9.8     86.6    -16.0     41.4  20945.6  21676.2 
     22.2      54.4      -8.8      61.9 
     15.1      24.5      -2.9      11.4 
     14.9      20.2      -2.6       5.5 
     15.8      19.1      -2.4       5.1 
37632 -8.262795 37.182575 -23.962105 
 35448.0  12751.4      9.8     43.3    -16.5     13.6 
     9.8     86.6    -16.2     41.8  18737.6  19314.7 
     23.1      51.5     -10.4      59.0 
     15.4      23.4      -2.9       9.8 
     14.9      18.8      -2.6       5.8 
     15.8      18.7      -2.6       5.3 
37633 -9.288228 34.830853 -26.935860 
 31550.8  13559.4      9.8     43.3    -16.8     14.2 
    17.0     12.1    -16.5     42.5  15731.4  16338.0 
     19.1      50.7     -11.8      54.0 
     13.9      23.0      -2.9      10.0 
     13.9      18.4      -2.7       5.9 
     14.7      17.6      -2.7       5.5 
37634 -10.487829 31.463486 -30.414705 
 28096.6  15015.2      9.8     43.3    -17.3     14.8 
    14.6     23.9    -16.9     43.0  13978.2  14455.5 
     20.2      52.0      -8.0      51.2 
     14.0      21.6      -3.3       9.8 
     14.0      16.1      -3.0       6.0 
     14.0      15.6      -2.9       5.7 
37635 -11.828800 26.614803 -34.303520 
 25012.5  16779.8     20.5     10.2    -17.8     15.5 
    14.4     41.9    -17.5     43.7  11670.5  12281.1 
     16.2      50.3      -8.5      50.4 
     11.7      19.6      -3.3       9.2 
     10.9      14.9      -3.1       6.1 
     11.2      14.5      -3.0       5.8 
37636 -13.178417 19.767624 -38.217411 
 22634.0  19016.1     14.4     17.5    -18.4     16.2 
    14.0     59.3    -18.0     44.3  10514.0  11180.6 
     14.2      52.3      -9.7      52.0 
      8.9      15.4      -3.6       9.5 
      8.7      10.4      -3.5       6.5 
      8.5       9.0      -3.3       5.7 
37637 -14.249858 10.687392 -41.324585 
 21116.6  17929.5     12.5     32.9    -18.6     16.4 
    12.2     75.8    -18.3     44.6   9318.5   9940.8 
      6.4      59.3      -7.7      49.3 
      3.5       7.8      -3.7       9.0 
      3.6       4.8      -3.4       6.4 
      3.7       4.1      -3.6       5.7 
37638 -14.669581 -0.000000 -42.541786 
 20620.9  17443.4      9.7     38.0    -18.9     16.4 
     9.7     81.1    -18.3     44.7   9396.0   9866.3 
     -3.5      65.5      -9.0      51.8 
     -1.4       8.1      -3.7       9.3 
     -2.2       3.2      -3.5       6.4 
     -2.4       2.4      -3.4       5.4 
37639 -14.561182 -5.460443 -42.227428 
 20591.2  17583.7      7.8     30.7    -18.6     16.6 
     8.0     73.6    -18.2     44.7   9266.3   9692.4 
     -4.9      55.2      -7.1      49.8 
     -4.6       8.3      -3.6       8.9 
     -5.1       5.3      -3.4       6.1 
     -5.5       4.7      -3.6       5.3 
37640 -14.249858 -10.687392 -41.324585 
 20881.9  17890.0      6.7     23.0    -18.4     16.4 
     7.1     65.9    -18.1     44.6   9273.8   9701.8 
     -9.5      49.6      -6.4      49.8 
     -7.9      11.9      -3.4       8.7 
     -7.6       8.4      -3.4       6.3 
     -7.9       7.2      -3.3       5.4 
37641 -13.772597 -15.494173 -39.940533 
 21516.0  17709.2      5.7     15.9    -18.5     16.2 
     6.4     57.6    -18.1     44.4   9794.0  10226.3 
    -14.6      50.0      -4.4      53.0 
     -9.8      16.0      -3.3       8.9 
     -9.6      11.2      -3.1       6.1 
    -10.2       9.7      -3.2       5.4 
37642 -13.178417 -19.767624 -38.217411 
 22456.8  16085.5      4.2     10.8    -18.0     16.0 
     5.7     49.1    -17.6     44.3  10223.4  10653.3 
    -16.4      48.8      -7.6      52.5 
    -10.9      18.8      -3.3       9.1 
    -11.0      13.6      -3.2       6.2 
    -11.8      12.1      -3.2       5.4 
37643 -12.516611 -23.468645 -36.298172 
 23474.6  15678.7     -2.5     11.4    -17.7     15.8 
     5.5     40.6    -17.4     43.9  10794.4  11369.5 
    -19.7      50.8      -4.7      51.4 
    -12.5      21.1      -3.3       8.9 
    -12.2      16.6      -3.2       6.1 
    -12.9      16.6      -3.1       5.5 
37644 -11.828800 -26.614803 -34.303520 
 24793.2  14559.7    -11.4     16.6    -17.6     15.5 
     5.6     31.8    -17.2     43.7  11844.6  12175.5 
    -21.0      52.0      -4.9      52.6 
    -14.3      22.2      -3.3       9.2 
    -13.6      17.4      -2.7       6.1 
    -14.1      17.8      -2.8       5.4 
37645 -10.487829 -31.463486 -30.414705 
 27813.0  13605.7      9.8     43.3    -17.4     14.8 
     4.8     16.5    -16.8     43.1  13700.2  14255.3 
    -20.0      50.9      -2.2      57.7 
    -14.9      22.4      -3.2       9.4 
    -14.6      17.3      -2.8       5.9 
    -15.2      16.3      -2.6       5.4 
37646 -9.288228 -34.830853 -26.935860 
 31283.6  12722.9      9.8     43.3    -16.5     14.3 
    -3.8     15.9    -16.2     42.5  15738.5  16545.6 
    -20.2      52.3       1.7      53.1 
    -14.9      24.4      -3.0       9.5 
    -14.5      20.1      -2.6       5.8 
    -15.2      21.4      -2.4       5.3 
37647 -8.262795 -37.182575 -23.962105 
 35227.0  12125.5      9.8     43.3    -16.4     13.6 
     9.8     86.6    -16.0     42.1  18278.1  18940.1 
    -22.9      50.6       1.6      59.0 
    -15.2      24.0      -2.6       9.9 
    -14.7      19.3      -2.5       5.6 
    -15.0      18.3      -2.2       5.2 
37648 -7.400705 -38.853703 -21.462046 
 39246.0  11703.8      9.8     43.3    -16.5     13.3 
     9.8     86.6    -16.0     41.8  20974.2  21658.8 
    -22.6      50.0      -1.5      61.4 
    -14.7      26.1      -2.6      10.9 
    -14.5      22.5      -2.5       5.5 
    -15.3      22.9      -2.0       4.9 
37649 -6.677852 -40.067108 -19.365770 
 43494.2  11501.2      9.8     43.3    -16.1     14.0 
     9.8     86.6    -15.7     41.2  23635.6  24428.8 
    -23.3      52.2      -2.0      63.2 
    -15.2      24.7      -2.3      12.3 
    -14.7      20.1      -2.4       5.6 
    -15.8      19.3      -2.0       4.9 
37650 -6.069317 -40.967888 -17.601017 
 48032.7  11322.7      9.8     43.3    -15.9     12.7 
     9.8     86.6    -15.5     41.0  26521.7  27659.2 
    -23.6      51.4      -1.3      68.8 
    -15.4      26.8      -2.2      13.5 
    -15.0      23.2      -2.3       5.4 
    -16.0      23.9      -2.0       4.8 
37651 -5.553440 -41.650799 -16.104975 
 52424.4  11228.0      9.8     43.3    -16.0     12.3 
     9.8     86.6    -15.5     40.6  29425.3  30446.2 
    -22.9      51.4       2.4      69.2 
    -15.5      24.9      -1.9      15.4 
    -15.2      20.3      -2.3       5.2 
    -16.3      20.1      -1.9       4.7 
37652 -5.112564 -42.178650 -14.826435 
 56908.2  11170.5      9.8     43.3    -15.9     13.2 
     9.8     86.6    -15.5     40.4  32011.7  33232.2 
    -24.1      50.1      -0.1      69.7 
    -15.0      26.7      -1.5      15.7 
    -15.3      23.5      -2.2       5.5 
    -16.3      24.3      -1.8       4.6 
37653 -4.732649 -42.593838 -13.724681 
 61597.5  10962.9      9.8     43.3    -16.1     12.0 
     9.8     86.6    -15.5     40.4  35429.5  36820.2 
    -23.2      49.5       3.6      71.5 
    -16.1      25.2      -1.8      16.3 
    -15.6      21.0      -2.1       5.3 
    -16.6      20.5      -1.8       4.5 
37654 38.844742 -2.913355 -22.529949 
 37564.1   7764.5     10.5     28.6    -15.3     28.9 
    10.5     71.2    -15.3     57.7  19474.5  20503.3 
      3.9      64.7      17.9      45.9 
     -2.9      11.6      10.3      20.1 
     -3.0       4.5      10.4      16.8 
     -3.4       3.7      11.5      17.9 
37655 37.733234 -3.144436 -24.316975 
 34661.4   7904.3     10.1     28.8    -15.3     28.9 
    10.3     71.4    -15.3     57.7  17041.0  18389.1 
      5.3      65.9      19.4      45.7 
     -2.9      12.8      10.1      20.8 
     -3.3       4.7      10.3      18.4 
     -3.4       3.9      11.3      20.3 
37656 36.327980 -3.405748 -26.337786 
 31854.7   8284.7     10.3     28.7    -15.3     28.9 
    10.4     71.7    -15.3     57.7  16009.0  16832.2 
      2.1      63.4      14.6      43.6 
     -3.3      10.0       9.9      19.2 
     -3.3       4.6      10.1      16.3 
     -3.5       4.1      11.3      16.8 
37657 34.533642 -3.700033 -28.613588 
 29334.2   8460.6      9.5     29.3    -15.3     28.9 
     9.9     72.1    -15.3     57.7  14685.5  15306.1 
      0.9      62.3      17.7      44.3 
     -3.0       9.3       9.9      19.2 
     -3.5       4.9      10.0      17.4 
     -3.7       4.2      11.3      18.9 
37658 32.224594 -4.028074 -31.150444 
 26875.9   8936.8      9.3     29.3    -15.3     28.9 
     9.5     72.3    -15.3     57.7  12939.7  13558.5 
      2.1      61.3      16.4      47.3 
     -3.5       9.1       9.9      18.6 
     -3.7       4.9       9.8      15.2 
     -3.9       4.3      11.1      15.2 
37659 29.242365 -4.386354 -33.921143 
 24774.9   9620.2      9.3     29.6    -15.3     28.9 
     9.4     72.6     -6.3     17.2  11511.6  12243.4 
      3.4      60.5      14.2      46.9 
     -3.6       9.3      10.1      18.0 
     -4.0       5.0      10.2      15.2 
     -4.3       4.6      11.4      17.0 
37660 25.404451 -4.763335 -36.836456 
 22899.3  10505.0      8.8     29.9    -15.3     28.9 
     9.1     72.8    -11.8     10.7  10248.0  10770.0 
     -2.4      60.6      13.8      43.1 
     -3.9       8.4       9.6      17.3 
     -4.2       5.0       9.7      14.3 
     -4.4       4.6      11.2      14.1 
37661 20.539001 -5.134750 -39.708736 
 21421.3  11578.9      8.3     30.3    -15.3     28.9 
     8.5     73.1    -12.6     18.2   9590.7  10189.3 
     -4.5      55.4      15.6      44.6 
     -4.3       8.7      10.3      15.7 
     -4.5       5.3      10.4      12.4 
     -4.8       4.8      11.1      13.3 
37662 14.561182 -5.460443 -42.227428 
 20238.3  13414.2      8.1     30.5     -7.4      8.0 
     8.4     73.5    -12.4     28.9   8848.2   9427.7 
      0.7      54.3      11.4      43.0 
     -4.4       8.1       9.0      15.1 
     -4.8       5.3       9.2      12.2 
     -5.1       4.8       9.8      12.4 
37663 7.584479 -5.688359 -43.989979 
 19616.2  16593.8      8.2     30.6    -12.5     11.6 
     8.2     73.6    -13.1     39.3   8628.1   9203.5 
     -3.9      58.1       9.2      42.2 
     -4.7       8.5       7.3      11.0 
     -4.9       5.3       7.3       8.0 
     -5.1       4.8       7.7       7.3 
37664 -0.000000 -5.770917 -44.628429 
 19660.7  16539.0      8.1     30.7    -14.5     21.1 
     8.2     73.6    -14.7     49.7   8765.5   9175.0 
     -8.5      54.2       0.8      54.1 
     -4.8       8.2       3.4       7.1 
     -5.0       5.5       3.4       4.8 
     -5.2       4.6       3.7       4.5 
37665 -3.833294 -5.749941 -44.466213 
 19819.6  16604.7      8.0     30.7    -15.2     25.4 
     8.1     73.7    -15.3     54.1   8738.5   9314.0 
     -4.6      54.0      -5.4      63.4 
     -4.7       8.8       0.3       7.7 
     -5.0       5.3       0.5       3.6 
     -5.3       4.5       1.0       3.3 
37666 -7.584479 -5.688359 -43.989979 
 20098.4  16850.3      8.2     30.5    -15.8     25.3 
     8.4     73.6    -15.8     54.1   8982.3   9458.6 
     -4.0      58.7      -2.5      62.5 
     -4.9       8.5      -0.2       8.8 
     -5.1       5.2      -0.1       2.1 
     -5.3       4.5      -0.2       1.9 
37667 -11.179956 -5.589978 -43.229164 
 20284.3  17055.1      7.8     30.7    -17.4     21.2 
     8.0     73.6    -17.3     49.8   9186.4   9547.6 
     -7.5      57.8      -3.8      53.8 
     -5.2       8.2      -1.9       7.6 
     -5.0       5.4      -1.7       4.3 
     -5.4       4.7      -1.7       4.0 
37668 -14.561182 -5.460443 -42.227428 
 20651.6  17507.6      8.1     30.4    -18.7     16.4 
     8.2     73.5    -18.4     44.6   9507.8   9920.6 
     -8.4      60.2      -8.1      50.8 
     -4.9       8.2      -3.6       9.0 
     -5.0       5.2      -3.4       6.2 
     -5.3       4.7      -3.4       5.4 
37669 -17.688046 -5.306413 -41.036263 
 21065.2  17223.4      8.3     30.4    -19.4     11.7 
     8.5     73.3    -18.7     39.4   9716.1  10117.7 
     -9.3      56.5      -7.2      46.5 
     -4.6       8.2      -5.5      11.4 
     -5.0       5.3      -5.1       7.9 
     -5.2       4.6      -5.1       6.8 
37670 -20.539001 -5.134750 -39.708736 
 21623.4  15900.6      8.2     30.4    -20.4      8.0 
     8.3     73.3    -19.3     33.9  10039.8  10482.4 
     -7.4      60.2     -12.2      45.9 
     -4.8       9.0      -6.7      11.9 
     -4.9       5.4      -6.4       8.4 
     -5.2       4.7      -6.6       7.1 
37671 -23.108727 -4.951870 -38.294460 
 22289.9  14579.7      8.5     30.2    -23.5      7.2 
     8.7     73.3    -19.3     28.3  10088.1  10732.2 
     -7.1      60.7     -13.1      46.0 
     -4.6       8.5      -7.5      13.3 
     -4.8       5.3      -7.2      10.1 
     -5.1       4.7      -7.9      10.1 
37672 -25.404451 -4.763335 -36.836456 
 23030.3  13444.9      8.8     30.2    -29.8      7.3 
     8.9     73.1    -19.3     22.8  10774.5  11324.7 
     -6.1      57.3     -12.5      43.3 
     -4.8       9.4      -8.8      14.8 
     -4.7       5.1      -8.4      10.9 
     -4.9       4.7      -8.7      11.2 
37673 -29.242365 -4.386354 -33.921143 
 24903.2  11468.1      9.3     29.6    -15.3     28.9 
     9.3     72.7    -19.5     12.6  12030.0  12586.5 
     -8.8      57.4     -15.4      45.4 
     -4.0       8.5      -9.1      15.4 
     -4.4       5.1      -9.3      11.7 
     -4.7       4.6      -9.8      11.0 
37674 -32.224594 -4.028074 -31.150444 
 26871.5  10149.4      9.4     29.3    -15.3     28.9 
     9.5     72.1    -23.6     11.0  13129.5  13711.2 
     -7.7      62.3     -16.3      47.3 
     -4.0       9.6      -9.8      17.1 
     -3.9       5.0     -10.0      14.4 
     -4.4       4.5     -10.6      15.2 
37675 -34.533642 -3.700033 -28.613588 
 29329.4   9374.2      9.3     29.0    -15.3     28.9 
     9.4     72.0    -15.3     57.7  14875.9  15400.6 
     -8.0      61.2     -17.6      44.6 
     -3.7      10.4     -10.4      17.2 
     -3.8       5.0     -10.3      14.0 
     -4.2       4.3     -11.2      13.8 
37676 -36.327980 -3.405748 -26.337786 
 31888.5   8840.8      9.7     28.8    -15.3     28.9 
     9.8     71.7    -15.3     57.7  16315.9  17013.8 
     -8.9      67.4     -17.2      43.8 
     -3.4      11.4     -10.2      18.9 
     -3.4       4.7     -10.2      16.5 
     -4.0       4.1     -11.8      17.1 
37677 -37.733234 -3.144436 -24.316975 
 34649.8   8517.4     10.2     28.5    -15.3     28.9 
    10.2     71.4    -15.3     57.7  17901.9  18707.1 
     -9.1      65.5     -17.3      43.8 
     -3.3      11.9     -10.8      18.3 
     -3.4       4.7     -10.6      15.6 
     -3.8       4.0     -11.8      15.4 
37678 -38.844742 -2.913355 -22.529949 
 37358.7   8191.3     10.0     28.2    -15.3     28.9 
    10.0     71.1    -15.3     57.7  19644.6  20545.3 
    -11.8      62.3     -17.3      41.9 
     -3.0      12.3     -10.9      20.2 
     -3.5       4.8     -10.9      17.5 
     -3.5       3.9     -12.0      18.2 
37679 -39.733410 -2.709096 -20.950342 
 40079.6   8077.1     10.1     28.2    -15.3     28.9 
    10.1     71.1    -15.3     57.7  21895.2  22648.0 
    -10.7      64.7     -16.7      41.3 
     -3.2      13.4     -11.4      19.2 
     -3.2       4.8     -11.1      15.9 
     -3.4       3.9     -12.5      16.6 
37680 -40.451710 -2.528232 -19.551659 
 43150.5   7830.1     10.3     27.8    -15.3     28.9 
    10.3     70.9    -15.3     57.7  23510.5  24402.9 
    -10.8      68.6     -16.6      42.3 
     -2.7      15.1     -10.7      20.5 
     -3.1       4.8     -11.3      18.4 
     -3.3       3.7     -12.6      18.6 
37681 -41.038486 -2.367605 -18.309479 
 45887.8   7757.2     10.1     27.7    -15.3     28.9 
    10.2     70.5    -15.3     57.7  25838.5  26763.8 
     -4.5      68.9     -17.9      38.2 
     -3.4      14.5     -11.6      19.9 
     -3.0       4.6     -11.5      16.8 
     -3.2       4.1     -12.9      17.6 
37682 -41.522694 -2.224430 -17.202259 
 49009.3   7694.1     10.1     27.6    -15.3     28.9 
    10.2     70.3    -15.3     57.7  27426.1  28340.1 
     -7.4      71.4     -16.3      39.0 
     -3.0      15.7     -11.7      21.1 
     -2.8       4.9     -11.8      18.9 
     -3.1       3.5     -12.7      19.0 
37683 36.274990 -16.323748 -21.039495 
 39476.7   8392.0    -67.7     48.7    204.7     32.4 
     8.3     26.1    -15.3     57.7  19676.4  21096.4 
    -10.4      58.5      18.8      46.5 
    -10.2      21.2      10.0      20.3 
    -10.0      16.1      10.1      17.0 
    -10.3      15.2      11.4      18.6 
37684 34.871063 -17.435532 -22.472460 
 36923.4   8791.2    -42.6     71.3    -15.3     28.9 
     8.2     26.7    -15.3     57.7  18399.6  19572.7 
    -11.4      58.6      17.6      47.3 
     -9.8      21.6       9.1      20.3 
    -10.5      16.1      10.0      18.0 
    -10.3      15.6      11.1      20.0 
37685 33.156143 -18.650331 -24.038204 
 34475.2   9215.0    -56.8     44.3    -15.3     28.9 
     8.4     27.5    -15.3     57.7  17622.4  18337.4 
    -12.8      57.3      17.5      46.0 
    -10.5      21.9       9.4      19.1 
    -10.3      16.1       9.7      16.3 
    -10.6      15.6      10.7      16.5 
37686 31.054461 -19.963583 -25.730839 
 32132.3   9635.0      9.8     43.3    -15.3     28.9 
     7.7     28.1    -15.3     57.7  16475.4  17143.6 
    -12.9      51.9      16.0      44.3 
    -11.3      21.6       9.7      19.5 
    -10.7      16.7       9.6      16.3 
    -10.8      16.1      10.8      17.9 
37687 28.477907 -21.358431 -27.528643 
 30146.9  10418.1      9.8     43.3    -15.3     28.9 
     7.8     29.2    -15.3     57.7  14898.0  15390.5 
    -12.4      54.1      18.2      48.3 
    -10.9      22.1       8.9      18.5 
    -11.3      16.9       9.8      15.4 
    -11.2      16.5      10.6      15.4 
37688 25.332121 -22.798910 -29.385260 
 28086.8  11203.9      9.8     43.3    -15.3     28.9 
     6.9     30.1     -7.3     13.8  13769.3  14324.9 
    -16.2      51.6      16.5      47.2 
    -11.9      21.9       9.9      17.3 
    -11.6      17.2       9.6      14.6 
    -11.9      16.9      10.8      15.7 
37689 21.531038 -24.222422 -31.220007 
 26594.2  12013.6     -4.7      9.6    -15.3     28.9 
     6.8     30.6    -11.7     11.0  12461.9  13219.2 
    -15.4      49.8      15.1      45.7 
    -12.3      22.0       9.3      16.8 
    -11.9      17.1       9.3      13.6 
    -12.7      17.3      10.6      13.4 
37690 17.023268 -25.534906 -32.911655 
 25370.5  13096.8      9.8     43.3    -15.3     28.9 
     6.6     31.3    -13.4     16.8  12017.5  12501.6 
    -15.6      51.9      13.6      44.4 
    -13.5      22.4      10.1      15.1 
    -12.2      17.2       9.8      11.8 
    -12.9      17.9      10.3      12.4 
37691 11.828800 -26.614803 -34.303520 
 24540.3  13437.7    -16.2     12.0     -8.0      7.3 
     6.1     31.6    -13.7     27.5  11267.3  11957.0 
    -18.0      51.4      13.5      45.7 
    -13.4      22.7       8.2      14.7 
    -12.8      17.5       8.5      11.5 
    -13.4      17.9       8.9      11.5 
37692 6.073876 -27.332441 -35.228477 
 24122.0  13722.5      9.8     43.3    -14.0     10.4 
     6.3     31.7    -14.4     38.4  11595.0  12104.6 
    -17.4      51.8       8.2      50.4 
    -13.9      22.2       6.3      10.8 
    -13.4      17.4       6.4       7.6 
    -13.4      17.9       7.0       7.1 
37693 -0.000000 -27.584869 -35.553833 
 24144.4  13831.0    -10.3      7.4    -15.4     20.5 
     5.3     31.8    -15.6     49.0  11416.9  11909.5 
    -20.2      50.9       6.3      59.2 
    -14.4      22.6       2.5       8.2 
    -13.7      17.3       3.0       4.5 
    -14.7      17.6       3.5       4.2 
37694 -3.057901 -27.521109 -35.471649 
 24092.0  13953.3      9.8     43.3    -15.6     24.8 
     5.6     31.7    -15.7     53.4  11439.1  11779.7 
    -19.9      49.7       2.1      62.7 
    -14.6      22.1       0.2      11.5 
    -13.9      17.3       0.1       3.7 
    -14.4      17.4       0.7       3.1 
37695 -6.073876 -27.332441 -35.228477 
 24283.5  14096.1    -13.5     11.3    -15.3     25.3 
     5.5     31.9    -15.3     54.0  11508.3  12119.1 
    -20.2      48.4       3.1      62.0 
    -14.2      22.3       0.2      10.2 
    -13.8      17.2      -0.1       2.0 
    -14.5      17.7      -0.0       1.9 
37696 -9.008813 -27.026440 -34.834076 
 24558.3  14246.7      9.8     43.3    -16.9     20.5 
     5.4     31.7    -16.7     49.0  11524.5  12012.0 
    -19.5      50.1      -1.5      60.2 
    -13.9      22.2      -1.9       8.2 
    -13.9      17.4      -1.5       4.2 
    -14.5      17.7      -1.3       4.0 
37697 -11.828800 -26.614803 -34.303520 
 24829.9  14532.3      9.8     43.3    -17.4     15.4 
     5.5     31.7    -17.1     43.6  11758.6  12190.0 
    -20.1      50.3      -3.5      52.8 
    -14.1      22.6      -3.4       9.2 
    -13.6      17.6      -3.0       6.1 
    -14.4      17.8      -2.9       5.5 
37698 -14.506772 -26.112192 -33.655712 
 25155.0  14598.6      9.8     43.3    -18.5     10.5 
     5.4     31.8    -17.6     38.1  12053.8  12550.2 
    -20.2      51.1      -5.2      50.2 
    -13.8      22.6      -4.7      11.3 
    -13.8      17.1      -4.4       7.8 
    -14.2      17.6      -4.4       6.9 
37699 -17.023268 -25.534906 -32.911655 
 25717.0  14891.7      9.8     43.3    -19.3      7.0 
     5.9     31.3    -18.1     32.4  12324.2  12855.1 
    -19.8      50.0      -7.2      49.3 
    -13.6      22.4      -5.8      11.8 
    -13.1      17.3      -5.2       8.0 
    -13.9      17.3      -5.7       7.0 
37700 -19.366381 -24.899633 -32.092857 
 26315.0  15016.0     -3.4     11.4    -22.4      6.5 
     5.2     31.1    -18.5     26.7  12435.5  13044.3 
    -21.1      51.6      -9.0      46.6 
    -13.7      22.3      -7.0      13.2 
    -13.1      17.3      -6.6       9.8 
    -14.2      17.0      -6.9       9.3 
37701 -21.531038 -24.222422 -31.220007 
 26751.0  14679.6      9.8     43.3    -15.3     28.9 
     6.5     30.8    -18.5     21.2  12651.7  13505.6 
    -18.5      51.9     -11.8      45.5 
    -13.0      22.5      -8.0      14.3 
    -12.8      16.9      -7.7      10.7 
    -13.5      17.2      -7.8      10.5 
37702 -25.332121 -22.798910 -29.385260 
 28422.6  12809.3      9.8     43.3    -15.3     28.9 
     6.6     30.0    -18.7     11.4  13940.9  14413.2 
    -20.1      53.2     -12.4      46.9 
    -12.8      22.5      -8.3      15.3 
    -12.5      17.3      -8.5      11.4 
    -12.9      17.1      -8.9      10.6 
37703 -28.477907 -21.358431 -27.528643 
 30220.6  11179.0      9.8     43.3    -15.3     28.9 
     6.8     29.2    -23.7     11.6  14719.1  15542.5 
    -17.9      54.2     -13.1      46.8 
    -11.7      21.7      -8.5      16.9 
    -11.8      16.8      -9.1      13.7 
    -12.6      16.5      -9.5      14.3 
37704 -31.054461 -19.963583 -25.730839 
 32322.4  10220.3      9.8     43.3    -15.3     28.9 
     7.2     28.2    -15.3     57.7  16818.2  17362.4 
    -18.4      54.7     -12.6      46.3 
    -12.4      22.1      -9.9      16.9 
    -11.5      16.6      -9.5      13.6 
    -11.8      16.1     -10.0      13.3 
37705 -33.156143 -18.650331 -24.038204 
 34577.7   9495.5      9.8     43.3    -15.3     28.9 
     7.8     27.4    -15.3     57.7  18053.0  18540.9 
    -17.5      53.5     -14.0      46.3 
    -11.2      21.5      -9.4      18.7 
    -10.8      16.6      -9.3      16.0 
    -12.1      16.1     -10.7      16.8 
37706 -34.871063 -17.435532 -22.472460 
 37128.3   9163.8      9.8     43.3    -15.3     28.9 
     8.0     26.6    -15.3     57.7  19357.3  20177.4 
    -17.2      56.9     -16.3      47.3 
    -11.0      21.3     -10.0      18.1 
    -10.6      16.4      -9.9      15.0 
    -11.4      15.5     -11.1      15.1 
37707 -36.274990 -16.323748 -21.039495 
 39451.0   8637.7      9.8     43.3    -15.3     28.9 
     8.1     25.7    -15.3     57.7  20973.8  21616.5 
    -18.4      55.5     -16.7      46.3 
    -10.7      21.4      -9.8      19.6 
    -10.6      16.0     -10.3      17.3 
    -11.1      15.1     -11.0      17.9 
37708 -37.430248 -15.312374 -19.735949 
 42211.7   8371.8      9.8     43.3    -15.3     28.9 
     8.6     25.2    -15.3     57.7  22390.8  23350.7 
    -17.1      54.6     -14.8      38.9 
    -10.9      21.3     -11.1      19.2 
    -10.2      16.1     -10.6      16.2 
    -10.8      15.2     -11.5      16.6 
37709 -38.386795 -14.395048 -18.553617 
 44912.2   8264.9      9.8     43.3    -15.3     28.9 
     8.7     24.4    -15.3     57.7  24134.9  25352.6 
    -17.7      55.2     -15.6      41.5 
    -10.3      21.3     -10.5      21.0 
    -10.0      15.8     -10.9      18.4 
    -10.9      14.9     -11.9      18.8 
37710 -39.184162 -13.563748 -17.482164 
 47816.8   8252.0      9.8     43.3    -15.3     28.9 
     8.8     24.0    -15.3     57.7  26741.7  27508.9 
    -19.5      58.1     -17.1      41.1 
    -10.5      21.4     -10.9      19.8 
     -9.8      15.4     -10.8      16.7 
    -10.2      14.5     -11.9      17.3 
37711 -39.853470 -12.810044 -16.510723 
 50699.0   8055.9      9.8     43.3    -15.3     28.9 
     9.2     23.5    -15.3     57.7  27658.6  28994.3 
    -18.2      57.7     -15.8      39.5 
    -10.1      21.0     -10.9      20.9 
     -9.9      15.6     -11.3      18.8 
    -10.0      14.5     -12.2      19.5 
37712 21.035387 -37.863701 -12.200525 
 68041.9  11650.0      9.8     43.3    -15.3     28.9 
     9.8     86.6    -15.3     57.7  39162.6  40606.4 
    -20.7      53.1      17.5      54.7 
    -13.2      24.8       7.8      17.9 
    -13.6      20.3       7.8      13.6 
    -14.4      19.8       8.2      13.0 
37713 19.337526 -38.675053 -12.461962 
 66724.3  11594.8      9.8     43.3    -15.3     28.9 
     9.8     86.6    -15.3     57.7  37795.7  39192.3 
    -22.3      50.1      19.0      55.4 
    -13.7      24.8       8.4      17.6 
    -13.4      20.8       8.2      13.1 
    -14.6      20.0       8.4      12.8 
37714 17.532005 -39.447014 -12.710704 
 65379.1  11539.3      9.8     43.3    -15.3     28.9 
     9.8     86.6    -15.3     57.7  37588.7  39075.0 
    -20.9      51.2      16.7      53.6 
    -14.3      24.6       7.8      17.2 
    -14.0      20.7       7.4      12.9 
    -14.7      19.8       8.2      12.1 
37715 15.620879 -40.167976 -12.943014 
 64420.7  11408.8      9.8     43.3    -15.3     28.9 
     9.8     86.6    -15.3     57.7  36953.9  38400.2 
    -21.9      52.1      17.9      57.4 
    -14.3      25.6       8.3      17.0 
    -14.3      20.6       8.0      11.7 
    -15.0      20.3       8.4      11.2 
37716 13.608622 -40.825867 -13.155002 
 63521.5  11169.6      9.8     43.3    -15.3     28.9 
     9.8     86.6    -15.3     57.7  36609.4  37723.2 
    -21.9      49.7      16.7      56.9 
    -14.9      25.1       7.9      16.5 
    -14.3      20.4       7.3      11.4 
    -15.2      20.1       7.8      10.7 
37717 11.502371 -41.408531 -13.342750 
 62758.5  11181.4      9.8     43.3    -15.3     28.9 
     9.8     86.6    -15.3     57.7  36053.5  37104.6 
    -21.9      50.0      18.8      60.5 
    -14.8      24.9       8.2      16.7 
    -14.8      20.7       7.9      10.3 
    -15.4      20.3       8.3       9.5 
37718 9.312061 -41.904274 -13.502488 
 62202.6  11036.4      9.8     43.3    -15.3     28.9 
     9.8     86.6    -12.7      4.7  35693.2  36632.7 
    -22.5      52.1      18.4      63.4 
    -15.4      25.3       8.2      16.4 
    -14.9      21.0       7.6      10.8 
    -15.3      20.2       7.7       9.9 
37719 7.050401 -42.302410 -13.630775 
 61640.9  10919.7      9.8     43.3    -15.3     28.9 
     9.8     86.6    -16.0      9.5  35605.0  36380.9 
    -22.9      49.1      19.3      67.1 
    -15.4      25.2       7.8      14.6 
    -15.4      20.6       7.4       8.6 
    -16.0      20.1       7.7       7.7 
37720 4.732649 -42.593838 -13.724681 
 61586.6  11123.5      9.8     43.3    -15.3     28.9 
     9.8     86.6    -16.1     21.9  35249.6  36562.2 
    -23.1      47.6      12.5      68.2 
    -16.0      25.0       7.6      16.9 
    -15.3      20.6       7.2      11.1 
    -16.1      19.8       7.4      10.1 
37721 2.376201 -42.771618 -13.781965 
 61516.7  11014.8      9.8     43.3    -16.7      6.3 
     9.8     86.6    -16.9     34.5  35973.6  36950.0 
    -23.2      46.8      12.6      71.7 
    -16.3      25.3       4.9      15.0 
    -15.7      20.6       4.5       6.2 
    -16.5      19.9       4.7       5.2 
37722 -0.000000 -42.831371 -13.801219 
 61429.0  11105.0      9.8     43.3    -17.2     18.5 
     9.8     86.6    -17.3     46.9  35557.2  36776.1 
    -23.7      48.1      10.0      76.1 
    -16.1      25.1       2.2      21.4 
    -16.1      20.5       1.6       5.8 
    -16.7      19.9       1.9       4.1 
37723 -1.189345 -42.816410 -13.796398 
 61665.8  11051.3      9.8     43.3    -17.0     23.5 
     9.8     86.6    -17.0     51.9  34860.3  36372.5 
    -25.2      47.6       7.5      84.4 
    -16.3      24.3       0.6      29.4 
    -15.7      20.6      -1.4       8.6 
    -16.3      19.9       0.0       4.7 
37724 -2.376201 -42.771618 -13.781965 
 61528.6  11029.2      9.8     43.3    -15.0     23.9 
     9.8     86.6    -14.6     52.4  34490.9  36196.9 
    -25.8      51.5       1.3      82.6 
    -15.7      24.3      -0.4      27.0 
    -15.5      20.7       0.1       6.7 
    -16.4      20.4       0.4       2.6 
37725 -3.558106 -42.697277 -13.758010 
 61547.3  11084.5      9.8     43.3    -15.5     17.9 
     9.8     86.6    -15.1     46.3  35682.2  36527.6 
    -25.7      52.2       4.9      76.8 
    -16.3      25.4      -0.6      20.4 
    -15.7      20.8      -1.1       5.1 
    -16.4      20.4      -0.7       3.6 
37726 -4.732649 -42.593838 -13.724681 
 61400.5  11080.2      9.8     43.3    -15.9     11.9 
     9.8     86.6    -15.3     40.0  35935.7  36932.8 
    -24.2      52.3       5.0      73.8 
    -16.0      25.3      -1.8      16.1 
    -15.7      21.0      -2.2       5.2 
    -16.6      20.7      -1.8       4.5 
37727 -5.897493 -42.461952 -13.682184 
 61739.7  11243.6      9.8     43.3    -16.3      5.8 
     9.8     86.6    -15.5     33.8  35443.4  36364.2 
    -23.3      49.7       6.3      72.0 
    -15.8      25.1      -3.1      14.9 
    -15.5      21.0      -3.2       6.2 
    -16.7      20.4      -3.1       5.5 
37728 -7.050401 -42.302410 -13.630775 
 61783.0  11247.1      9.8     43.3    -19.1      6.2 
     9.8     86.6    -15.6     27.5  35047.4  36867.1 
    -23.3      46.2      -2.3      70.6 
    -15.8      24.9      -4.2      14.5 
    -15.3      21.2      -4.2       6.5 
    -16.2      20.1      -4.0       5.1 
37729 -8.189252 -42.116158 -13.570762 
 61826.0  11424.2      9.8     43.3    -15.3     28.9 
     9.8     86.6    -16.1     21.0  35800.0  36654.2 
    -22.4      47.3      -0.1      67.9 
    -16.2      25.3      -5.6      15.9 
    -15.1      20.9      -5.4       9.6 
    -16.4      20.4      -5.8       8.8 
37730 -9.312061 -41.904274 -13.502488 
 62319.1  11436.2      9.8     43.3    -15.3     28.9 
     9.8     86.6    -16.2     14.8  35351.5  37025.7 
    -22.7      52.3      -0.5      72.3 
    -15.3      25.4      -6.3      17.1 
    -15.2      21.2      -6.2       9.9 
    -16.2      20.8      -6.2       9.1 
37731 -11.502371 -41.408531 -13.342750 
 62736.9  11536.2      9.8     43.3    -15.3     28.9 
     9.8     86.6    -17.0      5.1  36105.3  37287.7 
    -23.2      49.2      -8.3      65.6 
    -15.2      25.3      -6.6      16.4 
    -15.2      21.2      -6.4       8.4 
    -15.8      20.6      -6.6       7.3 
37732 -13.608622 -40.825867 -13.155002 
 63835.9  11776.3      9.8     43.3    -15.3     28.9 
     9.8     86.6    -15.3     57.7  36499.3  37712.3 
    -23.5      50.2      -6.4      65.2 
    -14.9      25.4      -8.0      17.8 
    -14.6      21.2      -7.6      10.9 
    -15.8      20.9      -7.8       9.9 
37733 -15.620879 -40.167976 -12.943014 
 64458.5  11979.4      9.8     43.3    -15.3     28.9 
     9.8     86.6    -15.3     57.7  36738.8  37857.3 
    -22.6      49.9      -6.3      63.9 
    -14.8      25.1      -7.7      17.3 
    -14.7      20.9      -7.5      10.3 
    -15.7      20.3      -8.0       9.2 
37734 -17.532005 -39.447014 -12.710704 
 65677.8  12162.1      9.8     43.3    -15.3     28.9 
     9.8     86.6    -15.3     57.7  37498.0  39099.8 
    -21.6      50.6      -6.5      59.8 
    -14.8      25.5      -8.6      17.9 
    -14.0      20.9      -8.4      12.2 
    -15.1      20.4      -8.5      11.6 
37735 -19.337526 -38.675053 -12.461962 
 66571.4  12131.6      9.8     43.3    -15.3     28.9 
     9.8     86.6    -15.3     57.7  37517.2  39318.0 
    -24.2      52.3      -8.9      60.1 
    -14.4      25.1      -8.0      17.8 
    -14.1      20.8      -8.0      11.4 
    -14.8      20.1      -8.6      10.6 
37736 -21.035387 -37.863701 -12.200525 
 68100.7  11963.0      9.8     43.3    -15.3     28.9 
     9.8     86.6    -15.3     57.7  38732.9  40673.5 
    -21.2      47.3      -7.0      53.3 
    -14.1      24.7      -8.8      18.1 
    -13.6      20.3      -8.4      13.2 
    -14.7      20.0      -9.1      13.1 
37737 -22.625631 -37.023762 -11.929878 
 69552.7  11827.4      9.8     43.3    -15.3     28.9 
     9.8     86.6    -15.3     57.7  40647.6  41518.0 
    -24.4      54.4     -12.3      49.3 
    -13.1      24.5      -8.6      18.0 
    -13.9      20.6      -8.8      12.6 
    -15.1      20.0      -9.3      11.8 
37738 -24.110025 -36.165039 -11.653179 
 71115.4  11957.8      9.8     43.3    -15.3     28.9 
     9.8     86.6    -15.3     57.7  40644.2  41987.6 
    -22.4      47.8      -8.7      49.4 
    -13.4      24.6      -9.1      18.9 
    -13.2      20.4      -9.0      14.5 
    -14.4      20.2     -10.0      14.6 
37739 -25.491707 -35.296211 -11.373223 
 72961.1  11468.2      9.8     43.3    -15.3     28.9 
     9.8     86.6    -15.3     57.7  41449.0  42893.4 
    -22.1      52.0      -8.1      46.5 
    -13.9      25.0      -9.5      18.2 
    -13.3      20.2      -9.3      13.5 
    -13.9      19.9     -10.0      13.2 
37740 -26.774837 -34.424789 -11.092432 
 74766.0  11061.4      9.8     43.3    -15.3     28.9 
     9.8     86.6    -15.3     57.7  42939.2  44122.1 
    -21.7      50.9     -10.2      44.0 
    -13.2      24.3      -9.3      19.4 
    -12.9      20.3      -9.5      15.5 
    -14.3      19.2     -10.3      15.7 
