OCR_prd2017clk:dj0120j,R21@-300V,3.8T@20d,263K,rhe=1.02,rhh=0.7,2.0/2.0 
1130 1 3.80 28 3 29 2 300.0000 263.0000 2.0000 1.1520 900.0000 27.9600 -16.6200 150.0000 100.0000 290.0000 650.0000 13.9800 -8.310000 1.5000 1.0000 0.8500 
37501 -4.732649 42.593838 -13.724681 
 63355.7  11701.2     14.0     43.3    -10.2      8.5 
    14.0     86.6    -10.0     36.7  36689.0  37662.7 
     32.5      52.4     -15.4      70.8 
     22.7      26.8      -4.5      15.5 
     22.1      22.5      -3.9       5.6 
     22.7      23.1      -3.8       4.9 
37502 -5.112564 42.178650 -14.826435 
 58566.4  11662.0     14.0     43.3    -10.3      8.8 
    14.0     86.6    -10.0     36.9  33432.3  34007.3 
     29.9      51.7     -12.9      67.6 
     21.9      25.1      -4.8      14.2 
     21.4      20.5      -4.0       5.7 
     22.0      19.3      -3.9       5.1 
37503 -5.553440 41.650799 -16.104975 
 53918.4  11902.0     14.0     43.3    -10.3      9.2 
    14.0     86.6    -10.0     37.3  30529.0  31559.8 
     28.2      53.1     -12.8      60.0 
     22.4      25.9      -4.5      14.3 
     21.7      21.9      -3.9       6.0 
     22.2      22.4      -3.9       5.3 
37504 -6.069317 40.967888 -17.601017 
 49472.7  12104.3     14.0     43.3    -10.7      9.5 
    14.0     86.6    -10.2     37.6  27304.3  28329.9 
     28.7      52.9     -11.4      64.9 
     20.9      24.8      -4.2      12.8 
     20.6      20.2      -4.2       6.0 
     21.6      18.8      -4.0       5.4 
37505 -6.677852 40.067108 -19.365770 
 44795.5  12462.0     14.0     43.3    -10.8     11.9 
    14.0     86.6    -10.3     38.0  24418.6  25329.6 
     28.9      52.8     -10.9      61.7 
     20.6      25.6      -4.2      11.0 
     20.3      20.8      -4.1       6.2 
     21.4      21.3      -4.1       5.6 
37506 -7.400705 38.853703 -21.462046 
 40489.1  12702.9     14.0     43.3    -11.1     10.2 
    14.0     86.6    -10.6     38.5  21723.2  22325.2 
     27.1      53.8     -12.8      61.4 
     19.8      23.5      -4.5      11.2 
     19.2      18.7      -4.1       6.3 
     20.0      17.7      -4.1       5.8 
37507 -8.262795 37.182575 -23.962105 
 36327.8  13237.6     14.0     43.3    -11.3     10.8 
    14.0     86.6    -10.8     38.9  18932.1  19709.1 
     26.2      54.6     -11.5      56.0 
     19.7      23.9      -5.0      11.2 
     19.0      18.9      -4.1       6.6 
     19.4      19.0      -4.3       6.1 
37508 -9.288228 34.830853 -26.935860 
 32267.3  14411.2     14.0     43.3    -11.4     11.5 
    24.2     13.7    -11.1     39.5  16546.8  16998.8 
     25.5      53.8     -12.8      53.7 
     17.4      22.0      -4.8      10.5 
     16.9      16.6      -4.5       6.9 
     17.4      15.4      -4.3       6.2 
37509 -10.487829 31.463486 -30.414705 
 28793.3  16077.0     14.0     43.3    -11.9     12.3 
    22.2     28.0    -11.6     40.2  14172.9  14706.5 
     21.1      53.8     -11.1      54.3 
     15.7      21.8      -4.9      10.4 
     15.4      16.3      -4.7       7.3 
     15.4      15.6      -4.7       6.3 
37510 -11.828800 26.614803 -34.303520 
 25745.8  18170.6     24.7      9.5    -12.5     13.0 
    21.7     45.8    -12.1     40.9  12306.7  12906.1 
     17.9      52.1     -11.3      51.1 
     12.0      18.7      -5.4      10.8 
     11.7      13.2      -4.9       7.2 
     11.8      11.9      -4.7       6.4 
37511 -13.178417 19.767624 -38.217411 
 23164.0  19720.9     20.7     20.4    -13.0     13.6 
    20.3     62.9    -12.6     41.5  10864.8  11433.4 
     12.4      53.2     -11.4      51.3 
      8.1      15.2      -4.9      10.7 
      8.1      10.4      -4.9       7.6 
      7.6       8.9      -4.9       6.7 
37512 -14.249858 10.687392 -41.324585 
 21672.7  18220.0     17.4     35.3    -13.4     13.9 
    17.4     78.5    -12.9     41.9   9862.6  10259.2 
      6.2      63.0      -9.0      50.5 
      2.7       7.4      -4.9      10.3 
      2.5       4.6      -4.9       7.4 
      2.4       4.2      -4.9       6.4 
37513 -14.669581 -0.000000 -42.541786 
 21057.5  17722.3     13.8     35.8    -13.0     13.8 
    14.0     78.7    -12.8     42.0   9236.4   9785.9 
     -0.5      59.9     -10.8      48.9 
     -2.1       8.6      -5.2      10.5 
     -2.9       4.1      -4.9       7.1 
     -3.3       3.7      -4.9       6.1 
37514 -14.561182 -5.460443 -42.227428 
 21058.2  17863.2     12.6     28.6    -13.2     14.8 
    12.7     71.2    -12.9     42.0   9537.2   9865.7 
     -8.6      52.7      -8.5      48.7 
     -5.8       9.5      -5.4      10.6 
     -5.9       6.9      -4.7       7.1 
     -6.3       5.8      -5.0       6.1 
37515 -14.249858 -10.687392 -41.324585 
 21461.8  18326.2     11.1     21.3    -12.9     13.9 
    11.5     63.3    -12.6     41.9   9575.5  10111.8 
    -12.9      49.6      -7.9      47.7 
     -8.4      13.4      -5.1      10.5 
     -8.7       9.2      -5.1       7.1 
     -8.8       8.3      -4.9       6.1 
37516 -13.772597 -15.494173 -39.940533 
 21947.3  17806.9      9.7     14.6    -12.7     13.7 
    10.8     55.6    -12.5     41.7   9910.9  10351.3 
    -15.8      52.4      -6.9      51.2 
    -11.1      17.5      -4.9      10.4 
    -10.9      12.2      -4.9       7.1 
    -11.4      10.7      -4.8       6.2 
37517 -13.178417 -19.767624 -38.217411 
 22836.2  16102.5      6.5     10.9    -12.7     13.4 
    10.0     47.3    -12.4     41.5  10302.4  10837.9 
    -17.7      51.2      -6.7      50.3 
    -12.1      19.7      -4.8      10.3 
    -11.6      14.7      -4.7       7.0 
    -12.8      13.6      -4.8       6.1 
37518 -12.516611 -23.468645 -36.298172 
 23961.8  15731.8     -0.3     12.5    -12.5     13.2 
     9.6     38.9    -12.1     41.3  11130.7  11725.5 
    -20.0      48.8      -6.1      50.9 
    -13.7      21.8      -5.1      10.5 
    -13.6      17.1      -4.5       6.9 
    -14.6      17.0      -4.7       6.3 
37519 -11.828800 -26.614803 -34.303520 
 25215.9  14798.3     14.0     43.3    -12.3     12.8 
     9.2     30.3    -11.9     41.0  11899.9  12437.5 
    -20.8      50.2      -4.1      50.3 
    -15.5      22.2      -5.2      10.3 
    -15.0      17.3      -4.4       6.8 
    -16.1      17.7      -4.4       6.1 
37520 -10.487829 -31.463486 -30.414705 
 28337.6  13837.1     14.0     43.3    -12.0     12.2 
     7.5     16.1    -11.5     40.2  13897.4  14435.4 
    -23.2      51.8      -4.8      53.8 
    -15.8      23.5      -4.9      10.3 
    -15.6      18.1      -4.3       6.8 
    -16.7      17.1      -4.2       6.1 
37521 -9.288228 -34.830853 -26.935860 
 32124.4  12903.8     14.0     43.3    -11.6     11.5 
    -6.3     15.7    -11.1     39.7  16062.5  16897.3 
    -23.7      51.9      -4.0      56.9 
    -16.7      25.1      -4.5      10.5 
    -16.8      20.8      -4.3       6.7 
    -17.8      21.4      -4.0       5.9 
37522 -8.262795 -37.182575 -23.962105 
 36069.7  12420.4     14.0     43.3    -11.1     10.9 
    14.0     86.6    -10.7     39.1  18476.2  19316.3 
    -23.8      50.3      -0.4      57.3 
    -17.1      25.1      -4.5      11.0 
    -16.6      20.0      -4.0       6.5 
    -17.8      19.1      -3.9       5.8 
37523 -7.400705 -38.853703 -21.462046 
 40044.5  11996.2     14.0     43.3    -10.9     10.4 
    14.0     86.6    -10.4     38.4  21339.4  22010.3 
    -23.8      49.4       0.3      59.0 
    -17.0      26.4      -4.3      11.2 
    -16.6      22.4      -4.1       6.3 
    -17.8      23.0      -3.7       5.6 
37524 -6.677852 -40.067108 -19.365770 
 44538.5  11706.5     14.0     43.3    -10.8     10.0 
    14.0     86.6    -10.2     37.9  23827.0  24713.2 
    -25.8      51.3      -2.0      64.6 
    -17.6      25.4      -4.3      12.4 
    -17.0      20.6      -3.9       6.2 
    -18.1      20.0      -3.6       5.4 
37525 -6.069317 -40.967888 -17.601017 
 49155.0  11591.5     14.0     43.3    -10.7      9.5 
    14.0     86.6    -10.4     37.8  27079.1  28253.1 
    -26.0      51.4      -0.6      65.1 
    -17.5      27.4      -3.9      13.8 
    -17.2      23.4      -3.8       5.9 
    -18.5      24.0      -3.6       5.3 
37526 -5.553440 -41.650799 -16.104975 
 53593.8  11414.8     14.0     43.3    -10.4      9.3 
    14.0     86.6    -10.0     37.4  30210.5  31152.6 
    -26.6      50.8       4.6      63.9 
    -17.9      25.3      -3.9      13.1 
    -17.3      21.9      -3.7       5.8 
    -18.5      20.7      -3.5       5.1 
37527 -5.112564 -42.178650 -14.826435 
 58411.6  11405.6     14.0     43.3    -10.3      9.0 
    14.0     86.6     -9.9     37.3  33445.0  34196.9 
    -25.4      52.1       1.7      69.7 
    -18.2      27.5      -3.7      15.1 
    -17.7      24.0      -3.8       5.8 
    -18.3      24.5      -3.5       5.0 
37528 -4.732649 -42.593838 -13.724681 
 63118.1  11360.4     14.0     43.3    -10.2      8.7 
    14.0     86.6     -9.9     37.0  36018.2  37334.4 
    -24.9      49.2       3.1      71.3 
    -18.0      25.8      -4.0      15.1 
    -17.8      21.7      -3.7       5.7 
    -18.6      21.0      -3.4       4.9 
37529 38.844742 -2.913355 -22.529949 
 38005.0   8148.3     15.4     25.5     -8.3     28.9 
    15.9     68.2     -8.3     57.7  19560.5  20795.0 
      1.2      62.9      22.2      45.8 
     -3.2      12.2      12.1      20.1 
     -3.7       5.8      12.1      17.2 
     -4.1       5.0      13.9      19.5 
37530 37.733234 -3.144436 -24.316975 
 35297.6   8297.8     14.9     25.9     -8.3     28.9 
    15.3     68.5     -8.3     57.7  17293.4  18408.3 
     -2.3      64.1      20.5      44.3 
     -3.6      12.0      11.7      21.4 
     -4.1       5.9      12.1      18.8 
     -4.3       5.1      13.6      20.3 
37531 36.327980 -3.405748 -26.337786 
 32665.4   8575.0     15.0     26.1     -8.3     28.9 
    15.3     68.9     -8.3     57.7  16457.8  17255.4 
     -1.2      65.1      20.1      45.3 
     -4.0      11.5      11.9      19.8 
     -4.0       6.2      11.6      16.5 
     -4.4       5.2      13.4      17.5 
37532 34.533642 -3.700033 -28.613588 
 29944.7   8995.9     14.9     26.5     -8.3     28.9 
    15.2     69.0     -8.3     57.7  14587.3  15705.7 
      0.2      59.5      18.6      45.3 
     -4.1      10.4      11.1      19.9 
     -4.3       6.1      11.3      17.4 
     -4.7       5.4      13.3      18.7 
37533 32.224594 -4.028074 -31.150444 
 27480.0   9521.1     14.3     26.9     -8.3     28.9 
    14.6     69.6     -8.3     57.7  13585.0  14118.8 
     -1.2      61.3      19.6      44.4 
     -4.0      10.4      11.7      18.2 
     -4.7       6.4      11.7      15.1 
     -4.8       5.5      12.8      15.1 
37534 29.242365 -4.386354 -33.921143 
 25331.0  10350.9     14.3     27.2     -8.3     28.9 
    14.5     70.0      3.0     14.3  11848.9  12493.9 
     -5.0      61.2      16.8      45.6 
     -4.6      10.1      11.1      18.2 
     -4.9       6.5      11.2      15.5 
     -5.2       5.6      12.9      16.8 
37535 25.404451 -4.763335 -36.836456 
 23334.2  11474.4     13.0     27.7     -8.3     28.9 
    13.5     70.6     -4.0     13.4  10771.4  11315.5 
     -0.5      50.6      16.9      45.8 
     -5.0       9.9      11.6      16.8 
     -5.3       6.4      11.5      13.1 
     -5.5       5.7      12.3      12.6 
37536 20.539001 -5.134750 -39.708736 
 21829.5  12985.5     12.8     28.4     12.4      8.4 
    13.1     71.0     -5.1     22.3   9952.9  10355.3 
     -3.5      53.7      15.6      45.0 
     -5.4       9.5      11.1      15.6 
     -5.5       6.6      10.8      12.1 
     -5.9       5.8      11.8      13.1 
37537 14.561182 -5.460443 -42.227428 
 20752.2  14882.9     12.3     28.6     -2.6      8.3 
    12.7     71.4     -5.2     32.6   8960.8   9708.5 
     -2.5      54.1      13.3      46.7 
     -5.5       9.3       9.1      13.6 
     -5.8       6.4       8.9      10.4 
     -6.3       5.9       9.6       9.7 
37538 7.584479 -5.688359 -43.989979 
 20191.4  17330.1     12.4     28.7     -6.1     15.0 
    12.7     71.2     -6.6     43.0   8913.0   9350.5 
     -4.5      55.0       8.1      47.4 
     -5.7       9.9       6.2       9.4 
     -5.9       6.5       6.2       6.7 
     -6.4       5.7       6.6       6.2 
37539 -0.000000 -5.770917 -44.628429 
 20230.0  16993.0     12.1     28.6     -8.3     24.2 
    12.5     71.6     -8.5     52.8   8911.4   9428.2 
     -4.9      51.6       1.7      59.1 
     -5.2       9.7       1.4       6.8 
     -6.0       6.6       1.7       4.0 
     -6.3       5.6       2.4       3.5 
37540 -3.833294 -5.749941 -44.466213 
 20251.1  17046.3     12.0     28.5     -8.4     26.3 
    12.3     71.4     -8.4     54.9   9248.0   9626.6 
     -5.5      50.3       4.0      60.4 
     -6.0       9.1      -0.2       8.1 
     -6.0       6.4       0.2       1.7 
     -6.3       5.6       0.1       1.4 
37541 -7.584479 -5.688359 -43.989979 
 20349.3  17239.1     12.2     28.5    -10.3     23.2 
    12.5     71.4    -10.3     51.7   9138.0   9569.3 
     -7.9      47.5      -1.9      57.7 
     -6.1       9.7      -2.0       6.2 
     -6.0       6.7      -1.7       3.2 
     -6.5       5.6      -1.5       2.9 
37542 -11.179956 -5.589978 -43.229164 
 20768.9  17628.5     12.3     28.6    -11.7     18.6 
    12.6     71.3    -11.6     47.0   9024.1   9807.6 
     -5.1      49.4      -7.4      49.9 
     -5.5      10.5      -3.2       8.1 
     -5.9       6.6      -3.3       5.2 
     -6.2       5.8      -3.2       4.6 
37543 -14.561182 -5.460443 -42.227428 
 21016.6  17776.3     12.6     28.6    -13.3     14.0 
    12.8     71.4    -12.8     42.1   9444.9   9865.7 
     -7.8      58.1      -6.7      48.5 
     -5.6       9.3      -5.2      10.6 
     -5.9       6.4      -5.0       7.1 
     -6.4       5.8      -5.0       6.1 
37544 -17.688046 -5.306413 -41.036263 
 21442.1  17087.6     12.5     28.4    -14.3      9.7 
    12.8     71.2    -13.5     36.8   9825.4  10422.3 
     -7.8      54.7     -10.5      47.3 
     -6.0       9.9      -7.1      11.8 
     -6.0       6.6      -6.7       7.9 
     -6.4       5.9      -6.5       6.7 
37545 -20.539001 -5.134750 -39.708736 
 22105.3  15328.3     13.0     28.1    -15.7      6.9 
    13.3     71.0    -14.0     31.6   9882.4  10283.7 
     -5.0      53.8     -12.6      44.9 
     -5.3      10.0      -7.8      12.7 
     -5.8       6.5      -7.9       9.4 
     -6.1       6.0      -8.0       8.5 
37546 -23.108727 -4.951870 -38.294460 
 22682.1  13791.5     12.9     28.1    -19.5      6.8 
    13.0     70.9    -14.3     26.1  10404.7  10966.3 
     -8.0      53.4     -13.1      44.1 
     -5.7      10.0      -9.4      14.2 
     -5.7       6.4      -9.0      10.9 
     -6.0       5.9      -9.5      11.0 
37547 -25.404451 -4.763335 -36.836456 
 23479.7  12869.0     13.0     27.9    -24.0      6.1 
    13.3     70.5    -14.8     20.7  10980.1  11561.0 
     -8.6      51.1     -13.4      44.9 
     -5.4       9.6     -10.6      15.2 
     -5.6       6.6     -10.2      11.2 
     -6.1       5.8     -10.8      11.4 
37548 -29.242365 -4.386354 -33.921143 
 25374.3  11056.1     13.4     27.5     -8.3     28.9 
    13.7     70.2    -16.1     11.7  12050.2  12579.5 
     -9.7      59.9     -14.4      46.3 
     -5.1       9.7     -12.1      15.9 
     -5.0       6.5     -11.5      12.4 
     -5.7       5.8     -12.2      11.6 
37549 -32.224594 -4.028074 -31.150444 
 27653.1   9921.0     14.2     26.7     -8.3     28.9 
    14.4     69.5    -24.0     10.4  13405.6  14151.9 
     -8.5      57.7     -16.9      45.5 
     -4.6      10.5     -12.6      17.4 
     -4.7       6.5     -12.4      14.3 
     -5.3       5.6     -13.4      15.1 
37550 -34.533642 -3.700033 -28.613588 
 29973.5   9247.3     14.9     26.1     -8.3     28.9 
    15.0     69.0     -8.3     57.7  15287.3  15750.3 
     -9.2      57.0     -19.3      44.0 
     -4.3      10.7     -13.2      17.6 
     -4.5       6.3     -13.7      14.2 
     -5.0       5.5     -14.4      13.7 
37551 -36.327980 -3.405748 -26.337786 
 32413.0   8782.9     15.1     25.9     -8.3     28.9 
    15.1     68.8     -8.3     57.7  16490.3  17280.0 
     -8.5      58.7     -22.5      45.8 
     -4.1      10.9     -14.2      19.2 
     -4.5       6.2     -14.3      16.8 
     -4.7       5.4     -15.2      17.6 
37552 -37.733234 -3.144436 -24.316975 
 35227.8   8454.7     15.0     25.5     -8.3     28.9 
    15.2     68.5     -8.3     57.7  18457.3  19001.4 
    -10.1      63.1     -21.9      45.3 
     -4.0      11.5     -14.8      18.9 
     -4.1       6.0     -14.7      15.6 
     -4.4       5.2     -15.8      15.3 
37553 -38.844742 -2.913355 -22.529949 
 38122.3   8328.4     15.8     25.2     -8.3     28.9 
    15.9     68.0     -8.3     57.7  20481.1  21221.4 
     -6.0      61.3     -21.9      43.2 
     -3.8      12.0     -15.0      20.2 
     -4.1       5.9     -14.8      18.0 
     -4.2       5.2     -16.5      18.5 
37554 -39.733410 -2.709096 -20.950342 
 40884.7   8123.0     15.8     25.0     -8.3     28.9 
    15.8     67.9     -8.3     57.7  22284.3  22954.0 
    -12.0      60.6     -21.8      41.4 
     -3.7      12.1     -15.4      19.4 
     -3.9       5.9     -15.4      16.4 
     -4.1       5.2     -16.9      16.8 
37555 -40.451710 -2.528232 -19.551659 
 44058.6   7949.1     15.8     26.0     -8.3     28.9 
    15.9     67.5     -8.3     57.7  23928.0  25069.6 
    -12.7      65.2     -21.2      41.3 
     -4.2      13.9     -15.7      21.0 
     -3.6       5.9     -15.6      18.8 
     -4.0       5.0     -17.1      19.4 
37556 -41.038486 -2.367605 -18.309479 
 46865.9   7884.0     16.0     24.6     -8.3     28.9 
    16.1     67.6     -8.3     57.7  25784.3  26929.7 
     -8.4      69.2     -21.3      39.8 
     -3.8      14.2     -16.0      20.5 
     -3.5       5.9     -15.9      17.3 
     -3.8       4.9     -17.3      17.5 
37557 -41.522694 -2.224430 -17.202259 
 49812.1   7741.2     16.0     24.4     -8.3     28.9 
    16.1     67.1     -8.3     57.7  27757.3  28612.4 
    -10.0      64.5     -22.1      37.8 
     -3.2      15.1     -16.2      21.5 
     -3.5       5.7     -16.2      19.9 
     -3.7       4.9     -17.7      20.5 
37558 36.274990 -16.323748 -21.039495 
 40019.8   8845.6    -29.3     74.5     -8.3     28.9 
    12.7     23.4     -8.3     57.7  20332.9  21441.4 
    -12.3      55.9      20.6      44.7 
    -12.0      21.0      11.5      20.0 
    -11.7      15.7      11.7      17.2 
    -12.4      14.9      13.3      19.7 
37559 34.871063 -17.435532 -22.472460 
 37780.0   9173.4     14.0     43.3     -8.3     28.9 
    12.7     24.3     -8.3     57.7  19401.4  20119.8 
    -14.3      58.9      21.7      47.8 
    -12.8      21.7      11.1      21.2 
    -12.0      16.0      11.2      18.8 
    -12.7      15.4      13.3      19.9 
37560 33.156143 -18.650331 -24.038204 
 35043.4   9583.2     14.0     43.3     -8.3     28.9 
    12.2     25.1     -8.3     57.7  17778.0  18581.1 
    -14.9      54.8      21.0      48.6 
    -12.4      21.4      10.7      19.0 
    -12.3      16.0      11.2      16.1 
    -13.0      15.4      13.0      16.9 
37561 31.054461 -19.963583 -25.730839 
 32823.7  10105.2     14.0     43.3     -8.3     28.9 
    11.8     26.1     -8.3     57.7  16284.2  16921.2 
    -16.3      55.1      17.7      45.7 
    -13.4      21.8      11.1      19.5 
    -12.8      16.6      11.0      17.0 
    -13.3      15.8      12.5      18.2 
37562 28.477907 -21.358431 -27.528643 
 30884.2  11133.0     14.0     43.3     -8.3     28.9 
    11.6     27.0     -8.3     57.7  15189.6  15776.5 
    -15.6      54.1      19.5      48.7 
    -13.1      22.1      10.5      18.0 
    -12.8      16.9      10.8      14.7 
    -13.6      16.2      12.1      14.7 
37563 25.332121 -22.798910 -29.385260 
 28799.6  12242.2     14.0     43.3     -8.3     28.9 
    11.0     28.1      2.6     13.5  13847.1  14510.5 
    -16.0      52.7      18.7      45.9 
    -13.9      21.8      10.8      17.4 
    -13.8      16.8      10.7      14.6 
    -14.3      16.5      12.1      15.4 
37564 21.531038 -24.222422 -31.220007 
 27279.5  12777.9     14.0     43.3     -8.3     28.9 
    11.0     29.1     -4.6     12.5  13223.3  13579.7 
    -17.5      52.6      16.9      46.4 
    -14.5      22.7      10.7      16.5 
    -13.7      17.4      10.4      12.5 
    -14.8      17.0      11.4      11.9 
37565 17.023268 -25.534906 -32.911655 
 25936.6  14132.3     14.0     43.3     11.0      6.4 
    10.3     29.8     -6.0     20.6  12330.5  12835.7 
    -20.0      51.0      15.7      47.4 
    -14.9      22.8      10.7      15.5 
    -14.6      17.5      10.2      12.0 
    -15.5      17.7      11.3      12.5 
37566 11.828800 -26.614803 -34.303520 
 25184.0  14221.1     -3.2      9.3     -3.4      7.4 
     9.8     30.0     -7.0     31.0  11669.8  12090.7 
    -18.9      51.2      13.0      44.2 
    -15.3      22.7       8.2      13.1 
    -14.6      17.4       8.0       9.9 
    -15.8      17.4       8.6       9.5 
37567 6.073876 -27.332441 -35.228477 
 24592.1  14156.1     14.0     43.3     -7.4     13.7 
     9.5     30.1     -7.9     41.7  11748.7  12323.9 
    -19.7      47.9       9.6      50.6 
    -15.7      22.6       5.5       9.5 
    -15.2      17.4       5.5       6.5 
    -16.1      17.6       6.1       6.0 
37568 -0.000000 -27.584869 -35.553833 
 24688.2  14126.2     14.0     43.3     -9.0     23.2 
     9.1     30.2     -9.3     51.8  11772.8  12252.8 
    -19.1      48.3       6.9      65.6 
    -15.9      22.4       1.0       9.0 
    -15.7      17.2       0.9       4.1 
    -16.8      17.4       1.7       3.3 
37569 -3.057901 -27.521109 -35.471649 
 24813.2  14303.7     14.0     43.3     -7.7     26.1 
     9.2     30.3     -7.8     54.8  11601.5  12093.0 
    -19.5      51.8       4.0      66.1 
    -16.1      22.1       1.3      13.1 
    -15.2      17.4       0.0       2.0 
    -16.4      17.3       0.1       1.0 
37570 -6.073876 -27.332441 -35.228477 
 24869.1  14339.1     14.0     43.3     -9.7     22.6 
     9.4     30.3     -9.7     51.3  11732.5  12331.1 
    -21.2      50.0      -4.4      62.5 
    -16.1      22.5      -1.9       9.0 
    -15.3      17.2      -1.6       3.2 
    -16.2      17.8      -1.4       3.0 
37571 -9.008813 -27.026440 -34.834076 
 24940.1  14479.0     14.0     43.3    -11.4     17.8 
     9.8     30.2    -11.1     46.3  11437.0  12190.2 
    -20.7      49.2      -2.7      55.9 
    -15.3      22.4      -3.0       8.4 
    -15.0      17.0      -3.1       5.2 
    -16.0      17.7      -2.8       4.6 
37572 -11.828800 -26.614803 -34.303520 
 25240.6  14745.2     14.0     43.3    -12.4     12.8 
     9.3     30.1    -11.9     40.9  11866.5  12449.5 
    -20.3      50.8      -5.4      50.4 
    -15.8      22.8      -4.7      10.4 
    -14.9      17.4      -4.5       7.0 
    -16.1      17.6      -4.5       6.3 
37573 -14.506772 -26.112192 -33.655712 
 25633.9  14690.2     14.0     43.3    -13.3      8.4 
     9.6     30.0    -12.4     35.5  12301.5  12879.8 
    -21.2      51.2      -7.6      48.7 
    -15.3      22.6      -6.3      11.5 
    -15.1      17.5      -5.9       7.6 
    -15.8      17.3      -5.9       6.7 
37574 -17.023268 -25.534906 -32.911655 
 26089.3  14383.0     -2.9     13.8    -15.0      6.4 
     9.5     29.7    -12.9     29.8  12492.0  12857.1 
    -20.2      50.1      -8.2      46.7 
    -15.8      22.8      -7.6      12.8 
    -15.2      17.1      -7.2       8.9 
    -16.1      16.9      -7.5       8.0 
37575 -19.366381 -24.899633 -32.092857 
 26763.2  14476.3     14.0     43.3    -10.7     73.8 
    10.1     29.5    -13.5     24.5  12585.8  13232.4 
    -21.4      52.3     -11.9      48.6 
    -14.8      22.5      -8.8      14.4 
    -14.7      17.1      -8.5      10.6 
    -15.4      17.0      -8.9      10.2 
37576 -21.531038 -24.222422 -31.220007 
 27347.0  14051.1     14.0     43.3     -8.3     28.9 
    10.0     29.3    -14.0     19.0  13035.5  13613.8 
    -19.9      51.6     -12.9      47.8 
    -15.0      22.4     -10.1      15.0 
    -14.7      17.3      -9.8      11.1 
    -15.6      17.6     -10.1      11.0 
37577 -25.332121 -22.798910 -29.385260 
 28922.9  12350.4     14.0     43.3     -8.3     28.9 
    10.7     28.4    -14.9     10.7  14181.2  14781.9 
    -21.0      51.0     -14.2      49.8 
    -14.4      22.6     -11.0      16.0 
    -14.2      17.4     -10.9      12.1 
    -15.2      17.0     -11.5      11.4 
37578 -28.477907 -21.358431 -27.528643 
 30710.4  10941.0     14.0     43.3     -8.3     28.9 
    10.6     27.5    -21.1     13.1  15337.0  16002.7 
    -21.9      50.4     -16.6      46.6 
    -14.4      21.9     -12.3      17.2 
    -13.8      16.7     -12.3      13.8 
    -14.6      16.2     -12.9      14.4 
37579 -31.054461 -19.963583 -25.730839 
 32877.1  10061.9     14.0     43.3     -8.3     28.9 
    11.2     26.4     -8.3     57.7  16433.4  17140.6 
    -19.9      52.0     -17.1      45.1 
    -13.7      21.7     -12.6      17.6 
    -13.8      16.4     -13.1      14.2 
    -14.0      15.7     -13.6      13.4 
37580 -33.156143 -18.650331 -24.038204 
 35254.9   9424.0     14.0     43.3     -8.3     28.9 
    11.6     25.1     -8.3     57.7  18260.9  18877.1 
    -21.0      53.2     -20.3      42.5 
    -13.8      21.5     -13.7      18.6 
    -12.8      16.4     -13.2      16.3 
    -14.1      15.7     -14.6      17.0 
37581 -34.871063 -17.435532 -22.472460 
 37569.2   9079.5     14.0     43.3     -8.3     28.9 
    11.6     24.4     -8.3     57.7  19618.5  20362.3 
    -19.4      50.6     -19.2      44.5 
    -13.4      21.2     -14.2      18.8 
    -13.0      16.0     -14.2      15.5 
    -13.8      15.0     -15.4      15.2 
37582 -36.274990 -16.323748 -21.039495 
 40228.4   8674.8     14.0     43.3     -8.3     28.9 
    12.9     23.5     -8.3     57.7  21562.3  22363.8 
    -20.1      55.0     -19.4      43.1 
    -12.5      21.4     -13.9      19.9 
    -12.3      15.7     -14.3      17.7 
    -13.0      14.8     -15.7      18.5 
37583 -37.430248 -15.312374 -19.735949 
 42972.1   8429.8     14.0     43.3     -8.3     28.9 
    12.4     22.6     -8.3     57.7  22850.1  23755.4 
    -18.2      54.5     -19.8      40.9 
    -12.7      21.2     -15.2      19.9 
    -12.1      15.6     -14.8      16.6 
    -13.3      14.8     -16.2      16.7 
37584 -38.386795 -14.395048 -18.553617 
 45738.2   8350.3     14.0     43.3     -8.3     28.9 
    13.3     22.0     -8.3     57.7  24858.5  25759.6 
    -17.9      54.1     -21.5      41.5 
    -12.4      20.9     -15.1      20.9 
    -11.7      15.5     -14.7      18.5 
    -12.5      14.6     -16.2      19.5 
37585 -39.184162 -13.563748 -17.482164 
 48568.7   8334.6     14.0     43.3     -8.3     28.9 
    13.6     21.4     -8.3     57.7  26716.3  27485.2 
    -19.9      53.4     -20.1      39.8 
    -12.6      20.8     -15.6      20.5 
    -11.7      14.9     -15.5      17.1 
    -12.5      14.0     -16.7      17.6 
37586 -39.853470 -12.810044 -16.510723 
 51763.8   8069.6     14.0     43.3     -8.3     28.9 
    13.8     20.8     -8.3     57.7  28792.6  29819.8 
    -18.7      58.5     -20.1      38.8 
    -12.3      20.9     -15.9      21.7 
    -11.5      14.8     -15.6      19.3 
    -12.0      13.9     -16.7      20.9 
37587 21.035387 -37.863701 -12.200525 
 69271.7  11851.5     14.0     43.3     -8.3     28.9 
    14.0     86.6     -8.3     57.7  39079.0  40647.0 
    -23.0      49.6      22.1      52.4 
    -15.9      25.6       9.6      17.2 
    -15.8      21.1       9.1      12.9 
    -17.1      20.2       9.7      12.3 
37588 19.337526 -38.675053 -12.461962 
 68085.5  11884.7     14.0     43.3     -8.3     28.9 
    14.0     86.6     -8.3     57.7  38910.0  40392.6 
    -22.9      51.4      21.7      55.5 
    -16.0      25.8       9.6      18.4 
    -16.1      20.9       9.3      13.4 
    -16.9      20.5       9.7      13.4 
37589 17.532005 -39.447014 -12.710704 
 66793.7  11785.4     14.0     43.3     -8.3     28.9 
    14.0     86.6     -8.3     57.7  38220.6  39706.6 
    -22.8      49.8      19.4      55.4 
    -16.4      25.5       8.6      17.4 
    -16.7      20.9       9.0      11.8 
    -17.3      20.6       9.3      11.2 
37590 15.620879 -40.167976 -12.943014 
 65705.2  11600.9     14.0     43.3     -8.3     28.9 
    14.0     86.6     -8.3     57.7  37534.5  38919.4 
    -24.2      50.9      20.1      57.3 
    -16.9      25.6       9.7      17.1 
    -16.2      21.5       9.1      12.2 
    -17.3      20.5       9.8      11.7 
37591 13.608622 -40.825867 -13.155002 
 64934.6  11513.9     14.0     43.3     -8.3     28.9 
    14.0     86.6     -8.3     57.7  36829.6  38123.8 
    -27.2      52.7      18.1      58.2 
    -17.5      25.5       8.6      16.4 
    -17.0      21.5       8.5      11.1 
    -17.7      20.4       8.6      10.1 
37592 11.502371 -41.408531 -13.342750 
 64172.3  11467.1     14.0     43.3     -8.3     28.9 
    14.0     86.6     -8.3     57.7  36688.2  38054.2 
    -23.1      51.3      21.6      61.0 
    -17.3      25.8       9.3      16.5 
    -17.2      21.6       9.1      11.0 
    -18.1      20.9       9.3       9.9 
37593 9.312061 -41.904274 -13.502488 
 63827.9  11298.5     14.0     43.3     -8.3     28.9 
    14.0     86.6     -8.1      5.0  36717.0  37648.5 
    -25.8      51.3      18.2      65.1 
    -17.4      25.8       8.7      16.9 
    -17.2      21.4       7.8       9.6 
    -17.8      20.5       7.9       8.6 
37594 7.050401 -42.302410 -13.630775 
 63296.3  11212.0     14.0     43.3     -8.3     28.9 
    14.0     86.6     -9.9     12.8  35796.8  36913.0 
    -26.9      47.3      22.4      64.2 
    -18.3      25.8       9.1      16.3 
    -17.6      21.5       8.1       9.6 
    -18.6      20.6       8.3       8.8 
37595 4.732649 -42.593838 -13.724681 
 63158.3  11353.6     14.0     43.3     -8.3     28.9 
    14.0     86.6    -10.5     25.2  36258.8  37377.8 
    -25.7      49.2      18.0      68.1 
    -17.9      25.4       7.9      15.6 
    -17.5      21.3       7.1       9.2 
    -18.6      20.5       7.0       7.9 
37596 2.376201 -42.771618 -13.781965 
 63131.3  11225.2     14.0     43.3    -10.8      9.5 
    14.0     86.6    -11.1     37.9  36412.3  37543.0 
    -26.7      49.6      12.7      70.7 
    -18.5      25.7       3.9      15.9 
    -17.7      21.4       3.6       5.9 
    -19.3      20.5       3.9       4.9 
37597 -0.000000 -42.831371 -13.801219 
 63005.3  11243.5     14.0     43.3    -11.6     21.4 
    14.0     86.6    -11.7     49.8  35798.8  37337.9 
    -23.9      46.9       7.9      79.8 
    -18.4      25.4      -0.3      25.3 
    -18.2      21.6      -0.6       7.3 
    -18.6      20.9       0.3       4.0 
37598 -1.189345 -42.816410 -13.796398 
 62934.1  11259.8     14.0     43.3     -8.8     24.7 
    14.0     86.6     -8.9     53.1  36125.5  37254.8 
    -28.0      52.0       7.9      82.1 
    -17.7      25.1       0.7      29.4 
    -17.7      21.3      -0.2       7.6 
    -19.0      20.8      -0.2       2.0 
37599 -2.376201 -42.771618 -13.781965 
 63046.4  11279.1     14.0     43.3     -9.1     20.6 
    14.0     86.6     -8.7     49.0  35952.4  37127.3 
    -26.8      50.5       5.0      78.7 
    -18.2      26.3       0.1      23.8 
    -17.8      21.8      -1.2       5.0 
    -18.8      21.0      -0.9       3.0 
37600 -3.558106 -42.697277 -13.758010 
 63003.4  11309.1     14.0     43.3     -9.7     14.8 
    14.0     86.6     -9.3     43.3  35850.7  36995.0 
    -29.4      51.3       3.6      75.7 
    -17.9      25.7      -2.1      17.3 
    -17.5      21.6      -2.5       4.8 
    -18.5      20.5      -2.1       4.0 
37601 -4.732649 -42.593838 -13.724681 
 62947.5  11364.5     14.0     43.3    -10.3      8.7 
    14.0     86.6     -9.6     37.0  36174.2  37511.7 
    -26.1      50.6       1.0      68.6 
    -18.2      25.5      -3.5      15.0 
    -17.7      21.7      -3.7       5.8 
    -18.4      21.0      -3.5       4.9 
37602 -5.897493 -42.461952 -13.682184 
 63155.8  11545.5     14.0     43.3    -11.2      3.4 
    14.0     86.6    -10.1     30.6  35830.9  37290.2 
    -26.6      51.4       2.0      71.4 
    -18.2      25.9      -5.0      13.9 
    -17.8      21.6      -4.9       5.7 
    -18.3      20.5      -4.6       4.8 
37603 -7.050401 -42.302410 -13.630775 
 63085.6  11539.2     14.0     43.3     -8.3     28.9 
    14.0     86.6    -10.5     24.2  36139.7  37167.2 
    -23.7      51.4       2.5      73.1 
    -17.4      25.4      -6.4      15.4 
    -17.5      21.7      -6.4       8.6 
    -18.6      21.0      -6.3       7.3 
37604 -8.189252 -42.116158 -13.570762 
 63296.2  11511.5     14.0     43.3     -8.3     28.9 
    14.0     86.6    -11.2     18.0  36122.0  37272.7 
    -27.9      52.1      -1.1      67.7 
    -17.9      26.3      -7.9      17.4 
    -17.5      22.3      -7.4      10.4 
    -18.8      21.5      -7.7       9.5 
37605 -9.312061 -41.904274 -13.502488 
 63680.3  11627.9     14.0     43.3     -8.3     28.9 
    14.0     86.6    -11.3     11.9  36621.5  37557.0 
    -27.0      52.7      -1.9      67.1 
    -17.3      25.9      -8.1      16.8 
    -17.2      21.8      -8.1       9.3 
    -17.9      21.2      -7.9       8.4 
37606 -11.502371 -41.408531 -13.342750 
 63920.3  11631.8     14.0     43.3     -8.3     28.9 
    14.0     86.6    -12.8      5.3  36956.9  37970.6 
    -24.8      51.5      -3.7      68.1 
    -17.4      25.8      -9.0      16.4 
    -17.5      21.7      -9.1       9.3 
    -18.1      21.1      -9.0       8.2 
37607 -13.608622 -40.825867 -13.155002 
 64884.3  11972.1     14.0     43.3     -8.3     28.9 
    14.0     86.6     -8.3     57.7  36861.8  37903.6 
    -23.8      49.7      -8.0      62.4 
    -17.0      26.2     -10.3      17.3 
    -16.8      21.7     -10.4      10.6 
    -18.6      21.3     -10.9       9.7 
37608 -15.620879 -40.167976 -12.943014 
 65764.3  12415.4     14.0     43.3     -8.3     28.9 
    14.0     86.6     -8.3     57.7  37040.9  38576.4 
    -26.9      50.9      -8.3      63.1 
    -17.2      26.1     -10.7      17.7 
    -17.1      21.9     -10.6      10.8 
    -18.2      20.7     -10.9       9.8 
37609 -17.532005 -39.447014 -12.710704 
 66545.0  12289.8     14.0     43.3     -8.3     28.9 
    14.0     86.6     -8.3     57.7  38519.7  39967.3 
    -26.8      50.9     -11.5      58.5 
    -16.9      25.5     -12.1      17.7 
    -17.0      21.8     -11.9      11.9 
    -17.9      21.0     -12.0      11.3 
37610 -19.337526 -38.675053 -12.461962 
 67971.5  12520.6     14.0     43.3     -8.3     28.9 
    14.0     86.6     -8.3     57.7  39436.8  40349.6 
    -26.3      52.2     -11.9      56.4 
    -16.6      25.2     -11.6      17.9 
    -16.1      21.4     -11.5      12.1 
    -17.7      20.8     -12.2      11.3 
37611 -21.035387 -37.863701 -12.200525 
 69263.0  12274.3     14.0     43.3     -8.3     28.9 
    14.0     86.6     -8.3     57.7  39997.0  41292.8 
    -26.2      54.1     -14.1      53.1 
    -17.1      25.1     -13.1      18.3 
    -16.5      21.2     -12.7      13.3 
    -17.2      20.8     -13.1      12.9 
37612 -22.625631 -37.023762 -11.929878 
 70802.3  12095.7     14.0     43.3     -8.3     28.9 
    14.0     86.6     -8.3     57.7  41237.9  42212.0 
    -24.5      49.5     -13.4      52.2 
    -16.2      25.4     -12.5      18.0 
    -15.7      21.3     -12.4      13.1 
    -17.4      20.7     -13.1      12.3 
37613 -24.110025 -36.165039 -11.653179 
 72210.1  12050.8     14.0     43.3     -8.3     28.9 
    14.0     86.6     -8.3     57.7  41871.1  42938.8 
    -23.5      51.7     -14.1      48.8 
    -15.6      24.5     -12.9      18.6 
    -15.5      21.1     -13.1      14.6 
    -16.9      20.6     -14.0      14.5 
37614 -25.491707 -35.296211 -11.373223 
 74101.7  11753.8     14.0     43.3     -8.3     28.9 
    14.0     86.6     -8.3     57.7  42261.9  43905.0 
    -26.1      49.2     -14.7      45.6 
    -15.8      24.7     -13.2      18.5 
    -15.6      20.9     -13.3      14.2 
    -16.8      20.3     -14.3      13.7 
37615 -26.774837 -34.424789 -11.092432 
 75822.8  11349.9     14.0     43.3     -8.3     28.9 
    14.0     86.6     -8.3     57.7  43659.9  45494.5 
    -24.6      52.9     -13.7      42.8 
    -15.5      25.2     -14.0      19.2 
    -15.1      20.8     -13.8      15.5 
    -17.0      20.2     -15.0      15.7 
